
*****************************************************************************
Oct 27,2016 09:29:38 [info]   Execution Started of Test Class com.primeresponse.testcases.Track.Verify_FeedsOnSharedExternalFeed and Test method testVerify_FeedsOnSharedExternalFeed
*****************************************************************************
Oct 27,2016 09:29:47 [info]  open application giturl
Oct 27,2016 09:30:10 [info]  log-in into application
Oct 27,2016 09:30:11 [info]  Select Selenium Test Ford Account if not selected
Oct 27,2016 09:30:22 [info]  Go to Track > External Feed
Oct 27,2016 09:30:32 [info]  Fetch feeds from 'where to share list
Oct 27,2016 09:30:47 [info]  Oct 27,2016 09:30:47 [info]  <<<<<<<<<<<<<<<<<<<<<<<<<<<<<<<<<< Error message >>>>>>>>>>>>>>>>>>>>>>>>>>>>>>
org.openqa.selenium.ElementNotVisibleException: Element is not currently visible and so may not be interacted with
Command duration or timeout: 5.07 seconds
Build info: version: '2.48.2', revision: '41bccdd', time: '2015-10-09 19:59:12'
System info: host: '360LP0089', ip: '192.168.4.18', os.name: 'Windows 8', os.arch: 'x86', os.version: '6.2', java.version: '1.7.0_51'
Session ID: 631b4f65-4277-4068-9d26-f8704efe1a67
Driver info: org.openqa.selenium.firefox.FirefoxDriver
Capabilities [{platform=WINDOWS, acceptSslCerts=true, javascriptEnabled=true, cssSelectorsEnabled=true, databaseEnabled=true, browserName=firefox, handlesAlerts=true, nativeEvents=false, webStorageEnabled=true, rotatable=false, locationContextEnabled=true, applicationCacheEnabled=true, takesScreenshot=true, version=40.0.3}]
	at sun.reflect.NativeConstructorAccessorImpl.newInstance0(Native Method)
	at sun.reflect.NativeConstructorAccessorImpl.newInstance(Unknown Source)
	at sun.reflect.DelegatingConstructorAccessorImpl.newInstance(Unknown Source)
	at java.lang.reflect.Constructor.newInstance(Unknown Source)
	at org.openqa.selenium.remote.ErrorHandler.createThrowable(ErrorHandler.java:206)
	at org.openqa.selenium.remote.ErrorHandler.throwIfResponseFailed(ErrorHandler.java:158)
	at org.openqa.selenium.remote.RemoteWebDriver.execute(RemoteWebDriver.java:647)
	at org.openqa.selenium.remote.RemoteWebElement.execute(RemoteWebElement.java:326)
	at org.openqa.selenium.remote.RemoteWebElement.click(RemoteWebElement.java:84)
	at com.primeresponse.util.DriverHelper.clickOn(DriverHelper.java:241)
	at com.primeresponse.pagehelper.HeaderHelper.clickOnSettingsFeeds(HeaderHelper.java:1016)
	at com.primeresponse.testcases.Track.Verify_FeedsOnSharedExternalFeed.testVerify_FeedsOnSharedExternalFeed(Verify_FeedsOnSharedExternalFeed.java:49)
	at sun.reflect.NativeMethodAccessorImpl.invoke0(Native Method)
	at sun.reflect.NativeMethodAccessorImpl.invoke(Unknown Source)
	at sun.reflect.DelegatingMethodAccessorImpl.invoke(Unknown Source)
	at java.lang.reflect.Method.invoke(Unknown Source)
	at org.testng.internal.MethodInvocationHelper.invokeMethod(MethodInvocationHelper.java:84)
	at org.testng.internal.Invoker.invokeMethod(Invoker.java:714)
	at org.testng.internal.Invoker.invokeTestMethod(Invoker.java:901)
	at org.testng.internal.Invoker.invokeTestMethods(Invoker.java:1231)
	at org.testng.internal.TestMethodWorker.invokeTestMethods(TestMethodWorker.java:127)
	at org.testng.internal.TestMethodWorker.run(TestMethodWorker.java:111)
	at org.testng.TestRunner.privateRun(TestRunner.java:767)
	at org.testng.TestRunner.run(TestRunner.java:617)
	at org.testng.SuiteRunner.runTest(SuiteRunner.java:334)
	at org.testng.SuiteRunner.runSequentially(SuiteRunner.java:329)
	at org.testng.SuiteRunner.privateRun(SuiteRunner.java:291)
	at org.testng.SuiteRunner.run(SuiteRunner.java:240)
	at org.testng.SuiteRunnerWorker.runSuite(SuiteRunnerWorker.java:52)
	at org.testng.SuiteRunnerWorker.run(SuiteRunnerWorker.java:86)
	at org.testng.TestNG.runSuitesSequentially(TestNG.java:1224)
	at org.testng.TestNG.runSuitesLocally(TestNG.java:1149)
	at org.testng.TestNG.run(TestNG.java:1057)
	at org.testng.remote.RemoteTestNG.run(RemoteTestNG.java:111)
	at org.testng.remote.RemoteTestNG.initAndRun(RemoteTestNG.java:204)
	at org.testng.remote.RemoteTestNG.main(RemoteTestNG.java:175)
Caused by: org.openqa.selenium.ElementNotVisibleException: Element is not currently visible and so may not be interacted with
Build info: version: '2.48.2', revision: '41bccdd', time: '2015-10-09 19:59:12'
System info: host: '360LP0089', ip: '192.168.4.18', os.name: 'Windows 8', os.arch: 'x86', os.version: '6.2', java.version: '1.7.0_51'
Driver info: driver.version: unknown
	at <anonymous class>.fxdriver.preconditions.visible(file:///C:/Users/360LP036/AppData/Local/Temp/anonymous2682606385954913468webdriver-profile/extensions/fxdriver@googlecode.com/components/command-processor.js:9981)
	at <anonymous class>.DelayedCommand.prototype.checkPreconditions_(file:///C:/Users/360LP036/AppData/Local/Temp/anonymous2682606385954913468webdriver-profile/extensions/fxdriver@googlecode.com/components/command-processor.js:12517)
	at <anonymous class>.DelayedCommand.prototype.executeInternal_/h(file:///C:/Users/360LP036/AppData/Local/Temp/anonymous2682606385954913468webdriver-profile/extensions/fxdriver@googlecode.com/components/command-processor.js:12534)
	at <anonymous class>.fxdriver.Timer.prototype.setTimeout/<.notify(file:///C:/Users/360LP036/AppData/Local/Temp/anonymous2682606385954913468webdriver-profile/extensions/fxdriver@googlecode.com/components/command-processor.js:621)
Oct 27,2016 09:30:47 [info]  End Execution of Test Class com.primeresponse.testcases.Track.Verify_FeedsOnSharedExternalFeed
*****************************************************************************

*****************************************************************************
Oct 27,2016 09:33:18 [info]   Execution Started of Test Class com.primeresponse.testcases.Track.Verify_FeedsOnSharedExternalFeed and Test method testVerify_FeedsOnSharedExternalFeed
*****************************************************************************
Oct 27,2016 09:33:26 [info]  open application giturl
Oct 27,2016 09:33:49 [info]  log-in into application
Oct 27,2016 09:33:49 [info]  Select Selenium Test Ford Account if not selected
Oct 27,2016 09:34:01 [info]  Go to Track > External Feed
Oct 27,2016 09:34:03 [info]  Fetch feeds from 'where to share list
Oct 27,2016 09:34:09 [info]  Oct 27,2016 09:34:09 [info]  <<<<<<<<<<<<<<<<<<<<<<<<<<<<<<<<<< Error message >>>>>>>>>>>>>>>>>>>>>>>>>>>>>>
org.openqa.selenium.ElementNotVisibleException: Element is not currently visible and so may not be interacted with
Command duration or timeout: 5.06 seconds
Build info: version: '2.48.2', revision: '41bccdd', time: '2015-10-09 19:59:12'
System info: host: '360LP0089', ip: '192.168.4.18', os.name: 'Windows 8', os.arch: 'x86', os.version: '6.2', java.version: '1.7.0_51'
Session ID: 7998b615-33af-4196-8bea-fab060cba86a
Driver info: org.openqa.selenium.firefox.FirefoxDriver
Capabilities [{platform=WINDOWS, acceptSslCerts=true, javascriptEnabled=true, cssSelectorsEnabled=true, databaseEnabled=true, browserName=firefox, handlesAlerts=true, nativeEvents=false, webStorageEnabled=true, rotatable=false, locationContextEnabled=true, applicationCacheEnabled=true, takesScreenshot=true, version=40.0.3}]
	at sun.reflect.NativeConstructorAccessorImpl.newInstance0(Native Method)
	at sun.reflect.NativeConstructorAccessorImpl.newInstance(Unknown Source)
	at sun.reflect.DelegatingConstructorAccessorImpl.newInstance(Unknown Source)
	at java.lang.reflect.Constructor.newInstance(Unknown Source)
	at org.openqa.selenium.remote.ErrorHandler.createThrowable(ErrorHandler.java:206)
	at org.openqa.selenium.remote.ErrorHandler.throwIfResponseFailed(ErrorHandler.java:158)
	at org.openqa.selenium.remote.RemoteWebDriver.execute(RemoteWebDriver.java:647)
	at org.openqa.selenium.remote.RemoteWebElement.execute(RemoteWebElement.java:326)
	at org.openqa.selenium.remote.RemoteWebElement.click(RemoteWebElement.java:84)
	at com.primeresponse.util.DriverHelper.clickOn(DriverHelper.java:241)
	at com.primeresponse.pagehelper.HeaderHelper.clickOnSettingsFeeds(HeaderHelper.java:1016)
	at com.primeresponse.testcases.Track.Verify_FeedsOnSharedExternalFeed.testVerify_FeedsOnSharedExternalFeed(Verify_FeedsOnSharedExternalFeed.java:49)
	at sun.reflect.NativeMethodAccessorImpl.invoke0(Native Method)
	at sun.reflect.NativeMethodAccessorImpl.invoke(Unknown Source)
	at sun.reflect.DelegatingMethodAccessorImpl.invoke(Unknown Source)
	at java.lang.reflect.Method.invoke(Unknown Source)
	at org.testng.internal.MethodInvocationHelper.invokeMethod(MethodInvocationHelper.java:84)
	at org.testng.internal.Invoker.invokeMethod(Invoker.java:714)
	at org.testng.internal.Invoker.invokeTestMethod(Invoker.java:901)
	at org.testng.internal.Invoker.invokeTestMethods(Invoker.java:1231)
	at org.testng.internal.TestMethodWorker.invokeTestMethods(TestMethodWorker.java:127)
	at org.testng.internal.TestMethodWorker.run(TestMethodWorker.java:111)
	at org.testng.TestRunner.privateRun(TestRunner.java:767)
	at org.testng.TestRunner.run(TestRunner.java:617)
	at org.testng.SuiteRunner.runTest(SuiteRunner.java:334)
	at org.testng.SuiteRunner.runSequentially(SuiteRunner.java:329)
	at org.testng.SuiteRunner.privateRun(SuiteRunner.java:291)
	at org.testng.SuiteRunner.run(SuiteRunner.java:240)
	at org.testng.SuiteRunnerWorker.runSuite(SuiteRunnerWorker.java:52)
	at org.testng.SuiteRunnerWorker.run(SuiteRunnerWorker.java:86)
	at org.testng.TestNG.runSuitesSequentially(TestNG.java:1224)
	at org.testng.TestNG.runSuitesLocally(TestNG.java:1149)
	at org.testng.TestNG.run(TestNG.java:1057)
	at org.testng.remote.RemoteTestNG.run(RemoteTestNG.java:111)
	at org.testng.remote.RemoteTestNG.initAndRun(RemoteTestNG.java:204)
	at org.testng.remote.RemoteTestNG.main(RemoteTestNG.java:175)
Caused by: org.openqa.selenium.ElementNotVisibleException: Element is not currently visible and so may not be interacted with
Build info: version: '2.48.2', revision: '41bccdd', time: '2015-10-09 19:59:12'
System info: host: '360LP0089', ip: '192.168.4.18', os.name: 'Windows 8', os.arch: 'x86', os.version: '6.2', java.version: '1.7.0_51'
Driver info: driver.version: unknown
	at <anonymous class>.fxdriver.preconditions.visible(file:///C:/Users/360LP036/AppData/Local/Temp/anonymous4210995605359833372webdriver-profile/extensions/fxdriver@googlecode.com/components/command-processor.js:9981)
	at <anonymous class>.DelayedCommand.prototype.checkPreconditions_(file:///C:/Users/360LP036/AppData/Local/Temp/anonymous4210995605359833372webdriver-profile/extensions/fxdriver@googlecode.com/components/command-processor.js:12517)
	at <anonymous class>.DelayedCommand.prototype.executeInternal_/h(file:///C:/Users/360LP036/AppData/Local/Temp/anonymous4210995605359833372webdriver-profile/extensions/fxdriver@googlecode.com/components/command-processor.js:12534)
	at <anonymous class>.fxdriver.Timer.prototype.setTimeout/<.notify(file:///C:/Users/360LP036/AppData/Local/Temp/anonymous4210995605359833372webdriver-profile/extensions/fxdriver@googlecode.com/components/command-processor.js:621)
Oct 27,2016 09:34:09 [info]  End Execution of Test Class com.primeresponse.testcases.Track.Verify_FeedsOnSharedExternalFeed
*****************************************************************************

*****************************************************************************
Oct 27,2016 09:42:24 [info]   Execution Started of Test Class com.primeresponse.testcases.Track.Verify_FeedsOnSharedExternalFeed and Test method testVerify_FeedsOnSharedExternalFeed
*****************************************************************************
Oct 27,2016 09:42:33 [info]  open application giturl
Oct 27,2016 09:43:17 [info]  log-in into application
Oct 27,2016 09:43:17 [info]  Select Selenium Test Ford Account if not selected
Oct 27,2016 09:43:30 [info]  Go to Track > External Feed
Oct 27,2016 09:43:35 [info]  Fetch feeds from 'where to share list
Oct 27,2016 09:43:40 [info]  Oct 27,2016 09:43:40 [info]  <<<<<<<<<<<<<<<<<<<<<<<<<<<<<<<<<< Error message >>>>>>>>>>>>>>>>>>>>>>>>>>>>>>
org.openqa.selenium.ElementNotVisibleException: Element is not currently visible and so may not be interacted with
Command duration or timeout: 5.08 seconds
Build info: version: '2.48.2', revision: '41bccdd', time: '2015-10-09 19:59:12'
System info: host: '360LP0089', ip: '192.168.4.18', os.name: 'Windows 8', os.arch: 'x86', os.version: '6.2', java.version: '1.7.0_51'
Session ID: 0201dc8d-65af-42fb-b74c-9fbb0bceb6b6
Driver info: org.openqa.selenium.firefox.FirefoxDriver
Capabilities [{platform=WINDOWS, acceptSslCerts=true, javascriptEnabled=true, cssSelectorsEnabled=true, databaseEnabled=true, browserName=firefox, handlesAlerts=true, nativeEvents=false, webStorageEnabled=true, rotatable=false, locationContextEnabled=true, applicationCacheEnabled=true, takesScreenshot=true, version=40.0.3}]
	at sun.reflect.NativeConstructorAccessorImpl.newInstance0(Native Method)
	at sun.reflect.NativeConstructorAccessorImpl.newInstance(Unknown Source)
	at sun.reflect.DelegatingConstructorAccessorImpl.newInstance(Unknown Source)
	at java.lang.reflect.Constructor.newInstance(Unknown Source)
	at org.openqa.selenium.remote.ErrorHandler.createThrowable(ErrorHandler.java:206)
	at org.openqa.selenium.remote.ErrorHandler.throwIfResponseFailed(ErrorHandler.java:158)
	at org.openqa.selenium.remote.RemoteWebDriver.execute(RemoteWebDriver.java:647)
	at org.openqa.selenium.remote.RemoteWebElement.execute(RemoteWebElement.java:326)
	at org.openqa.selenium.remote.RemoteWebElement.click(RemoteWebElement.java:84)
	at com.primeresponse.util.DriverHelper.clickOn(DriverHelper.java:241)
	at com.primeresponse.pagehelper.HeaderHelper.clickOnSettingsFeeds(HeaderHelper.java:1016)
	at com.primeresponse.testcases.Track.Verify_FeedsOnSharedExternalFeed.testVerify_FeedsOnSharedExternalFeed(Verify_FeedsOnSharedExternalFeed.java:49)
	at sun.reflect.NativeMethodAccessorImpl.invoke0(Native Method)
	at sun.reflect.NativeMethodAccessorImpl.invoke(Unknown Source)
	at sun.reflect.DelegatingMethodAccessorImpl.invoke(Unknown Source)
	at java.lang.reflect.Method.invoke(Unknown Source)
	at org.testng.internal.MethodInvocationHelper.invokeMethod(MethodInvocationHelper.java:84)
	at org.testng.internal.Invoker.invokeMethod(Invoker.java:714)
	at org.testng.internal.Invoker.invokeTestMethod(Invoker.java:901)
	at org.testng.internal.Invoker.invokeTestMethods(Invoker.java:1231)
	at org.testng.internal.TestMethodWorker.invokeTestMethods(TestMethodWorker.java:127)
	at org.testng.internal.TestMethodWorker.run(TestMethodWorker.java:111)
	at org.testng.TestRunner.privateRun(TestRunner.java:767)
	at org.testng.TestRunner.run(TestRunner.java:617)
	at org.testng.SuiteRunner.runTest(SuiteRunner.java:334)
	at org.testng.SuiteRunner.runSequentially(SuiteRunner.java:329)
	at org.testng.SuiteRunner.privateRun(SuiteRunner.java:291)
	at org.testng.SuiteRunner.run(SuiteRunner.java:240)
	at org.testng.SuiteRunnerWorker.runSuite(SuiteRunnerWorker.java:52)
	at org.testng.SuiteRunnerWorker.run(SuiteRunnerWorker.java:86)
	at org.testng.TestNG.runSuitesSequentially(TestNG.java:1224)
	at org.testng.TestNG.runSuitesLocally(TestNG.java:1149)
	at org.testng.TestNG.run(TestNG.java:1057)
	at org.testng.remote.RemoteTestNG.run(RemoteTestNG.java:111)
	at org.testng.remote.RemoteTestNG.initAndRun(RemoteTestNG.java:204)
	at org.testng.remote.RemoteTestNG.main(RemoteTestNG.java:175)
Caused by: org.openqa.selenium.ElementNotVisibleException: Element is not currently visible and so may not be interacted with
Build info: version: '2.48.2', revision: '41bccdd', time: '2015-10-09 19:59:12'
System info: host: '360LP0089', ip: '192.168.4.18', os.name: 'Windows 8', os.arch: 'x86', os.version: '6.2', java.version: '1.7.0_51'
Driver info: driver.version: unknown
	at <anonymous class>.fxdriver.preconditions.visible(file:///C:/Users/360LP036/AppData/Local/Temp/anonymous1244608475503019263webdriver-profile/extensions/fxdriver@googlecode.com/components/command-processor.js:9981)
	at <anonymous class>.DelayedCommand.prototype.checkPreconditions_(file:///C:/Users/360LP036/AppData/Local/Temp/anonymous1244608475503019263webdriver-profile/extensions/fxdriver@googlecode.com/components/command-processor.js:12517)
	at <anonymous class>.DelayedCommand.prototype.executeInternal_/h(file:///C:/Users/360LP036/AppData/Local/Temp/anonymous1244608475503019263webdriver-profile/extensions/fxdriver@googlecode.com/components/command-processor.js:12534)
	at <anonymous class>.fxdriver.Timer.prototype.setTimeout/<.notify(file:///C:/Users/360LP036/AppData/Local/Temp/anonymous1244608475503019263webdriver-profile/extensions/fxdriver@googlecode.com/components/command-processor.js:621)
Oct 27,2016 09:43:40 [info]  End Execution of Test Class com.primeresponse.testcases.Track.Verify_FeedsOnSharedExternalFeed
*****************************************************************************

*****************************************************************************
Oct 27,2016 09:51:15 [info]   Execution Started of Test Class com.primeresponse.testcases.Track.Verify_FeedsOnSharedExternalFeed and Test method testVerify_FeedsOnSharedExternalFeed
*****************************************************************************
Oct 27,2016 09:51:26 [info]  open application giturl
Oct 27,2016 09:51:54 [info]  log-in into application
Oct 27,2016 09:51:54 [info]  Select Selenium Test Ford Account if not selected
Oct 27,2016 09:52:07 [info]  Go to Track > External Feed
Oct 27,2016 09:52:10 [info]  Fetch feeds from 'where to share list
Oct 27,2016 09:52:16 [info]  Oct 27,2016 09:52:16 [info]  <<<<<<<<<<<<<<<<<<<<<<<<<<<<<<<<<< Error message >>>>>>>>>>>>>>>>>>>>>>>>>>>>>>
org.openqa.selenium.ElementNotVisibleException: Element is not currently visible and so may not be interacted with
Command duration or timeout: 5.09 seconds
Build info: version: '2.48.2', revision: '41bccdd', time: '2015-10-09 19:59:12'
System info: host: '360LP0089', ip: '192.168.4.18', os.name: 'Windows 8', os.arch: 'x86', os.version: '6.2', java.version: '1.7.0_51'
Session ID: 04372d0b-8c51-400e-8af0-e535ae3dad82
Driver info: org.openqa.selenium.firefox.FirefoxDriver
Capabilities [{platform=WINDOWS, acceptSslCerts=true, javascriptEnabled=true, cssSelectorsEnabled=true, databaseEnabled=true, browserName=firefox, handlesAlerts=true, nativeEvents=false, webStorageEnabled=true, rotatable=false, locationContextEnabled=true, applicationCacheEnabled=true, takesScreenshot=true, version=40.0.3}]
	at sun.reflect.NativeConstructorAccessorImpl.newInstance0(Native Method)
	at sun.reflect.NativeConstructorAccessorImpl.newInstance(Unknown Source)
	at sun.reflect.DelegatingConstructorAccessorImpl.newInstance(Unknown Source)
	at java.lang.reflect.Constructor.newInstance(Unknown Source)
	at org.openqa.selenium.remote.ErrorHandler.createThrowable(ErrorHandler.java:206)
	at org.openqa.selenium.remote.ErrorHandler.throwIfResponseFailed(ErrorHandler.java:158)
	at org.openqa.selenium.remote.RemoteWebDriver.execute(RemoteWebDriver.java:647)
	at org.openqa.selenium.remote.RemoteWebElement.execute(RemoteWebElement.java:326)
	at org.openqa.selenium.remote.RemoteWebElement.click(RemoteWebElement.java:84)
	at com.primeresponse.util.DriverHelper.clickOn(DriverHelper.java:241)
	at com.primeresponse.pagehelper.HeaderHelper.clickOnSettingsFeeds(HeaderHelper.java:1016)
	at com.primeresponse.testcases.Track.Verify_FeedsOnSharedExternalFeed.testVerify_FeedsOnSharedExternalFeed(Verify_FeedsOnSharedExternalFeed.java:49)
	at sun.reflect.NativeMethodAccessorImpl.invoke0(Native Method)
	at sun.reflect.NativeMethodAccessorImpl.invoke(Unknown Source)
	at sun.reflect.DelegatingMethodAccessorImpl.invoke(Unknown Source)
	at java.lang.reflect.Method.invoke(Unknown Source)
	at org.testng.internal.MethodInvocationHelper.invokeMethod(MethodInvocationHelper.java:84)
	at org.testng.internal.Invoker.invokeMethod(Invoker.java:714)
	at org.testng.internal.Invoker.invokeTestMethod(Invoker.java:901)
	at org.testng.internal.Invoker.invokeTestMethods(Invoker.java:1231)
	at org.testng.internal.TestMethodWorker.invokeTestMethods(TestMethodWorker.java:127)
	at org.testng.internal.TestMethodWorker.run(TestMethodWorker.java:111)
	at org.testng.TestRunner.privateRun(TestRunner.java:767)
	at org.testng.TestRunner.run(TestRunner.java:617)
	at org.testng.SuiteRunner.runTest(SuiteRunner.java:334)
	at org.testng.SuiteRunner.runSequentially(SuiteRunner.java:329)
	at org.testng.SuiteRunner.privateRun(SuiteRunner.java:291)
	at org.testng.SuiteRunner.run(SuiteRunner.java:240)
	at org.testng.SuiteRunnerWorker.runSuite(SuiteRunnerWorker.java:52)
	at org.testng.SuiteRunnerWorker.run(SuiteRunnerWorker.java:86)
	at org.testng.TestNG.runSuitesSequentially(TestNG.java:1224)
	at org.testng.TestNG.runSuitesLocally(TestNG.java:1149)
	at org.testng.TestNG.run(TestNG.java:1057)
	at org.testng.remote.RemoteTestNG.run(RemoteTestNG.java:111)
	at org.testng.remote.RemoteTestNG.initAndRun(RemoteTestNG.java:204)
	at org.testng.remote.RemoteTestNG.main(RemoteTestNG.java:175)
Caused by: org.openqa.selenium.ElementNotVisibleException: Element is not currently visible and so may not be interacted with
Build info: version: '2.48.2', revision: '41bccdd', time: '2015-10-09 19:59:12'
System info: host: '360LP0089', ip: '192.168.4.18', os.name: 'Windows 8', os.arch: 'x86', os.version: '6.2', java.version: '1.7.0_51'
Driver info: driver.version: unknown
	at <anonymous class>.fxdriver.preconditions.visible(file:///C:/Users/360LP036/AppData/Local/Temp/anonymous1227803063941194490webdriver-profile/extensions/fxdriver@googlecode.com/components/command-processor.js:9981)
	at <anonymous class>.DelayedCommand.prototype.checkPreconditions_(file:///C:/Users/360LP036/AppData/Local/Temp/anonymous1227803063941194490webdriver-profile/extensions/fxdriver@googlecode.com/components/command-processor.js:12517)
	at <anonymous class>.DelayedCommand.prototype.executeInternal_/h(file:///C:/Users/360LP036/AppData/Local/Temp/anonymous1227803063941194490webdriver-profile/extensions/fxdriver@googlecode.com/components/command-processor.js:12534)
	at <anonymous class>.fxdriver.Timer.prototype.setTimeout/<.notify(file:///C:/Users/360LP036/AppData/Local/Temp/anonymous1227803063941194490webdriver-profile/extensions/fxdriver@googlecode.com/components/command-processor.js:621)
Oct 27,2016 09:52:16 [info]  End Execution of Test Class com.primeresponse.testcases.Track.Verify_FeedsOnSharedExternalFeed
*****************************************************************************

*****************************************************************************
Oct 27,2016 09:59:52 [info]   Execution Started of Test Class com.primeresponse.testcases.Track.Verify_FeedsOnSharedExternalFeed and Test method testVerify_FeedsOnSharedExternalFeed
*****************************************************************************
Oct 27,2016 10:00:07 [info]  open application giturl
Oct 27,2016 10:00:30 [info]  log-in into application
Oct 27,2016 10:00:30 [info]  Select Selenium Test Ford Account if not selected
Oct 27,2016 10:00:41 [info]  Go to Track > External Feed
Oct 27,2016 10:00:45 [info]  Fetch feeds from 'where to share list
Oct 27,2016 10:00:59 [info]  Oct 27,2016 10:00:59 [info]  <<<<<<<<<<<<<<<<<<<<<<<<<<<<<<<<<< Error message >>>>>>>>>>>>>>>>>>>>>>>>>>>>>>
org.openqa.selenium.ElementNotVisibleException: Element is not currently visible and so may not be interacted with
Command duration or timeout: 5.58 seconds
Build info: version: '2.48.2', revision: '41bccdd', time: '2015-10-09 19:59:12'
System info: host: '360LP0089', ip: '192.168.4.18', os.name: 'Windows 8', os.arch: 'x86', os.version: '6.2', java.version: '1.7.0_51'
Session ID: a8607646-2aad-4f33-8eb7-9c26581e9dce
Driver info: org.openqa.selenium.firefox.FirefoxDriver
Capabilities [{platform=WINDOWS, acceptSslCerts=true, javascriptEnabled=true, cssSelectorsEnabled=true, databaseEnabled=true, browserName=firefox, handlesAlerts=true, nativeEvents=false, webStorageEnabled=true, rotatable=false, locationContextEnabled=true, applicationCacheEnabled=true, takesScreenshot=true, version=40.0.3}]
	at sun.reflect.NativeConstructorAccessorImpl.newInstance0(Native Method)
	at sun.reflect.NativeConstructorAccessorImpl.newInstance(Unknown Source)
	at sun.reflect.DelegatingConstructorAccessorImpl.newInstance(Unknown Source)
	at java.lang.reflect.Constructor.newInstance(Unknown Source)
	at org.openqa.selenium.remote.ErrorHandler.createThrowable(ErrorHandler.java:206)
	at org.openqa.selenium.remote.ErrorHandler.throwIfResponseFailed(ErrorHandler.java:158)
	at org.openqa.selenium.remote.RemoteWebDriver.execute(RemoteWebDriver.java:647)
	at org.openqa.selenium.remote.RemoteWebElement.execute(RemoteWebElement.java:326)
	at org.openqa.selenium.remote.RemoteWebElement.click(RemoteWebElement.java:84)
	at com.primeresponse.util.DriverHelper.clickOn(DriverHelper.java:241)
	at com.primeresponse.pagehelper.HeaderHelper.clickOnSettingsFeeds(HeaderHelper.java:1016)
	at com.primeresponse.testcases.Track.Verify_FeedsOnSharedExternalFeed.testVerify_FeedsOnSharedExternalFeed(Verify_FeedsOnSharedExternalFeed.java:49)
	at sun.reflect.NativeMethodAccessorImpl.invoke0(Native Method)
	at sun.reflect.NativeMethodAccessorImpl.invoke(Unknown Source)
	at sun.reflect.DelegatingMethodAccessorImpl.invoke(Unknown Source)
	at java.lang.reflect.Method.invoke(Unknown Source)
	at org.testng.internal.MethodInvocationHelper.invokeMethod(MethodInvocationHelper.java:84)
	at org.testng.internal.Invoker.invokeMethod(Invoker.java:714)
	at org.testng.internal.Invoker.invokeTestMethod(Invoker.java:901)
	at org.testng.internal.Invoker.invokeTestMethods(Invoker.java:1231)
	at org.testng.internal.TestMethodWorker.invokeTestMethods(TestMethodWorker.java:127)
	at org.testng.internal.TestMethodWorker.run(TestMethodWorker.java:111)
	at org.testng.TestRunner.privateRun(TestRunner.java:767)
	at org.testng.TestRunner.run(TestRunner.java:617)
	at org.testng.SuiteRunner.runTest(SuiteRunner.java:334)
	at org.testng.SuiteRunner.runSequentially(SuiteRunner.java:329)
	at org.testng.SuiteRunner.privateRun(SuiteRunner.java:291)
	at org.testng.SuiteRunner.run(SuiteRunner.java:240)
	at org.testng.SuiteRunnerWorker.runSuite(SuiteRunnerWorker.java:52)
	at org.testng.SuiteRunnerWorker.run(SuiteRunnerWorker.java:86)
	at org.testng.TestNG.runSuitesSequentially(TestNG.java:1224)
	at org.testng.TestNG.runSuitesLocally(TestNG.java:1149)
	at org.testng.TestNG.run(TestNG.java:1057)
	at org.testng.remote.RemoteTestNG.run(RemoteTestNG.java:111)
	at org.testng.remote.RemoteTestNG.initAndRun(RemoteTestNG.java:204)
	at org.testng.remote.RemoteTestNG.main(RemoteTestNG.java:175)
Caused by: org.openqa.selenium.ElementNotVisibleException: Element is not currently visible and so may not be interacted with
Build info: version: '2.48.2', revision: '41bccdd', time: '2015-10-09 19:59:12'
System info: host: '360LP0089', ip: '192.168.4.18', os.name: 'Windows 8', os.arch: 'x86', os.version: '6.2', java.version: '1.7.0_51'
Driver info: driver.version: unknown
	at <anonymous class>.fxdriver.preconditions.visible(file:///C:/Users/360LP036/AppData/Local/Temp/anonymous1884562309005516036webdriver-profile/extensions/fxdriver@googlecode.com/components/command-processor.js:9981)
	at <anonymous class>.DelayedCommand.prototype.checkPreconditions_(file:///C:/Users/360LP036/AppData/Local/Temp/anonymous1884562309005516036webdriver-profile/extensions/fxdriver@googlecode.com/components/command-processor.js:12517)
	at <anonymous class>.DelayedCommand.prototype.executeInternal_/h(file:///C:/Users/360LP036/AppData/Local/Temp/anonymous1884562309005516036webdriver-profile/extensions/fxdriver@googlecode.com/components/command-processor.js:12534)
	at <anonymous class>.fxdriver.Timer.prototype.setTimeout/<.notify(file:///C:/Users/360LP036/AppData/Local/Temp/anonymous1884562309005516036webdriver-profile/extensions/fxdriver@googlecode.com/components/command-processor.js:621)
Oct 27,2016 10:00:59 [info]  End Execution of Test Class com.primeresponse.testcases.Track.Verify_FeedsOnSharedExternalFeed
*****************************************************************************

*****************************************************************************
Oct 27,2016 10:05:15 [info]   Execution Started of Test Class com.primeresponse.testcases.Track.Verify_FeedsOnSharedExternalFeed and Test method testVerify_FeedsOnSharedExternalFeed
*****************************************************************************
Oct 27,2016 10:05:26 [info]  open application giturl
Oct 27,2016 10:05:53 [info]  log-in into application
Oct 27,2016 10:05:54 [info]  Select Selenium Test Ford Account if not selected
Oct 27,2016 10:06:05 [info]  Go to Track > External Feed
Oct 27,2016 10:06:09 [info]  Fetch feeds from 'where to share list
Oct 27,2016 10:06:15 [info]  Oct 27,2016 10:06:15 [info]  <<<<<<<<<<<<<<<<<<<<<<<<<<<<<<<<<< Error message >>>>>>>>>>>>>>>>>>>>>>>>>>>>>>
org.openqa.selenium.ElementNotVisibleException: Element is not currently visible and so may not be interacted with
Command duration or timeout: 5.12 seconds
Build info: version: '2.48.2', revision: '41bccdd', time: '2015-10-09 19:59:12'
System info: host: '360LP0089', ip: '192.168.4.18', os.name: 'Windows 8', os.arch: 'x86', os.version: '6.2', java.version: '1.7.0_51'
Session ID: fc5f3c67-4b6c-48ea-9716-15419dcfcc2a
Driver info: org.openqa.selenium.firefox.FirefoxDriver
Capabilities [{platform=WINDOWS, acceptSslCerts=true, javascriptEnabled=true, cssSelectorsEnabled=true, databaseEnabled=true, browserName=firefox, handlesAlerts=true, nativeEvents=false, webStorageEnabled=true, rotatable=false, locationContextEnabled=true, applicationCacheEnabled=true, takesScreenshot=true, version=40.0.3}]
	at sun.reflect.NativeConstructorAccessorImpl.newInstance0(Native Method)
	at sun.reflect.NativeConstructorAccessorImpl.newInstance(Unknown Source)
	at sun.reflect.DelegatingConstructorAccessorImpl.newInstance(Unknown Source)
	at java.lang.reflect.Constructor.newInstance(Unknown Source)
	at org.openqa.selenium.remote.ErrorHandler.createThrowable(ErrorHandler.java:206)
	at org.openqa.selenium.remote.ErrorHandler.throwIfResponseFailed(ErrorHandler.java:158)
	at org.openqa.selenium.remote.RemoteWebDriver.execute(RemoteWebDriver.java:647)
	at org.openqa.selenium.remote.RemoteWebElement.execute(RemoteWebElement.java:326)
	at org.openqa.selenium.remote.RemoteWebElement.click(RemoteWebElement.java:84)
	at com.primeresponse.util.DriverHelper.clickOn(DriverHelper.java:241)
	at com.primeresponse.pagehelper.HeaderHelper.clickOnSettingsFeeds(HeaderHelper.java:1016)
	at com.primeresponse.testcases.Track.Verify_FeedsOnSharedExternalFeed.testVerify_FeedsOnSharedExternalFeed(Verify_FeedsOnSharedExternalFeed.java:49)
	at sun.reflect.NativeMethodAccessorImpl.invoke0(Native Method)
	at sun.reflect.NativeMethodAccessorImpl.invoke(Unknown Source)
	at sun.reflect.DelegatingMethodAccessorImpl.invoke(Unknown Source)
	at java.lang.reflect.Method.invoke(Unknown Source)
	at org.testng.internal.MethodInvocationHelper.invokeMethod(MethodInvocationHelper.java:84)
	at org.testng.internal.Invoker.invokeMethod(Invoker.java:714)
	at org.testng.internal.Invoker.invokeTestMethod(Invoker.java:901)
	at org.testng.internal.Invoker.invokeTestMethods(Invoker.java:1231)
	at org.testng.internal.TestMethodWorker.invokeTestMethods(TestMethodWorker.java:127)
	at org.testng.internal.TestMethodWorker.run(TestMethodWorker.java:111)
	at org.testng.TestRunner.privateRun(TestRunner.java:767)
	at org.testng.TestRunner.run(TestRunner.java:617)
	at org.testng.SuiteRunner.runTest(SuiteRunner.java:334)
	at org.testng.SuiteRunner.runSequentially(SuiteRunner.java:329)
	at org.testng.SuiteRunner.privateRun(SuiteRunner.java:291)
	at org.testng.SuiteRunner.run(SuiteRunner.java:240)
	at org.testng.SuiteRunnerWorker.runSuite(SuiteRunnerWorker.java:52)
	at org.testng.SuiteRunnerWorker.run(SuiteRunnerWorker.java:86)
	at org.testng.TestNG.runSuitesSequentially(TestNG.java:1224)
	at org.testng.TestNG.runSuitesLocally(TestNG.java:1149)
	at org.testng.TestNG.run(TestNG.java:1057)
	at org.testng.remote.RemoteTestNG.run(RemoteTestNG.java:111)
	at org.testng.remote.RemoteTestNG.initAndRun(RemoteTestNG.java:204)
	at org.testng.remote.RemoteTestNG.main(RemoteTestNG.java:175)
Caused by: org.openqa.selenium.ElementNotVisibleException: Element is not currently visible and so may not be interacted with
Build info: version: '2.48.2', revision: '41bccdd', time: '2015-10-09 19:59:12'
System info: host: '360LP0089', ip: '192.168.4.18', os.name: 'Windows 8', os.arch: 'x86', os.version: '6.2', java.version: '1.7.0_51'
Driver info: driver.version: unknown
	at <anonymous class>.fxdriver.preconditions.visible(file:///C:/Users/360LP036/AppData/Local/Temp/anonymous2869227792464089881webdriver-profile/extensions/fxdriver@googlecode.com/components/command-processor.js:9981)
	at <anonymous class>.DelayedCommand.prototype.checkPreconditions_(file:///C:/Users/360LP036/AppData/Local/Temp/anonymous2869227792464089881webdriver-profile/extensions/fxdriver@googlecode.com/components/command-processor.js:12517)
	at <anonymous class>.DelayedCommand.prototype.executeInternal_/h(file:///C:/Users/360LP036/AppData/Local/Temp/anonymous2869227792464089881webdriver-profile/extensions/fxdriver@googlecode.com/components/command-processor.js:12534)
	at <anonymous class>.fxdriver.Timer.prototype.setTimeout/<.notify(file:///C:/Users/360LP036/AppData/Local/Temp/anonymous2869227792464089881webdriver-profile/extensions/fxdriver@googlecode.com/components/command-processor.js:621)
Oct 27,2016 10:06:15 [info]  End Execution of Test Class com.primeresponse.testcases.Track.Verify_FeedsOnSharedExternalFeed
*****************************************************************************

*****************************************************************************
Oct 27,2016 10:07:12 [info]   Execution Started of Test Class com.primeresponse.testcases.Track.Verify_FeedsOnSharedExternalFeed and Test method testVerify_FeedsOnSharedExternalFeed
*****************************************************************************
Oct 27,2016 10:07:21 [info]  open application giturl
Oct 27,2016 10:08:09 [info]  log-in into application
Oct 27,2016 10:08:09 [info]  Select Selenium Test Ford Account if not selected
Oct 27,2016 10:08:22 [info]  Go to Track > External Feed
Oct 27,2016 10:08:25 [info]  Fetch feeds from 'where to share list
Oct 27,2016 10:08:38 [info]  Oct 27,2016 10:08:38 [info]  <<<<<<<<<<<<<<<<<<<<<<<<<<<<<<<<<< Error message >>>>>>>>>>>>>>>>>>>>>>>>>>>>>>
org.openqa.selenium.ElementNotVisibleException: Element is not currently visible and so may not be interacted with
Command duration or timeout: 5.08 seconds
Build info: version: '2.48.2', revision: '41bccdd', time: '2015-10-09 19:59:12'
System info: host: '360LP0089', ip: '192.168.4.18', os.name: 'Windows 8', os.arch: 'x86', os.version: '6.2', java.version: '1.7.0_51'
Session ID: 569499c2-8d4f-47c1-ac8b-2cba08c8bc29
Driver info: org.openqa.selenium.firefox.FirefoxDriver
Capabilities [{platform=WINDOWS, acceptSslCerts=true, javascriptEnabled=true, cssSelectorsEnabled=true, databaseEnabled=true, browserName=firefox, handlesAlerts=true, nativeEvents=false, webStorageEnabled=true, rotatable=false, locationContextEnabled=true, applicationCacheEnabled=true, takesScreenshot=true, version=40.0.3}]
	at sun.reflect.NativeConstructorAccessorImpl.newInstance0(Native Method)
	at sun.reflect.NativeConstructorAccessorImpl.newInstance(Unknown Source)
	at sun.reflect.DelegatingConstructorAccessorImpl.newInstance(Unknown Source)
	at java.lang.reflect.Constructor.newInstance(Unknown Source)
	at org.openqa.selenium.remote.ErrorHandler.createThrowable(ErrorHandler.java:206)
	at org.openqa.selenium.remote.ErrorHandler.throwIfResponseFailed(ErrorHandler.java:158)
	at org.openqa.selenium.remote.RemoteWebDriver.execute(RemoteWebDriver.java:647)
	at org.openqa.selenium.remote.RemoteWebElement.execute(RemoteWebElement.java:326)
	at org.openqa.selenium.remote.RemoteWebElement.click(RemoteWebElement.java:84)
	at com.primeresponse.util.DriverHelper.clickOn(DriverHelper.java:241)
	at com.primeresponse.pagehelper.HeaderHelper.clickOnSettingsFeeds(HeaderHelper.java:1016)
	at com.primeresponse.testcases.Track.Verify_FeedsOnSharedExternalFeed.testVerify_FeedsOnSharedExternalFeed(Verify_FeedsOnSharedExternalFeed.java:49)
	at sun.reflect.NativeMethodAccessorImpl.invoke0(Native Method)
	at sun.reflect.NativeMethodAccessorImpl.invoke(Unknown Source)
	at sun.reflect.DelegatingMethodAccessorImpl.invoke(Unknown Source)
	at java.lang.reflect.Method.invoke(Unknown Source)
	at org.testng.internal.MethodInvocationHelper.invokeMethod(MethodInvocationHelper.java:84)
	at org.testng.internal.Invoker.invokeMethod(Invoker.java:714)
	at org.testng.internal.Invoker.invokeTestMethod(Invoker.java:901)
	at org.testng.internal.Invoker.invokeTestMethods(Invoker.java:1231)
	at org.testng.internal.TestMethodWorker.invokeTestMethods(TestMethodWorker.java:127)
	at org.testng.internal.TestMethodWorker.run(TestMethodWorker.java:111)
	at org.testng.TestRunner.privateRun(TestRunner.java:767)
	at org.testng.TestRunner.run(TestRunner.java:617)
	at org.testng.SuiteRunner.runTest(SuiteRunner.java:334)
	at org.testng.SuiteRunner.runSequentially(SuiteRunner.java:329)
	at org.testng.SuiteRunner.privateRun(SuiteRunner.java:291)
	at org.testng.SuiteRunner.run(SuiteRunner.java:240)
	at org.testng.SuiteRunnerWorker.runSuite(SuiteRunnerWorker.java:52)
	at org.testng.SuiteRunnerWorker.run(SuiteRunnerWorker.java:86)
	at org.testng.TestNG.runSuitesSequentially(TestNG.java:1224)
	at org.testng.TestNG.runSuitesLocally(TestNG.java:1149)
	at org.testng.TestNG.run(TestNG.java:1057)
	at org.testng.remote.RemoteTestNG.run(RemoteTestNG.java:111)
	at org.testng.remote.RemoteTestNG.initAndRun(RemoteTestNG.java:204)
	at org.testng.remote.RemoteTestNG.main(RemoteTestNG.java:175)
Caused by: org.openqa.selenium.ElementNotVisibleException: Element is not currently visible and so may not be interacted with
Build info: version: '2.48.2', revision: '41bccdd', time: '2015-10-09 19:59:12'
System info: host: '360LP0089', ip: '192.168.4.18', os.name: 'Windows 8', os.arch: 'x86', os.version: '6.2', java.version: '1.7.0_51'
Driver info: driver.version: unknown
	at <anonymous class>.fxdriver.preconditions.visible(file:///C:/Users/360LP036/AppData/Local/Temp/anonymous737295542891943810webdriver-profile/extensions/fxdriver@googlecode.com/components/command-processor.js:9981)
	at <anonymous class>.DelayedCommand.prototype.checkPreconditions_(file:///C:/Users/360LP036/AppData/Local/Temp/anonymous737295542891943810webdriver-profile/extensions/fxdriver@googlecode.com/components/command-processor.js:12517)
	at <anonymous class>.DelayedCommand.prototype.executeInternal_/h(file:///C:/Users/360LP036/AppData/Local/Temp/anonymous737295542891943810webdriver-profile/extensions/fxdriver@googlecode.com/components/command-processor.js:12534)
	at <anonymous class>.fxdriver.Timer.prototype.setTimeout/<.notify(file:///C:/Users/360LP036/AppData/Local/Temp/anonymous737295542891943810webdriver-profile/extensions/fxdriver@googlecode.com/components/command-processor.js:621)
Oct 27,2016 10:08:38 [info]  End Execution of Test Class com.primeresponse.testcases.Track.Verify_FeedsOnSharedExternalFeed
*****************************************************************************

*****************************************************************************
Oct 27,2016 10:10:20 [info]   Execution Started of Test Class com.primeresponse.testcases.Track.Verify_FeedsOnSharedExternalFeed and Test method testVerify_FeedsOnSharedExternalFeed
*****************************************************************************
Oct 27,2016 10:10:30 [info]  open application giturl
Oct 27,2016 10:11:04 [info]  log-in into application
Oct 27,2016 10:11:04 [info]  Select Selenium Test Ford Account if not selected
Oct 27,2016 10:11:17 [info]  Go to Track > External Feed
Oct 27,2016 10:11:20 [info]  Fetch feeds from 'where to share list
Oct 27,2016 10:11:29 [info]  Oct 27,2016 10:11:29 [info]  <<<<<<<<<<<<<<<<<<<<<<<<<<<<<<<<<< Error message >>>>>>>>>>>>>>>>>>>>>>>>>>>>>>
org.openqa.selenium.ElementNotVisibleException: Element is not currently visible and so may not be interacted with
Command duration or timeout: 5.08 seconds
Build info: version: '2.48.2', revision: '41bccdd', time: '2015-10-09 19:59:12'
System info: host: '360LP0089', ip: '192.168.4.18', os.name: 'Windows 8', os.arch: 'x86', os.version: '6.2', java.version: '1.7.0_51'
Session ID: c47b28ab-474e-422b-a6af-673c8001172c
Driver info: org.openqa.selenium.firefox.FirefoxDriver
Capabilities [{platform=WINDOWS, acceptSslCerts=true, javascriptEnabled=true, cssSelectorsEnabled=true, databaseEnabled=true, browserName=firefox, handlesAlerts=true, nativeEvents=false, webStorageEnabled=true, rotatable=false, locationContextEnabled=true, applicationCacheEnabled=true, takesScreenshot=true, version=40.0.3}]
	at sun.reflect.NativeConstructorAccessorImpl.newInstance0(Native Method)
	at sun.reflect.NativeConstructorAccessorImpl.newInstance(Unknown Source)
	at sun.reflect.DelegatingConstructorAccessorImpl.newInstance(Unknown Source)
	at java.lang.reflect.Constructor.newInstance(Unknown Source)
	at org.openqa.selenium.remote.ErrorHandler.createThrowable(ErrorHandler.java:206)
	at org.openqa.selenium.remote.ErrorHandler.throwIfResponseFailed(ErrorHandler.java:158)
	at org.openqa.selenium.remote.RemoteWebDriver.execute(RemoteWebDriver.java:647)
	at org.openqa.selenium.remote.RemoteWebElement.execute(RemoteWebElement.java:326)
	at org.openqa.selenium.remote.RemoteWebElement.click(RemoteWebElement.java:84)
	at com.primeresponse.util.DriverHelper.clickOn(DriverHelper.java:241)
	at com.primeresponse.pagehelper.HeaderHelper.clickOnSettingsFeeds(HeaderHelper.java:1017)
	at com.primeresponse.testcases.Track.Verify_FeedsOnSharedExternalFeed.testVerify_FeedsOnSharedExternalFeed(Verify_FeedsOnSharedExternalFeed.java:49)
	at sun.reflect.NativeMethodAccessorImpl.invoke0(Native Method)
	at sun.reflect.NativeMethodAccessorImpl.invoke(Unknown Source)
	at sun.reflect.DelegatingMethodAccessorImpl.invoke(Unknown Source)
	at java.lang.reflect.Method.invoke(Unknown Source)
	at org.testng.internal.MethodInvocationHelper.invokeMethod(MethodInvocationHelper.java:84)
	at org.testng.internal.Invoker.invokeMethod(Invoker.java:714)
	at org.testng.internal.Invoker.invokeTestMethod(Invoker.java:901)
	at org.testng.internal.Invoker.invokeTestMethods(Invoker.java:1231)
	at org.testng.internal.TestMethodWorker.invokeTestMethods(TestMethodWorker.java:127)
	at org.testng.internal.TestMethodWorker.run(TestMethodWorker.java:111)
	at org.testng.TestRunner.privateRun(TestRunner.java:767)
	at org.testng.TestRunner.run(TestRunner.java:617)
	at org.testng.SuiteRunner.runTest(SuiteRunner.java:334)
	at org.testng.SuiteRunner.runSequentially(SuiteRunner.java:329)
	at org.testng.SuiteRunner.privateRun(SuiteRunner.java:291)
	at org.testng.SuiteRunner.run(SuiteRunner.java:240)
	at org.testng.SuiteRunnerWorker.runSuite(SuiteRunnerWorker.java:52)
	at org.testng.SuiteRunnerWorker.run(SuiteRunnerWorker.java:86)
	at org.testng.TestNG.runSuitesSequentially(TestNG.java:1224)
	at org.testng.TestNG.runSuitesLocally(TestNG.java:1149)
	at org.testng.TestNG.run(TestNG.java:1057)
	at org.testng.remote.RemoteTestNG.run(RemoteTestNG.java:111)
	at org.testng.remote.RemoteTestNG.initAndRun(RemoteTestNG.java:204)
	at org.testng.remote.RemoteTestNG.main(RemoteTestNG.java:175)
Caused by: org.openqa.selenium.ElementNotVisibleException: Element is not currently visible and so may not be interacted with
Build info: version: '2.48.2', revision: '41bccdd', time: '2015-10-09 19:59:12'
System info: host: '360LP0089', ip: '192.168.4.18', os.name: 'Windows 8', os.arch: 'x86', os.version: '6.2', java.version: '1.7.0_51'
Driver info: driver.version: unknown
	at <anonymous class>.fxdriver.preconditions.visible(file:///C:/Users/360LP036/AppData/Local/Temp/anonymous63295688445338606webdriver-profile/extensions/fxdriver@googlecode.com/components/command-processor.js:9981)
	at <anonymous class>.DelayedCommand.prototype.checkPreconditions_(file:///C:/Users/360LP036/AppData/Local/Temp/anonymous63295688445338606webdriver-profile/extensions/fxdriver@googlecode.com/components/command-processor.js:12517)
	at <anonymous class>.DelayedCommand.prototype.executeInternal_/h(file:///C:/Users/360LP036/AppData/Local/Temp/anonymous63295688445338606webdriver-profile/extensions/fxdriver@googlecode.com/components/command-processor.js:12534)
	at <anonymous class>.fxdriver.Timer.prototype.setTimeout/<.notify(file:///C:/Users/360LP036/AppData/Local/Temp/anonymous63295688445338606webdriver-profile/extensions/fxdriver@googlecode.com/components/command-processor.js:621)
Oct 27,2016 10:11:29 [info]  End Execution of Test Class com.primeresponse.testcases.Track.Verify_FeedsOnSharedExternalFeed
*****************************************************************************

*****************************************************************************
Oct 27,2016 10:29:54 [info]   Execution Started of Test Class com.primeresponse.testcases.Track.Verify_FeedsOnSharedExternalFeed and Test method testVerify_FeedsOnSharedExternalFeed
*****************************************************************************
Oct 27,2016 10:30:05 [info]  open application giturl
Oct 27,2016 10:30:27 [info]  log-in into application
Oct 27,2016 10:30:27 [info]  Select Selenium Test Ford Account if not selected
Oct 27,2016 10:30:39 [info]  Go to Track > External Feed
Oct 27,2016 10:30:43 [info]  Fetch feeds from 'where to share list
Oct 27,2016 10:31:22 [info]  Oct 27,2016 10:31:22 [info]  <<<<<<<<<<<<<<<<<<<<<<<<<<<<<<<<<< Error message >>>>>>>>>>>>>>>>>>>>>>>>>>>>>>
org.openqa.selenium.ElementNotVisibleException: Element is not currently visible and so may not be interacted with
Command duration or timeout: 5.04 seconds
Build info: version: '2.48.2', revision: '41bccdd', time: '2015-10-09 19:59:12'
System info: host: '360LP0089', ip: '192.168.4.18', os.name: 'Windows 8', os.arch: 'x86', os.version: '6.2', java.version: '1.7.0_51'
Session ID: e3b495b5-7ee3-47bc-ad55-050214e04d6e
Driver info: org.openqa.selenium.firefox.FirefoxDriver
Capabilities [{platform=WINDOWS, acceptSslCerts=true, javascriptEnabled=true, cssSelectorsEnabled=true, databaseEnabled=true, browserName=firefox, handlesAlerts=true, nativeEvents=false, webStorageEnabled=true, rotatable=false, locationContextEnabled=true, applicationCacheEnabled=true, takesScreenshot=true, version=40.0.3}]
	at sun.reflect.NativeConstructorAccessorImpl.newInstance0(Native Method)
	at sun.reflect.NativeConstructorAccessorImpl.newInstance(Unknown Source)
	at sun.reflect.DelegatingConstructorAccessorImpl.newInstance(Unknown Source)
	at java.lang.reflect.Constructor.newInstance(Unknown Source)
	at org.openqa.selenium.remote.ErrorHandler.createThrowable(ErrorHandler.java:206)
	at org.openqa.selenium.remote.ErrorHandler.throwIfResponseFailed(ErrorHandler.java:158)
	at org.openqa.selenium.remote.RemoteWebDriver.execute(RemoteWebDriver.java:647)
	at org.openqa.selenium.remote.RemoteWebElement.execute(RemoteWebElement.java:326)
	at org.openqa.selenium.remote.RemoteWebElement.click(RemoteWebElement.java:84)
	at com.primeresponse.util.DriverHelper.clickOn(DriverHelper.java:241)
	at com.primeresponse.pagehelper.HeaderHelper.clickOnSettingsFeeds(HeaderHelper.java:1019)
	at com.primeresponse.testcases.Track.Verify_FeedsOnSharedExternalFeed.testVerify_FeedsOnSharedExternalFeed(Verify_FeedsOnSharedExternalFeed.java:49)
	at sun.reflect.NativeMethodAccessorImpl.invoke0(Native Method)
	at sun.reflect.NativeMethodAccessorImpl.invoke(Unknown Source)
	at sun.reflect.DelegatingMethodAccessorImpl.invoke(Unknown Source)
	at java.lang.reflect.Method.invoke(Unknown Source)
	at org.testng.internal.MethodInvocationHelper.invokeMethod(MethodInvocationHelper.java:84)
	at org.testng.internal.Invoker.invokeMethod(Invoker.java:714)
	at org.testng.internal.Invoker.invokeTestMethod(Invoker.java:901)
	at org.testng.internal.Invoker.invokeTestMethods(Invoker.java:1231)
	at org.testng.internal.TestMethodWorker.invokeTestMethods(TestMethodWorker.java:127)
	at org.testng.internal.TestMethodWorker.run(TestMethodWorker.java:111)
	at org.testng.TestRunner.privateRun(TestRunner.java:767)
	at org.testng.TestRunner.run(TestRunner.java:617)
	at org.testng.SuiteRunner.runTest(SuiteRunner.java:334)
	at org.testng.SuiteRunner.runSequentially(SuiteRunner.java:329)
	at org.testng.SuiteRunner.privateRun(SuiteRunner.java:291)
	at org.testng.SuiteRunner.run(SuiteRunner.java:240)
	at org.testng.SuiteRunnerWorker.runSuite(SuiteRunnerWorker.java:52)
	at org.testng.SuiteRunnerWorker.run(SuiteRunnerWorker.java:86)
	at org.testng.TestNG.runSuitesSequentially(TestNG.java:1224)
	at org.testng.TestNG.runSuitesLocally(TestNG.java:1149)
	at org.testng.TestNG.run(TestNG.java:1057)
	at org.testng.remote.RemoteTestNG.run(RemoteTestNG.java:111)
	at org.testng.remote.RemoteTestNG.initAndRun(RemoteTestNG.java:204)
	at org.testng.remote.RemoteTestNG.main(RemoteTestNG.java:175)
Caused by: org.openqa.selenium.ElementNotVisibleException: Element is not currently visible and so may not be interacted with
Build info: version: '2.48.2', revision: '41bccdd', time: '2015-10-09 19:59:12'
System info: host: '360LP0089', ip: '192.168.4.18', os.name: 'Windows 8', os.arch: 'x86', os.version: '6.2', java.version: '1.7.0_51'
Driver info: driver.version: unknown
	at <anonymous class>.fxdriver.preconditions.visible(file:///C:/Users/360LP036/AppData/Local/Temp/anonymous6353753843373850797webdriver-profile/extensions/fxdriver@googlecode.com/components/command-processor.js:9981)
	at <anonymous class>.DelayedCommand.prototype.checkPreconditions_(file:///C:/Users/360LP036/AppData/Local/Temp/anonymous6353753843373850797webdriver-profile/extensions/fxdriver@googlecode.com/components/command-processor.js:12517)
	at <anonymous class>.DelayedCommand.prototype.executeInternal_/h(file:///C:/Users/360LP036/AppData/Local/Temp/anonymous6353753843373850797webdriver-profile/extensions/fxdriver@googlecode.com/components/command-processor.js:12534)
	at <anonymous class>.fxdriver.Timer.prototype.setTimeout/<.notify(file:///C:/Users/360LP036/AppData/Local/Temp/anonymous6353753843373850797webdriver-profile/extensions/fxdriver@googlecode.com/components/command-processor.js:621)
Oct 27,2016 10:31:22 [info]  End Execution of Test Class com.primeresponse.testcases.Track.Verify_FeedsOnSharedExternalFeed
*****************************************************************************

*****************************************************************************
Oct 27,2016 10:46:54 [info]   Execution Started of Test Class com.primeresponse.testcases.Track.Verify_FeedsOnSharedExternalFeed and Test method testVerify_FeedsOnSharedExternalFeed
*****************************************************************************
Oct 27,2016 10:47:48 [info]  open application giturl
Oct 27,2016 10:48:14 [info]  log-in into application
Oct 27,2016 10:48:15 [info]  Select Selenium Test Ford Account if not selected
Oct 27,2016 10:48:20 [info]  Oct 27,2016 10:48:20 [info]  <<<<<<<<<<<<<<<<<<<<<<<<<<<<<<<<<< Error message >>>>>>>>>>>>>>>>>>>>>>>>>>>>>>
org.openqa.selenium.ElementNotVisibleException: Element is not currently visible and so may not be interacted with
Command duration or timeout: 5.09 seconds
Build info: version: '2.48.2', revision: '41bccdd', time: '2015-10-09 19:59:12'
System info: host: '360LP0089', ip: '192.168.4.18', os.name: 'Windows 8', os.arch: 'x86', os.version: '6.2', java.version: '1.7.0_51'
Session ID: 921a3ca4-fd66-4695-9b74-03a283005228
Driver info: org.openqa.selenium.firefox.FirefoxDriver
Capabilities [{platform=WINDOWS, acceptSslCerts=true, javascriptEnabled=true, cssSelectorsEnabled=true, databaseEnabled=true, browserName=firefox, handlesAlerts=true, nativeEvents=false, webStorageEnabled=true, rotatable=false, locationContextEnabled=true, applicationCacheEnabled=true, takesScreenshot=true, version=40.0.3}]
	at sun.reflect.NativeConstructorAccessorImpl.newInstance0(Native Method)
	at sun.reflect.NativeConstructorAccessorImpl.newInstance(Unknown Source)
	at sun.reflect.DelegatingConstructorAccessorImpl.newInstance(Unknown Source)
	at java.lang.reflect.Constructor.newInstance(Unknown Source)
	at org.openqa.selenium.remote.ErrorHandler.createThrowable(ErrorHandler.java:206)
	at org.openqa.selenium.remote.ErrorHandler.throwIfResponseFailed(ErrorHandler.java:158)
	at org.openqa.selenium.remote.RemoteWebDriver.execute(RemoteWebDriver.java:647)
	at org.openqa.selenium.remote.RemoteWebElement.execute(RemoteWebElement.java:326)
	at org.openqa.selenium.remote.RemoteWebElement.click(RemoteWebElement.java:84)
	at com.primeresponse.util.DriverHelper.clickOn(DriverHelper.java:241)
	at com.primeresponse.pagehelper.HeaderHelper.clickonTrackExternalFeed(HeaderHelper.java:521)
	at com.primeresponse.testcases.Track.Verify_FeedsOnSharedExternalFeed.testVerify_FeedsOnSharedExternalFeed(Verify_FeedsOnSharedExternalFeed.java:41)
	at sun.reflect.NativeMethodAccessorImpl.invoke0(Native Method)
	at sun.reflect.NativeMethodAccessorImpl.invoke(Unknown Source)
	at sun.reflect.DelegatingMethodAccessorImpl.invoke(Unknown Source)
	at java.lang.reflect.Method.invoke(Unknown Source)
	at org.testng.internal.MethodInvocationHelper.invokeMethod(MethodInvocationHelper.java:84)
	at org.testng.internal.Invoker.invokeMethod(Invoker.java:714)
	at org.testng.internal.Invoker.invokeTestMethod(Invoker.java:901)
	at org.testng.internal.Invoker.invokeTestMethods(Invoker.java:1231)
	at org.testng.internal.TestMethodWorker.invokeTestMethods(TestMethodWorker.java:127)
	at org.testng.internal.TestMethodWorker.run(TestMethodWorker.java:111)
	at org.testng.TestRunner.privateRun(TestRunner.java:767)
	at org.testng.TestRunner.run(TestRunner.java:617)
	at org.testng.SuiteRunner.runTest(SuiteRunner.java:334)
	at org.testng.SuiteRunner.runSequentially(SuiteRunner.java:329)
	at org.testng.SuiteRunner.privateRun(SuiteRunner.java:291)
	at org.testng.SuiteRunner.run(SuiteRunner.java:240)
	at org.testng.SuiteRunnerWorker.runSuite(SuiteRunnerWorker.java:52)
	at org.testng.SuiteRunnerWorker.run(SuiteRunnerWorker.java:86)
	at org.testng.TestNG.runSuitesSequentially(TestNG.java:1224)
	at org.testng.TestNG.runSuitesLocally(TestNG.java:1149)
	at org.testng.TestNG.run(TestNG.java:1057)
	at org.testng.remote.RemoteTestNG.run(RemoteTestNG.java:111)
	at org.testng.remote.RemoteTestNG.initAndRun(RemoteTestNG.java:204)
	at org.testng.remote.RemoteTestNG.main(RemoteTestNG.java:175)
Caused by: org.openqa.selenium.ElementNotVisibleException: Element is not currently visible and so may not be interacted with
Build info: version: '2.48.2', revision: '41bccdd', time: '2015-10-09 19:59:12'
System info: host: '360LP0089', ip: '192.168.4.18', os.name: 'Windows 8', os.arch: 'x86', os.version: '6.2', java.version: '1.7.0_51'
Driver info: driver.version: unknown
	at <anonymous class>.fxdriver.preconditions.visible(file:///C:/Users/360LP036/AppData/Local/Temp/anonymous616397885784660903webdriver-profile/extensions/fxdriver@googlecode.com/components/command-processor.js:9981)
	at <anonymous class>.DelayedCommand.prototype.checkPreconditions_(file:///C:/Users/360LP036/AppData/Local/Temp/anonymous616397885784660903webdriver-profile/extensions/fxdriver@googlecode.com/components/command-processor.js:12517)
	at <anonymous class>.DelayedCommand.prototype.executeInternal_/h(file:///C:/Users/360LP036/AppData/Local/Temp/anonymous616397885784660903webdriver-profile/extensions/fxdriver@googlecode.com/components/command-processor.js:12534)
	at <anonymous class>.fxdriver.Timer.prototype.setTimeout/<.notify(file:///C:/Users/360LP036/AppData/Local/Temp/anonymous616397885784660903webdriver-profile/extensions/fxdriver@googlecode.com/components/command-processor.js:621)
Oct 27,2016 10:48:20 [info]  End Execution of Test Class com.primeresponse.testcases.Track.Verify_FeedsOnSharedExternalFeed
*****************************************************************************

*****************************************************************************
Oct 27,2016 11:05:13 [info]   Execution Started of Test Class com.primeresponse.testcases.Track.Verify_FeedsOnSharedExternalFeed and Test method testVerify_FeedsOnSharedExternalFeed
*****************************************************************************
Oct 27,2016 11:05:22 [info]  open application giturl
Oct 27,2016 11:05:45 [info]  log-in into application
Oct 27,2016 11:05:46 [info]  Select Selenium Test Ford Account if not selected
Oct 27,2016 11:05:51 [info]  Oct 27,2016 11:05:51 [info]  <<<<<<<<<<<<<<<<<<<<<<<<<<<<<<<<<< Error message >>>>>>>>>>>>>>>>>>>>>>>>>>>>>>
org.openqa.selenium.ElementNotVisibleException: Element is not currently visible and so may not be interacted with
Command duration or timeout: 5.07 seconds
Build info: version: '2.48.2', revision: '41bccdd', time: '2015-10-09 19:59:12'
System info: host: '360LP0089', ip: '192.168.4.18', os.name: 'Windows 8', os.arch: 'x86', os.version: '6.2', java.version: '1.7.0_51'
Session ID: 65528305-0eb1-41f8-bddf-ee3dcc53409a
Driver info: org.openqa.selenium.firefox.FirefoxDriver
Capabilities [{platform=WINDOWS, acceptSslCerts=true, javascriptEnabled=true, cssSelectorsEnabled=true, databaseEnabled=true, browserName=firefox, handlesAlerts=true, nativeEvents=false, webStorageEnabled=true, rotatable=false, locationContextEnabled=true, applicationCacheEnabled=true, takesScreenshot=true, version=40.0.3}]
	at sun.reflect.NativeConstructorAccessorImpl.newInstance0(Native Method)
	at sun.reflect.NativeConstructorAccessorImpl.newInstance(Unknown Source)
	at sun.reflect.DelegatingConstructorAccessorImpl.newInstance(Unknown Source)
	at java.lang.reflect.Constructor.newInstance(Unknown Source)
	at org.openqa.selenium.remote.ErrorHandler.createThrowable(ErrorHandler.java:206)
	at org.openqa.selenium.remote.ErrorHandler.throwIfResponseFailed(ErrorHandler.java:158)
	at org.openqa.selenium.remote.RemoteWebDriver.execute(RemoteWebDriver.java:647)
	at org.openqa.selenium.remote.RemoteWebElement.execute(RemoteWebElement.java:326)
	at org.openqa.selenium.remote.RemoteWebElement.click(RemoteWebElement.java:84)
	at com.primeresponse.util.DriverHelper.clickOn(DriverHelper.java:241)
	at com.primeresponse.pagehelper.HeaderHelper.clickonTrackExternalFeed(HeaderHelper.java:521)
	at com.primeresponse.testcases.Track.Verify_FeedsOnSharedExternalFeed.testVerify_FeedsOnSharedExternalFeed(Verify_FeedsOnSharedExternalFeed.java:41)
	at sun.reflect.NativeMethodAccessorImpl.invoke0(Native Method)
	at sun.reflect.NativeMethodAccessorImpl.invoke(Unknown Source)
	at sun.reflect.DelegatingMethodAccessorImpl.invoke(Unknown Source)
	at java.lang.reflect.Method.invoke(Unknown Source)
	at org.testng.internal.MethodInvocationHelper.invokeMethod(MethodInvocationHelper.java:84)
	at org.testng.internal.Invoker.invokeMethod(Invoker.java:714)
	at org.testng.internal.Invoker.invokeTestMethod(Invoker.java:901)
	at org.testng.internal.Invoker.invokeTestMethods(Invoker.java:1231)
	at org.testng.internal.TestMethodWorker.invokeTestMethods(TestMethodWorker.java:127)
	at org.testng.internal.TestMethodWorker.run(TestMethodWorker.java:111)
	at org.testng.TestRunner.privateRun(TestRunner.java:767)
	at org.testng.TestRunner.run(TestRunner.java:617)
	at org.testng.SuiteRunner.runTest(SuiteRunner.java:334)
	at org.testng.SuiteRunner.runSequentially(SuiteRunner.java:329)
	at org.testng.SuiteRunner.privateRun(SuiteRunner.java:291)
	at org.testng.SuiteRunner.run(SuiteRunner.java:240)
	at org.testng.SuiteRunnerWorker.runSuite(SuiteRunnerWorker.java:52)
	at org.testng.SuiteRunnerWorker.run(SuiteRunnerWorker.java:86)
	at org.testng.TestNG.runSuitesSequentially(TestNG.java:1224)
	at org.testng.TestNG.runSuitesLocally(TestNG.java:1149)
	at org.testng.TestNG.run(TestNG.java:1057)
	at org.testng.remote.RemoteTestNG.run(RemoteTestNG.java:111)
	at org.testng.remote.RemoteTestNG.initAndRun(RemoteTestNG.java:204)
	at org.testng.remote.RemoteTestNG.main(RemoteTestNG.java:175)
Caused by: org.openqa.selenium.ElementNotVisibleException: Element is not currently visible and so may not be interacted with
Build info: version: '2.48.2', revision: '41bccdd', time: '2015-10-09 19:59:12'
System info: host: '360LP0089', ip: '192.168.4.18', os.name: 'Windows 8', os.arch: 'x86', os.version: '6.2', java.version: '1.7.0_51'
Driver info: driver.version: unknown
	at <anonymous class>.fxdriver.preconditions.visible(file:///C:/Users/360LP036/AppData/Local/Temp/anonymous429801037488224987webdriver-profile/extensions/fxdriver@googlecode.com/components/command-processor.js:9981)
	at <anonymous class>.DelayedCommand.prototype.checkPreconditions_(file:///C:/Users/360LP036/AppData/Local/Temp/anonymous429801037488224987webdriver-profile/extensions/fxdriver@googlecode.com/components/command-processor.js:12517)
	at <anonymous class>.DelayedCommand.prototype.executeInternal_/h(file:///C:/Users/360LP036/AppData/Local/Temp/anonymous429801037488224987webdriver-profile/extensions/fxdriver@googlecode.com/components/command-processor.js:12534)
	at <anonymous class>.fxdriver.Timer.prototype.setTimeout/<.notify(file:///C:/Users/360LP036/AppData/Local/Temp/anonymous429801037488224987webdriver-profile/extensions/fxdriver@googlecode.com/components/command-processor.js:621)
Oct 27,2016 11:05:51 [info]  End Execution of Test Class com.primeresponse.testcases.Track.Verify_FeedsOnSharedExternalFeed
*****************************************************************************

*****************************************************************************
Oct 27,2016 11:12:48 [info]   Execution Started of Test Class com.primeresponse.testcases.Track.Verify_FeedsOnSharedExternalFeed and Test method testVerify_FeedsOnSharedExternalFeed
*****************************************************************************
Oct 27,2016 11:12:57 [info]  open application giturl
Oct 27,2016 11:13:19 [info]  log-in into application
Oct 27,2016 11:13:20 [info]  Select Selenium Test Ford Account if not selected
Oct 27,2016 11:13:31 [info]  Go to Track > External Feed
Oct 27,2016 11:13:36 [info]  Fetch feeds from 'where to share list
Oct 27,2016 11:13:42 [info]  Oct 27,2016 11:13:42 [info]  <<<<<<<<<<<<<<<<<<<<<<<<<<<<<<<<<< Error message >>>>>>>>>>>>>>>>>>>>>>>>>>>>>>
org.openqa.selenium.ElementNotVisibleException: Element is not currently visible and so may not be interacted with
Command duration or timeout: 5.09 seconds
Build info: version: '2.48.2', revision: '41bccdd', time: '2015-10-09 19:59:12'
System info: host: '360LP0089', ip: '192.168.4.18', os.name: 'Windows 8', os.arch: 'x86', os.version: '6.2', java.version: '1.7.0_51'
Session ID: 67301a1b-6889-4dad-ab7e-b661ac243e7e
Driver info: org.openqa.selenium.firefox.FirefoxDriver
Capabilities [{platform=WINDOWS, acceptSslCerts=true, javascriptEnabled=true, cssSelectorsEnabled=true, databaseEnabled=true, browserName=firefox, handlesAlerts=true, nativeEvents=false, webStorageEnabled=true, rotatable=false, locationContextEnabled=true, applicationCacheEnabled=true, takesScreenshot=true, version=40.0.3}]
	at sun.reflect.NativeConstructorAccessorImpl.newInstance0(Native Method)
	at sun.reflect.NativeConstructorAccessorImpl.newInstance(Unknown Source)
	at sun.reflect.DelegatingConstructorAccessorImpl.newInstance(Unknown Source)
	at java.lang.reflect.Constructor.newInstance(Unknown Source)
	at org.openqa.selenium.remote.ErrorHandler.createThrowable(ErrorHandler.java:206)
	at org.openqa.selenium.remote.ErrorHandler.throwIfResponseFailed(ErrorHandler.java:158)
	at org.openqa.selenium.remote.RemoteWebDriver.execute(RemoteWebDriver.java:647)
	at org.openqa.selenium.remote.RemoteWebElement.execute(RemoteWebElement.java:326)
	at org.openqa.selenium.remote.RemoteWebElement.click(RemoteWebElement.java:84)
	at com.primeresponse.util.DriverHelper.clickOn(DriverHelper.java:241)
	at com.primeresponse.pagehelper.HeaderHelper.clickOnSettingsFeeds(HeaderHelper.java:1021)
	at com.primeresponse.testcases.Track.Verify_FeedsOnSharedExternalFeed.testVerify_FeedsOnSharedExternalFeed(Verify_FeedsOnSharedExternalFeed.java:49)
	at sun.reflect.NativeMethodAccessorImpl.invoke0(Native Method)
	at sun.reflect.NativeMethodAccessorImpl.invoke(Unknown Source)
	at sun.reflect.DelegatingMethodAccessorImpl.invoke(Unknown Source)
	at java.lang.reflect.Method.invoke(Unknown Source)
	at org.testng.internal.MethodInvocationHelper.invokeMethod(MethodInvocationHelper.java:84)
	at org.testng.internal.Invoker.invokeMethod(Invoker.java:714)
	at org.testng.internal.Invoker.invokeTestMethod(Invoker.java:901)
	at org.testng.internal.Invoker.invokeTestMethods(Invoker.java:1231)
	at org.testng.internal.TestMethodWorker.invokeTestMethods(TestMethodWorker.java:127)
	at org.testng.internal.TestMethodWorker.run(TestMethodWorker.java:111)
	at org.testng.TestRunner.privateRun(TestRunner.java:767)
	at org.testng.TestRunner.run(TestRunner.java:617)
	at org.testng.SuiteRunner.runTest(SuiteRunner.java:334)
	at org.testng.SuiteRunner.runSequentially(SuiteRunner.java:329)
	at org.testng.SuiteRunner.privateRun(SuiteRunner.java:291)
	at org.testng.SuiteRunner.run(SuiteRunner.java:240)
	at org.testng.SuiteRunnerWorker.runSuite(SuiteRunnerWorker.java:52)
	at org.testng.SuiteRunnerWorker.run(SuiteRunnerWorker.java:86)
	at org.testng.TestNG.runSuitesSequentially(TestNG.java:1224)
	at org.testng.TestNG.runSuitesLocally(TestNG.java:1149)
	at org.testng.TestNG.run(TestNG.java:1057)
	at org.testng.remote.RemoteTestNG.run(RemoteTestNG.java:111)
	at org.testng.remote.RemoteTestNG.initAndRun(RemoteTestNG.java:204)
	at org.testng.remote.RemoteTestNG.main(RemoteTestNG.java:175)
Caused by: org.openqa.selenium.ElementNotVisibleException: Element is not currently visible and so may not be interacted with
Build info: version: '2.48.2', revision: '41bccdd', time: '2015-10-09 19:59:12'
System info: host: '360LP0089', ip: '192.168.4.18', os.name: 'Windows 8', os.arch: 'x86', os.version: '6.2', java.version: '1.7.0_51'
Driver info: driver.version: unknown
	at <anonymous class>.fxdriver.preconditions.visible(file:///C:/Users/360LP036/AppData/Local/Temp/anonymous4401276063634205514webdriver-profile/extensions/fxdriver@googlecode.com/components/command-processor.js:9981)
	at <anonymous class>.DelayedCommand.prototype.checkPreconditions_(file:///C:/Users/360LP036/AppData/Local/Temp/anonymous4401276063634205514webdriver-profile/extensions/fxdriver@googlecode.com/components/command-processor.js:12517)
	at <anonymous class>.DelayedCommand.prototype.executeInternal_/h(file:///C:/Users/360LP036/AppData/Local/Temp/anonymous4401276063634205514webdriver-profile/extensions/fxdriver@googlecode.com/components/command-processor.js:12534)
	at <anonymous class>.fxdriver.Timer.prototype.setTimeout/<.notify(file:///C:/Users/360LP036/AppData/Local/Temp/anonymous4401276063634205514webdriver-profile/extensions/fxdriver@googlecode.com/components/command-processor.js:621)
Oct 27,2016 11:13:42 [info]  End Execution of Test Class com.primeresponse.testcases.Track.Verify_FeedsOnSharedExternalFeed
*****************************************************************************

*****************************************************************************
Oct 27,2016 11:23:39 [info]   Execution Started of Test Class com.primeresponse.testcases.Track.Verify_FeedsOnSharedExternalFeed and Test method testVerify_FeedsOnSharedExternalFeed
*****************************************************************************
Oct 27,2016 11:23:48 [info]  open application giturl
Oct 27,2016 11:25:38 [info]  log-in into application
Oct 27,2016 11:25:38 [info]  Select Selenium Test Ford Account if not selected
Oct 27,2016 11:25:50 [info]  Go to Track > External Feed
Oct 27,2016 11:25:54 [info]  Fetch feeds from 'where to share list
Oct 27,2016 11:26:03 [info]  Oct 27,2016 11:26:03 [info]  <<<<<<<<<<<<<<<<<<<<<<<<<<<<<<<<<< Error message >>>>>>>>>>>>>>>>>>>>>>>>>>>>>>
org.openqa.selenium.ElementNotVisibleException: Element is not currently visible and so may not be interacted with
Command duration or timeout: 5.10 seconds
Build info: version: '2.48.2', revision: '41bccdd', time: '2015-10-09 19:59:12'
System info: host: '360LP0089', ip: '192.168.4.18', os.name: 'Windows 8', os.arch: 'x86', os.version: '6.2', java.version: '1.7.0_51'
Session ID: b0cfccb1-0b3e-4593-a2cb-b8d0bb957aa2
Driver info: org.openqa.selenium.firefox.FirefoxDriver
Capabilities [{platform=WINDOWS, acceptSslCerts=true, javascriptEnabled=true, cssSelectorsEnabled=true, databaseEnabled=true, browserName=firefox, handlesAlerts=true, nativeEvents=false, webStorageEnabled=true, rotatable=false, locationContextEnabled=true, applicationCacheEnabled=true, takesScreenshot=true, version=40.0.3}]
	at sun.reflect.NativeConstructorAccessorImpl.newInstance0(Native Method)
	at sun.reflect.NativeConstructorAccessorImpl.newInstance(Unknown Source)
	at sun.reflect.DelegatingConstructorAccessorImpl.newInstance(Unknown Source)
	at java.lang.reflect.Constructor.newInstance(Unknown Source)
	at org.openqa.selenium.remote.ErrorHandler.createThrowable(ErrorHandler.java:206)
	at org.openqa.selenium.remote.ErrorHandler.throwIfResponseFailed(ErrorHandler.java:158)
	at org.openqa.selenium.remote.RemoteWebDriver.execute(RemoteWebDriver.java:647)
	at org.openqa.selenium.remote.RemoteWebElement.execute(RemoteWebElement.java:326)
	at org.openqa.selenium.remote.RemoteWebElement.click(RemoteWebElement.java:84)
	at com.primeresponse.util.DriverHelper.clickOn(DriverHelper.java:241)
	at com.primeresponse.pagehelper.HeaderHelper.clickOnSettingsFeeds(HeaderHelper.java:1021)
	at com.primeresponse.testcases.Track.Verify_FeedsOnSharedExternalFeed.testVerify_FeedsOnSharedExternalFeed(Verify_FeedsOnSharedExternalFeed.java:49)
	at sun.reflect.NativeMethodAccessorImpl.invoke0(Native Method)
	at sun.reflect.NativeMethodAccessorImpl.invoke(Unknown Source)
	at sun.reflect.DelegatingMethodAccessorImpl.invoke(Unknown Source)
	at java.lang.reflect.Method.invoke(Unknown Source)
	at org.testng.internal.MethodInvocationHelper.invokeMethod(MethodInvocationHelper.java:84)
	at org.testng.internal.Invoker.invokeMethod(Invoker.java:714)
	at org.testng.internal.Invoker.invokeTestMethod(Invoker.java:901)
	at org.testng.internal.Invoker.invokeTestMethods(Invoker.java:1231)
	at org.testng.internal.TestMethodWorker.invokeTestMethods(TestMethodWorker.java:127)
	at org.testng.internal.TestMethodWorker.run(TestMethodWorker.java:111)
	at org.testng.TestRunner.privateRun(TestRunner.java:767)
	at org.testng.TestRunner.run(TestRunner.java:617)
	at org.testng.SuiteRunner.runTest(SuiteRunner.java:334)
	at org.testng.SuiteRunner.runSequentially(SuiteRunner.java:329)
	at org.testng.SuiteRunner.privateRun(SuiteRunner.java:291)
	at org.testng.SuiteRunner.run(SuiteRunner.java:240)
	at org.testng.SuiteRunnerWorker.runSuite(SuiteRunnerWorker.java:52)
	at org.testng.SuiteRunnerWorker.run(SuiteRunnerWorker.java:86)
	at org.testng.TestNG.runSuitesSequentially(TestNG.java:1224)
	at org.testng.TestNG.runSuitesLocally(TestNG.java:1149)
	at org.testng.TestNG.run(TestNG.java:1057)
	at org.testng.remote.RemoteTestNG.run(RemoteTestNG.java:111)
	at org.testng.remote.RemoteTestNG.initAndRun(RemoteTestNG.java:204)
	at org.testng.remote.RemoteTestNG.main(RemoteTestNG.java:175)
Caused by: org.openqa.selenium.ElementNotVisibleException: Element is not currently visible and so may not be interacted with
Build info: version: '2.48.2', revision: '41bccdd', time: '2015-10-09 19:59:12'
System info: host: '360LP0089', ip: '192.168.4.18', os.name: 'Windows 8', os.arch: 'x86', os.version: '6.2', java.version: '1.7.0_51'
Driver info: driver.version: unknown
	at <anonymous class>.fxdriver.preconditions.visible(file:///C:/Users/360LP036/AppData/Local/Temp/anonymous3559447708432838905webdriver-profile/extensions/fxdriver@googlecode.com/components/command-processor.js:9981)
	at <anonymous class>.DelayedCommand.prototype.checkPreconditions_(file:///C:/Users/360LP036/AppData/Local/Temp/anonymous3559447708432838905webdriver-profile/extensions/fxdriver@googlecode.com/components/command-processor.js:12517)
	at <anonymous class>.DelayedCommand.prototype.executeInternal_/h(file:///C:/Users/360LP036/AppData/Local/Temp/anonymous3559447708432838905webdriver-profile/extensions/fxdriver@googlecode.com/components/command-processor.js:12534)
	at <anonymous class>.fxdriver.Timer.prototype.setTimeout/<.notify(file:///C:/Users/360LP036/AppData/Local/Temp/anonymous3559447708432838905webdriver-profile/extensions/fxdriver@googlecode.com/components/command-processor.js:621)
Oct 27,2016 11:26:03 [info]  End Execution of Test Class com.primeresponse.testcases.Track.Verify_FeedsOnSharedExternalFeed
*****************************************************************************

*****************************************************************************
Oct 27,2016 11:26:59 [info]   Execution Started of Test Class com.primeresponse.testcases.Track.Verify_FeedsOnSharedExternalFeed and Test method testVerify_FeedsOnSharedExternalFeed
*****************************************************************************
Oct 27,2016 11:27:09 [info]  open application giturl
Oct 27,2016 11:28:21 [info]  log-in into application
Oct 27,2016 11:28:21 [info]  Select Selenium Test Ford Account if not selected
Oct 27,2016 11:28:33 [info]  Go to Track > External Feed
Oct 27,2016 11:28:37 [info]  Fetch feeds from 'where to share list
Oct 27,2016 11:28:47 [info]  Oct 27,2016 11:28:47 [info]  <<<<<<<<<<<<<<<<<<<<<<<<<<<<<<<<<< Error message >>>>>>>>>>>>>>>>>>>>>>>>>>>>>>
org.openqa.selenium.ElementNotVisibleException: Element is not currently visible and so may not be interacted with
Command duration or timeout: 5.09 seconds
Build info: version: '2.48.2', revision: '41bccdd', time: '2015-10-09 19:59:12'
System info: host: '360LP0089', ip: '192.168.4.18', os.name: 'Windows 8', os.arch: 'x86', os.version: '6.2', java.version: '1.7.0_51'
Session ID: 14bd6e80-2d26-4230-8f87-7e2f435906be
Driver info: org.openqa.selenium.firefox.FirefoxDriver
Capabilities [{platform=WINDOWS, acceptSslCerts=true, javascriptEnabled=true, cssSelectorsEnabled=true, databaseEnabled=true, browserName=firefox, handlesAlerts=true, nativeEvents=false, webStorageEnabled=true, rotatable=false, locationContextEnabled=true, applicationCacheEnabled=true, takesScreenshot=true, version=40.0.3}]
	at sun.reflect.NativeConstructorAccessorImpl.newInstance0(Native Method)
	at sun.reflect.NativeConstructorAccessorImpl.newInstance(Unknown Source)
	at sun.reflect.DelegatingConstructorAccessorImpl.newInstance(Unknown Source)
	at java.lang.reflect.Constructor.newInstance(Unknown Source)
	at org.openqa.selenium.remote.ErrorHandler.createThrowable(ErrorHandler.java:206)
	at org.openqa.selenium.remote.ErrorHandler.throwIfResponseFailed(ErrorHandler.java:158)
	at org.openqa.selenium.remote.RemoteWebDriver.execute(RemoteWebDriver.java:647)
	at org.openqa.selenium.remote.RemoteWebElement.execute(RemoteWebElement.java:326)
	at org.openqa.selenium.remote.RemoteWebElement.click(RemoteWebElement.java:84)
	at com.primeresponse.util.DriverHelper.clickOn(DriverHelper.java:241)
	at com.primeresponse.pagehelper.HeaderHelper.clickOnSettingsFeeds(HeaderHelper.java:1021)
	at com.primeresponse.testcases.Track.Verify_FeedsOnSharedExternalFeed.testVerify_FeedsOnSharedExternalFeed(Verify_FeedsOnSharedExternalFeed.java:49)
	at sun.reflect.NativeMethodAccessorImpl.invoke0(Native Method)
	at sun.reflect.NativeMethodAccessorImpl.invoke(Unknown Source)
	at sun.reflect.DelegatingMethodAccessorImpl.invoke(Unknown Source)
	at java.lang.reflect.Method.invoke(Unknown Source)
	at org.testng.internal.MethodInvocationHelper.invokeMethod(MethodInvocationHelper.java:84)
	at org.testng.internal.Invoker.invokeMethod(Invoker.java:714)
	at org.testng.internal.Invoker.invokeTestMethod(Invoker.java:901)
	at org.testng.internal.Invoker.invokeTestMethods(Invoker.java:1231)
	at org.testng.internal.TestMethodWorker.invokeTestMethods(TestMethodWorker.java:127)
	at org.testng.internal.TestMethodWorker.run(TestMethodWorker.java:111)
	at org.testng.TestRunner.privateRun(TestRunner.java:767)
	at org.testng.TestRunner.run(TestRunner.java:617)
	at org.testng.SuiteRunner.runTest(SuiteRunner.java:334)
	at org.testng.SuiteRunner.runSequentially(SuiteRunner.java:329)
	at org.testng.SuiteRunner.privateRun(SuiteRunner.java:291)
	at org.testng.SuiteRunner.run(SuiteRunner.java:240)
	at org.testng.SuiteRunnerWorker.runSuite(SuiteRunnerWorker.java:52)
	at org.testng.SuiteRunnerWorker.run(SuiteRunnerWorker.java:86)
	at org.testng.TestNG.runSuitesSequentially(TestNG.java:1224)
	at org.testng.TestNG.runSuitesLocally(TestNG.java:1149)
	at org.testng.TestNG.run(TestNG.java:1057)
	at org.testng.remote.RemoteTestNG.run(RemoteTestNG.java:111)
	at org.testng.remote.RemoteTestNG.initAndRun(RemoteTestNG.java:204)
	at org.testng.remote.RemoteTestNG.main(RemoteTestNG.java:175)
Caused by: org.openqa.selenium.ElementNotVisibleException: Element is not currently visible and so may not be interacted with
Build info: version: '2.48.2', revision: '41bccdd', time: '2015-10-09 19:59:12'
System info: host: '360LP0089', ip: '192.168.4.18', os.name: 'Windows 8', os.arch: 'x86', os.version: '6.2', java.version: '1.7.0_51'
Driver info: driver.version: unknown
	at <anonymous class>.fxdriver.preconditions.visible(file:///C:/Users/360LP036/AppData/Local/Temp/anonymous8670227700840925392webdriver-profile/extensions/fxdriver@googlecode.com/components/command-processor.js:9981)
	at <anonymous class>.DelayedCommand.prototype.checkPreconditions_(file:///C:/Users/360LP036/AppData/Local/Temp/anonymous8670227700840925392webdriver-profile/extensions/fxdriver@googlecode.com/components/command-processor.js:12517)
	at <anonymous class>.DelayedCommand.prototype.executeInternal_/h(file:///C:/Users/360LP036/AppData/Local/Temp/anonymous8670227700840925392webdriver-profile/extensions/fxdriver@googlecode.com/components/command-processor.js:12534)
	at <anonymous class>.fxdriver.Timer.prototype.setTimeout/<.notify(file:///C:/Users/360LP036/AppData/Local/Temp/anonymous8670227700840925392webdriver-profile/extensions/fxdriver@googlecode.com/components/command-processor.js:621)
Oct 27,2016 11:28:47 [info]  End Execution of Test Class com.primeresponse.testcases.Track.Verify_FeedsOnSharedExternalFeed
*****************************************************************************

*****************************************************************************
Oct 27,2016 11:31:10 [info]   Execution Started of Test Class com.primeresponse.testcases.Track.Verify_FeedsOnSharedExternalFeed and Test method testVerify_FeedsOnSharedExternalFeed
*****************************************************************************
Oct 27,2016 11:31:21 [info]  open application giturl
Oct 27,2016 11:33:12 [info]  log-in into application
Oct 27,2016 11:33:12 [info]  Select Selenium Test Ford Account if not selected
Oct 27,2016 11:33:26 [info]  Go to Track > External Feed
Oct 27,2016 11:33:29 [info]  Fetch feeds from 'where to share list
Oct 27,2016 11:34:17 [info]  Oct 27,2016 11:34:17 [info]  <<<<<<<<<<<<<<<<<<<<<<<<<<<<<<<<<< Error message >>>>>>>>>>>>>>>>>>>>>>>>>>>>>>
org.openqa.selenium.ElementNotVisibleException: Element is not currently visible and so may not be interacted with
Command duration or timeout: 5.08 seconds
Build info: version: '2.48.2', revision: '41bccdd', time: '2015-10-09 19:59:12'
System info: host: '360LP0089', ip: '192.168.4.18', os.name: 'Windows 8', os.arch: 'x86', os.version: '6.2', java.version: '1.7.0_51'
Session ID: ee0bdbad-fa35-4661-b38b-ac887836d6c5
Driver info: org.openqa.selenium.firefox.FirefoxDriver
Capabilities [{platform=WINDOWS, acceptSslCerts=true, javascriptEnabled=true, cssSelectorsEnabled=true, databaseEnabled=true, browserName=firefox, handlesAlerts=true, nativeEvents=false, webStorageEnabled=true, rotatable=false, locationContextEnabled=true, applicationCacheEnabled=true, takesScreenshot=true, version=40.0.3}]
	at sun.reflect.NativeConstructorAccessorImpl.newInstance0(Native Method)
	at sun.reflect.NativeConstructorAccessorImpl.newInstance(Unknown Source)
	at sun.reflect.DelegatingConstructorAccessorImpl.newInstance(Unknown Source)
	at java.lang.reflect.Constructor.newInstance(Unknown Source)
	at org.openqa.selenium.remote.ErrorHandler.createThrowable(ErrorHandler.java:206)
	at org.openqa.selenium.remote.ErrorHandler.throwIfResponseFailed(ErrorHandler.java:158)
	at org.openqa.selenium.remote.RemoteWebDriver.execute(RemoteWebDriver.java:647)
	at org.openqa.selenium.remote.RemoteWebElement.execute(RemoteWebElement.java:326)
	at org.openqa.selenium.remote.RemoteWebElement.click(RemoteWebElement.java:84)
	at com.primeresponse.util.DriverHelper.clickOn(DriverHelper.java:241)
	at com.primeresponse.pagehelper.HeaderHelper.clickOnSettingsFeeds(HeaderHelper.java:1021)
	at com.primeresponse.testcases.Track.Verify_FeedsOnSharedExternalFeed.testVerify_FeedsOnSharedExternalFeed(Verify_FeedsOnSharedExternalFeed.java:49)
	at sun.reflect.NativeMethodAccessorImpl.invoke0(Native Method)
	at sun.reflect.NativeMethodAccessorImpl.invoke(Unknown Source)
	at sun.reflect.DelegatingMethodAccessorImpl.invoke(Unknown Source)
	at java.lang.reflect.Method.invoke(Unknown Source)
	at org.testng.internal.MethodInvocationHelper.invokeMethod(MethodInvocationHelper.java:84)
	at org.testng.internal.Invoker.invokeMethod(Invoker.java:714)
	at org.testng.internal.Invoker.invokeTestMethod(Invoker.java:901)
	at org.testng.internal.Invoker.invokeTestMethods(Invoker.java:1231)
	at org.testng.internal.TestMethodWorker.invokeTestMethods(TestMethodWorker.java:127)
	at org.testng.internal.TestMethodWorker.run(TestMethodWorker.java:111)
	at org.testng.TestRunner.privateRun(TestRunner.java:767)
	at org.testng.TestRunner.run(TestRunner.java:617)
	at org.testng.SuiteRunner.runTest(SuiteRunner.java:334)
	at org.testng.SuiteRunner.runSequentially(SuiteRunner.java:329)
	at org.testng.SuiteRunner.privateRun(SuiteRunner.java:291)
	at org.testng.SuiteRunner.run(SuiteRunner.java:240)
	at org.testng.SuiteRunnerWorker.runSuite(SuiteRunnerWorker.java:52)
	at org.testng.SuiteRunnerWorker.run(SuiteRunnerWorker.java:86)
	at org.testng.TestNG.runSuitesSequentially(TestNG.java:1224)
	at org.testng.TestNG.runSuitesLocally(TestNG.java:1149)
	at org.testng.TestNG.run(TestNG.java:1057)
	at org.testng.remote.RemoteTestNG.run(RemoteTestNG.java:111)
	at org.testng.remote.RemoteTestNG.initAndRun(RemoteTestNG.java:204)
	at org.testng.remote.RemoteTestNG.main(RemoteTestNG.java:175)
Caused by: org.openqa.selenium.ElementNotVisibleException: Element is not currently visible and so may not be interacted with
Build info: version: '2.48.2', revision: '41bccdd', time: '2015-10-09 19:59:12'
System info: host: '360LP0089', ip: '192.168.4.18', os.name: 'Windows 8', os.arch: 'x86', os.version: '6.2', java.version: '1.7.0_51'
Driver info: driver.version: unknown
	at <anonymous class>.fxdriver.preconditions.visible(file:///C:/Users/360LP036/AppData/Local/Temp/anonymous37645124656370582webdriver-profile/extensions/fxdriver@googlecode.com/components/command-processor.js:9981)
	at <anonymous class>.DelayedCommand.prototype.checkPreconditions_(file:///C:/Users/360LP036/AppData/Local/Temp/anonymous37645124656370582webdriver-profile/extensions/fxdriver@googlecode.com/components/command-processor.js:12517)
	at <anonymous class>.DelayedCommand.prototype.executeInternal_/h(file:///C:/Users/360LP036/AppData/Local/Temp/anonymous37645124656370582webdriver-profile/extensions/fxdriver@googlecode.com/components/command-processor.js:12534)
	at <anonymous class>.fxdriver.Timer.prototype.setTimeout/<.notify(file:///C:/Users/360LP036/AppData/Local/Temp/anonymous37645124656370582webdriver-profile/extensions/fxdriver@googlecode.com/components/command-processor.js:621)
Oct 27,2016 11:34:17 [info]  End Execution of Test Class com.primeresponse.testcases.Track.Verify_FeedsOnSharedExternalFeed
*****************************************************************************

*****************************************************************************
Oct 27,2016 11:39:12 [info]   Execution Started of Test Class com.primeresponse.testcases.Track.Verify_FeedsOnSharedExternalFeed and Test method testVerify_FeedsOnSharedExternalFeed
*****************************************************************************
Oct 27,2016 11:39:20 [info]  open application giturl
Oct 27,2016 11:40:55 [info]  log-in into application
Oct 27,2016 11:40:55 [info]  Select Selenium Test Ford Account if not selected
Oct 27,2016 11:41:07 [info]  Go to Track > External Feed
Oct 27,2016 11:41:10 [info]  Fetch feeds from 'where to share list
Oct 27,2016 11:41:58 [info]  Oct 27,2016 11:41:58 [info]  <<<<<<<<<<<<<<<<<<<<<<<<<<<<<<<<<< Error message >>>>>>>>>>>>>>>>>>>>>>>>>>>>>>
org.openqa.selenium.ElementNotVisibleException: Element is not currently visible and so may not be interacted with
Command duration or timeout: 5.08 seconds
Build info: version: '2.48.2', revision: '41bccdd', time: '2015-10-09 19:59:12'
System info: host: '360LP0089', ip: '192.168.4.18', os.name: 'Windows 8', os.arch: 'x86', os.version: '6.2', java.version: '1.7.0_51'
Session ID: fb2426e2-7070-4b61-9115-0cb9fbd2e20a
Driver info: org.openqa.selenium.firefox.FirefoxDriver
Capabilities [{platform=WINDOWS, acceptSslCerts=true, javascriptEnabled=true, cssSelectorsEnabled=true, databaseEnabled=true, browserName=firefox, handlesAlerts=true, nativeEvents=false, webStorageEnabled=true, rotatable=false, locationContextEnabled=true, applicationCacheEnabled=true, takesScreenshot=true, version=40.0.3}]
	at sun.reflect.NativeConstructorAccessorImpl.newInstance0(Native Method)
	at sun.reflect.NativeConstructorAccessorImpl.newInstance(Unknown Source)
	at sun.reflect.DelegatingConstructorAccessorImpl.newInstance(Unknown Source)
	at java.lang.reflect.Constructor.newInstance(Unknown Source)
	at org.openqa.selenium.remote.ErrorHandler.createThrowable(ErrorHandler.java:206)
	at org.openqa.selenium.remote.ErrorHandler.throwIfResponseFailed(ErrorHandler.java:158)
	at org.openqa.selenium.remote.RemoteWebDriver.execute(RemoteWebDriver.java:647)
	at org.openqa.selenium.remote.RemoteWebElement.execute(RemoteWebElement.java:326)
	at org.openqa.selenium.remote.RemoteWebElement.click(RemoteWebElement.java:84)
	at com.primeresponse.util.DriverHelper.clickOn(DriverHelper.java:241)
	at com.primeresponse.pagehelper.HeaderHelper.clickOnSettingsFeeds(HeaderHelper.java:1021)
	at com.primeresponse.testcases.Track.Verify_FeedsOnSharedExternalFeed.testVerify_FeedsOnSharedExternalFeed(Verify_FeedsOnSharedExternalFeed.java:49)
	at sun.reflect.NativeMethodAccessorImpl.invoke0(Native Method)
	at sun.reflect.NativeMethodAccessorImpl.invoke(Unknown Source)
	at sun.reflect.DelegatingMethodAccessorImpl.invoke(Unknown Source)
	at java.lang.reflect.Method.invoke(Unknown Source)
	at org.testng.internal.MethodInvocationHelper.invokeMethod(MethodInvocationHelper.java:84)
	at org.testng.internal.Invoker.invokeMethod(Invoker.java:714)
	at org.testng.internal.Invoker.invokeTestMethod(Invoker.java:901)
	at org.testng.internal.Invoker.invokeTestMethods(Invoker.java:1231)
	at org.testng.internal.TestMethodWorker.invokeTestMethods(TestMethodWorker.java:127)
	at org.testng.internal.TestMethodWorker.run(TestMethodWorker.java:111)
	at org.testng.TestRunner.privateRun(TestRunner.java:767)
	at org.testng.TestRunner.run(TestRunner.java:617)
	at org.testng.SuiteRunner.runTest(SuiteRunner.java:334)
	at org.testng.SuiteRunner.runSequentially(SuiteRunner.java:329)
	at org.testng.SuiteRunner.privateRun(SuiteRunner.java:291)
	at org.testng.SuiteRunner.run(SuiteRunner.java:240)
	at org.testng.SuiteRunnerWorker.runSuite(SuiteRunnerWorker.java:52)
	at org.testng.SuiteRunnerWorker.run(SuiteRunnerWorker.java:86)
	at org.testng.TestNG.runSuitesSequentially(TestNG.java:1224)
	at org.testng.TestNG.runSuitesLocally(TestNG.java:1149)
	at org.testng.TestNG.run(TestNG.java:1057)
	at org.testng.remote.RemoteTestNG.run(RemoteTestNG.java:111)
	at org.testng.remote.RemoteTestNG.initAndRun(RemoteTestNG.java:204)
	at org.testng.remote.RemoteTestNG.main(RemoteTestNG.java:175)
Caused by: org.openqa.selenium.ElementNotVisibleException: Element is not currently visible and so may not be interacted with
Build info: version: '2.48.2', revision: '41bccdd', time: '2015-10-09 19:59:12'
System info: host: '360LP0089', ip: '192.168.4.18', os.name: 'Windows 8', os.arch: 'x86', os.version: '6.2', java.version: '1.7.0_51'
Driver info: driver.version: unknown
	at <anonymous class>.fxdriver.preconditions.visible(file:///C:/Users/360LP036/AppData/Local/Temp/anonymous2490448919542437675webdriver-profile/extensions/fxdriver@googlecode.com/components/command-processor.js:9981)
	at <anonymous class>.DelayedCommand.prototype.checkPreconditions_(file:///C:/Users/360LP036/AppData/Local/Temp/anonymous2490448919542437675webdriver-profile/extensions/fxdriver@googlecode.com/components/command-processor.js:12517)
	at <anonymous class>.DelayedCommand.prototype.executeInternal_/h(file:///C:/Users/360LP036/AppData/Local/Temp/anonymous2490448919542437675webdriver-profile/extensions/fxdriver@googlecode.com/components/command-processor.js:12534)
	at <anonymous class>.fxdriver.Timer.prototype.setTimeout/<.notify(file:///C:/Users/360LP036/AppData/Local/Temp/anonymous2490448919542437675webdriver-profile/extensions/fxdriver@googlecode.com/components/command-processor.js:621)
Oct 27,2016 11:41:58 [info]  End Execution of Test Class com.primeresponse.testcases.Track.Verify_FeedsOnSharedExternalFeed
*****************************************************************************

*****************************************************************************
Oct 27,2016 11:49:28 [info]   Execution Started of Test Class com.primeresponse.testcases.Track.Verify_FeedsOnSharedExternalFeed and Test method testVerify_FeedsOnSharedExternalFeed
*****************************************************************************
Oct 27,2016 11:49:37 [info]  open application giturl
Oct 27,2016 11:50:18 [info]  log-in into application
Oct 27,2016 11:50:18 [info]  Select Selenium Test Ford Account if not selected
Oct 27,2016 11:50:30 [info]  Go to Track > External Feed
Oct 27,2016 11:50:34 [info]  Fetch feeds from 'where to share list
Oct 27,2016 11:50:57 [info]  Go to Settings >Feeds
Oct 27,2016 11:50:57 [info]  Verify that all feeds are showing on 'Select where to share' list on external feed page.
Oct 27,2016 11:50:57 [info]  End Execution of Test Class com.primeresponse.testcases.Track.Verify_FeedsOnSharedExternalFeed
*****************************************************************************

*****************************************************************************
Oct 27,2016 11:52:36 [info]   Execution Started of Test Class com.primeresponse.testcases.Track.Verify_FeedsOnSharedExternalFeed and Test method testVerify_FeedsOnSharedExternalFeed
*****************************************************************************
Oct 27,2016 11:52:48 [info]  open application giturl
Oct 27,2016 11:54:29 [info]  log-in into application
Oct 27,2016 11:54:30 [info]  Select Selenium Test Ford Account if not selected
Oct 27,2016 11:54:44 [info]  Go to Track > External Feed
Oct 27,2016 11:54:48 [info]  Fetch feeds from 'where to share list
Oct 27,2016 11:55:51 [info]  Go to Settings >Feeds
Oct 27,2016 11:55:51 [info]  Verify that all feeds are showing on 'Select where to share' list on external feed page.
Oct 27,2016 11:55:51 [info]  End Execution of Test Class com.primeresponse.testcases.Track.Verify_FeedsOnSharedExternalFeed
*****************************************************************************

*****************************************************************************
Oct 27,2016 11:57:28 [info]   Execution Started of Test Class com.primeresponse.testcases.Track.Verify_FeedsOnSharedExternalFeed and Test method testVerify_FeedsOnSharedExternalFeed
*****************************************************************************
Oct 27,2016 11:57:38 [info]  open application giturl
Oct 27,2016 11:58:49 [info]  log-in into application
Oct 27,2016 11:58:49 [info]  Select Selenium Test Ford Account if not selected
Oct 27,2016 11:59:01 [info]  Go to Track > External Feed
Oct 27,2016 11:59:04 [info]  Fetch feeds from 'where to share list
Oct 27,2016 11:59:39 [info]  Go to Settings >Feeds
Oct 27,2016 11:59:40 [info]  Verify that all feeds are showing on 'Select where to share' list on external feed page.
Oct 27,2016 11:59:40 [info]  End Execution of Test Class com.primeresponse.testcases.Track.Verify_FeedsOnSharedExternalFeed
*****************************************************************************

*****************************************************************************
Oct 27,2016 12:01:14 [info]   Execution Started of Test Class com.primeresponse.testcases.Track.Verify_ExternalFeedReviewDetails and Test method testVerify_ExternalFeedReviewDetails
*****************************************************************************
Oct 27,2016 12:02:08 [info]  open application giturl
Oct 27,2016 12:02:36 [info]  log-in into application
Oct 27,2016 12:02:36 [info]  Select Selenium Test Ford Account if not selected
Oct 27,2016 12:02:47 [info]  Go to Track > External Feed
Oct 27,2016 12:07:57 [info]  Oct 27,2016 12:07:57 [info]  <<<<<<<<<<<<<<<<<<<<<<<<<<<<<<<<<< Error message >>>>>>>>>>>>>>>>>>>>>>>>>>>>>>
java.lang.AssertionError: Element Locator ://tbody[@id='external-feed-reviews']/tr//a[@data-original-title='View More']/i Not found expected [true] but found [false]
	at org.testng.Assert.fail(Assert.java:94)
	at org.testng.Assert.failNotEquals(Assert.java:494)
	at org.testng.Assert.assertTrue(Assert.java:42)
	at com.primeresponse.util.DriverHelper.getSize(DriverHelper.java:268)
	at com.primeresponse.pagehelper.TrackHelper.verify_ExternalFeedReviewDetails(TrackHelper.java:909)
	at com.primeresponse.testcases.Track.Verify_ExternalFeedReviewDetails.testVerify_ExternalFeedReviewDetails(Verify_ExternalFeedReviewDetails.java:43)
	at sun.reflect.NativeMethodAccessorImpl.invoke0(Native Method)
	at sun.reflect.NativeMethodAccessorImpl.invoke(Unknown Source)
	at sun.reflect.DelegatingMethodAccessorImpl.invoke(Unknown Source)
	at java.lang.reflect.Method.invoke(Unknown Source)
	at org.testng.internal.MethodInvocationHelper.invokeMethod(MethodInvocationHelper.java:84)
	at org.testng.internal.Invoker.invokeMethod(Invoker.java:714)
	at org.testng.internal.Invoker.invokeTestMethod(Invoker.java:901)
	at org.testng.internal.Invoker.invokeTestMethods(Invoker.java:1231)
	at org.testng.internal.TestMethodWorker.invokeTestMethods(TestMethodWorker.java:127)
	at org.testng.internal.TestMethodWorker.run(TestMethodWorker.java:111)
	at org.testng.TestRunner.privateRun(TestRunner.java:767)
	at org.testng.TestRunner.run(TestRunner.java:617)
	at org.testng.SuiteRunner.runTest(SuiteRunner.java:334)
	at org.testng.SuiteRunner.runSequentially(SuiteRunner.java:329)
	at org.testng.SuiteRunner.privateRun(SuiteRunner.java:291)
	at org.testng.SuiteRunner.run(SuiteRunner.java:240)
	at org.testng.SuiteRunnerWorker.runSuite(SuiteRunnerWorker.java:52)
	at org.testng.SuiteRunnerWorker.run(SuiteRunnerWorker.java:86)
	at org.testng.TestNG.runSuitesSequentially(TestNG.java:1224)
	at org.testng.TestNG.runSuitesLocally(TestNG.java:1149)
	at org.testng.TestNG.run(TestNG.java:1057)
	at org.testng.remote.RemoteTestNG.run(RemoteTestNG.java:111)
	at org.testng.remote.RemoteTestNG.initAndRun(RemoteTestNG.java:204)
	at org.testng.remote.RemoteTestNG.main(RemoteTestNG.java:175)
Oct 27,2016 12:07:57 [info]  End Execution of Test Class com.primeresponse.testcases.Track.Verify_ExternalFeedReviewDetails
*****************************************************************************

*****************************************************************************
Oct 27,2016 12:22:44 [info]   Execution Started of Test Class com.primeresponse.testcases.Track.Verify_ExternalFeedReviewDetails and Test method testVerify_ExternalFeedReviewDetails
*****************************************************************************
Oct 27,2016 12:22:58 [info]  open application giturl
Oct 27,2016 12:25:17 [info]  log-in into application
Oct 27,2016 12:25:18 [info]  Select Selenium Test Ford Account if not selected
Oct 27,2016 12:25:30 [info]  Go to Track > External Feed
Oct 27,2016 12:25:41 [info]  Oct 27,2016 12:25:41 [info]  <<<<<<<<<<<<<<<<<<<<<<<<<<<<<<<<<< Error message >>>>>>>>>>>>>>>>>>>>>>>>>>>>>>
java.lang.AssertionError: expected [true] but found [false]
	at org.testng.Assert.fail(Assert.java:94)
	at org.testng.Assert.failNotEquals(Assert.java:494)
	at org.testng.Assert.assertTrue(Assert.java:42)
	at org.testng.Assert.assertTrue(Assert.java:52)
	at com.primeresponse.pagehelper.TrackHelper.verify_ExternalFeedReviewDetails(TrackHelper.java:918)
	at com.primeresponse.testcases.Track.Verify_ExternalFeedReviewDetails.testVerify_ExternalFeedReviewDetails(Verify_ExternalFeedReviewDetails.java:43)
	at sun.reflect.NativeMethodAccessorImpl.invoke0(Native Method)
	at sun.reflect.NativeMethodAccessorImpl.invoke(Unknown Source)
	at sun.reflect.DelegatingMethodAccessorImpl.invoke(Unknown Source)
	at java.lang.reflect.Method.invoke(Unknown Source)
	at org.testng.internal.MethodInvocationHelper.invokeMethod(MethodInvocationHelper.java:84)
	at org.testng.internal.Invoker.invokeMethod(Invoker.java:714)
	at org.testng.internal.Invoker.invokeTestMethod(Invoker.java:901)
	at org.testng.internal.Invoker.invokeTestMethods(Invoker.java:1231)
	at org.testng.internal.TestMethodWorker.invokeTestMethods(TestMethodWorker.java:127)
	at org.testng.internal.TestMethodWorker.run(TestMethodWorker.java:111)
	at org.testng.TestRunner.privateRun(TestRunner.java:767)
	at org.testng.TestRunner.run(TestRunner.java:617)
	at org.testng.SuiteRunner.runTest(SuiteRunner.java:334)
	at org.testng.SuiteRunner.runSequentially(SuiteRunner.java:329)
	at org.testng.SuiteRunner.privateRun(SuiteRunner.java:291)
	at org.testng.SuiteRunner.run(SuiteRunner.java:240)
	at org.testng.SuiteRunnerWorker.runSuite(SuiteRunnerWorker.java:52)
	at org.testng.SuiteRunnerWorker.run(SuiteRunnerWorker.java:86)
	at org.testng.TestNG.runSuitesSequentially(TestNG.java:1224)
	at org.testng.TestNG.runSuitesLocally(TestNG.java:1149)
	at org.testng.TestNG.run(TestNG.java:1057)
	at org.testng.remote.RemoteTestNG.run(RemoteTestNG.java:111)
	at org.testng.remote.RemoteTestNG.initAndRun(RemoteTestNG.java:204)
	at org.testng.remote.RemoteTestNG.main(RemoteTestNG.java:175)
Oct 27,2016 12:25:41 [info]  End Execution of Test Class com.primeresponse.testcases.Track.Verify_ExternalFeedReviewDetails
*****************************************************************************

*****************************************************************************
Oct 27,2016 12:27:18 [info]   Execution Started of Test Class com.primeresponse.testcases.Track.Verify_ExternalFeedReviewDetails and Test method testVerify_ExternalFeedReviewDetails
*****************************************************************************
Oct 27,2016 12:27:29 [info]  open application giturl
Oct 27,2016 12:28:42 [info]  log-in into application
Oct 27,2016 12:28:42 [info]  Select Selenium Test Ford Account if not selected
Oct 27,2016 12:28:54 [info]  Go to Track > External Feed
Oct 27,2016 12:28:59 [info]  Verify reviews details on Track > External Feed page.
Oct 27,2016 12:28:59 [info]  End Execution of Test Class com.primeresponse.testcases.Track.Verify_ExternalFeedReviewDetails
*****************************************************************************

*****************************************************************************
Oct 27,2016 12:29:58 [info]   Execution Started of Test Class com.primeresponse.testcases.Training.Create_Categories and Test method testCreate_Categories
*****************************************************************************
Oct 27,2016 12:30:11 [info]  open application giturl
Oct 27,2016 12:31:17 [info]  log-in into application
Oct 27,2016 12:31:17 [info]  Select Selenium Test Account if not selected
Oct 27,2016 12:31:31 [info]  Go to Training page
Oct 27,2016 12:31:44 [info]  Verify process of creating new category

*****************************************************************************
Oct 27,2016 12:35:37 [info]   Execution Started of Test Class com.primeresponse.testcases.Training.Create_Categories and Test method testCreate_Categories
*****************************************************************************
Oct 27,2016 12:35:46 [info]  open application giturl
Oct 27,2016 12:36:08 [info]  log-in into application
Oct 27,2016 12:36:09 [info]  Select Selenium Test Account if not selected
Oct 27,2016 12:36:21 [info]  Go to Training page
Oct 27,2016 12:36:33 [info]  Verify process of creating new category
Oct 27,2016 12:38:41 [info]  Oct 27,2016 12:38:41 [info]  <<<<<<<<<<<<<<<<<<<<<<<<<<<<<<<<<< Error message >>>>>>>>>>>>>>>>>>>>>>>>>>>>>>
java.lang.AssertionError: Element Locator ://div[@id='flash_notice']/div Not found expected [true] but found [false]
	at org.testng.Assert.fail(Assert.java:94)
	at org.testng.Assert.failNotEquals(Assert.java:494)
	at org.testng.Assert.assertTrue(Assert.java:42)
	at com.primeresponse.util.DriverHelper.isTextPresent(DriverHelper.java:291)
	at com.primeresponse.pagehelper.HeaderHelper.checkSuccessMessage(HeaderHelper.java:27)
	at com.primeresponse.testcases.Training.Create_Categories.testCreate_Categories(Create_Categories.java:47)
	at sun.reflect.NativeMethodAccessorImpl.invoke0(Native Method)
	at sun.reflect.NativeMethodAccessorImpl.invoke(Unknown Source)
	at sun.reflect.DelegatingMethodAccessorImpl.invoke(Unknown Source)
	at java.lang.reflect.Method.invoke(Unknown Source)
	at org.testng.internal.MethodInvocationHelper.invokeMethod(MethodInvocationHelper.java:84)
	at org.testng.internal.Invoker.invokeMethod(Invoker.java:714)
	at org.testng.internal.Invoker.invokeTestMethod(Invoker.java:901)
	at org.testng.internal.Invoker.invokeTestMethods(Invoker.java:1231)
	at org.testng.internal.TestMethodWorker.invokeTestMethods(TestMethodWorker.java:127)
	at org.testng.internal.TestMethodWorker.run(TestMethodWorker.java:111)
	at org.testng.TestRunner.privateRun(TestRunner.java:767)
	at org.testng.TestRunner.run(TestRunner.java:617)
	at org.testng.SuiteRunner.runTest(SuiteRunner.java:334)
	at org.testng.SuiteRunner.runSequentially(SuiteRunner.java:329)
	at org.testng.SuiteRunner.privateRun(SuiteRunner.java:291)
	at org.testng.SuiteRunner.run(SuiteRunner.java:240)
	at org.testng.SuiteRunnerWorker.runSuite(SuiteRunnerWorker.java:52)
	at org.testng.SuiteRunnerWorker.run(SuiteRunnerWorker.java:86)
	at org.testng.TestNG.runSuitesSequentially(TestNG.java:1224)
	at org.testng.TestNG.runSuitesLocally(TestNG.java:1149)
	at org.testng.TestNG.run(TestNG.java:1057)
	at org.testng.remote.RemoteTestNG.run(RemoteTestNG.java:111)
	at org.testng.remote.RemoteTestNG.initAndRun(RemoteTestNG.java:204)
	at org.testng.remote.RemoteTestNG.main(RemoteTestNG.java:175)
Oct 27,2016 12:38:41 [info]  End Execution of Test Class com.primeresponse.testcases.Training.Create_Categories
*****************************************************************************

*****************************************************************************
Oct 27,2016 12:38:47 [info]   Execution Started of Test Class com.primeresponse.testcases.Training.Verify_WebinarRedirectSameUrl and Test method testVerify_WebinarRedirectSameUrl
*****************************************************************************
Oct 27,2016 12:38:55 [info]  open application giturl
Oct 27,2016 12:39:22 [info]  log-in into application
Oct 27,2016 12:39:22 [info]  Select Selenium Test Account if not selected
Oct 27,2016 12:39:34 [info]  Go to Training page
Oct 27,2016 12:40:06 [info]  Verify process of creating new page
Oct 27,2016 12:40:06 [info]  End Execution of Test Class com.primeresponse.testcases.Training.Verify_WebinarRedirectSameUrl
*****************************************************************************

*****************************************************************************
Oct 27,2016 12:40:13 [info]   Execution Started of Test Class com.primeresponse.testcases.Training.Verify_SearchByTags and Test method testVerify_SearchByTags
*****************************************************************************
Oct 27,2016 12:40:24 [info]  open application giturl
Oct 27,2016 12:40:50 [info]  log-in into application
Oct 27,2016 12:40:50 [info]  Select Selenium Test Account if not selected
Oct 27,2016 12:41:02 [info]  Go to Training page
Oct 27,2016 12:41:18 [info]  Verify filter of tags by search.
Oct 27,2016 12:41:18 [info]  End Execution of Test Class com.primeresponse.testcases.Training.Verify_SearchByTags
*****************************************************************************

*****************************************************************************
Oct 27,2016 12:41:25 [info]   Execution Started of Test Class com.primeresponse.testcases.Training.Create_NewPage and Test method testCreate_NewPage
*****************************************************************************
Oct 27,2016 12:41:34 [info]  open application giturl
Oct 27,2016 12:42:00 [info]  log-in into application
Oct 27,2016 12:42:00 [info]  Select Selenium Test Account if not selected
Oct 27,2016 12:42:11 [info]  Go to Training page
Oct 27,2016 12:42:33 [info]  Verify process of creating new page
Oct 27,2016 12:42:34 [info]  success message
Oct 27,2016 12:42:34 [info]  End Execution of Test Class com.primeresponse.testcases.Training.Create_NewPage
*****************************************************************************

*****************************************************************************
Oct 27,2016 12:42:41 [info]   Execution Started of Test Class com.primeresponse.testcases.Training.Pdf_DownloadFaq and Test method testPdf_DownloadFaq
*****************************************************************************
Oct 27,2016 12:42:51 [info]  open application giturl
Oct 27,2016 12:43:24 [info]  log-in into application
Oct 27,2016 12:43:24 [info]  Select Selenium Test Account if not selected
Oct 27,2016 12:43:36 [info]  Go to Training page
Oct 27,2016 12:43:55 [info]  Verify process of creating new page
Oct 27,2016 12:43:55 [info]  End Execution of Test Class com.primeresponse.testcases.Training.Pdf_DownloadFaq
*****************************************************************************

*****************************************************************************
Oct 27,2016 12:44:02 [info]   Execution Started of Test Class com.primeresponse.testcases.Training.Pdf_DownloadRecommendedGuideLine and Test method testPdf_DownloadRecommendedGuideLine
*****************************************************************************
Oct 27,2016 12:44:16 [info]  open application giturl
Oct 27,2016 12:46:46 [info]  log-in into application
Oct 27,2016 12:46:46 [info]  Select Selenium Test Account if not selected
Oct 27,2016 12:47:02 [info]  Go to Training page
Oct 27,2016 12:47:28 [info]  Oct 27,2016 12:47:28 [info]  <<<<<<<<<<<<<<<<<<<<<<<<<<<<<<<<<< Error message >>>>>>>>>>>>>>>>>>>>>>>>>>>>>>
java.lang.AssertionError: expected [true] but found [false]
	at org.testng.Assert.fail(Assert.java:94)
	at org.testng.Assert.failNotEquals(Assert.java:494)
	at org.testng.Assert.assertTrue(Assert.java:42)
	at org.testng.Assert.assertTrue(Assert.java:52)
	at com.primeresponse.pagehelper.TrainingHelper.pdf_DownloadRecommendedGuideLine(TrainingHelper.java:197)
	at com.primeresponse.testcases.Training.Pdf_DownloadRecommendedGuideLine.testPdf_DownloadRecommendedGuideLine(Pdf_DownloadRecommendedGuideLine.java:42)
	at sun.reflect.NativeMethodAccessorImpl.invoke0(Native Method)
	at sun.reflect.NativeMethodAccessorImpl.invoke(Unknown Source)
	at sun.reflect.DelegatingMethodAccessorImpl.invoke(Unknown Source)
	at java.lang.reflect.Method.invoke(Unknown Source)
	at org.testng.internal.MethodInvocationHelper.invokeMethod(MethodInvocationHelper.java:84)
	at org.testng.internal.Invoker.invokeMethod(Invoker.java:714)
	at org.testng.internal.Invoker.invokeTestMethod(Invoker.java:901)
	at org.testng.internal.Invoker.invokeTestMethods(Invoker.java:1231)
	at org.testng.internal.TestMethodWorker.invokeTestMethods(TestMethodWorker.java:127)
	at org.testng.internal.TestMethodWorker.run(TestMethodWorker.java:111)
	at org.testng.TestRunner.privateRun(TestRunner.java:767)
	at org.testng.TestRunner.run(TestRunner.java:617)
	at org.testng.SuiteRunner.runTest(SuiteRunner.java:334)
	at org.testng.SuiteRunner.runSequentially(SuiteRunner.java:329)
	at org.testng.SuiteRunner.privateRun(SuiteRunner.java:291)
	at org.testng.SuiteRunner.run(SuiteRunner.java:240)
	at org.testng.SuiteRunnerWorker.runSuite(SuiteRunnerWorker.java:52)
	at org.testng.SuiteRunnerWorker.run(SuiteRunnerWorker.java:86)
	at org.testng.TestNG.runSuitesSequentially(TestNG.java:1224)
	at org.testng.TestNG.runSuitesLocally(TestNG.java:1149)
	at org.testng.TestNG.run(TestNG.java:1057)
	at org.testng.remote.RemoteTestNG.run(RemoteTestNG.java:111)
	at org.testng.remote.RemoteTestNG.initAndRun(RemoteTestNG.java:204)
	at org.testng.remote.RemoteTestNG.main(RemoteTestNG.java:175)
Oct 27,2016 12:47:28 [info]  End Execution of Test Class com.primeresponse.testcases.Training.Pdf_DownloadRecommendedGuideLine
*****************************************************************************

*****************************************************************************
Oct 27,2016 12:47:37 [info]   Execution Started of Test Class com.primeresponse.testcases.Training.Delete_NewPage and Test method testDelete_NewPage
*****************************************************************************
Oct 27,2016 12:47:51 [info]  open application giturl
Oct 27,2016 12:49:14 [info]  log-in into application
Oct 27,2016 12:49:14 [info]  Select Selenium Test Account if not selected
Oct 27,2016 12:49:26 [info]  Go to Training page
Oct 27,2016 12:49:30 [info]  Verify process of deleting already created new page on Training section
Oct 27,2016 12:49:35 [info]  success message
Oct 27,2016 12:49:35 [info]  End Execution of Test Class com.primeresponse.testcases.Training.Delete_NewPage
*****************************************************************************

*****************************************************************************
Oct 27,2016 13:25:21 [info]   Execution Started of Test Class com.primeresponse.testcases.Training.Create_Categories and Test method testCreate_Categories
*****************************************************************************
Oct 27,2016 13:25:34 [info]  open application giturl
Oct 27,2016 13:28:23 [info]  log-in into application
Oct 27,2016 13:28:23 [info]  Select Selenium Test Account if not selected
Oct 27,2016 13:28:40 [info]  Go to Training page
Oct 27,2016 13:28:53 [info]  Verify process of creating new category
Oct 27,2016 13:31:00 [info]  Oct 27,2016 13:31:00 [info]  <<<<<<<<<<<<<<<<<<<<<<<<<<<<<<<<<< Error message >>>>>>>>>>>>>>>>>>>>>>>>>>>>>>
java.lang.AssertionError: Element Locator ://div[@id='flash_notice']/div Not found expected [true] but found [false]
	at org.testng.Assert.fail(Assert.java:94)
	at org.testng.Assert.failNotEquals(Assert.java:494)
	at org.testng.Assert.assertTrue(Assert.java:42)
	at com.primeresponse.util.DriverHelper.isTextPresent(DriverHelper.java:291)
	at com.primeresponse.pagehelper.HeaderHelper.checkSuccessMessage(HeaderHelper.java:27)
	at com.primeresponse.testcases.Training.Create_Categories.testCreate_Categories(Create_Categories.java:47)
	at sun.reflect.NativeMethodAccessorImpl.invoke0(Native Method)
	at sun.reflect.NativeMethodAccessorImpl.invoke(Unknown Source)
	at sun.reflect.DelegatingMethodAccessorImpl.invoke(Unknown Source)
	at java.lang.reflect.Method.invoke(Unknown Source)
	at org.testng.internal.MethodInvocationHelper.invokeMethod(MethodInvocationHelper.java:84)
	at org.testng.internal.Invoker.invokeMethod(Invoker.java:714)
	at org.testng.internal.Invoker.invokeTestMethod(Invoker.java:901)
	at org.testng.internal.Invoker.invokeTestMethods(Invoker.java:1231)
	at org.testng.internal.TestMethodWorker.invokeTestMethods(TestMethodWorker.java:127)
	at org.testng.internal.TestMethodWorker.run(TestMethodWorker.java:111)
	at org.testng.TestRunner.privateRun(TestRunner.java:767)
	at org.testng.TestRunner.run(TestRunner.java:617)
	at org.testng.SuiteRunner.runTest(SuiteRunner.java:334)
	at org.testng.SuiteRunner.runSequentially(SuiteRunner.java:329)
	at org.testng.SuiteRunner.privateRun(SuiteRunner.java:291)
	at org.testng.SuiteRunner.run(SuiteRunner.java:240)
	at org.testng.SuiteRunnerWorker.runSuite(SuiteRunnerWorker.java:52)
	at org.testng.SuiteRunnerWorker.run(SuiteRunnerWorker.java:86)
	at org.testng.TestNG.runSuitesSequentially(TestNG.java:1224)
	at org.testng.TestNG.runSuitesLocally(TestNG.java:1149)
	at org.testng.TestNG.run(TestNG.java:1057)
	at org.testng.remote.RemoteTestNG.run(RemoteTestNG.java:111)
	at org.testng.remote.RemoteTestNG.initAndRun(RemoteTestNG.java:204)
	at org.testng.remote.RemoteTestNG.main(RemoteTestNG.java:175)
Oct 27,2016 13:31:01 [info]  End Execution of Test Class com.primeresponse.testcases.Training.Create_Categories
*****************************************************************************

*****************************************************************************
Oct 27,2016 13:31:23 [info]   Execution Started of Test Class com.primeresponse.testcases.Track.Verify_ExternalFeedReviewDetails and Test method testVerify_ExternalFeedReviewDetails
*****************************************************************************
Oct 27,2016 13:31:35 [info]  open application giturl
Oct 27,2016 13:36:09 [info]  log-in into application
Oct 27,2016 13:36:09 [info]  Select Selenium Test Ford Account if not selected
Oct 27,2016 13:36:15 [info]  Oct 27,2016 13:36:15 [info]  <<<<<<<<<<<<<<<<<<<<<<<<<<<<<<<<<< Error message >>>>>>>>>>>>>>>>>>>>>>>>>>>>>>
org.openqa.selenium.ElementNotVisibleException: Element is not currently visible and so may not be interacted with
Command duration or timeout: 5.09 seconds
Build info: version: '2.48.2', revision: '41bccdd', time: '2015-10-09 19:59:12'
System info: host: '360LP0089', ip: '192.168.4.18', os.name: 'Windows 8', os.arch: 'x86', os.version: '6.2', java.version: '1.7.0_51'
Session ID: 4e43cebc-9a76-4220-abf3-2d1677b7501c
Driver info: org.openqa.selenium.firefox.FirefoxDriver
Capabilities [{platform=WINDOWS, acceptSslCerts=true, javascriptEnabled=true, cssSelectorsEnabled=true, databaseEnabled=true, browserName=firefox, handlesAlerts=true, nativeEvents=false, webStorageEnabled=true, rotatable=false, locationContextEnabled=true, applicationCacheEnabled=true, takesScreenshot=true, version=40.0.3}]
	at sun.reflect.NativeConstructorAccessorImpl.newInstance0(Native Method)
	at sun.reflect.NativeConstructorAccessorImpl.newInstance(Unknown Source)
	at sun.reflect.DelegatingConstructorAccessorImpl.newInstance(Unknown Source)
	at java.lang.reflect.Constructor.newInstance(Unknown Source)
	at org.openqa.selenium.remote.ErrorHandler.createThrowable(ErrorHandler.java:206)
	at org.openqa.selenium.remote.ErrorHandler.throwIfResponseFailed(ErrorHandler.java:158)
	at org.openqa.selenium.remote.RemoteWebDriver.execute(RemoteWebDriver.java:647)
	at org.openqa.selenium.remote.RemoteWebElement.execute(RemoteWebElement.java:326)
	at org.openqa.selenium.remote.RemoteWebElement.click(RemoteWebElement.java:84)
	at com.primeresponse.util.DriverHelper.clickOn(DriverHelper.java:241)
	at com.primeresponse.pagehelper.HeaderHelper.clickonTrackExternalFeed(HeaderHelper.java:521)
	at com.primeresponse.testcases.Track.Verify_ExternalFeedReviewDetails.testVerify_ExternalFeedReviewDetails(Verify_ExternalFeedReviewDetails.java:39)
	at sun.reflect.NativeMethodAccessorImpl.invoke0(Native Method)
	at sun.reflect.NativeMethodAccessorImpl.invoke(Unknown Source)
	at sun.reflect.DelegatingMethodAccessorImpl.invoke(Unknown Source)
	at java.lang.reflect.Method.invoke(Unknown Source)
	at org.testng.internal.MethodInvocationHelper.invokeMethod(MethodInvocationHelper.java:84)
	at org.testng.internal.Invoker.invokeMethod(Invoker.java:714)
	at org.testng.internal.Invoker.invokeTestMethod(Invoker.java:901)
	at org.testng.internal.Invoker.invokeTestMethods(Invoker.java:1231)
	at org.testng.internal.TestMethodWorker.invokeTestMethods(TestMethodWorker.java:127)
	at org.testng.internal.TestMethodWorker.run(TestMethodWorker.java:111)
	at org.testng.TestRunner.privateRun(TestRunner.java:767)
	at org.testng.TestRunner.run(TestRunner.java:617)
	at org.testng.SuiteRunner.runTest(SuiteRunner.java:334)
	at org.testng.SuiteRunner.runSequentially(SuiteRunner.java:329)
	at org.testng.SuiteRunner.privateRun(SuiteRunner.java:291)
	at org.testng.SuiteRunner.run(SuiteRunner.java:240)
	at org.testng.SuiteRunnerWorker.runSuite(SuiteRunnerWorker.java:52)
	at org.testng.SuiteRunnerWorker.run(SuiteRunnerWorker.java:86)
	at org.testng.TestNG.runSuitesSequentially(TestNG.java:1224)
	at org.testng.TestNG.runSuitesLocally(TestNG.java:1149)
	at org.testng.TestNG.run(TestNG.java:1057)
	at org.testng.remote.RemoteTestNG.run(RemoteTestNG.java:111)
	at org.testng.remote.RemoteTestNG.initAndRun(RemoteTestNG.java:204)
	at org.testng.remote.RemoteTestNG.main(RemoteTestNG.java:175)
Caused by: org.openqa.selenium.ElementNotVisibleException: Element is not currently visible and so may not be interacted with
Build info: version: '2.48.2', revision: '41bccdd', time: '2015-10-09 19:59:12'
System info: host: '360LP0089', ip: '192.168.4.18', os.name: 'Windows 8', os.arch: 'x86', os.version: '6.2', java.version: '1.7.0_51'
Driver info: driver.version: unknown
	at <anonymous class>.fxdriver.preconditions.visible(file:///C:/Users/360LP036/AppData/Local/Temp/anonymous3338238578906717516webdriver-profile/extensions/fxdriver@googlecode.com/components/command-processor.js:9981)
	at <anonymous class>.DelayedCommand.prototype.checkPreconditions_(file:///C:/Users/360LP036/AppData/Local/Temp/anonymous3338238578906717516webdriver-profile/extensions/fxdriver@googlecode.com/components/command-processor.js:12517)
	at <anonymous class>.DelayedCommand.prototype.executeInternal_/h(file:///C:/Users/360LP036/AppData/Local/Temp/anonymous3338238578906717516webdriver-profile/extensions/fxdriver@googlecode.com/components/command-processor.js:12534)
	at <anonymous class>.fxdriver.Timer.prototype.setTimeout/<.notify(file:///C:/Users/360LP036/AppData/Local/Temp/anonymous3338238578906717516webdriver-profile/extensions/fxdriver@googlecode.com/components/command-processor.js:621)
Oct 27,2016 13:36:15 [info]  End Execution of Test Class com.primeresponse.testcases.Track.Verify_ExternalFeedReviewDetails
*****************************************************************************

*****************************************************************************
Oct 27,2016 13:42:04 [info]   Execution Started of Test Class com.primeresponse.testcases.Track.Verify_ExternalFeedReviewDetails and Test method testVerify_ExternalFeedReviewDetails
*****************************************************************************
Oct 27,2016 13:42:26 [info]  open application giturl
Oct 27,2016 13:47:03 [info]  log-in into application
Oct 27,2016 13:47:03 [info]  Select Selenium Test Ford Account if not selected
Oct 27,2016 13:47:08 [info]  Oct 27,2016 13:47:08 [info]  <<<<<<<<<<<<<<<<<<<<<<<<<<<<<<<<<< Error message >>>>>>>>>>>>>>>>>>>>>>>>>>>>>>
org.openqa.selenium.ElementNotVisibleException: Element is not currently visible and so may not be interacted with
Command duration or timeout: 5.09 seconds
Build info: version: '2.48.2', revision: '41bccdd', time: '2015-10-09 19:59:12'
System info: host: '360LP0089', ip: '192.168.14.34', os.name: 'Windows 8', os.arch: 'x86', os.version: '6.2', java.version: '1.7.0_51'
Session ID: 705b23a1-e781-418c-b7e0-c36cd6493fee
Driver info: org.openqa.selenium.firefox.FirefoxDriver
Capabilities [{platform=WINDOWS, acceptSslCerts=true, javascriptEnabled=true, cssSelectorsEnabled=true, databaseEnabled=true, browserName=firefox, handlesAlerts=true, nativeEvents=false, webStorageEnabled=true, rotatable=false, locationContextEnabled=true, applicationCacheEnabled=true, takesScreenshot=true, version=40.0.3}]
	at sun.reflect.NativeConstructorAccessorImpl.newInstance0(Native Method)
	at sun.reflect.NativeConstructorAccessorImpl.newInstance(Unknown Source)
	at sun.reflect.DelegatingConstructorAccessorImpl.newInstance(Unknown Source)
	at java.lang.reflect.Constructor.newInstance(Unknown Source)
	at org.openqa.selenium.remote.ErrorHandler.createThrowable(ErrorHandler.java:206)
	at org.openqa.selenium.remote.ErrorHandler.throwIfResponseFailed(ErrorHandler.java:158)
	at org.openqa.selenium.remote.RemoteWebDriver.execute(RemoteWebDriver.java:647)
	at org.openqa.selenium.remote.RemoteWebElement.execute(RemoteWebElement.java:326)
	at org.openqa.selenium.remote.RemoteWebElement.click(RemoteWebElement.java:84)
	at com.primeresponse.util.DriverHelper.clickOn(DriverHelper.java:241)
	at com.primeresponse.pagehelper.HeaderHelper.clickonTrackExternalFeed(HeaderHelper.java:521)
	at com.primeresponse.testcases.Track.Verify_ExternalFeedReviewDetails.testVerify_ExternalFeedReviewDetails(Verify_ExternalFeedReviewDetails.java:39)
	at sun.reflect.NativeMethodAccessorImpl.invoke0(Native Method)
	at sun.reflect.NativeMethodAccessorImpl.invoke(Unknown Source)
	at sun.reflect.DelegatingMethodAccessorImpl.invoke(Unknown Source)
	at java.lang.reflect.Method.invoke(Unknown Source)
	at org.testng.internal.MethodInvocationHelper.invokeMethod(MethodInvocationHelper.java:84)
	at org.testng.internal.Invoker.invokeMethod(Invoker.java:714)
	at org.testng.internal.Invoker.invokeTestMethod(Invoker.java:901)
	at org.testng.internal.Invoker.invokeTestMethods(Invoker.java:1231)
	at org.testng.internal.TestMethodWorker.invokeTestMethods(TestMethodWorker.java:127)
	at org.testng.internal.TestMethodWorker.run(TestMethodWorker.java:111)
	at org.testng.TestRunner.privateRun(TestRunner.java:767)
	at org.testng.TestRunner.run(TestRunner.java:617)
	at org.testng.SuiteRunner.runTest(SuiteRunner.java:334)
	at org.testng.SuiteRunner.runSequentially(SuiteRunner.java:329)
	at org.testng.SuiteRunner.privateRun(SuiteRunner.java:291)
	at org.testng.SuiteRunner.run(SuiteRunner.java:240)
	at org.testng.SuiteRunnerWorker.runSuite(SuiteRunnerWorker.java:52)
	at org.testng.SuiteRunnerWorker.run(SuiteRunnerWorker.java:86)
	at org.testng.TestNG.runSuitesSequentially(TestNG.java:1224)
	at org.testng.TestNG.runSuitesLocally(TestNG.java:1149)
	at org.testng.TestNG.run(TestNG.java:1057)
	at org.testng.remote.RemoteTestNG.run(RemoteTestNG.java:111)
	at org.testng.remote.RemoteTestNG.initAndRun(RemoteTestNG.java:204)
	at org.testng.remote.RemoteTestNG.main(RemoteTestNG.java:175)
Caused by: org.openqa.selenium.ElementNotVisibleException: Element is not currently visible and so may not be interacted with
Build info: version: '2.48.2', revision: '41bccdd', time: '2015-10-09 19:59:12'
System info: host: '360LP0089', ip: '192.168.14.34', os.name: 'Windows 8', os.arch: 'x86', os.version: '6.2', java.version: '1.7.0_51'
Driver info: driver.version: unknown
	at <anonymous class>.fxdriver.preconditions.visible(file:///C:/Users/360LP036/AppData/Local/Temp/anonymous1762746253462357508webdriver-profile/extensions/fxdriver@googlecode.com/components/command-processor.js:9981)
	at <anonymous class>.DelayedCommand.prototype.checkPreconditions_(file:///C:/Users/360LP036/AppData/Local/Temp/anonymous1762746253462357508webdriver-profile/extensions/fxdriver@googlecode.com/components/command-processor.js:12517)
	at <anonymous class>.DelayedCommand.prototype.executeInternal_/h(file:///C:/Users/360LP036/AppData/Local/Temp/anonymous1762746253462357508webdriver-profile/extensions/fxdriver@googlecode.com/components/command-processor.js:12534)
	at <anonymous class>.fxdriver.Timer.prototype.setTimeout/<.notify(file:///C:/Users/360LP036/AppData/Local/Temp/anonymous1762746253462357508webdriver-profile/extensions/fxdriver@googlecode.com/components/command-processor.js:621)
Oct 27,2016 13:47:08 [info]  End Execution of Test Class com.primeresponse.testcases.Track.Verify_ExternalFeedReviewDetails
*****************************************************************************

*****************************************************************************
Oct 27,2016 13:55:08 [info]   Execution Started of Test Class com.primeresponse.testcases.Track.Verify_ExternalFeedReviewDetails and Test method testVerify_ExternalFeedReviewDetails
*****************************************************************************
Oct 27,2016 13:55:19 [info]  open application giturl
Oct 27,2016 13:57:36 [info]  log-in into application
Oct 27,2016 13:57:36 [info]  Select Selenium Test Ford Account if not selected
Oct 27,2016 13:57:49 [info]  Go to Track > External Feed
Oct 27,2016 13:57:54 [info]  Verify reviews details on Track > External Feed page.
Oct 27,2016 13:57:54 [info]  End Execution of Test Class com.primeresponse.testcases.Track.Verify_ExternalFeedReviewDetails
*****************************************************************************

*****************************************************************************
Oct 27,2016 13:59:11 [info]   Execution Started of Test Class com.primeresponse.testcases.Training.Create_Categories and Test method testCreate_Categories
*****************************************************************************
Oct 27,2016 13:59:20 [info]  open application giturl
Oct 27,2016 14:00:56 [info]  log-in into application
Oct 27,2016 14:00:56 [info]  Select Selenium Test Account if not selected
Oct 27,2016 14:01:09 [info]  Go to Training page
Oct 27,2016 14:01:24 [info]  Verify process of creating new category
Oct 27,2016 14:01:24 [info]  success message
Oct 27,2016 14:01:24 [info]  End Execution of Test Class com.primeresponse.testcases.Training.Create_Categories
*****************************************************************************

*****************************************************************************
Oct 27,2016 14:04:46 [info]   Execution Started of Test Class com.primeresponse.testcases.Training.Pdf_DownloadRecommendedGuideLine and Test method testPdf_DownloadRecommendedGuideLine
*****************************************************************************
Oct 27,2016 14:04:57 [info]  open application giturl
Oct 27,2016 14:06:33 [info]  log-in into application
Oct 27,2016 14:06:33 [info]  Select Selenium Test Account if not selected
Oct 27,2016 14:06:44 [info]  Go to Training page
Oct 27,2016 14:07:05 [info]  Oct 27,2016 14:07:05 [info]  <<<<<<<<<<<<<<<<<<<<<<<<<<<<<<<<<< Error message >>>>>>>>>>>>>>>>>>>>>>>>>>>>>>
java.lang.AssertionError: expected [true] but found [false]
	at org.testng.Assert.fail(Assert.java:94)
	at org.testng.Assert.failNotEquals(Assert.java:494)
	at org.testng.Assert.assertTrue(Assert.java:42)
	at org.testng.Assert.assertTrue(Assert.java:52)
	at com.primeresponse.pagehelper.TrainingHelper.pdf_DownloadRecommendedGuideLine(TrainingHelper.java:197)
	at com.primeresponse.testcases.Training.Pdf_DownloadRecommendedGuideLine.testPdf_DownloadRecommendedGuideLine(Pdf_DownloadRecommendedGuideLine.java:42)
	at sun.reflect.NativeMethodAccessorImpl.invoke0(Native Method)
	at sun.reflect.NativeMethodAccessorImpl.invoke(Unknown Source)
	at sun.reflect.DelegatingMethodAccessorImpl.invoke(Unknown Source)
	at java.lang.reflect.Method.invoke(Unknown Source)
	at org.testng.internal.MethodInvocationHelper.invokeMethod(MethodInvocationHelper.java:84)
	at org.testng.internal.Invoker.invokeMethod(Invoker.java:714)
	at org.testng.internal.Invoker.invokeTestMethod(Invoker.java:901)
	at org.testng.internal.Invoker.invokeTestMethods(Invoker.java:1231)
	at org.testng.internal.TestMethodWorker.invokeTestMethods(TestMethodWorker.java:127)
	at org.testng.internal.TestMethodWorker.run(TestMethodWorker.java:111)
	at org.testng.TestRunner.privateRun(TestRunner.java:767)
	at org.testng.TestRunner.run(TestRunner.java:617)
	at org.testng.SuiteRunner.runTest(SuiteRunner.java:334)
	at org.testng.SuiteRunner.runSequentially(SuiteRunner.java:329)
	at org.testng.SuiteRunner.privateRun(SuiteRunner.java:291)
	at org.testng.SuiteRunner.run(SuiteRunner.java:240)
	at org.testng.SuiteRunnerWorker.runSuite(SuiteRunnerWorker.java:52)
	at org.testng.SuiteRunnerWorker.run(SuiteRunnerWorker.java:86)
	at org.testng.TestNG.runSuitesSequentially(TestNG.java:1224)
	at org.testng.TestNG.runSuitesLocally(TestNG.java:1149)
	at org.testng.TestNG.run(TestNG.java:1057)
	at org.testng.remote.RemoteTestNG.run(RemoteTestNG.java:111)
	at org.testng.remote.RemoteTestNG.initAndRun(RemoteTestNG.java:204)
	at org.testng.remote.RemoteTestNG.main(RemoteTestNG.java:175)
Oct 27,2016 14:07:05 [info]  End Execution of Test Class com.primeresponse.testcases.Training.Pdf_DownloadRecommendedGuideLine
*****************************************************************************

*****************************************************************************
Oct 27,2016 14:15:09 [info]   Execution Started of Test Class com.primeresponse.testcases.Training.Pdf_DownloadRecommendedGuideLine and Test method testPdf_DownloadRecommendedGuideLine
*****************************************************************************
Oct 27,2016 14:15:20 [info]  open application giturl
Oct 27,2016 14:17:14 [info]  log-in into application
Oct 27,2016 14:17:15 [info]  Select Selenium Test Account if not selected
Oct 27,2016 14:17:27 [info]  Go to Training page
Oct 27,2016 14:17:27 [info]  End Execution of Test Class com.primeresponse.testcases.Training.Pdf_DownloadRecommendedGuideLine
*****************************************************************************

*****************************************************************************
Oct 27,2016 14:20:30 [info]   Execution Started of Test Class com.primeresponse.testcases.Web.Create_GoogleCampaigns and Test method testCreate_GoogleCampaigns
*****************************************************************************
Oct 27,2016 14:20:41 [info]  open application giturl
Oct 27,2016 14:22:15 [info]  log-in into application
Oct 27,2016 14:22:15 [info]  Select Selenium Test Account if not selected
Oct 27,2016 14:22:27 [info]  Go to Web > Google Campaigns
Oct 27,2016 14:22:44 [info]  Verify process to create 'Google Campaigns
Oct 27,2016 14:24:51 [info]  Oct 27,2016 14:24:51 [info]  <<<<<<<<<<<<<<<<<<<<<<<<<<<<<<<<<< Error message >>>>>>>>>>>>>>>>>>>>>>>>>>>>>>
java.lang.AssertionError: Element Locator ://div[@id='flash_notice']/div Not found expected [true] but found [false]
	at org.testng.Assert.fail(Assert.java:94)
	at org.testng.Assert.failNotEquals(Assert.java:494)
	at org.testng.Assert.assertTrue(Assert.java:42)
	at com.primeresponse.util.DriverHelper.isTextPresent(DriverHelper.java:291)
	at com.primeresponse.pagehelper.HeaderHelper.checkSuccessMessage(HeaderHelper.java:27)
	at com.primeresponse.testcases.Web.Create_GoogleCampaigns.testCreate_GoogleCampaigns(Create_GoogleCampaigns.java:47)
	at sun.reflect.NativeMethodAccessorImpl.invoke0(Native Method)
	at sun.reflect.NativeMethodAccessorImpl.invoke(Unknown Source)
	at sun.reflect.DelegatingMethodAccessorImpl.invoke(Unknown Source)
	at java.lang.reflect.Method.invoke(Unknown Source)
	at org.testng.internal.MethodInvocationHelper.invokeMethod(MethodInvocationHelper.java:84)
	at org.testng.internal.Invoker.invokeMethod(Invoker.java:714)
	at org.testng.internal.Invoker.invokeTestMethod(Invoker.java:901)
	at org.testng.internal.Invoker.invokeTestMethods(Invoker.java:1231)
	at org.testng.internal.TestMethodWorker.invokeTestMethods(TestMethodWorker.java:127)
	at org.testng.internal.TestMethodWorker.run(TestMethodWorker.java:111)
	at org.testng.TestRunner.privateRun(TestRunner.java:767)
	at org.testng.TestRunner.run(TestRunner.java:617)
	at org.testng.SuiteRunner.runTest(SuiteRunner.java:334)
	at org.testng.SuiteRunner.runSequentially(SuiteRunner.java:329)
	at org.testng.SuiteRunner.privateRun(SuiteRunner.java:291)
	at org.testng.SuiteRunner.run(SuiteRunner.java:240)
	at org.testng.SuiteRunnerWorker.runSuite(SuiteRunnerWorker.java:52)
	at org.testng.SuiteRunnerWorker.run(SuiteRunnerWorker.java:86)
	at org.testng.TestNG.runSuitesSequentially(TestNG.java:1224)
	at org.testng.TestNG.runSuitesLocally(TestNG.java:1149)
	at org.testng.TestNG.run(TestNG.java:1057)
	at org.testng.remote.RemoteTestNG.run(RemoteTestNG.java:111)
	at org.testng.remote.RemoteTestNG.initAndRun(RemoteTestNG.java:204)
	at org.testng.remote.RemoteTestNG.main(RemoteTestNG.java:175)
Oct 27,2016 14:24:51 [info]  End Execution of Test Class com.primeresponse.testcases.Web.Create_GoogleCampaigns
*****************************************************************************

*****************************************************************************
Oct 27,2016 14:29:56 [info]   Execution Started of Test Class com.primeresponse.testcases.Web.Create_LandingPages and Test method testCreate_LandingPages
*****************************************************************************
Oct 27,2016 14:30:07 [info]  open application giturl
Oct 27,2016 14:31:42 [info]  log-in into application
Oct 27,2016 14:31:42 [info]  Select Selenium Test Account if not selected
Oct 27,2016 14:31:54 [info]  Go to Web > Landing Pages
Oct 27,2016 14:37:02 [info]  Oct 27,2016 14:37:02 [info]  <<<<<<<<<<<<<<<<<<<<<<<<<<<<<<<<<< Error message >>>>>>>>>>>>>>>>>>>>>>>>>>>>>>
java.lang.AssertionError: Element Locator ://span[contains(text(),'New Landing Page')] Not found expected [true] but found [false]
	at org.testng.Assert.fail(Assert.java:94)
	at org.testng.Assert.failNotEquals(Assert.java:494)
	at org.testng.Assert.assertTrue(Assert.java:42)
	at com.primeresponse.util.DriverHelper.clickOn(DriverHelper.java:238)
	at com.primeresponse.pagehelper.WebHelper.create_LandingPages(WebHelper.java:243)
	at com.primeresponse.testcases.Web.Create_LandingPages.testCreate_LandingPages(Create_LandingPages.java:42)
	at sun.reflect.NativeMethodAccessorImpl.invoke0(Native Method)
	at sun.reflect.NativeMethodAccessorImpl.invoke(Unknown Source)
	at sun.reflect.DelegatingMethodAccessorImpl.invoke(Unknown Source)
	at java.lang.reflect.Method.invoke(Unknown Source)
	at org.testng.internal.MethodInvocationHelper.invokeMethod(MethodInvocationHelper.java:84)
	at org.testng.internal.Invoker.invokeMethod(Invoker.java:714)
	at org.testng.internal.Invoker.invokeTestMethod(Invoker.java:901)
	at org.testng.internal.Invoker.invokeTestMethods(Invoker.java:1231)
	at org.testng.internal.TestMethodWorker.invokeTestMethods(TestMethodWorker.java:127)
	at org.testng.internal.TestMethodWorker.run(TestMethodWorker.java:111)
	at org.testng.TestRunner.privateRun(TestRunner.java:767)
	at org.testng.TestRunner.run(TestRunner.java:617)
	at org.testng.SuiteRunner.runTest(SuiteRunner.java:334)
	at org.testng.SuiteRunner.runSequentially(SuiteRunner.java:329)
	at org.testng.SuiteRunner.privateRun(SuiteRunner.java:291)
	at org.testng.SuiteRunner.run(SuiteRunner.java:240)
	at org.testng.SuiteRunnerWorker.runSuite(SuiteRunnerWorker.java:52)
	at org.testng.SuiteRunnerWorker.run(SuiteRunnerWorker.java:86)
	at org.testng.TestNG.runSuitesSequentially(TestNG.java:1224)
	at org.testng.TestNG.runSuitesLocally(TestNG.java:1149)
	at org.testng.TestNG.run(TestNG.java:1057)
	at org.testng.remote.RemoteTestNG.run(RemoteTestNG.java:111)
	at org.testng.remote.RemoteTestNG.initAndRun(RemoteTestNG.java:204)
	at org.testng.remote.RemoteTestNG.main(RemoteTestNG.java:175)
Oct 27,2016 14:37:02 [info]  End Execution of Test Class com.primeresponse.testcases.Web.Create_LandingPages
*****************************************************************************

*****************************************************************************
Oct 27,2016 14:39:48 [info]   Execution Started of Test Class com.primeresponse.testcases.Web.Create_NewSearchEngineResultPage and Test method testCreate_NewSearchEngineResultPage
*****************************************************************************
Oct 27,2016 14:40:02 [info]  open application giturl
Oct 27,2016 14:41:52 [info]  log-in into application
Oct 27,2016 14:41:53 [info]  Select Selenium Test Account if not selected
Oct 27,2016 14:42:05 [info]  Go to Web > SERP Capture
Oct 27,2016 14:42:25 [info]  Verify process to create 'New Search Engine Result Page' 
Oct 27,2016 14:42:26 [info]  success message
Oct 27,2016 14:42:26 [info]  End Execution of Test Class com.primeresponse.testcases.Web.Create_NewSearchEngineResultPage
*****************************************************************************

*****************************************************************************
Oct 27,2016 14:42:45 [info]   Execution Started of Test Class com.primeresponse.testcases.Web.Create_TrackingUrls and Test method testCreate_TrackingUrls
*****************************************************************************
Oct 27,2016 14:42:57 [info]  open application giturl
Oct 27,2016 14:44:21 [info]  log-in into application
Oct 27,2016 14:44:21 [info]  Select Selenium Test Account if not selected
Oct 27,2016 14:44:32 [info]  Go to Web > Tracking URLs
Oct 27,2016 14:49:49 [info]  Oct 27,2016 14:49:49 [info]  <<<<<<<<<<<<<<<<<<<<<<<<<<<<<<<<<< Error message >>>>>>>>>>>>>>>>>>>>>>>>>>>>>>
java.lang.AssertionError: Element Locator ://div[@id='tracking_url_google_campaign_id_chzn']//li[1] Not found expected [true] but found [false]
	at org.testng.Assert.fail(Assert.java:94)
	at org.testng.Assert.failNotEquals(Assert.java:494)
	at org.testng.Assert.assertTrue(Assert.java:42)
	at com.primeresponse.util.DriverHelper.clickOn(DriverHelper.java:238)
	at com.primeresponse.pagehelper.WebHelper.create_TrackingURLs(WebHelper.java:927)
	at com.primeresponse.testcases.Web.Create_TrackingUrls.testCreate_TrackingUrls(Create_TrackingUrls.java:44)
	at sun.reflect.NativeMethodAccessorImpl.invoke0(Native Method)
	at sun.reflect.NativeMethodAccessorImpl.invoke(Unknown Source)
	at sun.reflect.DelegatingMethodAccessorImpl.invoke(Unknown Source)
	at java.lang.reflect.Method.invoke(Unknown Source)
	at org.testng.internal.MethodInvocationHelper.invokeMethod(MethodInvocationHelper.java:84)
	at org.testng.internal.Invoker.invokeMethod(Invoker.java:714)
	at org.testng.internal.Invoker.invokeTestMethod(Invoker.java:901)
	at org.testng.internal.Invoker.invokeTestMethods(Invoker.java:1231)
	at org.testng.internal.TestMethodWorker.invokeTestMethods(TestMethodWorker.java:127)
	at org.testng.internal.TestMethodWorker.run(TestMethodWorker.java:111)
	at org.testng.TestRunner.privateRun(TestRunner.java:767)
	at org.testng.TestRunner.run(TestRunner.java:617)
	at org.testng.SuiteRunner.runTest(SuiteRunner.java:334)
	at org.testng.SuiteRunner.runSequentially(SuiteRunner.java:329)
	at org.testng.SuiteRunner.privateRun(SuiteRunner.java:291)
	at org.testng.SuiteRunner.run(SuiteRunner.java:240)
	at org.testng.SuiteRunnerWorker.runSuite(SuiteRunnerWorker.java:52)
	at org.testng.SuiteRunnerWorker.run(SuiteRunnerWorker.java:86)
	at org.testng.TestNG.runSuitesSequentially(TestNG.java:1224)
	at org.testng.TestNG.runSuitesLocally(TestNG.java:1149)
	at org.testng.TestNG.run(TestNG.java:1057)
	at org.testng.remote.RemoteTestNG.run(RemoteTestNG.java:111)
	at org.testng.remote.RemoteTestNG.initAndRun(RemoteTestNG.java:204)
	at org.testng.remote.RemoteTestNG.main(RemoteTestNG.java:175)
Oct 27,2016 14:49:49 [info]  End Execution of Test Class com.primeresponse.testcases.Web.Create_TrackingUrls
*****************************************************************************

*****************************************************************************
Oct 27,2016 14:50:24 [info]   Execution Started of Test Class com.primeresponse.testcases.Web.Delete_LandingPages and Test method testDelete_LandingPages
*****************************************************************************
Oct 27,2016 14:50:33 [info]  open application giturl
Oct 27,2016 14:52:29 [info]  log-in into application
Oct 27,2016 14:52:29 [info]  Select Selenium Test Account if not selected
Oct 27,2016 14:52:41 [info]  Go to Web > Landing Pages
Oct 27,2016 14:52:41 [info]  Verify process to delete 'Landing Pages
Oct 27,2016 14:54:47 [info]  Oct 27,2016 14:54:47 [info]  <<<<<<<<<<<<<<<<<<<<<<<<<<<<<<<<<< Error message >>>>>>>>>>>>>>>>>>>>>>>>>>>>>>
java.lang.AssertionError: Element Locator ://div[@id='flash_notice']/div Not found expected [true] but found [false]
	at org.testng.Assert.fail(Assert.java:94)
	at org.testng.Assert.failNotEquals(Assert.java:494)
	at org.testng.Assert.assertTrue(Assert.java:42)
	at com.primeresponse.util.DriverHelper.isTextPresent(DriverHelper.java:291)
	at com.primeresponse.pagehelper.HeaderHelper.checkSuccessMessage(HeaderHelper.java:27)
	at com.primeresponse.testcases.Web.Delete_LandingPages.testDelete_LandingPages(Delete_LandingPages.java:46)
	at sun.reflect.NativeMethodAccessorImpl.invoke0(Native Method)
	at sun.reflect.NativeMethodAccessorImpl.invoke(Unknown Source)
	at sun.reflect.DelegatingMethodAccessorImpl.invoke(Unknown Source)
	at java.lang.reflect.Method.invoke(Unknown Source)
	at org.testng.internal.MethodInvocationHelper.invokeMethod(MethodInvocationHelper.java:84)
	at org.testng.internal.Invoker.invokeMethod(Invoker.java:714)
	at org.testng.internal.Invoker.invokeTestMethod(Invoker.java:901)
	at org.testng.internal.Invoker.invokeTestMethods(Invoker.java:1231)
	at org.testng.internal.TestMethodWorker.invokeTestMethods(TestMethodWorker.java:127)
	at org.testng.internal.TestMethodWorker.run(TestMethodWorker.java:111)
	at org.testng.TestRunner.privateRun(TestRunner.java:767)
	at org.testng.TestRunner.run(TestRunner.java:617)
	at org.testng.SuiteRunner.runTest(SuiteRunner.java:334)
	at org.testng.SuiteRunner.runSequentially(SuiteRunner.java:329)
	at org.testng.SuiteRunner.privateRun(SuiteRunner.java:291)
	at org.testng.SuiteRunner.run(SuiteRunner.java:240)
	at org.testng.SuiteRunnerWorker.runSuite(SuiteRunnerWorker.java:52)
	at org.testng.SuiteRunnerWorker.run(SuiteRunnerWorker.java:86)
	at org.testng.TestNG.runSuitesSequentially(TestNG.java:1224)
	at org.testng.TestNG.runSuitesLocally(TestNG.java:1149)
	at org.testng.TestNG.run(TestNG.java:1057)
	at org.testng.remote.RemoteTestNG.run(RemoteTestNG.java:111)
	at org.testng.remote.RemoteTestNG.initAndRun(RemoteTestNG.java:204)
	at org.testng.remote.RemoteTestNG.main(RemoteTestNG.java:175)
Oct 27,2016 14:54:48 [info]  End Execution of Test Class com.primeresponse.testcases.Web.Delete_LandingPages
*****************************************************************************

*****************************************************************************
Oct 27,2016 14:55:29 [info]   Execution Started of Test Class com.primeresponse.testcases.Web.Delete_SearchEngineResultPage and Test method testDelete_SearchEngineResultPage
*****************************************************************************
Oct 27,2016 14:55:40 [info]  open application giturl
Oct 27,2016 14:57:26 [info]  log-in into application
Oct 27,2016 14:57:26 [info]  Select Selenium Test Account if not selected
Oct 27,2016 14:57:39 [info]  Go to Web > SERP Capture
Oct 27,2016 14:57:42 [info]  Method to delete 'Search Engine Result Page'
Oct 27,2016 14:57:48 [info]  success message
Oct 27,2016 14:57:48 [info]  End Execution of Test Class com.primeresponse.testcases.Web.Delete_SearchEngineResultPage
*****************************************************************************

*****************************************************************************
Oct 27,2016 14:58:35 [info]   Execution Started of Test Class com.primeresponse.testcases.Web.Filter_CampaignReport and Test method testFilter_CampaignReport
*****************************************************************************
Oct 27,2016 14:58:49 [info]  open application giturl
Oct 27,2016 15:01:24 [info]  log-in into application
Oct 27,2016 15:01:24 [info]  Select Selenium Test Account if not selected
Oct 27,2016 15:01:35 [info]  Go to Web > Campaigns REport

*****************************************************************************
Oct 27,2016 15:02:27 [info]   Execution Started of Test Class com.primeresponse.testcases.Web.Filter_CampaignReport and Test method testFilter_CampaignReport
*****************************************************************************
Oct 27,2016 15:02:36 [info]  open application giturl
Oct 27,2016 15:03:44 [info]  log-in into application
Oct 27,2016 15:03:44 [info]  Select Selenium Test Account if not selected
Oct 27,2016 15:03:55 [info]  Go to Web > Campaigns REport
Oct 27,2016 15:06:46 [info]  Oct 27,2016 15:06:46 [info]  <<<<<<<<<<<<<<<<<<<<<<<<<<<<<<<<<< Error message >>>>>>>>>>>>>>>>>>>>>>>>>>>>>>
java.lang.AssertionError: Element Locator ://div[@id='google_campaign_id_chzn']//b Not found expected [true] but found [false]
	at org.testng.Assert.fail(Assert.java:94)
	at org.testng.Assert.failNotEquals(Assert.java:494)
	at org.testng.Assert.assertTrue(Assert.java:42)
	at com.primeresponse.util.DriverHelper.clickOn(DriverHelper.java:238)
	at com.primeresponse.pagehelper.WebHelper.filter_CampaignReport(WebHelper.java:866)
	at com.primeresponse.testcases.Web.Filter_CampaignReport.testFilter_CampaignReport(Filter_CampaignReport.java:43)
	at sun.reflect.NativeMethodAccessorImpl.invoke0(Native Method)
	at sun.reflect.NativeMethodAccessorImpl.invoke(Unknown Source)
	at sun.reflect.DelegatingMethodAccessorImpl.invoke(Unknown Source)
	at java.lang.reflect.Method.invoke(Unknown Source)
	at org.testng.internal.MethodInvocationHelper.invokeMethod(MethodInvocationHelper.java:84)
	at org.testng.internal.Invoker.invokeMethod(Invoker.java:714)
	at org.testng.internal.Invoker.invokeTestMethod(Invoker.java:901)
	at org.testng.internal.Invoker.invokeTestMethods(Invoker.java:1231)
	at org.testng.internal.TestMethodWorker.invokeTestMethods(TestMethodWorker.java:127)
	at org.testng.internal.TestMethodWorker.run(TestMethodWorker.java:111)
	at org.testng.TestRunner.privateRun(TestRunner.java:767)
	at org.testng.TestRunner.run(TestRunner.java:617)
	at org.testng.SuiteRunner.runTest(SuiteRunner.java:334)
	at org.testng.SuiteRunner.runSequentially(SuiteRunner.java:329)
	at org.testng.SuiteRunner.privateRun(SuiteRunner.java:291)
	at org.testng.SuiteRunner.run(SuiteRunner.java:240)
	at org.testng.SuiteRunnerWorker.runSuite(SuiteRunnerWorker.java:52)
	at org.testng.SuiteRunnerWorker.run(SuiteRunnerWorker.java:86)
	at org.testng.TestNG.runSuitesSequentially(TestNG.java:1224)
	at org.testng.TestNG.runSuitesLocally(TestNG.java:1149)
	at org.testng.TestNG.run(TestNG.java:1057)
	at org.testng.remote.RemoteTestNG.run(RemoteTestNG.java:111)
	at org.testng.remote.RemoteTestNG.initAndRun(RemoteTestNG.java:204)
	at org.testng.remote.RemoteTestNG.main(RemoteTestNG.java:175)
Oct 27,2016 15:06:46 [info]  End Execution of Test Class com.primeresponse.testcases.Web.Filter_CampaignReport
*****************************************************************************

*****************************************************************************
Oct 27,2016 15:07:17 [info]   Execution Started of Test Class com.primeresponse.testcases.Web.Sort_ReputationSite_AvgTimeOnSite and Test method testSort_ReputationSite_AvgTimeOnSite
*****************************************************************************
Oct 27,2016 15:07:30 [info]  open application giturl
Oct 27,2016 15:09:06 [info]  Oct 27,2016 15:09:06 [info]  <<<<<<<<<<<<<<<<<<<<<<<<<<<<<<<<<< Error message >>>>>>>>>>>>>>>>>>>>>>>>>>>>>>
java.lang.AssertionError: Element Locator ://div[@id='google_campaign_id_chzn']//b Not found expected [true] but found [false]
	at org.testng.Assert.fail(Assert.java:94)
	at org.testng.Assert.failNotEquals(Assert.java:494)
	at org.testng.Assert.assertTrue(Assert.java:42)
	at com.primeresponse.util.DriverHelper.clickOn(DriverHelper.java:238)
	at com.primeresponse.pagehelper.WebHelper.filter_CampaignReport(WebHelper.java:866)
	at com.primeresponse.testcases.Web.Filter_CampaignReport.testFilter_CampaignReport(Filter_CampaignReport.java:43)
	at sun.reflect.NativeMethodAccessorImpl.invoke0(Native Method)
	at sun.reflect.NativeMethodAccessorImpl.invoke(Unknown Source)
	at sun.reflect.DelegatingMethodAccessorImpl.invoke(Unknown Source)
	at java.lang.reflect.Method.invoke(Unknown Source)
	at org.testng.internal.MethodInvocationHelper.invokeMethod(MethodInvocationHelper.java:84)
	at org.testng.internal.Invoker.invokeMethod(Invoker.java:714)
	at org.testng.internal.Invoker.invokeTestMethod(Invoker.java:901)
	at org.testng.internal.Invoker.invokeTestMethods(Invoker.java:1231)
	at org.testng.internal.TestMethodWorker.invokeTestMethods(TestMethodWorker.java:127)
	at org.testng.internal.TestMethodWorker.run(TestMethodWorker.java:111)
	at org.testng.TestRunner.privateRun(TestRunner.java:767)
	at org.testng.TestRunner.run(TestRunner.java:617)
	at org.testng.SuiteRunner.runTest(SuiteRunner.java:334)
	at org.testng.SuiteRunner.runSequentially(SuiteRunner.java:329)
	at org.testng.SuiteRunner.privateRun(SuiteRunner.java:291)
	at org.testng.SuiteRunner.run(SuiteRunner.java:240)
	at org.testng.SuiteRunnerWorker.runSuite(SuiteRunnerWorker.java:52)
	at org.testng.SuiteRunnerWorker.run(SuiteRunnerWorker.java:86)
	at org.testng.TestNG.runSuitesSequentially(TestNG.java:1224)
	at org.testng.TestNG.runSuitesLocally(TestNG.java:1149)
	at org.testng.TestNG.run(TestNG.java:1057)
	at org.testng.remote.RemoteTestNG.run(RemoteTestNG.java:111)
	at org.testng.remote.RemoteTestNG.initAndRun(RemoteTestNG.java:204)
	at org.testng.remote.RemoteTestNG.main(RemoteTestNG.java:175)
Oct 27,2016 15:09:06 [info]  End Execution of Test Class com.primeresponse.testcases.Web.Filter_CampaignReport
*****************************************************************************
Oct 27,2016 15:09:39 [info]  log-in into application
Oct 27,2016 15:09:39 [info]  Select Selenium Test Account if not selected
Oct 27,2016 15:09:50 [info]  Go to Web > Referral Analysis

*****************************************************************************
Oct 27,2016 15:09:53 [info]   Execution Started of Test Class com.primeresponse.testcases.Web.Sort_ReputationSite_TotalReputationTraffic and Test method testSort_ReputationSite_TotalReputationTraffic
*****************************************************************************
Oct 27,2016 15:10:07 [info]  open application giturl
Oct 27,2016 15:12:49 [info]  log-in into application
Oct 27,2016 15:12:50 [info]  Select Selenium Test Account if not selected
Oct 27,2016 15:13:00 [info]  Go to Web > Referral Analysis

*****************************************************************************
Oct 27,2016 15:14:42 [info]   Execution Started of Test Class com.primeresponse.testcases.Web.Sort_ReputationSite_AvgTimeOnSite and Test method testSort_ReputationSite_AvgTimeOnSite
*****************************************************************************
Oct 27,2016 15:14:54 [info]  open application giturl
Oct 27,2016 15:15:00 [info]  Oct 27,2016 15:15:00 [info]  <<<<<<<<<<<<<<<<<<<<<<<<<<<<<<<<<< Error message >>>>>>>>>>>>>>>>>>>>>>>>>>>>>>
java.lang.AssertionError: Element Locator ://div[@id='analytics-tracked-referrals']//th[contains(text(),'Avg Time on Site (minutes)')] Not found expected [true] but found [false]
	at org.testng.Assert.fail(Assert.java:94)
	at org.testng.Assert.failNotEquals(Assert.java:494)
	at org.testng.Assert.assertTrue(Assert.java:42)
	at com.primeresponse.util.DriverHelper.clickOn(DriverHelper.java:238)
	at com.primeresponse.pagehelper.WebHelper.sort_ReputationSite_AvgTimeOnSite(WebHelper.java:591)
	at com.primeresponse.testcases.Web.Sort_ReputationSite_AvgTimeOnSite.testSort_ReputationSite_AvgTimeOnSite(Sort_ReputationSite_AvgTimeOnSite.java:43)
	at sun.reflect.NativeMethodAccessorImpl.invoke0(Native Method)
	at sun.reflect.NativeMethodAccessorImpl.invoke(Unknown Source)
	at sun.reflect.DelegatingMethodAccessorImpl.invoke(Unknown Source)
	at java.lang.reflect.Method.invoke(Unknown Source)
	at org.testng.internal.MethodInvocationHelper.invokeMethod(MethodInvocationHelper.java:84)
	at org.testng.internal.Invoker.invokeMethod(Invoker.java:714)
	at org.testng.internal.Invoker.invokeTestMethod(Invoker.java:901)
	at org.testng.internal.Invoker.invokeTestMethods(Invoker.java:1231)
	at org.testng.internal.TestMethodWorker.invokeTestMethods(TestMethodWorker.java:127)
	at org.testng.internal.TestMethodWorker.run(TestMethodWorker.java:111)
	at org.testng.TestRunner.privateRun(TestRunner.java:767)
	at org.testng.TestRunner.run(TestRunner.java:617)
	at org.testng.SuiteRunner.runTest(SuiteRunner.java:334)
	at org.testng.SuiteRunner.runSequentially(SuiteRunner.java:329)
	at org.testng.SuiteRunner.privateRun(SuiteRunner.java:291)
	at org.testng.SuiteRunner.run(SuiteRunner.java:240)
	at org.testng.SuiteRunnerWorker.runSuite(SuiteRunnerWorker.java:52)
	at org.testng.SuiteRunnerWorker.run(SuiteRunnerWorker.java:86)
	at org.testng.TestNG.runSuitesSequentially(TestNG.java:1224)
	at org.testng.TestNG.runSuitesLocally(TestNG.java:1149)
	at org.testng.TestNG.run(TestNG.java:1057)
	at org.testng.remote.RemoteTestNG.run(RemoteTestNG.java:111)
	at org.testng.remote.RemoteTestNG.initAndRun(RemoteTestNG.java:204)
	at org.testng.remote.RemoteTestNG.main(RemoteTestNG.java:175)
Oct 27,2016 15:15:00 [info]  End Execution of Test Class com.primeresponse.testcases.Web.Sort_ReputationSite_AvgTimeOnSite
*****************************************************************************
Oct 27,2016 15:17:14 [info]  log-in into application
Oct 27,2016 15:17:27 [info]  Go to Web > Referral Analysis

*****************************************************************************
Oct 27,2016 15:18:34 [info]   Execution Started of Test Class com.primeresponse.testcases.Web.Sort_ReputationSiteReferralAvgRating and Test method testSort_ReputationSiteReferralAvgRating
*****************************************************************************
Oct 27,2016 15:18:44 [info]  open application giturl
Oct 27,2016 15:20:19 [info]  log-in into application
Oct 27,2016 15:22:02 [info]  Oct 27,2016 15:22:02 [info]  <<<<<<<<<<<<<<<<<<<<<<<<<<<<<<<<<< Error message >>>>>>>>>>>>>>>>>>>>>>>>>>>>>>
java.lang.AssertionError: Element Locator ://div[@id='analytics-tracked-referrals']//th[contains(text(),'Avg Time on Site (minutes)')] Not found expected [true] but found [false]
	at org.testng.Assert.fail(Assert.java:94)
	at org.testng.Assert.failNotEquals(Assert.java:494)
	at org.testng.Assert.assertTrue(Assert.java:42)
	at com.primeresponse.util.DriverHelper.clickOn(DriverHelper.java:238)
	at com.primeresponse.pagehelper.WebHelper.sort_ReputationSite_AvgTimeOnSite(WebHelper.java:591)
	at com.primeresponse.testcases.Web.Sort_ReputationSite_AvgTimeOnSite.testSort_ReputationSite_AvgTimeOnSite(Sort_ReputationSite_AvgTimeOnSite.java:43)
	at sun.reflect.NativeMethodAccessorImpl.invoke0(Native Method)
	at sun.reflect.NativeMethodAccessorImpl.invoke(Unknown Source)
	at sun.reflect.DelegatingMethodAccessorImpl.invoke(Unknown Source)
	at java.lang.reflect.Method.invoke(Unknown Source)
	at org.testng.internal.MethodInvocationHelper.invokeMethod(MethodInvocationHelper.java:84)
	at org.testng.internal.Invoker.invokeMethod(Invoker.java:714)
	at org.testng.internal.Invoker.invokeTestMethod(Invoker.java:901)
	at org.testng.internal.Invoker.invokeTestMethods(Invoker.java:1231)
	at org.testng.internal.TestMethodWorker.invokeTestMethods(TestMethodWorker.java:127)
	at org.testng.internal.TestMethodWorker.run(TestMethodWorker.java:111)
	at org.testng.TestRunner.privateRun(TestRunner.java:767)
	at org.testng.TestRunner.run(TestRunner.java:617)
	at org.testng.SuiteRunner.runTest(SuiteRunner.java:334)
	at org.testng.SuiteRunner.runSequentially(SuiteRunner.java:329)
	at org.testng.SuiteRunner.privateRun(SuiteRunner.java:291)
	at org.testng.SuiteRunner.run(SuiteRunner.java:240)
	at org.testng.SuiteRunnerWorker.runSuite(SuiteRunnerWorker.java:52)
	at org.testng.SuiteRunnerWorker.run(SuiteRunnerWorker.java:86)
	at org.testng.TestNG.runSuitesSequentially(TestNG.java:1224)
	at org.testng.TestNG.runSuitesLocally(TestNG.java:1149)
	at org.testng.TestNG.run(TestNG.java:1057)
	at org.testng.remote.RemoteTestNG.run(RemoteTestNG.java:111)
	at org.testng.remote.RemoteTestNG.initAndRun(RemoteTestNG.java:204)
	at org.testng.remote.RemoteTestNG.main(RemoteTestNG.java:175)
Oct 27,2016 15:22:03 [info]  End Execution of Test Class com.primeresponse.testcases.Web.Sort_ReputationSite_AvgTimeOnSite
*****************************************************************************
Oct 27,2016 15:25:29 [info]  Oct 27,2016 15:25:29 [info]  <<<<<<<<<<<<<<<<<<<<<<<<<<<<<<<<<< Error message >>>>>>>>>>>>>>>>>>>>>>>>>>>>>>
java.lang.AssertionError: Element Locator ://li[@class='ac_even ac_over']/strong Not found expected [true] but found [false]
	at org.testng.Assert.fail(Assert.java:94)
	at org.testng.Assert.failNotEquals(Assert.java:494)
	at org.testng.Assert.assertTrue(Assert.java:42)
	at com.primeresponse.util.DriverHelper.clickOn(DriverHelper.java:238)
	at com.primeresponse.pagehelper.LoginHelper.selectAccount(LoginHelper.java:49)
	at com.primeresponse.util.DriverTestCase.selectAccount(DriverTestCase.java:122)
	at com.primeresponse.testcases.Web.Sort_ReputationSiteReferralAvgRating.testSort_ReputationSiteReferralAvgRating(Sort_ReputationSiteReferralAvgRating.java:34)
	at sun.reflect.NativeMethodAccessorImpl.invoke0(Native Method)
	at sun.reflect.NativeMethodAccessorImpl.invoke(Unknown Source)
	at sun.reflect.DelegatingMethodAccessorImpl.invoke(Unknown Source)
	at java.lang.reflect.Method.invoke(Unknown Source)
	at org.testng.internal.MethodInvocationHelper.invokeMethod(MethodInvocationHelper.java:84)
	at org.testng.internal.Invoker.invokeMethod(Invoker.java:714)
	at org.testng.internal.Invoker.invokeTestMethod(Invoker.java:901)
	at org.testng.internal.Invoker.invokeTestMethods(Invoker.java:1231)
	at org.testng.internal.TestMethodWorker.invokeTestMethods(TestMethodWorker.java:127)
	at org.testng.internal.TestMethodWorker.run(TestMethodWorker.java:111)
	at org.testng.TestRunner.privateRun(TestRunner.java:767)
	at org.testng.TestRunner.run(TestRunner.java:617)
	at org.testng.SuiteRunner.runTest(SuiteRunner.java:334)
	at org.testng.SuiteRunner.runSequentially(SuiteRunner.java:329)
	at org.testng.SuiteRunner.privateRun(SuiteRunner.java:291)
	at org.testng.SuiteRunner.run(SuiteRunner.java:240)
	at org.testng.SuiteRunnerWorker.runSuite(SuiteRunnerWorker.java:52)
	at org.testng.SuiteRunnerWorker.run(SuiteRunnerWorker.java:86)
	at org.testng.TestNG.runSuitesSequentially(TestNG.java:1224)
	at org.testng.TestNG.runSuitesLocally(TestNG.java:1149)
	at org.testng.TestNG.run(TestNG.java:1057)
	at org.testng.remote.RemoteTestNG.run(RemoteTestNG.java:111)
	at org.testng.remote.RemoteTestNG.initAndRun(RemoteTestNG.java:204)
	at org.testng.remote.RemoteTestNG.main(RemoteTestNG.java:175)
Oct 27,2016 15:25:30 [info]  End Execution of Test Class com.primeresponse.testcases.Web.Sort_ReputationSiteReferralAvgRating
*****************************************************************************

*****************************************************************************
Oct 27,2016 15:28:00 [info]   Execution Started of Test Class com.primeresponse.testcases.Web.Sort_ReputationSiteReferralsNumberOfReviewsCol and Test method testSort_ReputationSiteReferralsNumberOfReviewsCol
*****************************************************************************
Oct 27,2016 15:28:16 [info]  open application giturl

*****************************************************************************
Oct 27,2016 15:28:53 [info]   Execution Started of Test Class com.primeresponse.testcases.Web.Sort_ReputationSiteReferralsNumberOfReviewsCol and Test method testSort_ReputationSiteReferralsNumberOfReviewsCol
*****************************************************************************
Oct 27,2016 15:29:05 [info]  open application giturl
Oct 27,2016 15:30:43 [info]  log-in into application
Oct 27,2016 15:35:54 [info]  Oct 27,2016 15:35:54 [info]  <<<<<<<<<<<<<<<<<<<<<<<<<<<<<<<<<< Error message >>>>>>>>>>>>>>>>>>>>>>>>>>>>>>
java.lang.AssertionError: Element Locator ://li[@class='ac_even ac_over']/strong Not found expected [true] but found [false]
	at org.testng.Assert.fail(Assert.java:94)
	at org.testng.Assert.failNotEquals(Assert.java:494)
	at org.testng.Assert.assertTrue(Assert.java:42)
	at com.primeresponse.util.DriverHelper.clickOn(DriverHelper.java:238)
	at com.primeresponse.pagehelper.LoginHelper.selectAccount(LoginHelper.java:49)
	at com.primeresponse.util.DriverTestCase.selectAccount(DriverTestCase.java:122)
	at com.primeresponse.testcases.Web.Sort_ReputationSiteReferralsNumberOfReviewsCol.testSort_ReputationSiteReferralsNumberOfReviewsCol(Sort_ReputationSiteReferralsNumberOfReviewsCol.java:35)
	at sun.reflect.NativeMethodAccessorImpl.invoke0(Native Method)
	at sun.reflect.NativeMethodAccessorImpl.invoke(Unknown Source)
	at sun.reflect.DelegatingMethodAccessorImpl.invoke(Unknown Source)
	at java.lang.reflect.Method.invoke(Unknown Source)
	at org.testng.internal.MethodInvocationHelper.invokeMethod(MethodInvocationHelper.java:84)
	at org.testng.internal.Invoker.invokeMethod(Invoker.java:714)
	at org.testng.internal.Invoker.invokeTestMethod(Invoker.java:901)
	at org.testng.internal.Invoker.invokeTestMethods(Invoker.java:1231)
	at org.testng.internal.TestMethodWorker.invokeTestMethods(TestMethodWorker.java:127)
	at org.testng.internal.TestMethodWorker.run(TestMethodWorker.java:111)
	at org.testng.TestRunner.privateRun(TestRunner.java:767)
	at org.testng.TestRunner.run(TestRunner.java:617)
	at org.testng.SuiteRunner.runTest(SuiteRunner.java:334)
	at org.testng.SuiteRunner.runSequentially(SuiteRunner.java:329)
	at org.testng.SuiteRunner.privateRun(SuiteRunner.java:291)
	at org.testng.SuiteRunner.run(SuiteRunner.java:240)
	at org.testng.SuiteRunnerWorker.runSuite(SuiteRunnerWorker.java:52)
	at org.testng.SuiteRunnerWorker.run(SuiteRunnerWorker.java:86)
	at org.testng.TestNG.runSuitesSequentially(TestNG.java:1224)
	at org.testng.TestNG.runSuitesLocally(TestNG.java:1149)
	at org.testng.TestNG.run(TestNG.java:1057)
	at org.testng.remote.RemoteTestNG.run(RemoteTestNG.java:111)
	at org.testng.remote.RemoteTestNG.initAndRun(RemoteTestNG.java:204)
	at org.testng.remote.RemoteTestNG.main(RemoteTestNG.java:175)
Oct 27,2016 15:35:54 [info]  End Execution of Test Class com.primeresponse.testcases.Web.Sort_ReputationSiteReferralsNumberOfReviewsCol
*****************************************************************************

*****************************************************************************
Oct 27,2016 15:36:02 [info]   Execution Started of Test Class com.primeresponse.testcases.Web.Verify_CampaignReport and Test method testVerify_CampaignReport
*****************************************************************************
Oct 27,2016 15:36:14 [info]  open application giturl
Oct 27,2016 15:37:53 [info]  log-in into application
Oct 27,2016 15:38:03 [info]  Select Selenium Test Account if not selected
Oct 27,2016 15:38:18 [info]  Go to Web > Campaigns REport
Oct 27,2016 15:38:54 [info]  Verify process to create 'Google Campaigns
Oct 27,2016 15:38:54 [info]  End Execution of Test Class com.primeresponse.testcases.Web.Verify_CampaignReport
*****************************************************************************

*****************************************************************************
Oct 27,2016 15:39:01 [info]   Execution Started of Test Class com.primeresponse.testcases.Web.Sort_SocialSiteReferralBounceRateCol and Test method testSort_SocialSiteReferralBounceRateCol
*****************************************************************************
Oct 27,2016 15:39:11 [info]  open application giturl
Oct 27,2016 15:40:50 [info]  log-in into application
Oct 27,2016 15:40:50 [info]  Select Selenium Test Account if not selected
Oct 27,2016 15:41:01 [info]  Go to Web > Referral Analysis
Oct 27,2016 15:46:12 [info]  Oct 27,2016 15:46:12 [info]  <<<<<<<<<<<<<<<<<<<<<<<<<<<<<<<<<< Error message >>>>>>>>>>>>>>>>>>>>>>>>>>>>>>
java.lang.AssertionError: Element Locator ://div[@id='analytics-social-referrals']//th[contains(text(),'Bounce Rate')]/span Not found expected [true] but found [false]
	at org.testng.Assert.fail(Assert.java:94)
	at org.testng.Assert.failNotEquals(Assert.java:494)
	at org.testng.Assert.assertTrue(Assert.java:42)
	at com.primeresponse.util.DriverHelper.clickOn(DriverHelper.java:238)
	at com.primeresponse.pagehelper.WebHelper.sort_SocialSiteReferralBounceRateCol(WebHelper.java:469)
	at com.primeresponse.testcases.Web.Sort_SocialSiteReferralBounceRateCol.testSort_SocialSiteReferralBounceRateCol(Sort_SocialSiteReferralBounceRateCol.java:42)
	at sun.reflect.NativeMethodAccessorImpl.invoke0(Native Method)
	at sun.reflect.NativeMethodAccessorImpl.invoke(Unknown Source)
	at sun.reflect.DelegatingMethodAccessorImpl.invoke(Unknown Source)
	at java.lang.reflect.Method.invoke(Unknown Source)
	at org.testng.internal.MethodInvocationHelper.invokeMethod(MethodInvocationHelper.java:84)
	at org.testng.internal.Invoker.invokeMethod(Invoker.java:714)
	at org.testng.internal.Invoker.invokeTestMethod(Invoker.java:901)
	at org.testng.internal.Invoker.invokeTestMethods(Invoker.java:1231)
	at org.testng.internal.TestMethodWorker.invokeTestMethods(TestMethodWorker.java:127)
	at org.testng.internal.TestMethodWorker.run(TestMethodWorker.java:111)
	at org.testng.TestRunner.privateRun(TestRunner.java:767)
	at org.testng.TestRunner.run(TestRunner.java:617)
	at org.testng.SuiteRunner.runTest(SuiteRunner.java:334)
	at org.testng.SuiteRunner.runSequentially(SuiteRunner.java:329)
	at org.testng.SuiteRunner.privateRun(SuiteRunner.java:291)
	at org.testng.SuiteRunner.run(SuiteRunner.java:240)
	at org.testng.SuiteRunnerWorker.runSuite(SuiteRunnerWorker.java:52)
	at org.testng.SuiteRunnerWorker.run(SuiteRunnerWorker.java:86)
	at org.testng.TestNG.runSuitesSequentially(TestNG.java:1224)
	at org.testng.TestNG.runSuitesLocally(TestNG.java:1149)
	at org.testng.TestNG.run(TestNG.java:1057)
	at org.testng.remote.RemoteTestNG.run(RemoteTestNG.java:111)
	at org.testng.remote.RemoteTestNG.initAndRun(RemoteTestNG.java:204)
	at org.testng.remote.RemoteTestNG.main(RemoteTestNG.java:175)
Oct 27,2016 15:46:12 [info]  End Execution of Test Class com.primeresponse.testcases.Web.Sort_SocialSiteReferralBounceRateCol
*****************************************************************************

*****************************************************************************
Oct 27,2016 15:46:17 [info]   Execution Started of Test Class com.primeresponse.testcases.Web.Sort_SocialSiteReferralAvgTimeOnSiteCol and Test method testSort_SocialSiteReferralAvgTimeOnSiteCol
*****************************************************************************
Oct 27,2016 15:46:28 [info]  open application giturl
Oct 27,2016 15:47:50 [info]  log-in into application
Oct 27,2016 15:47:51 [info]  Select Selenium Test Account if not selected
Oct 27,2016 15:47:59 [info]  Go to Web > Referral Analysis
Oct 27,2016 15:53:10 [info]  Oct 27,2016 15:53:10 [info]  <<<<<<<<<<<<<<<<<<<<<<<<<<<<<<<<<< Error message >>>>>>>>>>>>>>>>>>>>>>>>>>>>>>
java.lang.AssertionError: Element Locator ://div[@id='analytics-social-referrals']//th[contains(text(),'Avg Time on Site')]/span Not found expected [true] but found [false]
	at org.testng.Assert.fail(Assert.java:94)
	at org.testng.Assert.failNotEquals(Assert.java:494)
	at org.testng.Assert.assertTrue(Assert.java:42)
	at com.primeresponse.util.DriverHelper.clickOn(DriverHelper.java:238)
	at com.primeresponse.pagehelper.WebHelper.sort_SocialSiteReferralAvgTimeOnSiteCol(WebHelper.java:530)
	at com.primeresponse.testcases.Web.Sort_SocialSiteReferralAvgTimeOnSiteCol.testSort_SocialSiteReferralAvgTimeOnSiteCol(Sort_SocialSiteReferralAvgTimeOnSiteCol.java:43)
	at sun.reflect.NativeMethodAccessorImpl.invoke0(Native Method)
	at sun.reflect.NativeMethodAccessorImpl.invoke(Unknown Source)
	at sun.reflect.DelegatingMethodAccessorImpl.invoke(Unknown Source)
	at java.lang.reflect.Method.invoke(Unknown Source)
	at org.testng.internal.MethodInvocationHelper.invokeMethod(MethodInvocationHelper.java:84)
	at org.testng.internal.Invoker.invokeMethod(Invoker.java:714)
	at org.testng.internal.Invoker.invokeTestMethod(Invoker.java:901)
	at org.testng.internal.Invoker.invokeTestMethods(Invoker.java:1231)
	at org.testng.internal.TestMethodWorker.invokeTestMethods(TestMethodWorker.java:127)
	at org.testng.internal.TestMethodWorker.run(TestMethodWorker.java:111)
	at org.testng.TestRunner.privateRun(TestRunner.java:767)
	at org.testng.TestRunner.run(TestRunner.java:617)
	at org.testng.SuiteRunner.runTest(SuiteRunner.java:334)
	at org.testng.SuiteRunner.runSequentially(SuiteRunner.java:329)
	at org.testng.SuiteRunner.privateRun(SuiteRunner.java:291)
	at org.testng.SuiteRunner.run(SuiteRunner.java:240)
	at org.testng.SuiteRunnerWorker.runSuite(SuiteRunnerWorker.java:52)
	at org.testng.SuiteRunnerWorker.run(SuiteRunnerWorker.java:86)
	at org.testng.TestNG.runSuitesSequentially(TestNG.java:1224)
	at org.testng.TestNG.runSuitesLocally(TestNG.java:1149)
	at org.testng.TestNG.run(TestNG.java:1057)
	at org.testng.remote.RemoteTestNG.run(RemoteTestNG.java:111)
	at org.testng.remote.RemoteTestNG.initAndRun(RemoteTestNG.java:204)
	at org.testng.remote.RemoteTestNG.main(RemoteTestNG.java:175)
Oct 27,2016 15:53:10 [info]  End Execution of Test Class com.primeresponse.testcases.Web.Sort_SocialSiteReferralAvgTimeOnSiteCol
*****************************************************************************

*****************************************************************************
Oct 27,2016 15:53:16 [info]   Execution Started of Test Class com.primeresponse.testcases.Web.Delete_LandingPages and Test method testDelete_LandingPages
*****************************************************************************
Oct 27,2016 15:53:27 [info]  open application giturl
Oct 27,2016 15:55:20 [info]  log-in into application
Oct 27,2016 15:55:20 [info]  Select Selenium Test Account if not selected
Oct 27,2016 15:55:32 [info]  Go to Web > Landing Pages
Oct 27,2016 15:55:32 [info]  Verify process to delete 'Landing Pages
Oct 27,2016 15:57:39 [info]  Oct 27,2016 15:57:39 [info]  <<<<<<<<<<<<<<<<<<<<<<<<<<<<<<<<<< Error message >>>>>>>>>>>>>>>>>>>>>>>>>>>>>>
java.lang.AssertionError: Element Locator ://div[@id='flash_notice']/div Not found expected [true] but found [false]
	at org.testng.Assert.fail(Assert.java:94)
	at org.testng.Assert.failNotEquals(Assert.java:494)
	at org.testng.Assert.assertTrue(Assert.java:42)
	at com.primeresponse.util.DriverHelper.isTextPresent(DriverHelper.java:291)
	at com.primeresponse.pagehelper.HeaderHelper.checkSuccessMessage(HeaderHelper.java:27)
	at com.primeresponse.testcases.Web.Delete_LandingPages.testDelete_LandingPages(Delete_LandingPages.java:46)
	at sun.reflect.NativeMethodAccessorImpl.invoke0(Native Method)
	at sun.reflect.NativeMethodAccessorImpl.invoke(Unknown Source)
	at sun.reflect.DelegatingMethodAccessorImpl.invoke(Unknown Source)
	at java.lang.reflect.Method.invoke(Unknown Source)
	at org.testng.internal.MethodInvocationHelper.invokeMethod(MethodInvocationHelper.java:84)
	at org.testng.internal.Invoker.invokeMethod(Invoker.java:714)
	at org.testng.internal.Invoker.invokeTestMethod(Invoker.java:901)
	at org.testng.internal.Invoker.invokeTestMethods(Invoker.java:1231)
	at org.testng.internal.TestMethodWorker.invokeTestMethods(TestMethodWorker.java:127)
	at org.testng.internal.TestMethodWorker.run(TestMethodWorker.java:111)
	at org.testng.TestRunner.privateRun(TestRunner.java:767)
	at org.testng.TestRunner.run(TestRunner.java:617)
	at org.testng.SuiteRunner.runTest(SuiteRunner.java:334)
	at org.testng.SuiteRunner.runSequentially(SuiteRunner.java:329)
	at org.testng.SuiteRunner.privateRun(SuiteRunner.java:291)
	at org.testng.SuiteRunner.run(SuiteRunner.java:240)
	at org.testng.SuiteRunnerWorker.runSuite(SuiteRunnerWorker.java:52)
	at org.testng.SuiteRunnerWorker.run(SuiteRunnerWorker.java:86)
	at org.testng.TestNG.runSuitesSequentially(TestNG.java:1224)
	at org.testng.TestNG.runSuitesLocally(TestNG.java:1149)
	at org.testng.TestNG.run(TestNG.java:1057)
	at org.testng.remote.RemoteTestNG.run(RemoteTestNG.java:111)
	at org.testng.remote.RemoteTestNG.initAndRun(RemoteTestNG.java:204)
	at org.testng.remote.RemoteTestNG.main(RemoteTestNG.java:175)
Oct 27,2016 15:57:39 [info]  End Execution of Test Class com.primeresponse.testcases.Web.Delete_LandingPages
*****************************************************************************

*****************************************************************************
Oct 27,2016 15:57:46 [info]   Execution Started of Test Class com.primeresponse.testcases.Web.Filter_CampaignReport and Test method testFilter_CampaignReport
*****************************************************************************
Oct 27,2016 15:57:56 [info]  open application giturl
Oct 27,2016 15:59:28 [info]  log-in into application
Oct 27,2016 15:59:28 [info]  Select Selenium Test Account if not selected
Oct 27,2016 15:59:39 [info]  Go to Web > Campaigns REport
Oct 27,2016 16:04:50 [info]  Oct 27,2016 16:04:50 [info]  <<<<<<<<<<<<<<<<<<<<<<<<<<<<<<<<<< Error message >>>>>>>>>>>>>>>>>>>>>>>>>>>>>>
java.lang.AssertionError: Element Locator ://div[@id='google_campaign_id_chzn']//b Not found expected [true] but found [false]
	at org.testng.Assert.fail(Assert.java:94)
	at org.testng.Assert.failNotEquals(Assert.java:494)
	at org.testng.Assert.assertTrue(Assert.java:42)
	at com.primeresponse.util.DriverHelper.clickOn(DriverHelper.java:238)
	at com.primeresponse.pagehelper.WebHelper.filter_CampaignReport(WebHelper.java:866)
	at com.primeresponse.testcases.Web.Filter_CampaignReport.testFilter_CampaignReport(Filter_CampaignReport.java:43)
	at sun.reflect.NativeMethodAccessorImpl.invoke0(Native Method)
	at sun.reflect.NativeMethodAccessorImpl.invoke(Unknown Source)
	at sun.reflect.DelegatingMethodAccessorImpl.invoke(Unknown Source)
	at java.lang.reflect.Method.invoke(Unknown Source)
	at org.testng.internal.MethodInvocationHelper.invokeMethod(MethodInvocationHelper.java:84)
	at org.testng.internal.Invoker.invokeMethod(Invoker.java:714)
	at org.testng.internal.Invoker.invokeTestMethod(Invoker.java:901)
	at org.testng.internal.Invoker.invokeTestMethods(Invoker.java:1231)
	at org.testng.internal.TestMethodWorker.invokeTestMethods(TestMethodWorker.java:127)
	at org.testng.internal.TestMethodWorker.run(TestMethodWorker.java:111)
	at org.testng.TestRunner.privateRun(TestRunner.java:767)
	at org.testng.TestRunner.run(TestRunner.java:617)
	at org.testng.SuiteRunner.runTest(SuiteRunner.java:334)
	at org.testng.SuiteRunner.runSequentially(SuiteRunner.java:329)
	at org.testng.SuiteRunner.privateRun(SuiteRunner.java:291)
	at org.testng.SuiteRunner.run(SuiteRunner.java:240)
	at org.testng.SuiteRunnerWorker.runSuite(SuiteRunnerWorker.java:52)
	at org.testng.SuiteRunnerWorker.run(SuiteRunnerWorker.java:86)
	at org.testng.TestNG.runSuitesSequentially(TestNG.java:1224)
	at org.testng.TestNG.runSuitesLocally(TestNG.java:1149)
	at org.testng.TestNG.run(TestNG.java:1057)
	at org.testng.remote.RemoteTestNG.run(RemoteTestNG.java:111)
	at org.testng.remote.RemoteTestNG.initAndRun(RemoteTestNG.java:204)
	at org.testng.remote.RemoteTestNG.main(RemoteTestNG.java:175)
Oct 27,2016 16:04:50 [info]  End Execution of Test Class com.primeresponse.testcases.Web.Filter_CampaignReport
*****************************************************************************

*****************************************************************************
Oct 27,2016 16:04:58 [info]   Execution Started of Test Class com.primeresponse.testcases.Web.Verify_Utm_ContentParameter and Test method testVerify_Utm_ContentParameter
*****************************************************************************
Oct 27,2016 16:05:09 [info]  open application giturl
Oct 27,2016 16:06:39 [info]  log-in into application
Oct 27,2016 16:06:39 [info]  Select Selenium Test Account if not selected
Oct 27,2016 16:06:54 [info]  Go to Web > Tracking URLs
Oct 27,2016 16:06:54 [info]  Oct 27,2016 16:06:54 [info]  <<<<<<<<<<<<<<<<<<<<<<<<<<<<<<<<<< Error message >>>>>>>>>>>>>>>>>>>>>>>>>>>>>>
java.lang.AssertionError: expected [rogres] but found [Testing is in progress...]
	at org.testng.Assert.fail(Assert.java:94)
	at org.testng.Assert.failNotEquals(Assert.java:494)
	at org.testng.Assert.assertEquals(Assert.java:123)
	at org.testng.Assert.assertEquals(Assert.java:176)
	at org.testng.Assert.assertEquals(Assert.java:186)
	at com.primeresponse.pagehelper.WebHelper.verify_Utm_ContentParameter(WebHelper.java:955)
	at com.primeresponse.testcases.Web.Verify_Utm_ContentParameter.testVerify_Utm_ContentParameter(Verify_Utm_ContentParameter.java:42)
	at sun.reflect.NativeMethodAccessorImpl.invoke0(Native Method)
	at sun.reflect.NativeMethodAccessorImpl.invoke(Unknown Source)
	at sun.reflect.DelegatingMethodAccessorImpl.invoke(Unknown Source)
	at java.lang.reflect.Method.invoke(Unknown Source)
	at org.testng.internal.MethodInvocationHelper.invokeMethod(MethodInvocationHelper.java:84)
	at org.testng.internal.Invoker.invokeMethod(Invoker.java:714)
	at org.testng.internal.Invoker.invokeTestMethod(Invoker.java:901)
	at org.testng.internal.Invoker.invokeTestMethods(Invoker.java:1231)
	at org.testng.internal.TestMethodWorker.invokeTestMethods(TestMethodWorker.java:127)
	at org.testng.internal.TestMethodWorker.run(TestMethodWorker.java:111)
	at org.testng.TestRunner.privateRun(TestRunner.java:767)
	at org.testng.TestRunner.run(TestRunner.java:617)
	at org.testng.SuiteRunner.runTest(SuiteRunner.java:334)
	at org.testng.SuiteRunner.runSequentially(SuiteRunner.java:329)
	at org.testng.SuiteRunner.privateRun(SuiteRunner.java:291)
	at org.testng.SuiteRunner.run(SuiteRunner.java:240)
	at org.testng.SuiteRunnerWorker.runSuite(SuiteRunnerWorker.java:52)
	at org.testng.SuiteRunnerWorker.run(SuiteRunnerWorker.java:86)
	at org.testng.TestNG.runSuitesSequentially(TestNG.java:1224)
	at org.testng.TestNG.runSuitesLocally(TestNG.java:1149)
	at org.testng.TestNG.run(TestNG.java:1057)
	at org.testng.remote.RemoteTestNG.run(RemoteTestNG.java:111)
	at org.testng.remote.RemoteTestNG.initAndRun(RemoteTestNG.java:204)
	at org.testng.remote.RemoteTestNG.main(RemoteTestNG.java:175)
Oct 27,2016 16:06:54 [info]  End Execution of Test Class com.primeresponse.testcases.Web.Verify_Utm_ContentParameter
*****************************************************************************

*****************************************************************************
Oct 27,2016 16:07:02 [info]   Execution Started of Test Class com.primeresponse.testcases.Web.Create_LandingPages and Test method testCreate_LandingPages
*****************************************************************************
Oct 27,2016 16:07:12 [info]  open application giturl
Oct 27,2016 16:08:37 [info]  log-in into application
Oct 27,2016 16:08:38 [info]  Select Selenium Test Account if not selected
Oct 27,2016 16:08:49 [info]  Go to Web > Landing Pages
Oct 27,2016 16:13:58 [info]  Oct 27,2016 16:13:58 [info]  <<<<<<<<<<<<<<<<<<<<<<<<<<<<<<<<<< Error message >>>>>>>>>>>>>>>>>>>>>>>>>>>>>>
java.lang.AssertionError: Element Locator ://span[contains(text(),'New Landing Page')] Not found expected [true] but found [false]
	at org.testng.Assert.fail(Assert.java:94)
	at org.testng.Assert.failNotEquals(Assert.java:494)
	at org.testng.Assert.assertTrue(Assert.java:42)
	at com.primeresponse.util.DriverHelper.clickOn(DriverHelper.java:238)
	at com.primeresponse.pagehelper.WebHelper.create_LandingPages(WebHelper.java:243)
	at com.primeresponse.testcases.Web.Create_LandingPages.testCreate_LandingPages(Create_LandingPages.java:42)
	at sun.reflect.NativeMethodAccessorImpl.invoke0(Native Method)
	at sun.reflect.NativeMethodAccessorImpl.invoke(Unknown Source)
	at sun.reflect.DelegatingMethodAccessorImpl.invoke(Unknown Source)
	at java.lang.reflect.Method.invoke(Unknown Source)
	at org.testng.internal.MethodInvocationHelper.invokeMethod(MethodInvocationHelper.java:84)
	at org.testng.internal.Invoker.invokeMethod(Invoker.java:714)
	at org.testng.internal.Invoker.invokeTestMethod(Invoker.java:901)
	at org.testng.internal.Invoker.invokeTestMethods(Invoker.java:1231)
	at org.testng.internal.TestMethodWorker.invokeTestMethods(TestMethodWorker.java:127)
	at org.testng.internal.TestMethodWorker.run(TestMethodWorker.java:111)
	at org.testng.TestRunner.privateRun(TestRunner.java:767)
	at org.testng.TestRunner.run(TestRunner.java:617)
	at org.testng.SuiteRunner.runTest(SuiteRunner.java:334)
	at org.testng.SuiteRunner.runSequentially(SuiteRunner.java:329)
	at org.testng.SuiteRunner.privateRun(SuiteRunner.java:291)
	at org.testng.SuiteRunner.run(SuiteRunner.java:240)
	at org.testng.SuiteRunnerWorker.runSuite(SuiteRunnerWorker.java:52)
	at org.testng.SuiteRunnerWorker.run(SuiteRunnerWorker.java:86)
	at org.testng.TestNG.runSuitesSequentially(TestNG.java:1224)
	at org.testng.TestNG.runSuitesLocally(TestNG.java:1149)
	at org.testng.TestNG.run(TestNG.java:1057)
	at org.testng.remote.RemoteTestNG.run(RemoteTestNG.java:111)
	at org.testng.remote.RemoteTestNG.initAndRun(RemoteTestNG.java:204)
	at org.testng.remote.RemoteTestNG.main(RemoteTestNG.java:175)
Oct 27,2016 16:13:58 [info]  End Execution of Test Class com.primeresponse.testcases.Web.Create_LandingPages
*****************************************************************************

*****************************************************************************
Oct 27,2016 16:14:05 [info]   Execution Started of Test Class com.primeresponse.testcases.Web.Delete_SearchEngineResultPage and Test method testDelete_SearchEngineResultPage
*****************************************************************************
Oct 27,2016 16:14:14 [info]  open application giturl
Oct 27,2016 16:15:21 [info]  log-in into application
Oct 27,2016 16:15:22 [info]  Select Selenium Test Account if not selected
Oct 27,2016 16:15:34 [info]  Go to Web > SERP Capture
Oct 27,2016 16:15:38 [info]  Method to delete 'Search Engine Result Page'
Oct 27,2016 16:15:45 [info]  success message
Oct 27,2016 16:15:45 [info]  End Execution of Test Class com.primeresponse.testcases.Web.Delete_SearchEngineResultPage
*****************************************************************************

*****************************************************************************
Oct 27,2016 16:15:51 [info]   Execution Started of Test Class com.primeresponse.testcases.Web.Sort_SocialSiteRefTotalSocialTraffic and Test method testSort_SocialSiteRefTotalSocialTraffic
*****************************************************************************
Oct 27,2016 16:16:00 [info]  open application giturl
Oct 27,2016 16:17:24 [info]  log-in into application
Oct 27,2016 16:17:24 [info]  Select Selenium Test Account if not selected
Oct 27,2016 16:17:36 [info]  Go to Web > Referral Analysis
Oct 27,2016 16:22:47 [info]  Oct 27,2016 16:22:47 [info]  <<<<<<<<<<<<<<<<<<<<<<<<<<<<<<<<<< Error message >>>>>>>>>>>>>>>>>>>>>>>>>>>>>>
java.lang.AssertionError: Element Locator ://div[@id='analytics-social-referrals']//th[contains(text(),'of Total Social Traffic')]/span Not found expected [true] but found [false]
	at org.testng.Assert.fail(Assert.java:94)
	at org.testng.Assert.failNotEquals(Assert.java:494)
	at org.testng.Assert.assertTrue(Assert.java:42)
	at com.primeresponse.util.DriverHelper.clickOn(DriverHelper.java:238)
	at com.primeresponse.pagehelper.WebHelper.sort_SocialSiteRefTotalSocialTraffic(WebHelper.java:712)
	at com.primeresponse.testcases.Web.Sort_SocialSiteRefTotalSocialTraffic.testSort_SocialSiteRefTotalSocialTraffic(Sort_SocialSiteRefTotalSocialTraffic.java:43)
	at sun.reflect.NativeMethodAccessorImpl.invoke0(Native Method)
	at sun.reflect.NativeMethodAccessorImpl.invoke(Unknown Source)
	at sun.reflect.DelegatingMethodAccessorImpl.invoke(Unknown Source)
	at java.lang.reflect.Method.invoke(Unknown Source)
	at org.testng.internal.MethodInvocationHelper.invokeMethod(MethodInvocationHelper.java:84)
	at org.testng.internal.Invoker.invokeMethod(Invoker.java:714)
	at org.testng.internal.Invoker.invokeTestMethod(Invoker.java:901)
	at org.testng.internal.Invoker.invokeTestMethods(Invoker.java:1231)
	at org.testng.internal.TestMethodWorker.invokeTestMethods(TestMethodWorker.java:127)
	at org.testng.internal.TestMethodWorker.run(TestMethodWorker.java:111)
	at org.testng.TestRunner.privateRun(TestRunner.java:767)
	at org.testng.TestRunner.run(TestRunner.java:617)
	at org.testng.SuiteRunner.runTest(SuiteRunner.java:334)
	at org.testng.SuiteRunner.runSequentially(SuiteRunner.java:329)
	at org.testng.SuiteRunner.privateRun(SuiteRunner.java:291)
	at org.testng.SuiteRunner.run(SuiteRunner.java:240)
	at org.testng.SuiteRunnerWorker.runSuite(SuiteRunnerWorker.java:52)
	at org.testng.SuiteRunnerWorker.run(SuiteRunnerWorker.java:86)
	at org.testng.TestNG.runSuitesSequentially(TestNG.java:1224)
	at org.testng.TestNG.runSuitesLocally(TestNG.java:1149)
	at org.testng.TestNG.run(TestNG.java:1057)
	at org.testng.remote.RemoteTestNG.run(RemoteTestNG.java:111)
	at org.testng.remote.RemoteTestNG.initAndRun(RemoteTestNG.java:204)
	at org.testng.remote.RemoteTestNG.main(RemoteTestNG.java:175)
Oct 27,2016 16:22:48 [info]  End Execution of Test Class com.primeresponse.testcases.Web.Sort_SocialSiteRefTotalSocialTraffic
*****************************************************************************

*****************************************************************************
Oct 27,2016 16:22:57 [info]   Execution Started of Test Class com.primeresponse.testcases.Web.Verify_OnOffGoogleCampaigns and Test method testVerify_OnOffGoogleCampaigns
*****************************************************************************
Oct 27,2016 16:23:11 [info]  open application giturl
Oct 27,2016 16:24:29 [info]  log-in into application
Oct 27,2016 16:24:30 [info]  Select Selenium Test Account if not selected
Oct 27,2016 16:24:43 [info]  Go to Web > Google Campaigns
Oct 27,2016 16:24:46 [info]  Fetch total google campaigns
Oct 27,2016 16:25:06 [info]  Go to Social > Content
Oct 27,2016 16:33:01 [info]  Oct 27,2016 16:33:01 [info]  <<<<<<<<<<<<<<<<<<<<<<<<<<<<<<<<<< Error message >>>>>>>>>>>>>>>>>>>>>>>>>>>>>>
java.lang.AssertionError: Element Locator ://div[1]/div/a/i[@class='icon-edit'] Not found expected [true] but found [false]
	at org.testng.Assert.fail(Assert.java:94)
	at org.testng.Assert.failNotEquals(Assert.java:494)
	at org.testng.Assert.assertTrue(Assert.java:42)
	at com.primeresponse.util.DriverHelper.clickOn(DriverHelper.java:238)
	at com.primeresponse.pagehelper.SocialHelper.verify_GoogleCampaignsOnSiteMapPosts(SocialHelper.java:243)
	at com.primeresponse.testcases.Web.Verify_OnOffGoogleCampaigns.testVerify_OnOffGoogleCampaigns(Verify_OnOffGoogleCampaigns.java:53)
	at sun.reflect.NativeMethodAccessorImpl.invoke0(Native Method)
	at sun.reflect.NativeMethodAccessorImpl.invoke(Unknown Source)
	at sun.reflect.DelegatingMethodAccessorImpl.invoke(Unknown Source)
	at java.lang.reflect.Method.invoke(Unknown Source)
	at org.testng.internal.MethodInvocationHelper.invokeMethod(MethodInvocationHelper.java:84)
	at org.testng.internal.Invoker.invokeMethod(Invoker.java:714)
	at org.testng.internal.Invoker.invokeTestMethod(Invoker.java:901)
	at org.testng.internal.Invoker.invokeTestMethods(Invoker.java:1231)
	at org.testng.internal.TestMethodWorker.invokeTestMethods(TestMethodWorker.java:127)
	at org.testng.internal.TestMethodWorker.run(TestMethodWorker.java:111)
	at org.testng.TestRunner.privateRun(TestRunner.java:767)
	at org.testng.TestRunner.run(TestRunner.java:617)
	at org.testng.SuiteRunner.runTest(SuiteRunner.java:334)
	at org.testng.SuiteRunner.runSequentially(SuiteRunner.java:329)
	at org.testng.SuiteRunner.privateRun(SuiteRunner.java:291)
	at org.testng.SuiteRunner.run(SuiteRunner.java:240)
	at org.testng.SuiteRunnerWorker.runSuite(SuiteRunnerWorker.java:52)
	at org.testng.SuiteRunnerWorker.run(SuiteRunnerWorker.java:86)
	at org.testng.TestNG.runSuitesSequentially(TestNG.java:1224)
	at org.testng.TestNG.runSuitesLocally(TestNG.java:1149)
	at org.testng.TestNG.run(TestNG.java:1057)
	at org.testng.remote.RemoteTestNG.run(RemoteTestNG.java:111)
	at org.testng.remote.RemoteTestNG.initAndRun(RemoteTestNG.java:204)
	at org.testng.remote.RemoteTestNG.main(RemoteTestNG.java:175)
Oct 27,2016 16:33:01 [info]  End Execution of Test Class com.primeresponse.testcases.Web.Verify_OnOffGoogleCampaigns
*****************************************************************************

*****************************************************************************
Oct 27,2016 16:33:08 [info]   Execution Started of Test Class com.primeresponse.testcases.Web.Verify_GoogleCampaignsOnReport and Test method testVerify_GoogleCampaignsOnReport
*****************************************************************************
Oct 27,2016 16:33:21 [info]  open application giturl
Oct 27,2016 16:35:15 [info]  log-in into application
Oct 27,2016 16:35:15 [info]  Select Selenium Test Account if not selected
Oct 27,2016 16:35:27 [info]  Go to Web > Google Campaigns
Oct 27,2016 16:35:31 [info]  Fetch total google campaigns
Oct 27,2016 16:35:43 [info]  Go to Web > Campaigns REport
Oct 27,2016 16:40:54 [info]  Oct 27,2016 16:40:54 [info]  <<<<<<<<<<<<<<<<<<<<<<<<<<<<<<<<<< Error message >>>>>>>>>>>>>>>>>>>>>>>>>>>>>>
java.lang.AssertionError: Element Locator ://div[@id='google_campaign_id_chzn']/a Not found expected [true] but found [false]
	at org.testng.Assert.fail(Assert.java:94)
	at org.testng.Assert.failNotEquals(Assert.java:494)
	at org.testng.Assert.assertTrue(Assert.java:42)
	at com.primeresponse.util.DriverHelper.clickOn(DriverHelper.java:238)
	at com.primeresponse.pagehelper.WebHelper.verify_GoogleCampaignsOnReport(WebHelper.java:892)
	at com.primeresponse.testcases.Web.Verify_GoogleCampaignsOnReport.testVerify_GoogleCampaignsOnReport(Verify_GoogleCampaignsOnReport.java:54)
	at sun.reflect.NativeMethodAccessorImpl.invoke0(Native Method)
	at sun.reflect.NativeMethodAccessorImpl.invoke(Unknown Source)
	at sun.reflect.DelegatingMethodAccessorImpl.invoke(Unknown Source)
	at java.lang.reflect.Method.invoke(Unknown Source)
	at org.testng.internal.MethodInvocationHelper.invokeMethod(MethodInvocationHelper.java:84)
	at org.testng.internal.Invoker.invokeMethod(Invoker.java:714)
	at org.testng.internal.Invoker.invokeTestMethod(Invoker.java:901)
	at org.testng.internal.Invoker.invokeTestMethods(Invoker.java:1231)
	at org.testng.internal.TestMethodWorker.invokeTestMethods(TestMethodWorker.java:127)
	at org.testng.internal.TestMethodWorker.run(TestMethodWorker.java:111)
	at org.testng.TestRunner.privateRun(TestRunner.java:767)
	at org.testng.TestRunner.run(TestRunner.java:617)
	at org.testng.SuiteRunner.runTest(SuiteRunner.java:334)
	at org.testng.SuiteRunner.runSequentially(SuiteRunner.java:329)
	at org.testng.SuiteRunner.privateRun(SuiteRunner.java:291)
	at org.testng.SuiteRunner.run(SuiteRunner.java:240)
	at org.testng.SuiteRunnerWorker.runSuite(SuiteRunnerWorker.java:52)
	at org.testng.SuiteRunnerWorker.run(SuiteRunnerWorker.java:86)
	at org.testng.TestNG.runSuitesSequentially(TestNG.java:1224)
	at org.testng.TestNG.runSuitesLocally(TestNG.java:1149)
	at org.testng.TestNG.run(TestNG.java:1057)
	at org.testng.remote.RemoteTestNG.run(RemoteTestNG.java:111)
	at org.testng.remote.RemoteTestNG.initAndRun(RemoteTestNG.java:204)
	at org.testng.remote.RemoteTestNG.main(RemoteTestNG.java:175)
Oct 27,2016 16:40:54 [info]  End Execution of Test Class com.primeresponse.testcases.Web.Verify_GoogleCampaignsOnReport
*****************************************************************************

*****************************************************************************
Oct 27,2016 16:41:02 [info]   Execution Started of Test Class com.primeresponse.testcases.Web.Create_TrackingUrls and Test method testCreate_TrackingUrls
*****************************************************************************
Oct 27,2016 16:41:12 [info]  open application giturl
Oct 27,2016 16:41:40 [info]  log-in into application
Oct 27,2016 16:41:40 [info]  Select Selenium Test Account if not selected
Oct 27,2016 16:41:51 [info]  Go to Web > Tracking URLs
Oct 27,2016 16:47:09 [info]  Oct 27,2016 16:47:09 [info]  <<<<<<<<<<<<<<<<<<<<<<<<<<<<<<<<<< Error message >>>>>>>>>>>>>>>>>>>>>>>>>>>>>>
java.lang.AssertionError: Element Locator ://div[@id='tracking_url_google_campaign_id_chzn']//li[1] Not found expected [true] but found [false]
	at org.testng.Assert.fail(Assert.java:94)
	at org.testng.Assert.failNotEquals(Assert.java:494)
	at org.testng.Assert.assertTrue(Assert.java:42)
	at com.primeresponse.util.DriverHelper.clickOn(DriverHelper.java:238)
	at com.primeresponse.pagehelper.WebHelper.create_TrackingURLs(WebHelper.java:927)
	at com.primeresponse.testcases.Web.Create_TrackingUrls.testCreate_TrackingUrls(Create_TrackingUrls.java:44)
	at sun.reflect.NativeMethodAccessorImpl.invoke0(Native Method)
	at sun.reflect.NativeMethodAccessorImpl.invoke(Unknown Source)
	at sun.reflect.DelegatingMethodAccessorImpl.invoke(Unknown Source)
	at java.lang.reflect.Method.invoke(Unknown Source)
	at org.testng.internal.MethodInvocationHelper.invokeMethod(MethodInvocationHelper.java:84)
	at org.testng.internal.Invoker.invokeMethod(Invoker.java:714)
	at org.testng.internal.Invoker.invokeTestMethod(Invoker.java:901)
	at org.testng.internal.Invoker.invokeTestMethods(Invoker.java:1231)
	at org.testng.internal.TestMethodWorker.invokeTestMethods(TestMethodWorker.java:127)
	at org.testng.internal.TestMethodWorker.run(TestMethodWorker.java:111)
	at org.testng.TestRunner.privateRun(TestRunner.java:767)
	at org.testng.TestRunner.run(TestRunner.java:617)
	at org.testng.SuiteRunner.runTest(SuiteRunner.java:334)
	at org.testng.SuiteRunner.runSequentially(SuiteRunner.java:329)
	at org.testng.SuiteRunner.privateRun(SuiteRunner.java:291)
	at org.testng.SuiteRunner.run(SuiteRunner.java:240)
	at org.testng.SuiteRunnerWorker.runSuite(SuiteRunnerWorker.java:52)
	at org.testng.SuiteRunnerWorker.run(SuiteRunnerWorker.java:86)
	at org.testng.TestNG.runSuitesSequentially(TestNG.java:1224)
	at org.testng.TestNG.runSuitesLocally(TestNG.java:1149)
	at org.testng.TestNG.run(TestNG.java:1057)
	at org.testng.remote.RemoteTestNG.run(RemoteTestNG.java:111)
	at org.testng.remote.RemoteTestNG.initAndRun(RemoteTestNG.java:204)
	at org.testng.remote.RemoteTestNG.main(RemoteTestNG.java:175)
Oct 27,2016 16:47:09 [info]  End Execution of Test Class com.primeresponse.testcases.Web.Create_TrackingUrls
*****************************************************************************

*****************************************************************************
Oct 27,2016 16:47:18 [info]   Execution Started of Test Class com.primeresponse.testcases.Web.Sort_ReputationSiteReferralsSourceCol and Test method testSort_ReputationSiteReferralsSourceCol
*****************************************************************************
Oct 27,2016 16:47:30 [info]  open application giturl
Oct 27,2016 16:48:33 [info]  log-in into application
Oct 27,2016 16:48:33 [info]  Select Selenium Test Account if not selected
Oct 27,2016 16:48:45 [info]  Go to Web > Referral Analysis
Oct 27,2016 16:53:56 [info]  Oct 27,2016 16:53:56 [info]  <<<<<<<<<<<<<<<<<<<<<<<<<<<<<<<<<< Error message >>>>>>>>>>>>>>>>>>>>>>>>>>>>>>
java.lang.AssertionError: Element Locator ://div[@id='analytics-tracked-referrals']//th[2][contains(text(),'Source')]/span Not found expected [true] but found [false]
	at org.testng.Assert.fail(Assert.java:94)
	at org.testng.Assert.failNotEquals(Assert.java:494)
	at org.testng.Assert.assertTrue(Assert.java:42)
	at com.primeresponse.util.DriverHelper.clickOn(DriverHelper.java:238)
	at com.primeresponse.pagehelper.WebHelper.sort_ReputationSiteReferralsSourceCol(WebHelper.java:289)
	at com.primeresponse.testcases.Web.Sort_ReputationSiteReferralsSourceCol.testSort_ReputationSiteReferralsSourceCol(Sort_ReputationSiteReferralsSourceCol.java:42)
	at sun.reflect.NativeMethodAccessorImpl.invoke0(Native Method)
	at sun.reflect.NativeMethodAccessorImpl.invoke(Unknown Source)
	at sun.reflect.DelegatingMethodAccessorImpl.invoke(Unknown Source)
	at java.lang.reflect.Method.invoke(Unknown Source)
	at org.testng.internal.MethodInvocationHelper.invokeMethod(MethodInvocationHelper.java:84)
	at org.testng.internal.Invoker.invokeMethod(Invoker.java:714)
	at org.testng.internal.Invoker.invokeTestMethod(Invoker.java:901)
	at org.testng.internal.Invoker.invokeTestMethods(Invoker.java:1231)
	at org.testng.internal.TestMethodWorker.invokeTestMethods(TestMethodWorker.java:127)
	at org.testng.internal.TestMethodWorker.run(TestMethodWorker.java:111)
	at org.testng.TestRunner.privateRun(TestRunner.java:767)
	at org.testng.TestRunner.run(TestRunner.java:617)
	at org.testng.SuiteRunner.runTest(SuiteRunner.java:334)
	at org.testng.SuiteRunner.runSequentially(SuiteRunner.java:329)
	at org.testng.SuiteRunner.privateRun(SuiteRunner.java:291)
	at org.testng.SuiteRunner.run(SuiteRunner.java:240)
	at org.testng.SuiteRunnerWorker.runSuite(SuiteRunnerWorker.java:52)
	at org.testng.SuiteRunnerWorker.run(SuiteRunnerWorker.java:86)
	at org.testng.TestNG.runSuitesSequentially(TestNG.java:1224)
	at org.testng.TestNG.runSuitesLocally(TestNG.java:1149)
	at org.testng.TestNG.run(TestNG.java:1057)
	at org.testng.remote.RemoteTestNG.run(RemoteTestNG.java:111)
	at org.testng.remote.RemoteTestNG.initAndRun(RemoteTestNG.java:204)
	at org.testng.remote.RemoteTestNG.main(RemoteTestNG.java:175)
Oct 27,2016 16:53:57 [info]  End Execution of Test Class com.primeresponse.testcases.Web.Sort_ReputationSiteReferralsSourceCol
*****************************************************************************

*****************************************************************************
Oct 27,2016 16:54:16 [info]   Execution Started of Test Class com.primeresponse.testcases.Web.Create_GoogleCampaigns and Test method testCreate_GoogleCampaigns
*****************************************************************************
Oct 27,2016 16:54:27 [info]  open application giturl
Oct 27,2016 16:54:57 [info]  log-in into application
Oct 27,2016 16:54:57 [info]  Select Selenium Test Account if not selected
Oct 27,2016 16:55:11 [info]  Go to Web > Google Campaigns
Oct 27,2016 16:56:01 [info]  Verify process to create 'Google Campaigns
Oct 27,2016 16:58:14 [info]  Oct 27,2016 16:58:14 [info]  <<<<<<<<<<<<<<<<<<<<<<<<<<<<<<<<<< Error message >>>>>>>>>>>>>>>>>>>>>>>>>>>>>>
java.lang.AssertionError: Element Locator ://div[@id='flash_notice']/div Not found expected [true] but found [false]
	at org.testng.Assert.fail(Assert.java:94)
	at org.testng.Assert.failNotEquals(Assert.java:494)
	at org.testng.Assert.assertTrue(Assert.java:42)
	at com.primeresponse.util.DriverHelper.isTextPresent(DriverHelper.java:291)
	at com.primeresponse.pagehelper.HeaderHelper.checkSuccessMessage(HeaderHelper.java:27)
	at com.primeresponse.testcases.Web.Create_GoogleCampaigns.testCreate_GoogleCampaigns(Create_GoogleCampaigns.java:47)
	at sun.reflect.NativeMethodAccessorImpl.invoke0(Native Method)
	at sun.reflect.NativeMethodAccessorImpl.invoke(Unknown Source)
	at sun.reflect.DelegatingMethodAccessorImpl.invoke(Unknown Source)
	at java.lang.reflect.Method.invoke(Unknown Source)
	at org.testng.internal.MethodInvocationHelper.invokeMethod(MethodInvocationHelper.java:84)
	at org.testng.internal.Invoker.invokeMethod(Invoker.java:714)
	at org.testng.internal.Invoker.invokeTestMethod(Invoker.java:901)
	at org.testng.internal.Invoker.invokeTestMethods(Invoker.java:1231)
	at org.testng.internal.TestMethodWorker.invokeTestMethods(TestMethodWorker.java:127)
	at org.testng.internal.TestMethodWorker.run(TestMethodWorker.java:111)
	at org.testng.TestRunner.privateRun(TestRunner.java:767)
	at org.testng.TestRunner.run(TestRunner.java:617)
	at org.testng.SuiteRunner.runTest(SuiteRunner.java:334)
	at org.testng.SuiteRunner.runSequentially(SuiteRunner.java:329)
	at org.testng.SuiteRunner.privateRun(SuiteRunner.java:291)
	at org.testng.SuiteRunner.run(SuiteRunner.java:240)
	at org.testng.SuiteRunnerWorker.runSuite(SuiteRunnerWorker.java:52)
	at org.testng.SuiteRunnerWorker.run(SuiteRunnerWorker.java:86)
	at org.testng.TestNG.runSuitesSequentially(TestNG.java:1224)
	at org.testng.TestNG.runSuitesLocally(TestNG.java:1149)
	at org.testng.TestNG.run(TestNG.java:1057)
	at org.testng.remote.RemoteTestNG.run(RemoteTestNG.java:111)
	at org.testng.remote.RemoteTestNG.initAndRun(RemoteTestNG.java:204)
	at org.testng.remote.RemoteTestNG.main(RemoteTestNG.java:175)
Oct 27,2016 16:58:15 [info]  End Execution of Test Class com.primeresponse.testcases.Web.Create_GoogleCampaigns
*****************************************************************************

*****************************************************************************
Oct 27,2016 16:58:39 [info]   Execution Started of Test Class com.primeresponse.testcases.Web.Create_NewSearchEngineResultPage and Test method testCreate_NewSearchEngineResultPage
*****************************************************************************
Oct 27,2016 16:58:54 [info]  open application giturl
Oct 27,2016 16:59:28 [info]  log-in into application
Oct 27,2016 16:59:29 [info]  Select Selenium Test Account if not selected
Oct 27,2016 16:59:48 [info]  Go to Web > SERP Capture
Oct 27,2016 17:00:13 [info]  Verify process to create 'New Search Engine Result Page' 
Oct 27,2016 17:00:15 [info]  success message
Oct 27,2016 17:00:15 [info]  End Execution of Test Class com.primeresponse.testcases.Web.Create_NewSearchEngineResultPage
*****************************************************************************

*****************************************************************************
Oct 27,2016 17:00:48 [info]   Execution Started of Test Class com.primeresponse.testcases.Web.Sort_ReputationSiteReferralAvgRating and Test method testSort_ReputationSiteReferralAvgRating
*****************************************************************************
Oct 27,2016 17:01:02 [info]  open application giturl
Oct 27,2016 17:01:32 [info]  log-in into application
Oct 27,2016 17:01:33 [info]  Select Selenium Test Account if not selected
Oct 27,2016 17:01:46 [info]  Go to Web > Referral Analysis
Oct 27,2016 17:07:51 [info]  Oct 27,2016 17:07:51 [info]  <<<<<<<<<<<<<<<<<<<<<<<<<<<<<<<<<< Error message >>>>>>>>>>>>>>>>>>>>>>>>>>>>>>
java.lang.AssertionError: Element Locator ://th[contains(text(),'Avg Rating')]/span Not found expected [true] but found [false]
	at org.testng.Assert.fail(Assert.java:94)
	at org.testng.Assert.failNotEquals(Assert.java:494)
	at org.testng.Assert.assertTrue(Assert.java:42)
	at com.primeresponse.util.DriverHelper.clickOn(DriverHelper.java:238)
	at com.primeresponse.pagehelper.WebHelper.sort_ReputationSiteReferralAvgRating(WebHelper.java:127)
	at com.primeresponse.testcases.Web.Sort_ReputationSiteReferralAvgRating.testSort_ReputationSiteReferralAvgRating(Sort_ReputationSiteReferralAvgRating.java:42)
	at sun.reflect.NativeMethodAccessorImpl.invoke0(Native Method)
	at sun.reflect.NativeMethodAccessorImpl.invoke(Unknown Source)
	at sun.reflect.DelegatingMethodAccessorImpl.invoke(Unknown Source)
	at java.lang.reflect.Method.invoke(Unknown Source)
	at org.testng.internal.MethodInvocationHelper.invokeMethod(MethodInvocationHelper.java:84)
	at org.testng.internal.Invoker.invokeMethod(Invoker.java:714)
	at org.testng.internal.Invoker.invokeTestMethod(Invoker.java:901)
	at org.testng.internal.Invoker.invokeTestMethods(Invoker.java:1231)
	at org.testng.internal.TestMethodWorker.invokeTestMethods(TestMethodWorker.java:127)
	at org.testng.internal.TestMethodWorker.run(TestMethodWorker.java:111)
	at org.testng.TestRunner.privateRun(TestRunner.java:767)
	at org.testng.TestRunner.run(TestRunner.java:617)
	at org.testng.SuiteRunner.runTest(SuiteRunner.java:334)
	at org.testng.SuiteRunner.runSequentially(SuiteRunner.java:329)
	at org.testng.SuiteRunner.privateRun(SuiteRunner.java:291)
	at org.testng.SuiteRunner.run(SuiteRunner.java:240)
	at org.testng.SuiteRunnerWorker.runSuite(SuiteRunnerWorker.java:52)
	at org.testng.SuiteRunnerWorker.run(SuiteRunnerWorker.java:86)
	at org.testng.TestNG.runSuitesSequentially(TestNG.java:1224)
	at org.testng.TestNG.runSuitesLocally(TestNG.java:1149)
	at org.testng.TestNG.run(TestNG.java:1057)
	at org.testng.remote.RemoteTestNG.run(RemoteTestNG.java:111)
	at org.testng.remote.RemoteTestNG.initAndRun(RemoteTestNG.java:204)
	at org.testng.remote.RemoteTestNG.main(RemoteTestNG.java:175)
Oct 27,2016 17:07:52 [info]  End Execution of Test Class com.primeresponse.testcases.Web.Sort_ReputationSiteReferralAvgRating
*****************************************************************************

*****************************************************************************
Oct 27,2016 17:08:04 [info]   Execution Started of Test Class com.primeresponse.testcases.Web.Verify_GotoSiteReputationSiteRefferal and Test method testVerify_GotoSiteReputationSiteRefferal
*****************************************************************************
Oct 27,2016 17:08:19 [info]  open application giturl
Oct 27,2016 17:09:53 [info]  log-in into application
Oct 27,2016 17:10:04 [info]  Go to Web > Referral Analysis
Oct 27,2016 17:15:15 [info]  Oct 27,2016 17:15:15 [info]  <<<<<<<<<<<<<<<<<<<<<<<<<<<<<<<<<< Error message >>>>>>>>>>>>>>>>>>>>>>>>>>>>>>
java.lang.AssertionError: Element Locator ://div[@id='analytics-tracked-referrals']//tr[4]/td[1]/a[@href] Not found expected [true] but found [false]
	at org.testng.Assert.fail(Assert.java:94)
	at org.testng.Assert.failNotEquals(Assert.java:494)
	at org.testng.Assert.assertTrue(Assert.java:42)
	at com.primeresponse.util.DriverHelper.getAttribute(DriverHelper.java:325)
	at com.primeresponse.pagehelper.WebHelper.verify_GotoSiteReputationSiteRefferal(WebHelper.java:60)
	at com.primeresponse.testcases.Web.Verify_GotoSiteReputationSiteRefferal.testVerify_GotoSiteReputationSiteRefferal(Verify_GotoSiteReputationSiteRefferal.java:43)
	at sun.reflect.NativeMethodAccessorImpl.invoke0(Native Method)
	at sun.reflect.NativeMethodAccessorImpl.invoke(Unknown Source)
	at sun.reflect.DelegatingMethodAccessorImpl.invoke(Unknown Source)
	at java.lang.reflect.Method.invoke(Unknown Source)
	at org.testng.internal.MethodInvocationHelper.invokeMethod(MethodInvocationHelper.java:84)
	at org.testng.internal.Invoker.invokeMethod(Invoker.java:714)
	at org.testng.internal.Invoker.invokeTestMethod(Invoker.java:901)
	at org.testng.internal.Invoker.invokeTestMethods(Invoker.java:1231)
	at org.testng.internal.TestMethodWorker.invokeTestMethods(TestMethodWorker.java:127)
	at org.testng.internal.TestMethodWorker.run(TestMethodWorker.java:111)
	at org.testng.TestRunner.privateRun(TestRunner.java:767)
	at org.testng.TestRunner.run(TestRunner.java:617)
	at org.testng.SuiteRunner.runTest(SuiteRunner.java:334)
	at org.testng.SuiteRunner.runSequentially(SuiteRunner.java:329)
	at org.testng.SuiteRunner.privateRun(SuiteRunner.java:291)
	at org.testng.SuiteRunner.run(SuiteRunner.java:240)
	at org.testng.SuiteRunnerWorker.runSuite(SuiteRunnerWorker.java:52)
	at org.testng.SuiteRunnerWorker.run(SuiteRunnerWorker.java:86)
	at org.testng.TestNG.runSuitesSequentially(TestNG.java:1224)
	at org.testng.TestNG.runSuitesLocally(TestNG.java:1149)
	at org.testng.TestNG.run(TestNG.java:1057)
	at org.testng.remote.RemoteTestNG.run(RemoteTestNG.java:111)
	at org.testng.remote.RemoteTestNG.initAndRun(RemoteTestNG.java:204)
	at org.testng.remote.RemoteTestNG.main(RemoteTestNG.java:175)
Oct 27,2016 17:15:15 [info]  End Execution of Test Class com.primeresponse.testcases.Web.Verify_GotoSiteReputationSiteRefferal
*****************************************************************************

*****************************************************************************
Oct 27,2016 17:15:26 [info]   Execution Started of Test Class com.primeresponse.testcases.Web.Verify_GoogleCampaignsOnSiteMapPosts and Test method testVerify_GoogleCampaignsOnSiteMapPosts
*****************************************************************************
Oct 27,2016 17:15:37 [info]  open application giturl
Oct 27,2016 17:16:58 [info]  log-in into application
Oct 27,2016 17:17:00 [info]  Select Selenium Test Account if not selected
Oct 27,2016 17:17:06 [info]  Oct 27,2016 17:17:06 [info]  <<<<<<<<<<<<<<<<<<<<<<<<<<<<<<<<<< Error message >>>>>>>>>>>>>>>>>>>>>>>>>>>>>>
org.openqa.selenium.ElementNotVisibleException: Element is not currently visible and so may not be interacted with
Command duration or timeout: 5.04 seconds
Build info: version: '2.48.2', revision: '41bccdd', time: '2015-10-09 19:59:12'
System info: host: '360LP0089', ip: '192.168.14.34', os.name: 'Windows 8', os.arch: 'x86', os.version: '6.2', java.version: '1.7.0_51'
Session ID: 1d31d175-9421-48de-bc24-90a94a5d9c20
Driver info: org.openqa.selenium.firefox.FirefoxDriver
Capabilities [{platform=WINDOWS, acceptSslCerts=true, javascriptEnabled=true, cssSelectorsEnabled=true, databaseEnabled=true, browserName=firefox, handlesAlerts=true, nativeEvents=false, webStorageEnabled=true, rotatable=false, locationContextEnabled=true, applicationCacheEnabled=true, takesScreenshot=true, version=40.0.3}]
	at sun.reflect.NativeConstructorAccessorImpl.newInstance0(Native Method)
	at sun.reflect.NativeConstructorAccessorImpl.newInstance(Unknown Source)
	at sun.reflect.DelegatingConstructorAccessorImpl.newInstance(Unknown Source)
	at java.lang.reflect.Constructor.newInstance(Unknown Source)
	at org.openqa.selenium.remote.ErrorHandler.createThrowable(ErrorHandler.java:206)
	at org.openqa.selenium.remote.ErrorHandler.throwIfResponseFailed(ErrorHandler.java:158)
	at org.openqa.selenium.remote.RemoteWebDriver.execute(RemoteWebDriver.java:647)
	at org.openqa.selenium.remote.RemoteWebElement.execute(RemoteWebElement.java:326)
	at org.openqa.selenium.remote.RemoteWebElement.click(RemoteWebElement.java:84)
	at com.primeresponse.util.DriverHelper.clickOn(DriverHelper.java:241)
	at com.primeresponse.pagehelper.HeaderHelper.clickonWebGoogleCampaigns(HeaderHelper.java:666)
	at com.primeresponse.testcases.Web.Verify_GoogleCampaignsOnSiteMapPosts.testVerify_GoogleCampaignsOnSiteMapPosts(Verify_GoogleCampaignsOnSiteMapPosts.java:41)
	at sun.reflect.NativeMethodAccessorImpl.invoke0(Native Method)
	at sun.reflect.NativeMethodAccessorImpl.invoke(Unknown Source)
	at sun.reflect.DelegatingMethodAccessorImpl.invoke(Unknown Source)
	at java.lang.reflect.Method.invoke(Unknown Source)
	at org.testng.internal.MethodInvocationHelper.invokeMethod(MethodInvocationHelper.java:84)
	at org.testng.internal.Invoker.invokeMethod(Invoker.java:714)
	at org.testng.internal.Invoker.invokeTestMethod(Invoker.java:901)
	at org.testng.internal.Invoker.invokeTestMethods(Invoker.java:1231)
	at org.testng.internal.TestMethodWorker.invokeTestMethods(TestMethodWorker.java:127)
	at org.testng.internal.TestMethodWorker.run(TestMethodWorker.java:111)
	at org.testng.TestRunner.privateRun(TestRunner.java:767)
	at org.testng.TestRunner.run(TestRunner.java:617)
	at org.testng.SuiteRunner.runTest(SuiteRunner.java:334)
	at org.testng.SuiteRunner.runSequentially(SuiteRunner.java:329)
	at org.testng.SuiteRunner.privateRun(SuiteRunner.java:291)
	at org.testng.SuiteRunner.run(SuiteRunner.java:240)
	at org.testng.SuiteRunnerWorker.runSuite(SuiteRunnerWorker.java:52)
	at org.testng.SuiteRunnerWorker.run(SuiteRunnerWorker.java:86)
	at org.testng.TestNG.runSuitesSequentially(TestNG.java:1224)
	at org.testng.TestNG.runSuitesLocally(TestNG.java:1149)
	at org.testng.TestNG.run(TestNG.java:1057)
	at org.testng.remote.RemoteTestNG.run(RemoteTestNG.java:111)
	at org.testng.remote.RemoteTestNG.initAndRun(RemoteTestNG.java:204)
	at org.testng.remote.RemoteTestNG.main(RemoteTestNG.java:175)
Caused by: org.openqa.selenium.ElementNotVisibleException: Element is not currently visible and so may not be interacted with
Build info: version: '2.48.2', revision: '41bccdd', time: '2015-10-09 19:59:12'
System info: host: '360LP0089', ip: '192.168.14.34', os.name: 'Windows 8', os.arch: 'x86', os.version: '6.2', java.version: '1.7.0_51'
Driver info: driver.version: unknown
	at <anonymous class>.fxdriver.preconditions.visible(file:///C:/Users/360LP036/AppData/Local/Temp/anonymous8747111003896371849webdriver-profile/extensions/fxdriver@googlecode.com/components/command-processor.js:9981)
	at <anonymous class>.DelayedCommand.prototype.checkPreconditions_(file:///C:/Users/360LP036/AppData/Local/Temp/anonymous8747111003896371849webdriver-profile/extensions/fxdriver@googlecode.com/components/command-processor.js:12517)
	at <anonymous class>.DelayedCommand.prototype.executeInternal_/h(file:///C:/Users/360LP036/AppData/Local/Temp/anonymous8747111003896371849webdriver-profile/extensions/fxdriver@googlecode.com/components/command-processor.js:12534)
	at <anonymous class>.fxdriver.Timer.prototype.setTimeout/<.notify(file:///C:/Users/360LP036/AppData/Local/Temp/anonymous8747111003896371849webdriver-profile/extensions/fxdriver@googlecode.com/components/command-processor.js:621)
Oct 27,2016 17:17:09 [info]  End Execution of Test Class com.primeresponse.testcases.Web.Verify_GoogleCampaignsOnSiteMapPosts
*****************************************************************************

*****************************************************************************
Oct 27,2016 17:18:06 [info]   Execution Started of Test Class com.primeresponse.testcases.Web.Sort_ReputationSite_TotalReputationTraffic and Test method testSort_ReputationSite_TotalReputationTraffic
*****************************************************************************
Oct 27,2016 17:18:21 [info]  open application giturl
Oct 27,2016 17:19:48 [info]  log-in into application
Oct 27,2016 17:19:48 [info]  Select Selenium Test Account if not selected
Oct 27,2016 17:20:01 [info]  Go to Web > Referral Analysis
Oct 27,2016 17:25:11 [info]  Oct 27,2016 17:25:11 [info]  <<<<<<<<<<<<<<<<<<<<<<<<<<<<<<<<<< Error message >>>>>>>>>>>>>>>>>>>>>>>>>>>>>>
java.lang.AssertionError: Element Locator ://th[contains(text(),'% of Total Reputation Traffic')] Not found expected [true] but found [false]
	at org.testng.Assert.fail(Assert.java:94)
	at org.testng.Assert.failNotEquals(Assert.java:494)
	at org.testng.Assert.assertTrue(Assert.java:42)
	at com.primeresponse.util.DriverHelper.clickOn(DriverHelper.java:238)
	at com.primeresponse.pagehelper.WebHelper.sort_ReputationSite_TotalReputationTraffic(WebHelper.java:184)
	at com.primeresponse.testcases.Web.Sort_ReputationSite_TotalReputationTraffic.testSort_ReputationSite_TotalReputationTraffic(Sort_ReputationSite_TotalReputationTraffic.java:44)
	at sun.reflect.NativeMethodAccessorImpl.invoke0(Native Method)
	at sun.reflect.NativeMethodAccessorImpl.invoke(Unknown Source)
	at sun.reflect.DelegatingMethodAccessorImpl.invoke(Unknown Source)
	at java.lang.reflect.Method.invoke(Unknown Source)
	at org.testng.internal.MethodInvocationHelper.invokeMethod(MethodInvocationHelper.java:84)
	at org.testng.internal.Invoker.invokeMethod(Invoker.java:714)
	at org.testng.internal.Invoker.invokeTestMethod(Invoker.java:901)
	at org.testng.internal.Invoker.invokeTestMethods(Invoker.java:1231)
	at org.testng.internal.TestMethodWorker.invokeTestMethods(TestMethodWorker.java:127)
	at org.testng.internal.TestMethodWorker.run(TestMethodWorker.java:111)
	at org.testng.TestRunner.privateRun(TestRunner.java:767)
	at org.testng.TestRunner.run(TestRunner.java:617)
	at org.testng.SuiteRunner.runTest(SuiteRunner.java:334)
	at org.testng.SuiteRunner.runSequentially(SuiteRunner.java:329)
	at org.testng.SuiteRunner.privateRun(SuiteRunner.java:291)
	at org.testng.SuiteRunner.run(SuiteRunner.java:240)
	at org.testng.SuiteRunnerWorker.runSuite(SuiteRunnerWorker.java:52)
	at org.testng.SuiteRunnerWorker.run(SuiteRunnerWorker.java:86)
	at org.testng.TestNG.runSuitesSequentially(TestNG.java:1224)
	at org.testng.TestNG.runSuitesLocally(TestNG.java:1149)
	at org.testng.TestNG.run(TestNG.java:1057)
	at org.testng.remote.RemoteTestNG.run(RemoteTestNG.java:111)
	at org.testng.remote.RemoteTestNG.initAndRun(RemoteTestNG.java:204)
	at org.testng.remote.RemoteTestNG.main(RemoteTestNG.java:175)
Oct 27,2016 17:25:11 [info]  End Execution of Test Class com.primeresponse.testcases.Web.Sort_ReputationSite_TotalReputationTraffic
*****************************************************************************

*****************************************************************************
Oct 27,2016 17:25:40 [info]   Execution Started of Test Class com.primeresponse.testcases.Web.Sort_ReputationSite_AvgTimeOnSite and Test method testSort_ReputationSite_AvgTimeOnSite
*****************************************************************************
Oct 27,2016 17:25:51 [info]  open application giturl
Oct 27,2016 17:26:24 [info]  log-in into application
Oct 27,2016 17:26:25 [info]  Select Selenium Test Account if not selected
Oct 27,2016 17:26:35 [info]  Go to Web > Referral Analysis
Oct 27,2016 17:32:09 [info]  Oct 27,2016 17:32:09 [info]  <<<<<<<<<<<<<<<<<<<<<<<<<<<<<<<<<< Error message >>>>>>>>>>>>>>>>>>>>>>>>>>>>>>
java.lang.AssertionError: Element Locator ://div[@id='analytics-tracked-referrals']//th[contains(text(),'Avg Time on Site (minutes)')] Not found expected [true] but found [false]
	at org.testng.Assert.fail(Assert.java:94)
	at org.testng.Assert.failNotEquals(Assert.java:494)
	at org.testng.Assert.assertTrue(Assert.java:42)
	at com.primeresponse.util.DriverHelper.clickOn(DriverHelper.java:238)
	at com.primeresponse.pagehelper.WebHelper.sort_ReputationSite_AvgTimeOnSite(WebHelper.java:591)
	at com.primeresponse.testcases.Web.Sort_ReputationSite_AvgTimeOnSite.testSort_ReputationSite_AvgTimeOnSite(Sort_ReputationSite_AvgTimeOnSite.java:43)
	at sun.reflect.NativeMethodAccessorImpl.invoke0(Native Method)
	at sun.reflect.NativeMethodAccessorImpl.invoke(Unknown Source)
	at sun.reflect.DelegatingMethodAccessorImpl.invoke(Unknown Source)
	at java.lang.reflect.Method.invoke(Unknown Source)
	at org.testng.internal.MethodInvocationHelper.invokeMethod(MethodInvocationHelper.java:84)
	at org.testng.internal.Invoker.invokeMethod(Invoker.java:714)
	at org.testng.internal.Invoker.invokeTestMethod(Invoker.java:901)
	at org.testng.internal.Invoker.invokeTestMethods(Invoker.java:1231)
	at org.testng.internal.TestMethodWorker.invokeTestMethods(TestMethodWorker.java:127)
	at org.testng.internal.TestMethodWorker.run(TestMethodWorker.java:111)
	at org.testng.TestRunner.privateRun(TestRunner.java:767)
	at org.testng.TestRunner.run(TestRunner.java:617)
	at org.testng.SuiteRunner.runTest(SuiteRunner.java:334)
	at org.testng.SuiteRunner.runSequentially(SuiteRunner.java:329)
	at org.testng.SuiteRunner.privateRun(SuiteRunner.java:291)
	at org.testng.SuiteRunner.run(SuiteRunner.java:240)
	at org.testng.SuiteRunnerWorker.runSuite(SuiteRunnerWorker.java:52)
	at org.testng.SuiteRunnerWorker.run(SuiteRunnerWorker.java:86)
	at org.testng.TestNG.runSuitesSequentially(TestNG.java:1224)
	at org.testng.TestNG.runSuitesLocally(TestNG.java:1149)
	at org.testng.TestNG.run(TestNG.java:1057)
	at org.testng.remote.RemoteTestNG.run(RemoteTestNG.java:111)
	at org.testng.remote.RemoteTestNG.initAndRun(RemoteTestNG.java:204)
	at org.testng.remote.RemoteTestNG.main(RemoteTestNG.java:175)
Oct 27,2016 17:32:09 [info]  End Execution of Test Class com.primeresponse.testcases.Web.Sort_ReputationSite_AvgTimeOnSite
*****************************************************************************

*****************************************************************************
Oct 27,2016 17:32:26 [info]   Execution Started of Test Class com.primeresponse.testcases.Web.Sort_SocialSiteReferralsPagesVisit and Test method testSort_SocialSiteReferralsPagesVisit
*****************************************************************************
Oct 27,2016 17:32:39 [info]  open application giturl
Oct 27,2016 17:33:19 [info]  log-in into application
Oct 27,2016 17:33:20 [info]  Select Selenium Test Account if not selected
Oct 27,2016 17:33:34 [info]  Go to Web > Referral Analysis
Oct 27,2016 17:38:44 [info]  Oct 27,2016 17:38:44 [info]  <<<<<<<<<<<<<<<<<<<<<<<<<<<<<<<<<< Error message >>>>>>>>>>>>>>>>>>>>>>>>>>>>>>
java.lang.AssertionError: Element Locator ://div[@id='analytics-social-referrals']//th[contains(text(),'Pages / Visit')]/span Not found expected [true] but found [false]
	at org.testng.Assert.fail(Assert.java:94)
	at org.testng.Assert.failNotEquals(Assert.java:494)
	at org.testng.Assert.assertTrue(Assert.java:42)
	at com.primeresponse.util.DriverHelper.clickOn(DriverHelper.java:238)
	at com.primeresponse.pagehelper.WebHelper.sort_SocialSiteReferralsPagesVisit(WebHelper.java:652)
	at com.primeresponse.testcases.Web.Sort_SocialSiteReferralsPagesVisit.testSort_SocialSiteReferralsPagesVisit(Sort_SocialSiteReferralsPagesVisit.java:42)
	at sun.reflect.NativeMethodAccessorImpl.invoke0(Native Method)
	at sun.reflect.NativeMethodAccessorImpl.invoke(Unknown Source)
	at sun.reflect.DelegatingMethodAccessorImpl.invoke(Unknown Source)
	at java.lang.reflect.Method.invoke(Unknown Source)
	at org.testng.internal.MethodInvocationHelper.invokeMethod(MethodInvocationHelper.java:84)
	at org.testng.internal.Invoker.invokeMethod(Invoker.java:714)
	at org.testng.internal.Invoker.invokeTestMethod(Invoker.java:901)
	at org.testng.internal.Invoker.invokeTestMethods(Invoker.java:1231)
	at org.testng.internal.TestMethodWorker.invokeTestMethods(TestMethodWorker.java:127)
	at org.testng.internal.TestMethodWorker.run(TestMethodWorker.java:111)
	at org.testng.TestRunner.privateRun(TestRunner.java:767)
	at org.testng.TestRunner.run(TestRunner.java:617)
	at org.testng.SuiteRunner.runTest(SuiteRunner.java:334)
	at org.testng.SuiteRunner.runSequentially(SuiteRunner.java:329)
	at org.testng.SuiteRunner.privateRun(SuiteRunner.java:291)
	at org.testng.SuiteRunner.run(SuiteRunner.java:240)
	at org.testng.SuiteRunnerWorker.runSuite(SuiteRunnerWorker.java:52)
	at org.testng.SuiteRunnerWorker.run(SuiteRunnerWorker.java:86)
	at org.testng.TestNG.runSuitesSequentially(TestNG.java:1224)
	at org.testng.TestNG.runSuitesLocally(TestNG.java:1149)
	at org.testng.TestNG.run(TestNG.java:1057)
	at org.testng.remote.RemoteTestNG.run(RemoteTestNG.java:111)
	at org.testng.remote.RemoteTestNG.initAndRun(RemoteTestNG.java:204)
	at org.testng.remote.RemoteTestNG.main(RemoteTestNG.java:175)
Oct 27,2016 17:38:44 [info]  End Execution of Test Class com.primeresponse.testcases.Web.Sort_SocialSiteReferralsPagesVisit
*****************************************************************************

*****************************************************************************
Oct 27,2016 17:39:06 [info]   Execution Started of Test Class com.primeresponse.testcases.Web.Sort_SocialSiteReferralTrafficCol and Test method testSort_SocialSiteReferralTrafficCol
*****************************************************************************
Oct 27,2016 17:39:19 [info]  open application giturl
Oct 27,2016 17:39:54 [info]  log-in into application
Oct 27,2016 17:39:54 [info]  Select Selenium Test Account if not selected
Oct 27,2016 17:40:22 [info]  Go to Web > Referral Analysis
Oct 27,2016 17:45:34 [info]  Oct 27,2016 17:45:34 [info]  <<<<<<<<<<<<<<<<<<<<<<<<<<<<<<<<<< Error message >>>>>>>>>>>>>>>>>>>>>>>>>>>>>>
java.lang.AssertionError: Element Locator ://div[@id='analytics-social-referrals']//th[contains(text(),'Total Social Traffic')]/span Not found expected [true] but found [false]
	at org.testng.Assert.fail(Assert.java:94)
	at org.testng.Assert.failNotEquals(Assert.java:494)
	at org.testng.Assert.assertTrue(Assert.java:42)
	at com.primeresponse.util.DriverHelper.clickOn(DriverHelper.java:238)
	at com.primeresponse.pagehelper.WebHelper.sort_SocialSiteReferralTrafficCol(WebHelper.java:408)
	at com.primeresponse.testcases.Web.Sort_SocialSiteReferralTrafficCol.testSort_SocialSiteReferralTrafficCol(Sort_SocialSiteReferralTrafficCol.java:44)
	at sun.reflect.NativeMethodAccessorImpl.invoke0(Native Method)
	at sun.reflect.NativeMethodAccessorImpl.invoke(Unknown Source)
	at sun.reflect.DelegatingMethodAccessorImpl.invoke(Unknown Source)
	at java.lang.reflect.Method.invoke(Unknown Source)
	at org.testng.internal.MethodInvocationHelper.invokeMethod(MethodInvocationHelper.java:84)
	at org.testng.internal.Invoker.invokeMethod(Invoker.java:714)
	at org.testng.internal.Invoker.invokeTestMethod(Invoker.java:901)
	at org.testng.internal.Invoker.invokeTestMethods(Invoker.java:1231)
	at org.testng.internal.TestMethodWorker.invokeTestMethods(TestMethodWorker.java:127)
	at org.testng.internal.TestMethodWorker.run(TestMethodWorker.java:111)
	at org.testng.TestRunner.privateRun(TestRunner.java:767)
	at org.testng.TestRunner.run(TestRunner.java:617)
	at org.testng.SuiteRunner.runTest(SuiteRunner.java:334)
	at org.testng.SuiteRunner.runSequentially(SuiteRunner.java:329)
	at org.testng.SuiteRunner.privateRun(SuiteRunner.java:291)
	at org.testng.SuiteRunner.run(SuiteRunner.java:240)
	at org.testng.SuiteRunnerWorker.runSuite(SuiteRunnerWorker.java:52)
	at org.testng.SuiteRunnerWorker.run(SuiteRunnerWorker.java:86)
	at org.testng.TestNG.runSuitesSequentially(TestNG.java:1224)
	at org.testng.TestNG.runSuitesLocally(TestNG.java:1149)
	at org.testng.TestNG.run(TestNG.java:1057)
	at org.testng.remote.RemoteTestNG.run(RemoteTestNG.java:111)
	at org.testng.remote.RemoteTestNG.initAndRun(RemoteTestNG.java:204)
	at org.testng.remote.RemoteTestNG.main(RemoteTestNG.java:175)
Oct 27,2016 17:45:34 [info]  End Execution of Test Class com.primeresponse.testcases.Web.Sort_SocialSiteReferralTrafficCol
*****************************************************************************

*****************************************************************************
Oct 27,2016 17:45:44 [info]   Execution Started of Test Class com.primeresponse.testcases.Web.Verify_PreviewOfLandingPage and Test method testVerify_PreviewOfLandingPage
*****************************************************************************
Oct 27,2016 17:46:38 [info]  open application giturl
Oct 27,2016 17:47:59 [info]  log-in into application
Oct 27,2016 17:48:01 [info]  Select Selenium Test Account if not selected
Oct 27,2016 17:48:19 [info]  Go to Web > Landing Pages
Oct 27,2016 17:48:57 [info]  Verify preview Of Landing Pages
Oct 27,2016 17:48:57 [info]  End Execution of Test Class com.primeresponse.testcases.Web.Verify_PreviewOfLandingPage
*****************************************************************************

*****************************************************************************
Oct 27,2016 17:49:16 [info]   Execution Started of Test Class com.primeresponse.testcases.Web.Verify_ReferralAnalysis and Test method testVerify_ReferralAnalysis
*****************************************************************************
Oct 27,2016 17:49:30 [info]  open application giturl
Oct 27,2016 17:50:20 [info]  log-in into application
Oct 27,2016 17:50:21 [info]  Select Selenium Test Account if not selected
Oct 27,2016 17:50:34 [info]  Go to Web > Referral Analysis
Oct 27,2016 17:55:45 [info]  Oct 27,2016 17:55:45 [info]  <<<<<<<<<<<<<<<<<<<<<<<<<<<<<<<<<< Error message >>>>>>>>>>>>>>>>>>>>>>>>>>>>>>
java.lang.AssertionError: Element Locator ://div[@id='id_chzn']/a Not found expected [true] but found [false]
	at org.testng.Assert.fail(Assert.java:94)
	at org.testng.Assert.failNotEquals(Assert.java:494)
	at org.testng.Assert.assertTrue(Assert.java:42)
	at com.primeresponse.util.DriverHelper.clickOn(DriverHelper.java:238)
	at com.primeresponse.pagehelper.WebHelper.verify_ReferralAnalysis(WebHelper.java:32)
	at com.primeresponse.testcases.Web.Verify_ReferralAnalysis.testVerify_ReferralAnalysis(Verify_ReferralAnalysis.java:43)
	at sun.reflect.NativeMethodAccessorImpl.invoke0(Native Method)
	at sun.reflect.NativeMethodAccessorImpl.invoke(Unknown Source)
	at sun.reflect.DelegatingMethodAccessorImpl.invoke(Unknown Source)
	at java.lang.reflect.Method.invoke(Unknown Source)
	at org.testng.internal.MethodInvocationHelper.invokeMethod(MethodInvocationHelper.java:84)
	at org.testng.internal.Invoker.invokeMethod(Invoker.java:714)
	at org.testng.internal.Invoker.invokeTestMethod(Invoker.java:901)
	at org.testng.internal.Invoker.invokeTestMethods(Invoker.java:1231)
	at org.testng.internal.TestMethodWorker.invokeTestMethods(TestMethodWorker.java:127)
	at org.testng.internal.TestMethodWorker.run(TestMethodWorker.java:111)
	at org.testng.TestRunner.privateRun(TestRunner.java:767)
	at org.testng.TestRunner.run(TestRunner.java:617)
	at org.testng.SuiteRunner.runTest(SuiteRunner.java:334)
	at org.testng.SuiteRunner.runSequentially(SuiteRunner.java:329)
	at org.testng.SuiteRunner.privateRun(SuiteRunner.java:291)
	at org.testng.SuiteRunner.run(SuiteRunner.java:240)
	at org.testng.SuiteRunnerWorker.runSuite(SuiteRunnerWorker.java:52)
	at org.testng.SuiteRunnerWorker.run(SuiteRunnerWorker.java:86)
	at org.testng.TestNG.runSuitesSequentially(TestNG.java:1224)
	at org.testng.TestNG.runSuitesLocally(TestNG.java:1149)
	at org.testng.TestNG.run(TestNG.java:1057)
	at org.testng.remote.RemoteTestNG.run(RemoteTestNG.java:111)
	at org.testng.remote.RemoteTestNG.initAndRun(RemoteTestNG.java:204)
	at org.testng.remote.RemoteTestNG.main(RemoteTestNG.java:175)
Oct 27,2016 17:55:45 [info]  End Execution of Test Class com.primeresponse.testcases.Web.Verify_ReferralAnalysis
*****************************************************************************
