
*****************************************************************************
Jun 16,2016 08:59:53 [info]   Execution Started of Test Class com.primeresponse.testcases.Enterprise.Check_GroupTotals and Test method testCheck_GroupTotals
*****************************************************************************
Jun 16,2016 09:00:08 [info]  open application giturl
Jun 16,2016 09:03:20 [info]  log-in into application
Jun 16,2016 09:03:21 [info]  Select Selenium Test Account if not selected
Jun 16,2016 09:03:39 [info]  Go to Enterprise > Dashboard

*****************************************************************************
Jun 16,2016 09:58:11 [info]   Execution Started of Test Class com.primeresponse.testcases.Enterprise.Check_GroupTotals and Test method testCheck_GroupTotals
*****************************************************************************
Jun 16,2016 09:59:40 [info]  open application giturl
Jun 16,2016 10:10:11 [info]  log-in into application
Jun 16,2016 10:10:13 [info]  Select Selenium Test Account if not selected
Jun 16,2016 10:10:27 [info]  Go to Enterprise > Dashboard
Jun 16,2016 10:15:41 [info]  Jun 16,2016 10:15:41 [info]  <<<<<<<<<<<<<<<<<<<<<<<<<<<<<<<<<< Error message >>>>>>>>>>>>>>>>>>>>>>>>>>>>>>
java.lang.AssertionError: Element Locator ://table[@class='sort-table']/tbody/tr Not found expected [true] but found [false]
	at org.testng.Assert.fail(Assert.java:94)
	at org.testng.Assert.failNotEquals(Assert.java:494)
	at org.testng.Assert.assertTrue(Assert.java:42)
	at com.primeresponse.util.DriverHelper.getSize(DriverHelper.java:268)
	at com.primeresponse.pagehelper.EnterpriseHelper.checkGroupTotals(EnterpriseHelper.java:354)
	at com.primeresponse.testcases.Enterprise.Check_GroupTotals.testCheck_GroupTotals(Check_GroupTotals.java:42)
	at sun.reflect.NativeMethodAccessorImpl.invoke0(Native Method)
	at sun.reflect.NativeMethodAccessorImpl.invoke(Unknown Source)
	at sun.reflect.DelegatingMethodAccessorImpl.invoke(Unknown Source)
	at java.lang.reflect.Method.invoke(Unknown Source)
	at org.testng.internal.MethodInvocationHelper.invokeMethod(MethodInvocationHelper.java:84)
	at org.testng.internal.Invoker.invokeMethod(Invoker.java:714)
	at org.testng.internal.Invoker.invokeTestMethod(Invoker.java:901)
	at org.testng.internal.Invoker.invokeTestMethods(Invoker.java:1231)
	at org.testng.internal.TestMethodWorker.invokeTestMethods(TestMethodWorker.java:127)
	at org.testng.internal.TestMethodWorker.run(TestMethodWorker.java:111)
	at org.testng.TestRunner.privateRun(TestRunner.java:767)
	at org.testng.TestRunner.run(TestRunner.java:617)
	at org.testng.SuiteRunner.runTest(SuiteRunner.java:334)
	at org.testng.SuiteRunner.runSequentially(SuiteRunner.java:329)
	at org.testng.SuiteRunner.privateRun(SuiteRunner.java:291)
	at org.testng.SuiteRunner.run(SuiteRunner.java:240)
	at org.testng.SuiteRunnerWorker.runSuite(SuiteRunnerWorker.java:52)
	at org.testng.SuiteRunnerWorker.run(SuiteRunnerWorker.java:86)
	at org.testng.TestNG.runSuitesSequentially(TestNG.java:1224)
	at org.testng.TestNG.runSuitesLocally(TestNG.java:1149)
	at org.testng.TestNG.run(TestNG.java:1057)
	at org.testng.remote.RemoteTestNG.run(RemoteTestNG.java:111)
	at org.testng.remote.RemoteTestNG.initAndRun(RemoteTestNG.java:204)
	at org.testng.remote.RemoteTestNG.main(RemoteTestNG.java:175)

*****************************************************************************
Jun 16,2016 10:33:50 [info]   Execution Started of Test Class com.primeresponse.testcases.Enterprise.Check_GroupTotals and Test method testCheck_GroupTotals
*****************************************************************************
Jun 16,2016 10:34:00 [info]  open application giturl
Jun 16,2016 10:35:24 [info]  log-in into application
Jun 16,2016 10:35:26 [info]  Select Selenium Test Account if not selected
Jun 16,2016 10:35:40 [info]  Go to Enterprise > Dashboard

*****************************************************************************
Jun 16,2016 11:16:58 [info]   Execution Started of Test Class com.primeresponse.testcases.Enterprise.Check_GroupTotals and Test method testCheck_GroupTotals
*****************************************************************************
Jun 16,2016 11:17:11 [info]  open application giturl
Jun 16,2016 11:18:32 [info]  log-in into application
Jun 16,2016 11:18:33 [info]  Select Selenium Test Account if not selected
Jun 16,2016 11:18:39 [info]  Go to Enterprise > Dashboard
Jun 16,2016 11:18:43 [info]  Jun 16,2016 11:18:43 [info]  <<<<<<<<<<<<<<<<<<<<<<<<<<<<<<<<<< Error message >>>>>>>>>>>>>>>>>>>>>>>>>>>>>>
java.lang.NumberFormatException: For input string: "19,410"
	at java.lang.NumberFormatException.forInputString(Unknown Source)
	at java.lang.Integer.parseInt(Unknown Source)
	at java.lang.Integer.parseInt(Unknown Source)
	at com.primeresponse.pagehelper.EnterpriseHelper.checkGroupTotals(EnterpriseHelper.java:358)
	at com.primeresponse.testcases.Enterprise.Check_GroupTotals.testCheck_GroupTotals(Check_GroupTotals.java:42)
	at sun.reflect.NativeMethodAccessorImpl.invoke0(Native Method)
	at sun.reflect.NativeMethodAccessorImpl.invoke(Unknown Source)
	at sun.reflect.DelegatingMethodAccessorImpl.invoke(Unknown Source)
	at java.lang.reflect.Method.invoke(Unknown Source)
	at org.testng.internal.MethodInvocationHelper.invokeMethod(MethodInvocationHelper.java:84)
	at org.testng.internal.Invoker.invokeMethod(Invoker.java:714)
	at org.testng.internal.Invoker.invokeTestMethod(Invoker.java:901)
	at org.testng.internal.Invoker.invokeTestMethods(Invoker.java:1231)
	at org.testng.internal.TestMethodWorker.invokeTestMethods(TestMethodWorker.java:127)
	at org.testng.internal.TestMethodWorker.run(TestMethodWorker.java:111)
	at org.testng.TestRunner.privateRun(TestRunner.java:767)
	at org.testng.TestRunner.run(TestRunner.java:617)
	at org.testng.SuiteRunner.runTest(SuiteRunner.java:334)
	at org.testng.SuiteRunner.runSequentially(SuiteRunner.java:329)
	at org.testng.SuiteRunner.privateRun(SuiteRunner.java:291)
	at org.testng.SuiteRunner.run(SuiteRunner.java:240)
	at org.testng.SuiteRunnerWorker.runSuite(SuiteRunnerWorker.java:52)
	at org.testng.SuiteRunnerWorker.run(SuiteRunnerWorker.java:86)
	at org.testng.TestNG.runSuitesSequentially(TestNG.java:1224)
	at org.testng.TestNG.runSuitesLocally(TestNG.java:1149)
	at org.testng.TestNG.run(TestNG.java:1057)
	at org.testng.remote.RemoteTestNG.run(RemoteTestNG.java:111)
	at org.testng.remote.RemoteTestNG.initAndRun(RemoteTestNG.java:204)
	at org.testng.remote.RemoteTestNG.main(RemoteTestNG.java:175)

*****************************************************************************
Jun 16,2016 11:24:59 [info]   Execution Started of Test Class com.primeresponse.testcases.Enterprise.Check_GroupTotals and Test method testCheck_GroupTotals
*****************************************************************************
Jun 16,2016 11:25:07 [info]  open application giturl
Jun 16,2016 11:26:18 [info]  log-in into application
Jun 16,2016 11:26:19 [info]  Select Selenium Test Account if not selected
Jun 16,2016 11:26:28 [info]  Go to Enterprise > Dashboard
Jun 16,2016 11:26:33 [info]  Jun 16,2016 11:26:33 [info]  <<<<<<<<<<<<<<<<<<<<<<<<<<<<<<<<<< Error message >>>>>>>>>>>>>>>>>>>>>>>>>>>>>>
java.lang.NumberFormatException: For input string: "19,410"
	at java.lang.NumberFormatException.forInputString(Unknown Source)
	at java.lang.Integer.parseInt(Unknown Source)
	at java.lang.Integer.parseInt(Unknown Source)
	at com.primeresponse.pagehelper.EnterpriseHelper.checkGroupTotals(EnterpriseHelper.java:358)
	at com.primeresponse.testcases.Enterprise.Check_GroupTotals.testCheck_GroupTotals(Check_GroupTotals.java:42)
	at sun.reflect.NativeMethodAccessorImpl.invoke0(Native Method)
	at sun.reflect.NativeMethodAccessorImpl.invoke(Unknown Source)
	at sun.reflect.DelegatingMethodAccessorImpl.invoke(Unknown Source)
	at java.lang.reflect.Method.invoke(Unknown Source)
	at org.testng.internal.MethodInvocationHelper.invokeMethod(MethodInvocationHelper.java:84)
	at org.testng.internal.Invoker.invokeMethod(Invoker.java:714)
	at org.testng.internal.Invoker.invokeTestMethod(Invoker.java:901)
	at org.testng.internal.Invoker.invokeTestMethods(Invoker.java:1231)
	at org.testng.internal.TestMethodWorker.invokeTestMethods(TestMethodWorker.java:127)
	at org.testng.internal.TestMethodWorker.run(TestMethodWorker.java:111)
	at org.testng.TestRunner.privateRun(TestRunner.java:767)
	at org.testng.TestRunner.run(TestRunner.java:617)
	at org.testng.SuiteRunner.runTest(SuiteRunner.java:334)
	at org.testng.SuiteRunner.runSequentially(SuiteRunner.java:329)
	at org.testng.SuiteRunner.privateRun(SuiteRunner.java:291)
	at org.testng.SuiteRunner.run(SuiteRunner.java:240)
	at org.testng.SuiteRunnerWorker.runSuite(SuiteRunnerWorker.java:52)
	at org.testng.SuiteRunnerWorker.run(SuiteRunnerWorker.java:86)
	at org.testng.TestNG.runSuitesSequentially(TestNG.java:1224)
	at org.testng.TestNG.runSuitesLocally(TestNG.java:1149)
	at org.testng.TestNG.run(TestNG.java:1057)
	at org.testng.remote.RemoteTestNG.run(RemoteTestNG.java:111)
	at org.testng.remote.RemoteTestNG.initAndRun(RemoteTestNG.java:204)
	at org.testng.remote.RemoteTestNG.main(RemoteTestNG.java:175)

*****************************************************************************
Jun 16,2016 11:29:05 [info]   Execution Started of Test Class com.primeresponse.testcases.Enterprise.Check_GroupTotals and Test method testCheck_GroupTotals
*****************************************************************************
Jun 16,2016 11:29:17 [info]  open application giturl
Jun 16,2016 11:30:19 [info]  log-in into application
Jun 16,2016 11:30:20 [info]  Select Selenium Test Account if not selected
Jun 16,2016 11:30:31 [info]  Go to Enterprise > Dashboard
Jun 16,2016 11:30:37 [info]  Jun 16,2016 11:30:37 [info]  <<<<<<<<<<<<<<<<<<<<<<<<<<<<<<<<<< Error message >>>>>>>>>>>>>>>>>>>>>>>>>>>>>>
java.lang.NumberFormatException: For input string: "3,607"
	at java.lang.NumberFormatException.forInputString(Unknown Source)
	at java.lang.Integer.parseInt(Unknown Source)
	at java.lang.Integer.parseInt(Unknown Source)
	at com.primeresponse.pagehelper.EnterpriseHelper.checkGroupTotals(EnterpriseHelper.java:370)
	at com.primeresponse.testcases.Enterprise.Check_GroupTotals.testCheck_GroupTotals(Check_GroupTotals.java:42)
	at sun.reflect.NativeMethodAccessorImpl.invoke0(Native Method)
	at sun.reflect.NativeMethodAccessorImpl.invoke(Unknown Source)
	at sun.reflect.DelegatingMethodAccessorImpl.invoke(Unknown Source)
	at java.lang.reflect.Method.invoke(Unknown Source)
	at org.testng.internal.MethodInvocationHelper.invokeMethod(MethodInvocationHelper.java:84)
	at org.testng.internal.Invoker.invokeMethod(Invoker.java:714)
	at org.testng.internal.Invoker.invokeTestMethod(Invoker.java:901)
	at org.testng.internal.Invoker.invokeTestMethods(Invoker.java:1231)
	at org.testng.internal.TestMethodWorker.invokeTestMethods(TestMethodWorker.java:127)
	at org.testng.internal.TestMethodWorker.run(TestMethodWorker.java:111)
	at org.testng.TestRunner.privateRun(TestRunner.java:767)
	at org.testng.TestRunner.run(TestRunner.java:617)
	at org.testng.SuiteRunner.runTest(SuiteRunner.java:334)
	at org.testng.SuiteRunner.runSequentially(SuiteRunner.java:329)
	at org.testng.SuiteRunner.privateRun(SuiteRunner.java:291)
	at org.testng.SuiteRunner.run(SuiteRunner.java:240)
	at org.testng.SuiteRunnerWorker.runSuite(SuiteRunnerWorker.java:52)
	at org.testng.SuiteRunnerWorker.run(SuiteRunnerWorker.java:86)
	at org.testng.TestNG.runSuitesSequentially(TestNG.java:1224)
	at org.testng.TestNG.runSuitesLocally(TestNG.java:1149)
	at org.testng.TestNG.run(TestNG.java:1057)
	at org.testng.remote.RemoteTestNG.run(RemoteTestNG.java:111)
	at org.testng.remote.RemoteTestNG.initAndRun(RemoteTestNG.java:204)
	at org.testng.remote.RemoteTestNG.main(RemoteTestNG.java:175)

*****************************************************************************
Jun 16,2016 11:35:51 [info]   Execution Started of Test Class com.primeresponse.testcases.Enterprise.Check_GroupTotals and Test method testCheck_GroupTotals
*****************************************************************************
Jun 16,2016 11:36:04 [info]  open application giturl
Jun 16,2016 11:36:34 [info]  log-in into application
Jun 16,2016 11:36:35 [info]  Select Selenium Test Account if not selected
Jun 16,2016 11:36:43 [info]  Go to Enterprise > Dashboard
Jun 16,2016 11:36:48 [info]  Jun 16,2016 11:36:48 [info]  <<<<<<<<<<<<<<<<<<<<<<<<<<<<<<<<<< Error message >>>>>>>>>>>>>>>>>>>>>>>>>>>>>>
java.lang.NumberFormatException: For input string: "3,607"
	at java.lang.NumberFormatException.forInputString(Unknown Source)
	at java.lang.Integer.parseInt(Unknown Source)
	at java.lang.Integer.parseInt(Unknown Source)
	at com.primeresponse.pagehelper.EnterpriseHelper.checkGroupTotals(EnterpriseHelper.java:370)
	at com.primeresponse.testcases.Enterprise.Check_GroupTotals.testCheck_GroupTotals(Check_GroupTotals.java:42)
	at sun.reflect.NativeMethodAccessorImpl.invoke0(Native Method)
	at sun.reflect.NativeMethodAccessorImpl.invoke(Unknown Source)
	at sun.reflect.DelegatingMethodAccessorImpl.invoke(Unknown Source)
	at java.lang.reflect.Method.invoke(Unknown Source)
	at org.testng.internal.MethodInvocationHelper.invokeMethod(MethodInvocationHelper.java:84)
	at org.testng.internal.Invoker.invokeMethod(Invoker.java:714)
	at org.testng.internal.Invoker.invokeTestMethod(Invoker.java:901)
	at org.testng.internal.Invoker.invokeTestMethods(Invoker.java:1231)
	at org.testng.internal.TestMethodWorker.invokeTestMethods(TestMethodWorker.java:127)
	at org.testng.internal.TestMethodWorker.run(TestMethodWorker.java:111)
	at org.testng.TestRunner.privateRun(TestRunner.java:767)
	at org.testng.TestRunner.run(TestRunner.java:617)
	at org.testng.SuiteRunner.runTest(SuiteRunner.java:334)
	at org.testng.SuiteRunner.runSequentially(SuiteRunner.java:329)
	at org.testng.SuiteRunner.privateRun(SuiteRunner.java:291)
	at org.testng.SuiteRunner.run(SuiteRunner.java:240)
	at org.testng.SuiteRunnerWorker.runSuite(SuiteRunnerWorker.java:52)
	at org.testng.SuiteRunnerWorker.run(SuiteRunnerWorker.java:86)
	at org.testng.TestNG.runSuitesSequentially(TestNG.java:1224)
	at org.testng.TestNG.runSuitesLocally(TestNG.java:1149)
	at org.testng.TestNG.run(TestNG.java:1057)
	at org.testng.remote.RemoteTestNG.run(RemoteTestNG.java:111)
	at org.testng.remote.RemoteTestNG.initAndRun(RemoteTestNG.java:204)
	at org.testng.remote.RemoteTestNG.main(RemoteTestNG.java:175)

*****************************************************************************
Jun 16,2016 11:43:46 [info]   Execution Started of Test Class com.primeresponse.testcases.Enterprise.Check_GroupTotals and Test method testCheck_GroupTotals
*****************************************************************************
Jun 16,2016 11:44:02 [info]  open application giturl
Jun 16,2016 11:45:08 [info]  log-in into application
Jun 16,2016 11:45:08 [info]  Select Selenium Test Account if not selected
Jun 16,2016 11:45:16 [info]  Go to Enterprise > Dashboard
Jun 16,2016 11:45:23 [info]  Jun 16,2016 11:45:23 [info]  <<<<<<<<<<<<<<<<<<<<<<<<<<<<<<<<<< Error message >>>>>>>>>>>>>>>>>>>>>>>>>>>>>>
java.lang.NumberFormatException: For input string: "3,607"
	at java.lang.NumberFormatException.forInputString(Unknown Source)
	at java.lang.Integer.parseInt(Unknown Source)
	at java.lang.Integer.parseInt(Unknown Source)
	at com.primeresponse.pagehelper.EnterpriseHelper.checkGroupTotals(EnterpriseHelper.java:372)
	at com.primeresponse.testcases.Enterprise.Check_GroupTotals.testCheck_GroupTotals(Check_GroupTotals.java:42)
	at sun.reflect.NativeMethodAccessorImpl.invoke0(Native Method)
	at sun.reflect.NativeMethodAccessorImpl.invoke(Unknown Source)
	at sun.reflect.DelegatingMethodAccessorImpl.invoke(Unknown Source)
	at java.lang.reflect.Method.invoke(Unknown Source)
	at org.testng.internal.MethodInvocationHelper.invokeMethod(MethodInvocationHelper.java:84)
	at org.testng.internal.Invoker.invokeMethod(Invoker.java:714)
	at org.testng.internal.Invoker.invokeTestMethod(Invoker.java:901)
	at org.testng.internal.Invoker.invokeTestMethods(Invoker.java:1231)
	at org.testng.internal.TestMethodWorker.invokeTestMethods(TestMethodWorker.java:127)
	at org.testng.internal.TestMethodWorker.run(TestMethodWorker.java:111)
	at org.testng.TestRunner.privateRun(TestRunner.java:767)
	at org.testng.TestRunner.run(TestRunner.java:617)
	at org.testng.SuiteRunner.runTest(SuiteRunner.java:334)
	at org.testng.SuiteRunner.runSequentially(SuiteRunner.java:329)
	at org.testng.SuiteRunner.privateRun(SuiteRunner.java:291)
	at org.testng.SuiteRunner.run(SuiteRunner.java:240)
	at org.testng.SuiteRunnerWorker.runSuite(SuiteRunnerWorker.java:52)
	at org.testng.SuiteRunnerWorker.run(SuiteRunnerWorker.java:86)
	at org.testng.TestNG.runSuitesSequentially(TestNG.java:1224)
	at org.testng.TestNG.runSuitesLocally(TestNG.java:1149)
	at org.testng.TestNG.run(TestNG.java:1057)
	at org.testng.remote.RemoteTestNG.run(RemoteTestNG.java:111)
	at org.testng.remote.RemoteTestNG.initAndRun(RemoteTestNG.java:204)
	at org.testng.remote.RemoteTestNG.main(RemoteTestNG.java:175)

*****************************************************************************
Jun 16,2016 11:51:43 [info]   Execution Started of Test Class com.primeresponse.testcases.Enterprise.Check_GroupTotals and Test method testCheck_GroupTotals
*****************************************************************************
Jun 16,2016 11:51:52 [info]  open application giturl
Jun 16,2016 11:52:44 [info]  log-in into application
Jun 16,2016 11:52:44 [info]  Select Selenium Test Account if not selected
Jun 16,2016 11:52:53 [info]  Go to Enterprise > Dashboard
Jun 16,2016 11:53:01 [info]  Jun 16,2016 11:53:01 [info]  <<<<<<<<<<<<<<<<<<<<<<<<<<<<<<<<<< Error message >>>>>>>>>>>>>>>>>>>>>>>>>>>>>>
java.lang.NumberFormatException: For input string: "3,607"
	at java.lang.NumberFormatException.forInputString(Unknown Source)
	at java.lang.Integer.parseInt(Unknown Source)
	at java.lang.Integer.parseInt(Unknown Source)
	at com.primeresponse.pagehelper.EnterpriseHelper.checkGroupTotals(EnterpriseHelper.java:373)
	at com.primeresponse.testcases.Enterprise.Check_GroupTotals.testCheck_GroupTotals(Check_GroupTotals.java:42)
	at sun.reflect.NativeMethodAccessorImpl.invoke0(Native Method)
	at sun.reflect.NativeMethodAccessorImpl.invoke(Unknown Source)
	at sun.reflect.DelegatingMethodAccessorImpl.invoke(Unknown Source)
	at java.lang.reflect.Method.invoke(Unknown Source)
	at org.testng.internal.MethodInvocationHelper.invokeMethod(MethodInvocationHelper.java:84)
	at org.testng.internal.Invoker.invokeMethod(Invoker.java:714)
	at org.testng.internal.Invoker.invokeTestMethod(Invoker.java:901)
	at org.testng.internal.Invoker.invokeTestMethods(Invoker.java:1231)
	at org.testng.internal.TestMethodWorker.invokeTestMethods(TestMethodWorker.java:127)
	at org.testng.internal.TestMethodWorker.run(TestMethodWorker.java:111)
	at org.testng.TestRunner.privateRun(TestRunner.java:767)
	at org.testng.TestRunner.run(TestRunner.java:617)
	at org.testng.SuiteRunner.runTest(SuiteRunner.java:334)
	at org.testng.SuiteRunner.runSequentially(SuiteRunner.java:329)
	at org.testng.SuiteRunner.privateRun(SuiteRunner.java:291)
	at org.testng.SuiteRunner.run(SuiteRunner.java:240)
	at org.testng.SuiteRunnerWorker.runSuite(SuiteRunnerWorker.java:52)
	at org.testng.SuiteRunnerWorker.run(SuiteRunnerWorker.java:86)
	at org.testng.TestNG.runSuitesSequentially(TestNG.java:1224)
	at org.testng.TestNG.runSuitesLocally(TestNG.java:1149)
	at org.testng.TestNG.run(TestNG.java:1057)
	at org.testng.remote.RemoteTestNG.run(RemoteTestNG.java:111)
	at org.testng.remote.RemoteTestNG.initAndRun(RemoteTestNG.java:204)
	at org.testng.remote.RemoteTestNG.main(RemoteTestNG.java:175)

*****************************************************************************
Jun 16,2016 11:56:59 [info]   Execution Started of Test Class com.primeresponse.testcases.Enterprise.Check_GroupTotals and Test method testCheck_GroupTotals
*****************************************************************************
Jun 16,2016 11:57:21 [info]  open application giturl
Jun 16,2016 11:58:41 [info]  log-in into application
Jun 16,2016 11:58:41 [info]  Select Selenium Test Account if not selected
Jun 16,2016 11:58:48 [info]  Go to Enterprise > Dashboard
Jun 16,2016 11:58:57 [info]  Jun 16,2016 11:58:57 [info]  <<<<<<<<<<<<<<<<<<<<<<<<<<<<<<<<<< Error message >>>>>>>>>>>>>>>>>>>>>>>>>>>>>>
java.lang.NumberFormatException: For input string: "3,607"
	at java.lang.NumberFormatException.forInputString(Unknown Source)
	at java.lang.Integer.parseInt(Unknown Source)
	at java.lang.Integer.parseInt(Unknown Source)
	at com.primeresponse.pagehelper.EnterpriseHelper.checkGroupTotals(EnterpriseHelper.java:375)
	at com.primeresponse.testcases.Enterprise.Check_GroupTotals.testCheck_GroupTotals(Check_GroupTotals.java:42)
	at sun.reflect.NativeMethodAccessorImpl.invoke0(Native Method)
	at sun.reflect.NativeMethodAccessorImpl.invoke(Unknown Source)
	at sun.reflect.DelegatingMethodAccessorImpl.invoke(Unknown Source)
	at java.lang.reflect.Method.invoke(Unknown Source)
	at org.testng.internal.MethodInvocationHelper.invokeMethod(MethodInvocationHelper.java:84)
	at org.testng.internal.Invoker.invokeMethod(Invoker.java:714)
	at org.testng.internal.Invoker.invokeTestMethod(Invoker.java:901)
	at org.testng.internal.Invoker.invokeTestMethods(Invoker.java:1231)
	at org.testng.internal.TestMethodWorker.invokeTestMethods(TestMethodWorker.java:127)
	at org.testng.internal.TestMethodWorker.run(TestMethodWorker.java:111)
	at org.testng.TestRunner.privateRun(TestRunner.java:767)
	at org.testng.TestRunner.run(TestRunner.java:617)
	at org.testng.SuiteRunner.runTest(SuiteRunner.java:334)
	at org.testng.SuiteRunner.runSequentially(SuiteRunner.java:329)
	at org.testng.SuiteRunner.privateRun(SuiteRunner.java:291)
	at org.testng.SuiteRunner.run(SuiteRunner.java:240)
	at org.testng.SuiteRunnerWorker.runSuite(SuiteRunnerWorker.java:52)
	at org.testng.SuiteRunnerWorker.run(SuiteRunnerWorker.java:86)
	at org.testng.TestNG.runSuitesSequentially(TestNG.java:1224)
	at org.testng.TestNG.runSuitesLocally(TestNG.java:1149)
	at org.testng.TestNG.run(TestNG.java:1057)
	at org.testng.remote.RemoteTestNG.run(RemoteTestNG.java:111)
	at org.testng.remote.RemoteTestNG.initAndRun(RemoteTestNG.java:204)
	at org.testng.remote.RemoteTestNG.main(RemoteTestNG.java:175)

*****************************************************************************
Jun 16,2016 11:59:56 [info]   Execution Started of Test Class com.primeresponse.testcases.Enterprise.Check_GroupTotals and Test method testCheck_GroupTotals
*****************************************************************************
Jun 16,2016 12:00:05 [info]  open application giturl
Jun 16,2016 12:01:17 [info]  log-in into application
Jun 16,2016 12:01:18 [info]  Select Selenium Test Account if not selected
Jun 16,2016 12:01:25 [info]  Go to Enterprise > Dashboard
Jun 16,2016 12:01:34 [info]  Jun 16,2016 12:01:34 [info]  <<<<<<<<<<<<<<<<<<<<<<<<<<<<<<<<<< Error message >>>>>>>>>>>>>>>>>>>>>>>>>>>>>>
java.lang.NumberFormatException: For input string: "3,607"
	at java.lang.NumberFormatException.forInputString(Unknown Source)
	at java.lang.Integer.parseInt(Unknown Source)
	at java.lang.Integer.parseInt(Unknown Source)
	at com.primeresponse.pagehelper.EnterpriseHelper.checkGroupTotals(EnterpriseHelper.java:375)
	at com.primeresponse.testcases.Enterprise.Check_GroupTotals.testCheck_GroupTotals(Check_GroupTotals.java:42)
	at sun.reflect.NativeMethodAccessorImpl.invoke0(Native Method)
	at sun.reflect.NativeMethodAccessorImpl.invoke(Unknown Source)
	at sun.reflect.DelegatingMethodAccessorImpl.invoke(Unknown Source)
	at java.lang.reflect.Method.invoke(Unknown Source)
	at org.testng.internal.MethodInvocationHelper.invokeMethod(MethodInvocationHelper.java:84)
	at org.testng.internal.Invoker.invokeMethod(Invoker.java:714)
	at org.testng.internal.Invoker.invokeTestMethod(Invoker.java:901)
	at org.testng.internal.Invoker.invokeTestMethods(Invoker.java:1231)
	at org.testng.internal.TestMethodWorker.invokeTestMethods(TestMethodWorker.java:127)
	at org.testng.internal.TestMethodWorker.run(TestMethodWorker.java:111)
	at org.testng.TestRunner.privateRun(TestRunner.java:767)
	at org.testng.TestRunner.run(TestRunner.java:617)
	at org.testng.SuiteRunner.runTest(SuiteRunner.java:334)
	at org.testng.SuiteRunner.runSequentially(SuiteRunner.java:329)
	at org.testng.SuiteRunner.privateRun(SuiteRunner.java:291)
	at org.testng.SuiteRunner.run(SuiteRunner.java:240)
	at org.testng.SuiteRunnerWorker.runSuite(SuiteRunnerWorker.java:52)
	at org.testng.SuiteRunnerWorker.run(SuiteRunnerWorker.java:86)
	at org.testng.TestNG.runSuitesSequentially(TestNG.java:1224)
	at org.testng.TestNG.runSuitesLocally(TestNG.java:1149)
	at org.testng.TestNG.run(TestNG.java:1057)
	at org.testng.remote.RemoteTestNG.run(RemoteTestNG.java:111)
	at org.testng.remote.RemoteTestNG.initAndRun(RemoteTestNG.java:204)
	at org.testng.remote.RemoteTestNG.main(RemoteTestNG.java:175)

*****************************************************************************
Jun 16,2016 12:21:03 [info]   Execution Started of Test Class com.primeresponse.testcases.Enterprise.Check_GroupTotals and Test method testCheck_GroupTotals
*****************************************************************************
Jun 16,2016 12:21:15 [info]  open application giturl
Jun 16,2016 12:22:05 [info]  log-in into application
Jun 16,2016 12:22:12 [info]  Select Selenium Test Account if not selected
Jun 16,2016 12:22:21 [info]  Go to Enterprise > Dashboard
Jun 16,2016 12:22:30 [info]  Jun 16,2016 12:22:30 [info]  <<<<<<<<<<<<<<<<<<<<<<<<<<<<<<<<<< Error message >>>>>>>>>>>>>>>>>>>>>>>>>>>>>>
java.lang.NumberFormatException: For input string: "3,607"
	at java.lang.NumberFormatException.forInputString(Unknown Source)
	at java.lang.Integer.parseInt(Unknown Source)
	at java.lang.Integer.parseInt(Unknown Source)
	at com.primeresponse.pagehelper.EnterpriseHelper.checkGroupTotals(EnterpriseHelper.java:369)
	at com.primeresponse.testcases.Enterprise.Check_GroupTotals.testCheck_GroupTotals(Check_GroupTotals.java:42)
	at sun.reflect.NativeMethodAccessorImpl.invoke0(Native Method)
	at sun.reflect.NativeMethodAccessorImpl.invoke(Unknown Source)
	at sun.reflect.DelegatingMethodAccessorImpl.invoke(Unknown Source)
	at java.lang.reflect.Method.invoke(Unknown Source)
	at org.testng.internal.MethodInvocationHelper.invokeMethod(MethodInvocationHelper.java:84)
	at org.testng.internal.Invoker.invokeMethod(Invoker.java:714)
	at org.testng.internal.Invoker.invokeTestMethod(Invoker.java:901)
	at org.testng.internal.Invoker.invokeTestMethods(Invoker.java:1231)
	at org.testng.internal.TestMethodWorker.invokeTestMethods(TestMethodWorker.java:127)
	at org.testng.internal.TestMethodWorker.run(TestMethodWorker.java:111)
	at org.testng.TestRunner.privateRun(TestRunner.java:767)
	at org.testng.TestRunner.run(TestRunner.java:617)
	at org.testng.SuiteRunner.runTest(SuiteRunner.java:334)
	at org.testng.SuiteRunner.runSequentially(SuiteRunner.java:329)
	at org.testng.SuiteRunner.privateRun(SuiteRunner.java:291)
	at org.testng.SuiteRunner.run(SuiteRunner.java:240)
	at org.testng.SuiteRunnerWorker.runSuite(SuiteRunnerWorker.java:52)
	at org.testng.SuiteRunnerWorker.run(SuiteRunnerWorker.java:86)
	at org.testng.TestNG.runSuitesSequentially(TestNG.java:1224)
	at org.testng.TestNG.runSuitesLocally(TestNG.java:1149)
	at org.testng.TestNG.run(TestNG.java:1057)
	at org.testng.remote.RemoteTestNG.run(RemoteTestNG.java:111)
	at org.testng.remote.RemoteTestNG.initAndRun(RemoteTestNG.java:204)
	at org.testng.remote.RemoteTestNG.main(RemoteTestNG.java:175)

*****************************************************************************
Jun 16,2016 12:25:24 [info]   Execution Started of Test Class com.primeresponse.testcases.Enterprise.Check_GroupTotals and Test method testCheck_GroupTotals
*****************************************************************************
Jun 16,2016 12:25:49 [info]  open application giturl
Jun 16,2016 12:27:43 [info]  log-in into application
Jun 16,2016 12:27:44 [info]  Select Selenium Test Account if not selected
Jun 16,2016 12:27:52 [info]  Go to Enterprise > Dashboard
Jun 16,2016 12:28:01 [info]  Jun 16,2016 12:28:01 [info]  <<<<<<<<<<<<<<<<<<<<<<<<<<<<<<<<<< Error message >>>>>>>>>>>>>>>>>>>>>>>>>>>>>>
java.lang.NumberFormatException: For input string: "19,410"
	at java.lang.NumberFormatException.forInputString(Unknown Source)
	at java.lang.Integer.parseInt(Unknown Source)
	at java.lang.Integer.parseInt(Unknown Source)
	at com.primeresponse.pagehelper.EnterpriseHelper.checkGroupTotals(EnterpriseHelper.java:393)
	at com.primeresponse.testcases.Enterprise.Check_GroupTotals.testCheck_GroupTotals(Check_GroupTotals.java:42)
	at sun.reflect.NativeMethodAccessorImpl.invoke0(Native Method)
	at sun.reflect.NativeMethodAccessorImpl.invoke(Unknown Source)
	at sun.reflect.DelegatingMethodAccessorImpl.invoke(Unknown Source)
	at java.lang.reflect.Method.invoke(Unknown Source)
	at org.testng.internal.MethodInvocationHelper.invokeMethod(MethodInvocationHelper.java:84)
	at org.testng.internal.Invoker.invokeMethod(Invoker.java:714)
	at org.testng.internal.Invoker.invokeTestMethod(Invoker.java:901)
	at org.testng.internal.Invoker.invokeTestMethods(Invoker.java:1231)
	at org.testng.internal.TestMethodWorker.invokeTestMethods(TestMethodWorker.java:127)
	at org.testng.internal.TestMethodWorker.run(TestMethodWorker.java:111)
	at org.testng.TestRunner.privateRun(TestRunner.java:767)
	at org.testng.TestRunner.run(TestRunner.java:617)
	at org.testng.SuiteRunner.runTest(SuiteRunner.java:334)
	at org.testng.SuiteRunner.runSequentially(SuiteRunner.java:329)
	at org.testng.SuiteRunner.privateRun(SuiteRunner.java:291)
	at org.testng.SuiteRunner.run(SuiteRunner.java:240)
	at org.testng.SuiteRunnerWorker.runSuite(SuiteRunnerWorker.java:52)
	at org.testng.SuiteRunnerWorker.run(SuiteRunnerWorker.java:86)
	at org.testng.TestNG.runSuitesSequentially(TestNG.java:1224)
	at org.testng.TestNG.runSuitesLocally(TestNG.java:1149)
	at org.testng.TestNG.run(TestNG.java:1057)
	at org.testng.remote.RemoteTestNG.run(RemoteTestNG.java:111)
	at org.testng.remote.RemoteTestNG.initAndRun(RemoteTestNG.java:204)
	at org.testng.remote.RemoteTestNG.main(RemoteTestNG.java:175)

*****************************************************************************
Jun 16,2016 12:44:15 [info]   Execution Started of Test Class com.primeresponse.testcases.Enterprise.Check_GroupTotals and Test method testCheck_GroupTotals
*****************************************************************************
Jun 16,2016 12:44:29 [info]  open application giturl
Jun 16,2016 12:45:21 [info]  log-in into application
Jun 16,2016 12:45:22 [info]  Select Selenium Test Account if not selected
Jun 16,2016 12:45:30 [info]  Go to Enterprise > Dashboard
Jun 16,2016 12:45:39 [info]  Jun 16,2016 12:45:39 [info]  <<<<<<<<<<<<<<<<<<<<<<<<<<<<<<<<<< Error message >>>>>>>>>>>>>>>>>>>>>>>>>>>>>>
java.lang.NumberFormatException: For input string: "1,861"
	at java.lang.NumberFormatException.forInputString(Unknown Source)
	at java.lang.Integer.parseInt(Unknown Source)
	at java.lang.Integer.parseInt(Unknown Source)
	at com.primeresponse.pagehelper.EnterpriseHelper.checkGroupTotals(EnterpriseHelper.java:408)
	at com.primeresponse.testcases.Enterprise.Check_GroupTotals.testCheck_GroupTotals(Check_GroupTotals.java:42)
	at sun.reflect.NativeMethodAccessorImpl.invoke0(Native Method)
	at sun.reflect.NativeMethodAccessorImpl.invoke(Unknown Source)
	at sun.reflect.DelegatingMethodAccessorImpl.invoke(Unknown Source)
	at java.lang.reflect.Method.invoke(Unknown Source)
	at org.testng.internal.MethodInvocationHelper.invokeMethod(MethodInvocationHelper.java:84)
	at org.testng.internal.Invoker.invokeMethod(Invoker.java:714)
	at org.testng.internal.Invoker.invokeTestMethod(Invoker.java:901)
	at org.testng.internal.Invoker.invokeTestMethods(Invoker.java:1231)
	at org.testng.internal.TestMethodWorker.invokeTestMethods(TestMethodWorker.java:127)
	at org.testng.internal.TestMethodWorker.run(TestMethodWorker.java:111)
	at org.testng.TestRunner.privateRun(TestRunner.java:767)
	at org.testng.TestRunner.run(TestRunner.java:617)
	at org.testng.SuiteRunner.runTest(SuiteRunner.java:334)
	at org.testng.SuiteRunner.runSequentially(SuiteRunner.java:329)
	at org.testng.SuiteRunner.privateRun(SuiteRunner.java:291)
	at org.testng.SuiteRunner.run(SuiteRunner.java:240)
	at org.testng.SuiteRunnerWorker.runSuite(SuiteRunnerWorker.java:52)
	at org.testng.SuiteRunnerWorker.run(SuiteRunnerWorker.java:86)
	at org.testng.TestNG.runSuitesSequentially(TestNG.java:1224)
	at org.testng.TestNG.runSuitesLocally(TestNG.java:1149)
	at org.testng.TestNG.run(TestNG.java:1057)
	at org.testng.remote.RemoteTestNG.run(RemoteTestNG.java:111)
	at org.testng.remote.RemoteTestNG.initAndRun(RemoteTestNG.java:204)
	at org.testng.remote.RemoteTestNG.main(RemoteTestNG.java:175)

*****************************************************************************
Jun 16,2016 12:48:25 [info]   Execution Started of Test Class com.primeresponse.testcases.Enterprise.Check_GroupTotals and Test method testCheck_GroupTotals
*****************************************************************************
Jun 16,2016 12:48:33 [info]  open application giturl
Jun 16,2016 12:49:13 [info]  log-in into application
Jun 16,2016 12:49:14 [info]  Select Selenium Test Account if not selected
Jun 16,2016 12:49:23 [info]  Go to Enterprise > Dashboard
Jun 16,2016 12:49:37 [info]  Jun 16,2016 12:49:37 [info]  <<<<<<<<<<<<<<<<<<<<<<<<<<<<<<<<<< Error message >>>>>>>>>>>>>>>>>>>>>>>>>>>>>>
java.lang.AssertionError: expected:<19,410> but was:<23275>
	at org.junit.Assert.fail(Assert.java:88)
	at org.junit.Assert.failNotEquals(Assert.java:834)
	at org.junit.Assert.assertEquals(Assert.java:118)
	at org.junit.Assert.assertEquals(Assert.java:144)
	at com.primeresponse.pagehelper.EnterpriseHelper.checkGroupTotals(EnterpriseHelper.java:425)
	at com.primeresponse.testcases.Enterprise.Check_GroupTotals.testCheck_GroupTotals(Check_GroupTotals.java:42)
	at sun.reflect.NativeMethodAccessorImpl.invoke0(Native Method)
	at sun.reflect.NativeMethodAccessorImpl.invoke(Unknown Source)
	at sun.reflect.DelegatingMethodAccessorImpl.invoke(Unknown Source)
	at java.lang.reflect.Method.invoke(Unknown Source)
	at org.testng.internal.MethodInvocationHelper.invokeMethod(MethodInvocationHelper.java:84)
	at org.testng.internal.Invoker.invokeMethod(Invoker.java:714)
	at org.testng.internal.Invoker.invokeTestMethod(Invoker.java:901)
	at org.testng.internal.Invoker.invokeTestMethods(Invoker.java:1231)
	at org.testng.internal.TestMethodWorker.invokeTestMethods(TestMethodWorker.java:127)
	at org.testng.internal.TestMethodWorker.run(TestMethodWorker.java:111)
	at org.testng.TestRunner.privateRun(TestRunner.java:767)
	at org.testng.TestRunner.run(TestRunner.java:617)
	at org.testng.SuiteRunner.runTest(SuiteRunner.java:334)
	at org.testng.SuiteRunner.runSequentially(SuiteRunner.java:329)
	at org.testng.SuiteRunner.privateRun(SuiteRunner.java:291)
	at org.testng.SuiteRunner.run(SuiteRunner.java:240)
	at org.testng.SuiteRunnerWorker.runSuite(SuiteRunnerWorker.java:52)
	at org.testng.SuiteRunnerWorker.run(SuiteRunnerWorker.java:86)
	at org.testng.TestNG.runSuitesSequentially(TestNG.java:1224)
	at org.testng.TestNG.runSuitesLocally(TestNG.java:1149)
	at org.testng.TestNG.run(TestNG.java:1057)
	at org.testng.remote.RemoteTestNG.run(RemoteTestNG.java:111)
	at org.testng.remote.RemoteTestNG.initAndRun(RemoteTestNG.java:204)
	at org.testng.remote.RemoteTestNG.main(RemoteTestNG.java:175)

*****************************************************************************
Jun 16,2016 13:33:44 [info]   Execution Started of Test Class com.primeresponse.testcases.Enterprise.Check_GroupTotals and Test method testCheck_GroupTotals
*****************************************************************************
Jun 16,2016 13:33:56 [info]  open application giturl
Jun 16,2016 13:35:24 [info]  log-in into application
Jun 16,2016 13:35:25 [info]  Select Selenium Test Account if not selected
Jun 16,2016 13:35:32 [info]  Go to Enterprise > Dashboard
Jun 16,2016 13:35:44 [info]  Jun 16,2016 13:35:44 [info]  <<<<<<<<<<<<<<<<<<<<<<<<<<<<<<<<<< Error message >>>>>>>>>>>>>>>>>>>>>>>>>>>>>>
java.lang.AssertionError: expected:<19,410> but was:<23275>
	at org.junit.Assert.fail(Assert.java:88)
	at org.junit.Assert.failNotEquals(Assert.java:834)
	at org.junit.Assert.assertEquals(Assert.java:118)
	at org.junit.Assert.assertEquals(Assert.java:144)
	at com.primeresponse.pagehelper.EnterpriseHelper.checkGroupTotals(EnterpriseHelper.java:425)
	at com.primeresponse.testcases.Enterprise.Check_GroupTotals.testCheck_GroupTotals(Check_GroupTotals.java:42)
	at sun.reflect.NativeMethodAccessorImpl.invoke0(Native Method)
	at sun.reflect.NativeMethodAccessorImpl.invoke(Unknown Source)
	at sun.reflect.DelegatingMethodAccessorImpl.invoke(Unknown Source)
	at java.lang.reflect.Method.invoke(Unknown Source)
	at org.testng.internal.MethodInvocationHelper.invokeMethod(MethodInvocationHelper.java:84)
	at org.testng.internal.Invoker.invokeMethod(Invoker.java:714)
	at org.testng.internal.Invoker.invokeTestMethod(Invoker.java:901)
	at org.testng.internal.Invoker.invokeTestMethods(Invoker.java:1231)
	at org.testng.internal.TestMethodWorker.invokeTestMethods(TestMethodWorker.java:127)
	at org.testng.internal.TestMethodWorker.run(TestMethodWorker.java:111)
	at org.testng.TestRunner.privateRun(TestRunner.java:767)
	at org.testng.TestRunner.run(TestRunner.java:617)
	at org.testng.SuiteRunner.runTest(SuiteRunner.java:334)
	at org.testng.SuiteRunner.runSequentially(SuiteRunner.java:329)
	at org.testng.SuiteRunner.privateRun(SuiteRunner.java:291)
	at org.testng.SuiteRunner.run(SuiteRunner.java:240)
	at org.testng.SuiteRunnerWorker.runSuite(SuiteRunnerWorker.java:52)
	at org.testng.SuiteRunnerWorker.run(SuiteRunnerWorker.java:86)
	at org.testng.TestNG.runSuitesSequentially(TestNG.java:1224)
	at org.testng.TestNG.runSuitesLocally(TestNG.java:1149)
	at org.testng.TestNG.run(TestNG.java:1057)
	at org.testng.remote.RemoteTestNG.run(RemoteTestNG.java:111)
	at org.testng.remote.RemoteTestNG.initAndRun(RemoteTestNG.java:204)
	at org.testng.remote.RemoteTestNG.main(RemoteTestNG.java:175)

*****************************************************************************
Jun 16,2016 13:41:46 [info]   Execution Started of Test Class com.primeresponse.testcases.Enterprise.Check_GroupTotals and Test method testCheck_GroupTotals
*****************************************************************************
Jun 16,2016 13:42:03 [info]  open application giturl
Jun 16,2016 13:43:35 [info]  log-in into application
Jun 16,2016 13:43:35 [info]  Select Selenium Test Account if not selected
Jun 16,2016 13:43:45 [info]  Go to Enterprise > Dashboard
Jun 16,2016 13:43:57 [info]  Jun 16,2016 13:43:57 [info]  <<<<<<<<<<<<<<<<<<<<<<<<<<<<<<<<<< Error message >>>>>>>>>>>>>>>>>>>>>>>>>>>>>>
java.lang.AssertionError: expected:<19410> but was:<42685>
	at org.junit.Assert.fail(Assert.java:88)
	at org.junit.Assert.failNotEquals(Assert.java:834)
	at org.junit.Assert.assertEquals(Assert.java:118)
	at org.junit.Assert.assertEquals(Assert.java:144)
	at com.primeresponse.pagehelper.EnterpriseHelper.checkGroupTotals(EnterpriseHelper.java:428)
	at com.primeresponse.testcases.Enterprise.Check_GroupTotals.testCheck_GroupTotals(Check_GroupTotals.java:42)
	at sun.reflect.NativeMethodAccessorImpl.invoke0(Native Method)
	at sun.reflect.NativeMethodAccessorImpl.invoke(Unknown Source)
	at sun.reflect.DelegatingMethodAccessorImpl.invoke(Unknown Source)
	at java.lang.reflect.Method.invoke(Unknown Source)
	at org.testng.internal.MethodInvocationHelper.invokeMethod(MethodInvocationHelper.java:84)
	at org.testng.internal.Invoker.invokeMethod(Invoker.java:714)
	at org.testng.internal.Invoker.invokeTestMethod(Invoker.java:901)
	at org.testng.internal.Invoker.invokeTestMethods(Invoker.java:1231)
	at org.testng.internal.TestMethodWorker.invokeTestMethods(TestMethodWorker.java:127)
	at org.testng.internal.TestMethodWorker.run(TestMethodWorker.java:111)
	at org.testng.TestRunner.privateRun(TestRunner.java:767)
	at org.testng.TestRunner.run(TestRunner.java:617)
	at org.testng.SuiteRunner.runTest(SuiteRunner.java:334)
	at org.testng.SuiteRunner.runSequentially(SuiteRunner.java:329)
	at org.testng.SuiteRunner.privateRun(SuiteRunner.java:291)
	at org.testng.SuiteRunner.run(SuiteRunner.java:240)
	at org.testng.SuiteRunnerWorker.runSuite(SuiteRunnerWorker.java:52)
	at org.testng.SuiteRunnerWorker.run(SuiteRunnerWorker.java:86)
	at org.testng.TestNG.runSuitesSequentially(TestNG.java:1224)
	at org.testng.TestNG.runSuitesLocally(TestNG.java:1149)
	at org.testng.TestNG.run(TestNG.java:1057)
	at org.testng.remote.RemoteTestNG.run(RemoteTestNG.java:111)
	at org.testng.remote.RemoteTestNG.initAndRun(RemoteTestNG.java:204)
	at org.testng.remote.RemoteTestNG.main(RemoteTestNG.java:175)

*****************************************************************************
Jun 16,2016 13:48:56 [info]   Execution Started of Test Class com.primeresponse.testcases.Enterprise.Check_GroupTotals and Test method testCheck_GroupTotals
*****************************************************************************
Jun 16,2016 13:49:08 [info]  open application giturl
Jun 16,2016 13:50:29 [info]  log-in into application
Jun 16,2016 13:50:30 [info]  Select Selenium Test Account if not selected
Jun 16,2016 13:50:38 [info]  Go to Enterprise > Dashboard
Jun 16,2016 13:50:51 [info]  Jun 16,2016 13:50:51 [info]  <<<<<<<<<<<<<<<<<<<<<<<<<<<<<<<<<< Error message >>>>>>>>>>>>>>>>>>>>>>>>>>>>>>
java.lang.AssertionError: expected:<19410> but was:<38820>
	at org.junit.Assert.fail(Assert.java:88)
	at org.junit.Assert.failNotEquals(Assert.java:834)
	at org.junit.Assert.assertEquals(Assert.java:118)
	at org.junit.Assert.assertEquals(Assert.java:144)
	at com.primeresponse.pagehelper.EnterpriseHelper.checkGroupTotals(EnterpriseHelper.java:428)
	at com.primeresponse.testcases.Enterprise.Check_GroupTotals.testCheck_GroupTotals(Check_GroupTotals.java:42)
	at sun.reflect.NativeMethodAccessorImpl.invoke0(Native Method)
	at sun.reflect.NativeMethodAccessorImpl.invoke(Unknown Source)
	at sun.reflect.DelegatingMethodAccessorImpl.invoke(Unknown Source)
	at java.lang.reflect.Method.invoke(Unknown Source)
	at org.testng.internal.MethodInvocationHelper.invokeMethod(MethodInvocationHelper.java:84)
	at org.testng.internal.Invoker.invokeMethod(Invoker.java:714)
	at org.testng.internal.Invoker.invokeTestMethod(Invoker.java:901)
	at org.testng.internal.Invoker.invokeTestMethods(Invoker.java:1231)
	at org.testng.internal.TestMethodWorker.invokeTestMethods(TestMethodWorker.java:127)
	at org.testng.internal.TestMethodWorker.run(TestMethodWorker.java:111)
	at org.testng.TestRunner.privateRun(TestRunner.java:767)
	at org.testng.TestRunner.run(TestRunner.java:617)
	at org.testng.SuiteRunner.runTest(SuiteRunner.java:334)
	at org.testng.SuiteRunner.runSequentially(SuiteRunner.java:329)
	at org.testng.SuiteRunner.privateRun(SuiteRunner.java:291)
	at org.testng.SuiteRunner.run(SuiteRunner.java:240)
	at org.testng.SuiteRunnerWorker.runSuite(SuiteRunnerWorker.java:52)
	at org.testng.SuiteRunnerWorker.run(SuiteRunnerWorker.java:86)
	at org.testng.TestNG.runSuitesSequentially(TestNG.java:1224)
	at org.testng.TestNG.runSuitesLocally(TestNG.java:1149)
	at org.testng.TestNG.run(TestNG.java:1057)
	at org.testng.remote.RemoteTestNG.run(RemoteTestNG.java:111)
	at org.testng.remote.RemoteTestNG.initAndRun(RemoteTestNG.java:204)
	at org.testng.remote.RemoteTestNG.main(RemoteTestNG.java:175)

*****************************************************************************
Jun 16,2016 13:52:34 [info]   Execution Started of Test Class com.primeresponse.testcases.Enterprise.Check_GroupTotals and Test method testCheck_GroupTotals
*****************************************************************************
Jun 16,2016 13:52:46 [info]  open application giturl
Jun 16,2016 13:54:23 [info]  log-in into application
Jun 16,2016 13:54:23 [info]  Select Selenium Test Account if not selected
Jun 16,2016 13:54:32 [info]  Go to Enterprise > Dashboard
Jun 16,2016 13:54:45 [info]  Jun 16,2016 13:54:45 [info]  <<<<<<<<<<<<<<<<<<<<<<<<<<<<<<<<<< Error message >>>>>>>>>>>>>>>>>>>>>>>>>>>>>>
java.lang.AssertionError: expected:<19410> but was:<38820>
	at org.junit.Assert.fail(Assert.java:88)
	at org.junit.Assert.failNotEquals(Assert.java:834)
	at org.junit.Assert.assertEquals(Assert.java:118)
	at org.junit.Assert.assertEquals(Assert.java:144)
	at com.primeresponse.pagehelper.EnterpriseHelper.checkGroupTotals(EnterpriseHelper.java:428)
	at com.primeresponse.testcases.Enterprise.Check_GroupTotals.testCheck_GroupTotals(Check_GroupTotals.java:42)
	at sun.reflect.NativeMethodAccessorImpl.invoke0(Native Method)
	at sun.reflect.NativeMethodAccessorImpl.invoke(Unknown Source)
	at sun.reflect.DelegatingMethodAccessorImpl.invoke(Unknown Source)
	at java.lang.reflect.Method.invoke(Unknown Source)
	at org.testng.internal.MethodInvocationHelper.invokeMethod(MethodInvocationHelper.java:84)
	at org.testng.internal.Invoker.invokeMethod(Invoker.java:714)
	at org.testng.internal.Invoker.invokeTestMethod(Invoker.java:901)
	at org.testng.internal.Invoker.invokeTestMethods(Invoker.java:1231)
	at org.testng.internal.TestMethodWorker.invokeTestMethods(TestMethodWorker.java:127)
	at org.testng.internal.TestMethodWorker.run(TestMethodWorker.java:111)
	at org.testng.TestRunner.privateRun(TestRunner.java:767)
	at org.testng.TestRunner.run(TestRunner.java:617)
	at org.testng.SuiteRunner.runTest(SuiteRunner.java:334)
	at org.testng.SuiteRunner.runSequentially(SuiteRunner.java:329)
	at org.testng.SuiteRunner.privateRun(SuiteRunner.java:291)
	at org.testng.SuiteRunner.run(SuiteRunner.java:240)
	at org.testng.SuiteRunnerWorker.runSuite(SuiteRunnerWorker.java:52)
	at org.testng.SuiteRunnerWorker.run(SuiteRunnerWorker.java:86)
	at org.testng.TestNG.runSuitesSequentially(TestNG.java:1224)
	at org.testng.TestNG.runSuitesLocally(TestNG.java:1149)
	at org.testng.TestNG.run(TestNG.java:1057)
	at org.testng.remote.RemoteTestNG.run(RemoteTestNG.java:111)
	at org.testng.remote.RemoteTestNG.initAndRun(RemoteTestNG.java:204)
	at org.testng.remote.RemoteTestNG.main(RemoteTestNG.java:175)

*****************************************************************************
Jun 16,2016 13:56:47 [info]   Execution Started of Test Class com.primeresponse.testcases.Enterprise.Check_GroupTotals and Test method testCheck_GroupTotals
*****************************************************************************
Jun 16,2016 13:56:58 [info]  open application giturl
Jun 16,2016 13:58:11 [info]  log-in into application
Jun 16,2016 13:58:11 [info]  Select Selenium Test Account if not selected
Jun 16,2016 13:58:20 [info]  Go to Enterprise > Dashboard
Jun 16,2016 13:58:36 [info]  Jun 16,2016 13:58:36 [info]  <<<<<<<<<<<<<<<<<<<<<<<<<<<<<<<<<< Error message >>>>>>>>>>>>>>>>>>>>>>>>>>>>>>
java.lang.AssertionError: expected:<19410> but was:<38820>
	at org.junit.Assert.fail(Assert.java:88)
	at org.junit.Assert.failNotEquals(Assert.java:834)
	at org.junit.Assert.assertEquals(Assert.java:118)
	at org.junit.Assert.assertEquals(Assert.java:144)
	at com.primeresponse.pagehelper.EnterpriseHelper.checkGroupTotals(EnterpriseHelper.java:428)
	at com.primeresponse.testcases.Enterprise.Check_GroupTotals.testCheck_GroupTotals(Check_GroupTotals.java:42)
	at sun.reflect.NativeMethodAccessorImpl.invoke0(Native Method)
	at sun.reflect.NativeMethodAccessorImpl.invoke(Unknown Source)
	at sun.reflect.DelegatingMethodAccessorImpl.invoke(Unknown Source)
	at java.lang.reflect.Method.invoke(Unknown Source)
	at org.testng.internal.MethodInvocationHelper.invokeMethod(MethodInvocationHelper.java:84)
	at org.testng.internal.Invoker.invokeMethod(Invoker.java:714)
	at org.testng.internal.Invoker.invokeTestMethod(Invoker.java:901)
	at org.testng.internal.Invoker.invokeTestMethods(Invoker.java:1231)
	at org.testng.internal.TestMethodWorker.invokeTestMethods(TestMethodWorker.java:127)
	at org.testng.internal.TestMethodWorker.run(TestMethodWorker.java:111)
	at org.testng.TestRunner.privateRun(TestRunner.java:767)
	at org.testng.TestRunner.run(TestRunner.java:617)
	at org.testng.SuiteRunner.runTest(SuiteRunner.java:334)
	at org.testng.SuiteRunner.runSequentially(SuiteRunner.java:329)
	at org.testng.SuiteRunner.privateRun(SuiteRunner.java:291)
	at org.testng.SuiteRunner.run(SuiteRunner.java:240)
	at org.testng.SuiteRunnerWorker.runSuite(SuiteRunnerWorker.java:52)
	at org.testng.SuiteRunnerWorker.run(SuiteRunnerWorker.java:86)
	at org.testng.TestNG.runSuitesSequentially(TestNG.java:1224)
	at org.testng.TestNG.runSuitesLocally(TestNG.java:1149)
	at org.testng.TestNG.run(TestNG.java:1057)
	at org.testng.remote.RemoteTestNG.run(RemoteTestNG.java:111)
	at org.testng.remote.RemoteTestNG.initAndRun(RemoteTestNG.java:204)
	at org.testng.remote.RemoteTestNG.main(RemoteTestNG.java:175)

*****************************************************************************
Jun 16,2016 14:03:04 [info]   Execution Started of Test Class com.primeresponse.testcases.Enterprise.Check_GroupTotals and Test method testCheck_GroupTotals
*****************************************************************************
Jun 16,2016 14:03:11 [info]  open application giturl
Jun 16,2016 14:04:52 [info]  log-in into application
Jun 16,2016 14:04:53 [info]  Select Selenium Test Account if not selected
Jun 16,2016 14:05:01 [info]  Go to Enterprise > Dashboard
Jun 16,2016 14:05:14 [info]  Jun 16,2016 14:05:14 [info]  <<<<<<<<<<<<<<<<<<<<<<<<<<<<<<<<<< Error message >>>>>>>>>>>>>>>>>>>>>>>>>>>>>>
java.lang.AssertionError: expected: java.lang.String<19410> but was: java.lang.Integer<19410>
	at org.junit.Assert.fail(Assert.java:88)
	at org.junit.Assert.failNotEquals(Assert.java:834)
	at org.junit.Assert.assertEquals(Assert.java:118)
	at org.junit.Assert.assertEquals(Assert.java:144)
	at com.primeresponse.pagehelper.EnterpriseHelper.checkGroupTotals(EnterpriseHelper.java:428)
	at com.primeresponse.testcases.Enterprise.Check_GroupTotals.testCheck_GroupTotals(Check_GroupTotals.java:42)
	at sun.reflect.NativeMethodAccessorImpl.invoke0(Native Method)
	at sun.reflect.NativeMethodAccessorImpl.invoke(Unknown Source)
	at sun.reflect.DelegatingMethodAccessorImpl.invoke(Unknown Source)
	at java.lang.reflect.Method.invoke(Unknown Source)
	at org.testng.internal.MethodInvocationHelper.invokeMethod(MethodInvocationHelper.java:84)
	at org.testng.internal.Invoker.invokeMethod(Invoker.java:714)
	at org.testng.internal.Invoker.invokeTestMethod(Invoker.java:901)
	at org.testng.internal.Invoker.invokeTestMethods(Invoker.java:1231)
	at org.testng.internal.TestMethodWorker.invokeTestMethods(TestMethodWorker.java:127)
	at org.testng.internal.TestMethodWorker.run(TestMethodWorker.java:111)
	at org.testng.TestRunner.privateRun(TestRunner.java:767)
	at org.testng.TestRunner.run(TestRunner.java:617)
	at org.testng.SuiteRunner.runTest(SuiteRunner.java:334)
	at org.testng.SuiteRunner.runSequentially(SuiteRunner.java:329)
	at org.testng.SuiteRunner.privateRun(SuiteRunner.java:291)
	at org.testng.SuiteRunner.run(SuiteRunner.java:240)
	at org.testng.SuiteRunnerWorker.runSuite(SuiteRunnerWorker.java:52)
	at org.testng.SuiteRunnerWorker.run(SuiteRunnerWorker.java:86)
	at org.testng.TestNG.runSuitesSequentially(TestNG.java:1224)
	at org.testng.TestNG.runSuitesLocally(TestNG.java:1149)
	at org.testng.TestNG.run(TestNG.java:1057)
	at org.testng.remote.RemoteTestNG.run(RemoteTestNG.java:111)
	at org.testng.remote.RemoteTestNG.initAndRun(RemoteTestNG.java:204)
	at org.testng.remote.RemoteTestNG.main(RemoteTestNG.java:175)

*****************************************************************************
Jun 16,2016 14:07:27 [info]   Execution Started of Test Class com.primeresponse.testcases.Enterprise.Check_GroupTotals and Test method testCheck_GroupTotals
*****************************************************************************
Jun 16,2016 14:07:38 [info]  open application giturl
Jun 16,2016 14:09:35 [info]  log-in into application
Jun 16,2016 14:09:36 [info]  Select Selenium Test Account if not selected
Jun 16,2016 14:09:44 [info]  Go to Enterprise > Dashboard
Jun 16,2016 14:09:57 [info]  Jun 16,2016 14:09:57 [info]  <<<<<<<<<<<<<<<<<<<<<<<<<<<<<<<<<< Error message >>>>>>>>>>>>>>>>>>>>>>>>>>>>>>
java.lang.AssertionError: expected:<3,607> but was:<3607>
	at org.junit.Assert.fail(Assert.java:88)
	at org.junit.Assert.failNotEquals(Assert.java:834)
	at org.junit.Assert.assertEquals(Assert.java:118)
	at org.junit.Assert.assertEquals(Assert.java:144)
	at com.primeresponse.pagehelper.EnterpriseHelper.checkGroupTotals(EnterpriseHelper.java:429)
	at com.primeresponse.testcases.Enterprise.Check_GroupTotals.testCheck_GroupTotals(Check_GroupTotals.java:42)
	at sun.reflect.NativeMethodAccessorImpl.invoke0(Native Method)
	at sun.reflect.NativeMethodAccessorImpl.invoke(Unknown Source)
	at sun.reflect.DelegatingMethodAccessorImpl.invoke(Unknown Source)
	at java.lang.reflect.Method.invoke(Unknown Source)
	at org.testng.internal.MethodInvocationHelper.invokeMethod(MethodInvocationHelper.java:84)
	at org.testng.internal.Invoker.invokeMethod(Invoker.java:714)
	at org.testng.internal.Invoker.invokeTestMethod(Invoker.java:901)
	at org.testng.internal.Invoker.invokeTestMethods(Invoker.java:1231)
	at org.testng.internal.TestMethodWorker.invokeTestMethods(TestMethodWorker.java:127)
	at org.testng.internal.TestMethodWorker.run(TestMethodWorker.java:111)
	at org.testng.TestRunner.privateRun(TestRunner.java:767)
	at org.testng.TestRunner.run(TestRunner.java:617)
	at org.testng.SuiteRunner.runTest(SuiteRunner.java:334)
	at org.testng.SuiteRunner.runSequentially(SuiteRunner.java:329)
	at org.testng.SuiteRunner.privateRun(SuiteRunner.java:291)
	at org.testng.SuiteRunner.run(SuiteRunner.java:240)
	at org.testng.SuiteRunnerWorker.runSuite(SuiteRunnerWorker.java:52)
	at org.testng.SuiteRunnerWorker.run(SuiteRunnerWorker.java:86)
	at org.testng.TestNG.runSuitesSequentially(TestNG.java:1224)
	at org.testng.TestNG.runSuitesLocally(TestNG.java:1149)
	at org.testng.TestNG.run(TestNG.java:1057)
	at org.testng.remote.RemoteTestNG.run(RemoteTestNG.java:111)
	at org.testng.remote.RemoteTestNG.initAndRun(RemoteTestNG.java:204)
	at org.testng.remote.RemoteTestNG.main(RemoteTestNG.java:175)

*****************************************************************************
Jun 16,2016 14:12:46 [info]   Execution Started of Test Class com.primeresponse.testcases.Enterprise.Check_GroupTotals and Test method testCheck_GroupTotals
*****************************************************************************
Jun 16,2016 14:12:57 [info]  open application giturl
Jun 16,2016 14:13:44 [info]  log-in into application
Jun 16,2016 14:13:44 [info]  Select Selenium Test Account if not selected
Jun 16,2016 14:13:55 [info]  Go to Enterprise > Dashboard
Jun 16,2016 14:14:08 [info]  Jun 16,2016 14:14:08 [info]  <<<<<<<<<<<<<<<<<<<<<<<<<<<<<<<<<< Error message >>>>>>>>>>>>>>>>>>>>>>>>>>>>>>
java.lang.AssertionError: expected:<3,607> but was:<3607>
	at org.junit.Assert.fail(Assert.java:88)
	at org.junit.Assert.failNotEquals(Assert.java:834)
	at org.junit.Assert.assertEquals(Assert.java:118)
	at org.junit.Assert.assertEquals(Assert.java:144)
	at com.primeresponse.pagehelper.EnterpriseHelper.checkGroupTotals(EnterpriseHelper.java:429)
	at com.primeresponse.testcases.Enterprise.Check_GroupTotals.testCheck_GroupTotals(Check_GroupTotals.java:42)
	at sun.reflect.NativeMethodAccessorImpl.invoke0(Native Method)
	at sun.reflect.NativeMethodAccessorImpl.invoke(Unknown Source)
	at sun.reflect.DelegatingMethodAccessorImpl.invoke(Unknown Source)
	at java.lang.reflect.Method.invoke(Unknown Source)
	at org.testng.internal.MethodInvocationHelper.invokeMethod(MethodInvocationHelper.java:84)
	at org.testng.internal.Invoker.invokeMethod(Invoker.java:714)
	at org.testng.internal.Invoker.invokeTestMethod(Invoker.java:901)
	at org.testng.internal.Invoker.invokeTestMethods(Invoker.java:1231)
	at org.testng.internal.TestMethodWorker.invokeTestMethods(TestMethodWorker.java:127)
	at org.testng.internal.TestMethodWorker.run(TestMethodWorker.java:111)
	at org.testng.TestRunner.privateRun(TestRunner.java:767)
	at org.testng.TestRunner.run(TestRunner.java:617)
	at org.testng.SuiteRunner.runTest(SuiteRunner.java:334)
	at org.testng.SuiteRunner.runSequentially(SuiteRunner.java:329)
	at org.testng.SuiteRunner.privateRun(SuiteRunner.java:291)
	at org.testng.SuiteRunner.run(SuiteRunner.java:240)
	at org.testng.SuiteRunnerWorker.runSuite(SuiteRunnerWorker.java:52)
	at org.testng.SuiteRunnerWorker.run(SuiteRunnerWorker.java:86)
	at org.testng.TestNG.runSuitesSequentially(TestNG.java:1224)
	at org.testng.TestNG.runSuitesLocally(TestNG.java:1149)
	at org.testng.TestNG.run(TestNG.java:1057)
	at org.testng.remote.RemoteTestNG.run(RemoteTestNG.java:111)
	at org.testng.remote.RemoteTestNG.initAndRun(RemoteTestNG.java:204)
	at org.testng.remote.RemoteTestNG.main(RemoteTestNG.java:175)

*****************************************************************************
Jun 16,2016 14:17:57 [info]   Execution Started of Test Class com.primeresponse.testcases.Enterprise.Check_GroupTotals and Test method testCheck_GroupTotals
*****************************************************************************
Jun 16,2016 14:18:09 [info]  open application giturl
Jun 16,2016 14:19:37 [info]  log-in into application
Jun 16,2016 14:19:38 [info]  Select Selenium Test Account if not selected
Jun 16,2016 14:19:46 [info]  Go to Enterprise > Dashboard
Jun 16,2016 14:20:00 [info]  Jun 16,2016 14:20:00 [info]  <<<<<<<<<<<<<<<<<<<<<<<<<<<<<<<<<< Error message >>>>>>>>>>>>>>>>>>>>>>>>>>>>>>
java.lang.AssertionError: expected: java.lang.String<955> but was: java.lang.Integer<955>
	at org.junit.Assert.fail(Assert.java:88)
	at org.junit.Assert.failNotEquals(Assert.java:834)
	at org.junit.Assert.assertEquals(Assert.java:118)
	at org.junit.Assert.assertEquals(Assert.java:144)
	at com.primeresponse.pagehelper.EnterpriseHelper.checkGroupTotals(EnterpriseHelper.java:433)
	at com.primeresponse.testcases.Enterprise.Check_GroupTotals.testCheck_GroupTotals(Check_GroupTotals.java:42)
	at sun.reflect.NativeMethodAccessorImpl.invoke0(Native Method)
	at sun.reflect.NativeMethodAccessorImpl.invoke(Unknown Source)
	at sun.reflect.DelegatingMethodAccessorImpl.invoke(Unknown Source)
	at java.lang.reflect.Method.invoke(Unknown Source)
	at org.testng.internal.MethodInvocationHelper.invokeMethod(MethodInvocationHelper.java:84)
	at org.testng.internal.Invoker.invokeMethod(Invoker.java:714)
	at org.testng.internal.Invoker.invokeTestMethod(Invoker.java:901)
	at org.testng.internal.Invoker.invokeTestMethods(Invoker.java:1231)
	at org.testng.internal.TestMethodWorker.invokeTestMethods(TestMethodWorker.java:127)
	at org.testng.internal.TestMethodWorker.run(TestMethodWorker.java:111)
	at org.testng.TestRunner.privateRun(TestRunner.java:767)
	at org.testng.TestRunner.run(TestRunner.java:617)
	at org.testng.SuiteRunner.runTest(SuiteRunner.java:334)
	at org.testng.SuiteRunner.runSequentially(SuiteRunner.java:329)
	at org.testng.SuiteRunner.privateRun(SuiteRunner.java:291)
	at org.testng.SuiteRunner.run(SuiteRunner.java:240)
	at org.testng.SuiteRunnerWorker.runSuite(SuiteRunnerWorker.java:52)
	at org.testng.SuiteRunnerWorker.run(SuiteRunnerWorker.java:86)
	at org.testng.TestNG.runSuitesSequentially(TestNG.java:1224)
	at org.testng.TestNG.runSuitesLocally(TestNG.java:1149)
	at org.testng.TestNG.run(TestNG.java:1057)
	at org.testng.remote.RemoteTestNG.run(RemoteTestNG.java:111)
	at org.testng.remote.RemoteTestNG.initAndRun(RemoteTestNG.java:204)
	at org.testng.remote.RemoteTestNG.main(RemoteTestNG.java:175)

*****************************************************************************
Jun 16,2016 14:22:25 [info]   Execution Started of Test Class com.primeresponse.testcases.Enterprise.Check_GroupTotals and Test method testCheck_GroupTotals
*****************************************************************************
Jun 16,2016 14:22:36 [info]  open application giturl
Jun 16,2016 14:24:03 [info]  log-in into application
Jun 16,2016 14:24:03 [info]  Select Selenium Test Account if not selected
Jun 16,2016 14:24:14 [info]  Go to Enterprise > Dashboard
Jun 16,2016 14:24:26 [info]  Method to check Group Total

*****************************************************************************
Jun 16,2016 14:27:02 [info]   Execution Started of Test Class com.primeresponse.testcases.Enterprise.Check_MyAccountsTotals and Test method testCheck_MyAccountsTotals
*****************************************************************************
Jun 16,2016 14:27:10 [info]  open application giturl
Jun 16,2016 14:28:29 [info]  log-in into application
Jun 16,2016 14:28:30 [info]  Select Selenium Test Account if not selected
Jun 16,2016 14:28:38 [info]  Go to Enterprise > My Accounts

*****************************************************************************
Jun 16,2016 14:30:38 [info]   Execution Started of Test Class com.primeresponse.testcases.Enterprise.Check_MyAccountsTotals and Test method testCheck_MyAccountsTotals
*****************************************************************************
Jun 16,2016 14:30:49 [info]  open application giturl
Jun 16,2016 14:32:05 [info]  log-in into application
Jun 16,2016 14:32:06 [info]  Select Selenium Test Account if not selected
Jun 16,2016 14:32:14 [info]  Go to Enterprise > My Accounts

*****************************************************************************
Jun 16,2016 14:40:18 [info]   Execution Started of Test Class com.primeresponse.testcases.Enterprise.DownloadPdf_ResponsePenetrationDashboard and Test method testDownloadPdf_ResponsePenetrationDashboard
*****************************************************************************
Jun 16,2016 14:40:27 [info]  open application giturl
Jun 16,2016 14:41:12 [info]  log-in into application
Jun 16,2016 14:41:13 [info]  Select Selenium Test Ford Account if not selected
Jun 16,2016 14:41:13 [info]  Enterprise > ResponsePenetration

*****************************************************************************
Jun 16,2016 14:50:00 [info]   Execution Started of Test Class com.primeresponse.testcases.Enterprise.DownloadPdf_ResponsePenetrationDashboard and Test method testDownloadPdf_ResponsePenetrationDashboard
*****************************************************************************
Jun 16,2016 14:50:00 [info]  open application giturl
Jun 16,2016 14:51:05 [info]  log-in into application
Jun 16,2016 14:51:06 [info]  Select Selenium Test Ford Account if not selected
Jun 16,2016 14:51:06 [info]  Enterprise > ResponsePenetration
Jun 16,2016 14:51:37 [info]  Jun 16,2016 14:51:37 [info]  <<<<<<<<<<<<<<<<<<<<<<<<<<<<<<<<<< Error message >>>>>>>>>>>>>>>>>>>>>>>>>>>>>>
java.lang.AssertionError
	at org.junit.Assert.fail(Assert.java:86)
	at org.junit.Assert.assertTrue(Assert.java:41)
	at org.junit.Assert.assertTrue(Assert.java:52)
	at com.primeresponse.pagehelper.EnterpriseHelper.downloadPdf_ResponsePenetrationDashboard(EnterpriseHelper.java:994)
	at com.primeresponse.testcases.Enterprise.DownloadPdf_ResponsePenetrationDashboard.testDownloadPdf_ResponsePenetrationDashboard(DownloadPdf_ResponsePenetrationDashboard.java:43)
	at sun.reflect.NativeMethodAccessorImpl.invoke0(Native Method)
	at sun.reflect.NativeMethodAccessorImpl.invoke(Unknown Source)
	at sun.reflect.DelegatingMethodAccessorImpl.invoke(Unknown Source)
	at java.lang.reflect.Method.invoke(Unknown Source)
	at org.testng.internal.MethodInvocationHelper.invokeMethod(MethodInvocationHelper.java:84)
	at org.testng.internal.Invoker.invokeMethod(Invoker.java:714)
	at org.testng.internal.Invoker.invokeTestMethod(Invoker.java:901)
	at org.testng.internal.Invoker.invokeTestMethods(Invoker.java:1231)
	at org.testng.internal.TestMethodWorker.invokeTestMethods(TestMethodWorker.java:127)
	at org.testng.internal.TestMethodWorker.run(TestMethodWorker.java:111)
	at org.testng.TestRunner.privateRun(TestRunner.java:767)
	at org.testng.TestRunner.run(TestRunner.java:617)
	at org.testng.SuiteRunner.runTest(SuiteRunner.java:334)
	at org.testng.SuiteRunner.runSequentially(SuiteRunner.java:329)
	at org.testng.SuiteRunner.privateRun(SuiteRunner.java:291)
	at org.testng.SuiteRunner.run(SuiteRunner.java:240)
	at org.testng.SuiteRunnerWorker.runSuite(SuiteRunnerWorker.java:52)
	at org.testng.SuiteRunnerWorker.run(SuiteRunnerWorker.java:86)
	at org.testng.TestNG.runSuitesSequentially(TestNG.java:1224)
	at org.testng.TestNG.runSuitesLocally(TestNG.java:1149)
	at org.testng.TestNG.run(TestNG.java:1057)
	at org.testng.remote.RemoteTestNG.run(RemoteTestNG.java:111)
	at org.testng.remote.RemoteTestNG.initAndRun(RemoteTestNG.java:204)
	at org.testng.remote.RemoteTestNG.main(RemoteTestNG.java:175)
Jun 16,2016 14:51:37 [info]  End Execution of Test Class com.primeresponse.testcases.Enterprise.DownloadPdf_ResponsePenetrationDashboard
*****************************************************************************

*****************************************************************************
Jun 16,2016 15:00:15 [info]   Execution Started of Test Class com.primeresponse.testcases.Enterprise.DownloadPdf_ResponsePenetrationDashboard and Test method testDownloadPdf_ResponsePenetrationDashboard
*****************************************************************************
Jun 16,2016 15:00:29 [info]  open application giturl
Jun 16,2016 15:01:38 [info]  log-in into application
Jun 16,2016 15:01:39 [info]  Select Selenium Test Ford Account if not selected
Jun 16,2016 15:01:39 [info]  Enterprise > ResponsePenetration
Jun 16,2016 15:02:08 [info]  Jun 16,2016 15:02:08 [info]  <<<<<<<<<<<<<<<<<<<<<<<<<<<<<<<<<< Error message >>>>>>>>>>>>>>>>>>>>>>>>>>>>>>
java.lang.AssertionError
	at org.junit.Assert.fail(Assert.java:86)
	at org.junit.Assert.assertTrue(Assert.java:41)
	at org.junit.Assert.assertTrue(Assert.java:52)
	at com.primeresponse.pagehelper.EnterpriseHelper.downloadPdf_ResponsePenetrationDashboard(EnterpriseHelper.java:994)
	at com.primeresponse.testcases.Enterprise.DownloadPdf_ResponsePenetrationDashboard.testDownloadPdf_ResponsePenetrationDashboard(DownloadPdf_ResponsePenetrationDashboard.java:43)
	at sun.reflect.NativeMethodAccessorImpl.invoke0(Native Method)
	at sun.reflect.NativeMethodAccessorImpl.invoke(Unknown Source)
	at sun.reflect.DelegatingMethodAccessorImpl.invoke(Unknown Source)
	at java.lang.reflect.Method.invoke(Unknown Source)
	at org.testng.internal.MethodInvocationHelper.invokeMethod(MethodInvocationHelper.java:84)
	at org.testng.internal.Invoker.invokeMethod(Invoker.java:714)
	at org.testng.internal.Invoker.invokeTestMethod(Invoker.java:901)
	at org.testng.internal.Invoker.invokeTestMethods(Invoker.java:1231)
	at org.testng.internal.TestMethodWorker.invokeTestMethods(TestMethodWorker.java:127)
	at org.testng.internal.TestMethodWorker.run(TestMethodWorker.java:111)
	at org.testng.TestRunner.privateRun(TestRunner.java:767)
	at org.testng.TestRunner.run(TestRunner.java:617)
	at org.testng.SuiteRunner.runTest(SuiteRunner.java:334)
	at org.testng.SuiteRunner.runSequentially(SuiteRunner.java:329)
	at org.testng.SuiteRunner.privateRun(SuiteRunner.java:291)
	at org.testng.SuiteRunner.run(SuiteRunner.java:240)
	at org.testng.SuiteRunnerWorker.runSuite(SuiteRunnerWorker.java:52)
	at org.testng.SuiteRunnerWorker.run(SuiteRunnerWorker.java:86)
	at org.testng.TestNG.runSuitesSequentially(TestNG.java:1224)
	at org.testng.TestNG.runSuitesLocally(TestNG.java:1149)
	at org.testng.TestNG.run(TestNG.java:1057)
	at org.testng.remote.RemoteTestNG.run(RemoteTestNG.java:111)
	at org.testng.remote.RemoteTestNG.initAndRun(RemoteTestNG.java:204)
	at org.testng.remote.RemoteTestNG.main(RemoteTestNG.java:175)
Jun 16,2016 15:02:08 [info]  End Execution of Test Class com.primeresponse.testcases.Enterprise.DownloadPdf_ResponsePenetrationDashboard
*****************************************************************************

*****************************************************************************
Jun 16,2016 15:02:56 [info]   Execution Started of Test Class com.primeresponse.testcases.Enterprise.DownloadPdf_ResponsePenetrationDashboard and Test method testDownloadPdf_ResponsePenetrationDashboard
*****************************************************************************
Jun 16,2016 15:03:11 [info]  open application giturl
Jun 16,2016 15:03:58 [info]  log-in into application
Jun 16,2016 15:03:59 [info]  Select Selenium Test Ford Account if not selected
Jun 16,2016 15:03:59 [info]  Enterprise > ResponsePenetration
Jun 16,2016 15:14:28 [info]  Jun 16,2016 15:14:28 [info]  <<<<<<<<<<<<<<<<<<<<<<<<<<<<<<<<<< Error message >>>>>>>>>>>>>>>>>>>>>>>>>>>>>>
java.lang.AssertionError
	at org.junit.Assert.fail(Assert.java:86)
	at org.junit.Assert.assertTrue(Assert.java:41)
	at org.junit.Assert.assertTrue(Assert.java:52)
	at com.primeresponse.pagehelper.EnterpriseHelper.downloadPdf_ResponsePenetrationDashboard(EnterpriseHelper.java:994)
	at com.primeresponse.testcases.Enterprise.DownloadPdf_ResponsePenetrationDashboard.testDownloadPdf_ResponsePenetrationDashboard(DownloadPdf_ResponsePenetrationDashboard.java:43)
	at sun.reflect.NativeMethodAccessorImpl.invoke0(Native Method)
	at sun.reflect.NativeMethodAccessorImpl.invoke(Unknown Source)
	at sun.reflect.DelegatingMethodAccessorImpl.invoke(Unknown Source)
	at java.lang.reflect.Method.invoke(Unknown Source)
	at org.testng.internal.MethodInvocationHelper.invokeMethod(MethodInvocationHelper.java:84)
	at org.testng.internal.Invoker.invokeMethod(Invoker.java:714)
	at org.testng.internal.Invoker.invokeTestMethod(Invoker.java:901)
	at org.testng.internal.Invoker.invokeTestMethods(Invoker.java:1231)
	at org.testng.internal.TestMethodWorker.invokeTestMethods(TestMethodWorker.java:127)
	at org.testng.internal.TestMethodWorker.run(TestMethodWorker.java:111)
	at org.testng.TestRunner.privateRun(TestRunner.java:767)
	at org.testng.TestRunner.run(TestRunner.java:617)
	at org.testng.SuiteRunner.runTest(SuiteRunner.java:334)
	at org.testng.SuiteRunner.runSequentially(SuiteRunner.java:329)
	at org.testng.SuiteRunner.privateRun(SuiteRunner.java:291)
	at org.testng.SuiteRunner.run(SuiteRunner.java:240)
	at org.testng.SuiteRunnerWorker.runSuite(SuiteRunnerWorker.java:52)
	at org.testng.SuiteRunnerWorker.run(SuiteRunnerWorker.java:86)
	at org.testng.TestNG.runSuitesSequentially(TestNG.java:1224)
	at org.testng.TestNG.runSuitesLocally(TestNG.java:1149)
	at org.testng.TestNG.run(TestNG.java:1057)
	at org.testng.remote.RemoteTestNG.run(RemoteTestNG.java:111)
	at org.testng.remote.RemoteTestNG.initAndRun(RemoteTestNG.java:204)
	at org.testng.remote.RemoteTestNG.main(RemoteTestNG.java:175)
Jun 16,2016 15:14:28 [info]  End Execution of Test Class com.primeresponse.testcases.Enterprise.DownloadPdf_ResponsePenetrationDashboard
*****************************************************************************

*****************************************************************************
Jun 16,2016 15:15:58 [info]   Execution Started of Test Class com.primeresponse.testcases.Enterprise.DownloadPdf_ResponsePenetrationDashboard and Test method testDownloadPdf_ResponsePenetrationDashboard
*****************************************************************************
Jun 16,2016 15:16:07 [info]  open application giturl
Jun 16,2016 15:17:16 [info]  log-in into application
Jun 16,2016 15:17:17 [info]  Select Selenium Test Ford Account if not selected
Jun 16,2016 15:17:17 [info]  Enterprise > ResponsePenetration

*****************************************************************************
Jun 16,2016 15:21:32 [info]   Execution Started of Test Class com.primeresponse.testcases.Enterprise.DownloadPdf_ResponsePenetrationDashboard and Test method testDownloadPdf_ResponsePenetrationDashboard
*****************************************************************************
Jun 16,2016 15:21:46 [info]  open application giturl
Jun 16,2016 15:22:48 [info]  log-in into application
Jun 16,2016 15:22:49 [info]  Select Selenium Test Ford Account if not selected
Jun 16,2016 15:22:50 [info]  Enterprise > ResponsePenetration

*****************************************************************************
Jun 16,2016 15:26:18 [info]   Execution Started of Test Class com.primeresponse.testcases.Enterprise.Filter_ResponsePenetrationDashboard and Test method testFilter_ResponsePenetrationDashboard
*****************************************************************************
Jun 16,2016 15:26:25 [info]  open application giturl
Jun 16,2016 15:27:40 [info]  log-in into application
Jun 16,2016 15:27:41 [info]  Select Selenium Test Ford Account if not selected
Jun 16,2016 15:27:41 [info]  Enterprise > ResponsePenetration
Jun 16,2016 15:27:57 [info]  Verify monthly,weekly and daily Searching functionality of Response Penetration Dashboard
Jun 16,2016 15:27:57 [info]  End Execution of Test Class com.primeresponse.testcases.Enterprise.Filter_ResponsePenetrationDashboard
*****************************************************************************

*****************************************************************************
Jun 16,2016 15:29:56 [info]   Execution Started of Test Class com.primeresponse.testcases.Enterprise.MainNav_MenuList and Test method testMainNav_MenuList
*****************************************************************************
Jun 16,2016 15:30:07 [info]  open application giturl
Jun 16,2016 15:31:24 [info]  log-in into application
Jun 16,2016 15:31:25 [info]  Select Selenium Test Ford Account if not selected
Jun 16,2016 15:31:30 [info]  Verify Enterprise Sub-Menus
Jun 16,2016 15:31:36 [info]  Jun 16,2016 15:31:36 [info]  <<<<<<<<<<<<<<<<<<<<<<<<<<<<<<<<<< Error message >>>>>>>>>>>>>>>>>>>>>>>>>>>>>>
org.openqa.selenium.ElementNotVisibleException: Element is not currently visible and so may not be interacted with
Command duration or timeout: 5.12 seconds
Build info: version: '2.48.2', revision: '41bccdd', time: '2015-10-09 19:59:12'
System info: host: 'Raj_Nch', ip: '192.168.4.74', os.name: 'Windows 7', os.arch: 'x86', os.version: '6.1', java.version: '1.7.0_79'
Session ID: 437b1fc4-a01c-4478-b2b7-6a1ec1d326c3
Driver info: org.openqa.selenium.firefox.FirefoxDriver
Capabilities [{platform=WINDOWS, acceptSslCerts=true, javascriptEnabled=true, cssSelectorsEnabled=true, databaseEnabled=true, browserName=firefox, handlesAlerts=true, nativeEvents=false, webStorageEnabled=true, rotatable=false, locationContextEnabled=true, applicationCacheEnabled=true, takesScreenshot=true, version=42.0}]
	at sun.reflect.NativeConstructorAccessorImpl.newInstance0(Native Method)
	at sun.reflect.NativeConstructorAccessorImpl.newInstance(Unknown Source)
	at sun.reflect.DelegatingConstructorAccessorImpl.newInstance(Unknown Source)
	at java.lang.reflect.Constructor.newInstance(Unknown Source)
	at org.openqa.selenium.remote.ErrorHandler.createThrowable(ErrorHandler.java:206)
	at org.openqa.selenium.remote.ErrorHandler.throwIfResponseFailed(ErrorHandler.java:158)
	at org.openqa.selenium.remote.RemoteWebDriver.execute(RemoteWebDriver.java:647)
	at org.openqa.selenium.remote.RemoteWebElement.execute(RemoteWebElement.java:326)
	at org.openqa.selenium.remote.RemoteWebElement.click(RemoteWebElement.java:84)
	at com.primeresponse.util.DriverHelper.clickOn(DriverHelper.java:241)
	at com.primeresponse.pagehelper.HeaderHelper.verifyAccountsSubMenus(HeaderHelper.java:1116)
	at com.primeresponse.testcases.Enterprise.MainNav_MenuList.testMainNav_MenuList(MainNav_MenuList.java:40)
	at sun.reflect.NativeMethodAccessorImpl.invoke0(Native Method)
	at sun.reflect.NativeMethodAccessorImpl.invoke(Unknown Source)
	at sun.reflect.DelegatingMethodAccessorImpl.invoke(Unknown Source)
	at java.lang.reflect.Method.invoke(Unknown Source)
	at org.testng.internal.MethodInvocationHelper.invokeMethod(MethodInvocationHelper.java:84)
	at org.testng.internal.Invoker.invokeMethod(Invoker.java:714)
	at org.testng.internal.Invoker.invokeTestMethod(Invoker.java:901)
	at org.testng.internal.Invoker.invokeTestMethods(Invoker.java:1231)
	at org.testng.internal.TestMethodWorker.invokeTestMethods(TestMethodWorker.java:127)
	at org.testng.internal.TestMethodWorker.run(TestMethodWorker.java:111)
	at org.testng.TestRunner.privateRun(TestRunner.java:767)
	at org.testng.TestRunner.run(TestRunner.java:617)
	at org.testng.SuiteRunner.runTest(SuiteRunner.java:334)
	at org.testng.SuiteRunner.runSequentially(SuiteRunner.java:329)
	at org.testng.SuiteRunner.privateRun(SuiteRunner.java:291)
	at org.testng.SuiteRunner.run(SuiteRunner.java:240)
	at org.testng.SuiteRunnerWorker.runSuite(SuiteRunnerWorker.java:52)
	at org.testng.SuiteRunnerWorker.run(SuiteRunnerWorker.java:86)
	at org.testng.TestNG.runSuitesSequentially(TestNG.java:1224)
	at org.testng.TestNG.runSuitesLocally(TestNG.java:1149)
	at org.testng.TestNG.run(TestNG.java:1057)
	at org.testng.remote.RemoteTestNG.run(RemoteTestNG.java:111)
	at org.testng.remote.RemoteTestNG.initAndRun(RemoteTestNG.java:204)
	at org.testng.remote.RemoteTestNG.main(RemoteTestNG.java:175)
Caused by: org.openqa.selenium.ElementNotVisibleException: Element is not currently visible and so may not be interacted with
Build info: version: '2.48.2', revision: '41bccdd', time: '2015-10-09 19:59:12'
System info: host: 'Raj_Nch', ip: '192.168.4.74', os.name: 'Windows 7', os.arch: 'x86', os.version: '6.1', java.version: '1.7.0_79'
Driver info: driver.version: unknown
	at <anonymous class>.fxdriver.preconditions.visible(file:///C:/Users/Shivani/AppData/Local/Temp/anonymous5698948026204325736webdriver-profile/extensions/fxdriver@googlecode.com/components/command-processor.js:9981)
	at <anonymous class>.DelayedCommand.prototype.checkPreconditions_(file:///C:/Users/Shivani/AppData/Local/Temp/anonymous5698948026204325736webdriver-profile/extensions/fxdriver@googlecode.com/components/command-processor.js:12517)
	at <anonymous class>.DelayedCommand.prototype.executeInternal_/h(file:///C:/Users/Shivani/AppData/Local/Temp/anonymous5698948026204325736webdriver-profile/extensions/fxdriver@googlecode.com/components/command-processor.js:12534)
	at <anonymous class>.fxdriver.Timer.prototype.setTimeout/<.notify(file:///C:/Users/Shivani/AppData/Local/Temp/anonymous5698948026204325736webdriver-profile/extensions/fxdriver@googlecode.com/components/command-processor.js:621)
Jun 16,2016 15:31:36 [info]  End Execution of Test Class com.primeresponse.testcases.Enterprise.MainNav_MenuList
*****************************************************************************

*****************************************************************************
Jun 16,2016 16:06:58 [info]   Execution Started of Test Class com.primeresponse.testcases.Enterprise.MainNav_MenuList and Test method testMainNav_MenuList
*****************************************************************************
Jun 16,2016 16:07:19 [info]  open application giturl
Jun 16,2016 16:09:19 [info]  log-in into application
Jun 16,2016 16:09:20 [info]  Select Selenium Test Ford Account if not selected
Jun 16,2016 16:09:26 [info]  Verify Enterprise Sub-Menus
Jun 16,2016 16:09:27 [info]  Verify Accounts Sub-Menus
Jun 16,2016 16:09:33 [info]  Jun 16,2016 16:09:33 [info]  <<<<<<<<<<<<<<<<<<<<<<<<<<<<<<<<<< Error message >>>>>>>>>>>>>>>>>>>>>>>>>>>>>>
java.lang.NullPointerException
	at com.primeresponse.locators.LocatorReader.getLocator(LocatorReader.java:31)
	at com.primeresponse.pagehelper.HeaderHelper.verifyReputationSubMenus(HeaderHelper.java:1138)
	at com.primeresponse.testcases.Enterprise.MainNav_MenuList.testMainNav_MenuList(MainNav_MenuList.java:44)
	at sun.reflect.NativeMethodAccessorImpl.invoke0(Native Method)
	at sun.reflect.NativeMethodAccessorImpl.invoke(Unknown Source)
	at sun.reflect.DelegatingMethodAccessorImpl.invoke(Unknown Source)
	at java.lang.reflect.Method.invoke(Unknown Source)
	at org.testng.internal.MethodInvocationHelper.invokeMethod(MethodInvocationHelper.java:84)
	at org.testng.internal.Invoker.invokeMethod(Invoker.java:714)
	at org.testng.internal.Invoker.invokeTestMethod(Invoker.java:901)
	at org.testng.internal.Invoker.invokeTestMethods(Invoker.java:1231)
	at org.testng.internal.TestMethodWorker.invokeTestMethods(TestMethodWorker.java:127)
	at org.testng.internal.TestMethodWorker.run(TestMethodWorker.java:111)
	at org.testng.TestRunner.privateRun(TestRunner.java:767)
	at org.testng.TestRunner.run(TestRunner.java:617)
	at org.testng.SuiteRunner.runTest(SuiteRunner.java:334)
	at org.testng.SuiteRunner.runSequentially(SuiteRunner.java:329)
	at org.testng.SuiteRunner.privateRun(SuiteRunner.java:291)
	at org.testng.SuiteRunner.run(SuiteRunner.java:240)
	at org.testng.SuiteRunnerWorker.runSuite(SuiteRunnerWorker.java:52)
	at org.testng.SuiteRunnerWorker.run(SuiteRunnerWorker.java:86)
	at org.testng.TestNG.runSuitesSequentially(TestNG.java:1224)
	at org.testng.TestNG.runSuitesLocally(TestNG.java:1149)
	at org.testng.TestNG.run(TestNG.java:1057)
	at org.testng.remote.RemoteTestNG.run(RemoteTestNG.java:111)
	at org.testng.remote.RemoteTestNG.initAndRun(RemoteTestNG.java:204)
	at org.testng.remote.RemoteTestNG.main(RemoteTestNG.java:175)
Jun 16,2016 16:09:33 [info]  End Execution of Test Class com.primeresponse.testcases.Enterprise.MainNav_MenuList
*****************************************************************************

*****************************************************************************
Jun 16,2016 16:14:36 [info]   Execution Started of Test Class com.primeresponse.testcases.Enterprise.MainNav_MenuList and Test method testMainNav_MenuList
*****************************************************************************
Jun 16,2016 16:14:49 [info]  open application giturl
Jun 16,2016 16:15:50 [info]  log-in into application
Jun 16,2016 16:15:51 [info]  Select Selenium Test Ford Account if not selected
Jun 16,2016 16:15:56 [info]  Verify Enterprise Sub-Menus
Jun 16,2016 16:15:57 [info]  Verify Accounts Sub-Menus
Jun 16,2016 16:16:03 [info]  Jun 16,2016 16:16:03 [info]  <<<<<<<<<<<<<<<<<<<<<<<<<<<<<<<<<< Error message >>>>>>>>>>>>>>>>>>>>>>>>>>>>>>
java.lang.NullPointerException
	at com.primeresponse.locators.LocatorReader.getLocator(LocatorReader.java:31)
	at com.primeresponse.pagehelper.HeaderHelper.verifyReputationSubMenus(HeaderHelper.java:1138)
	at com.primeresponse.testcases.Enterprise.MainNav_MenuList.testMainNav_MenuList(MainNav_MenuList.java:44)
	at sun.reflect.NativeMethodAccessorImpl.invoke0(Native Method)
	at sun.reflect.NativeMethodAccessorImpl.invoke(Unknown Source)
	at sun.reflect.DelegatingMethodAccessorImpl.invoke(Unknown Source)
	at java.lang.reflect.Method.invoke(Unknown Source)
	at org.testng.internal.MethodInvocationHelper.invokeMethod(MethodInvocationHelper.java:84)
	at org.testng.internal.Invoker.invokeMethod(Invoker.java:714)
	at org.testng.internal.Invoker.invokeTestMethod(Invoker.java:901)
	at org.testng.internal.Invoker.invokeTestMethods(Invoker.java:1231)
	at org.testng.internal.TestMethodWorker.invokeTestMethods(TestMethodWorker.java:127)
	at org.testng.internal.TestMethodWorker.run(TestMethodWorker.java:111)
	at org.testng.TestRunner.privateRun(TestRunner.java:767)
	at org.testng.TestRunner.run(TestRunner.java:617)
	at org.testng.SuiteRunner.runTest(SuiteRunner.java:334)
	at org.testng.SuiteRunner.runSequentially(SuiteRunner.java:329)
	at org.testng.SuiteRunner.privateRun(SuiteRunner.java:291)
	at org.testng.SuiteRunner.run(SuiteRunner.java:240)
	at org.testng.SuiteRunnerWorker.runSuite(SuiteRunnerWorker.java:52)
	at org.testng.SuiteRunnerWorker.run(SuiteRunnerWorker.java:86)
	at org.testng.TestNG.runSuitesSequentially(TestNG.java:1224)
	at org.testng.TestNG.runSuitesLocally(TestNG.java:1149)
	at org.testng.TestNG.run(TestNG.java:1057)
	at org.testng.remote.RemoteTestNG.run(RemoteTestNG.java:111)
	at org.testng.remote.RemoteTestNG.initAndRun(RemoteTestNG.java:204)
	at org.testng.remote.RemoteTestNG.main(RemoteTestNG.java:175)
Jun 16,2016 16:16:03 [info]  End Execution of Test Class com.primeresponse.testcases.Enterprise.MainNav_MenuList
*****************************************************************************

*****************************************************************************
Jun 16,2016 16:20:45 [info]   Execution Started of Test Class com.primeresponse.testcases.Enterprise.MainNav_MenuList and Test method testMainNav_MenuList
*****************************************************************************
Jun 16,2016 16:21:00 [info]  open application giturl
Jun 16,2016 16:22:06 [info]  log-in into application
Jun 16,2016 16:22:07 [info]  Select Selenium Test Ford Account if not selected
Jun 16,2016 16:22:13 [info]  Verify Enterprise Sub-Menus
Jun 16,2016 16:22:14 [info]  Verify Accounts Sub-Menus
Jun 16,2016 16:22:20 [info]  Verify Reputation Sub-Menus
Jun 16,2016 16:22:21 [info]  Verify Social Sub-Menus
Jun 16,2016 16:22:26 [info]  Jun 16,2016 16:22:26 [info]  <<<<<<<<<<<<<<<<<<<<<<<<<<<<<<<<<< Error message >>>>>>>>>>>>>>>>>>>>>>>>>>>>>>
org.openqa.selenium.ElementNotVisibleException: Element is not currently visible and so may not be interacted with
Command duration or timeout: 5.13 seconds
Build info: version: '2.48.2', revision: '41bccdd', time: '2015-10-09 19:59:12'
System info: host: 'Raj_Nch', ip: '192.168.4.74', os.name: 'Windows 7', os.arch: 'x86', os.version: '6.1', java.version: '1.7.0_79'
Session ID: 6a214f3d-d9ef-4086-a260-10c21352c133
Driver info: org.openqa.selenium.firefox.FirefoxDriver
Capabilities [{platform=WINDOWS, acceptSslCerts=true, javascriptEnabled=true, cssSelectorsEnabled=true, databaseEnabled=true, browserName=firefox, handlesAlerts=true, nativeEvents=false, webStorageEnabled=true, rotatable=false, locationContextEnabled=true, applicationCacheEnabled=true, takesScreenshot=true, version=42.0}]
	at sun.reflect.NativeConstructorAccessorImpl.newInstance0(Native Method)
	at sun.reflect.NativeConstructorAccessorImpl.newInstance(Unknown Source)
	at sun.reflect.DelegatingConstructorAccessorImpl.newInstance(Unknown Source)
	at java.lang.reflect.Constructor.newInstance(Unknown Source)
	at org.openqa.selenium.remote.ErrorHandler.createThrowable(ErrorHandler.java:206)
	at org.openqa.selenium.remote.ErrorHandler.throwIfResponseFailed(ErrorHandler.java:158)
	at org.openqa.selenium.remote.RemoteWebDriver.execute(RemoteWebDriver.java:647)
	at org.openqa.selenium.remote.RemoteWebElement.execute(RemoteWebElement.java:326)
	at org.openqa.selenium.remote.RemoteWebElement.click(RemoteWebElement.java:84)
	at com.primeresponse.util.DriverHelper.clickOn(DriverHelper.java:241)
	at com.primeresponse.pagehelper.HeaderHelper.verifyWebSubMenus(HeaderHelper.java:1163)
	at com.primeresponse.testcases.Enterprise.MainNav_MenuList.testMainNav_MenuList(MainNav_MenuList.java:52)
	at sun.reflect.NativeMethodAccessorImpl.invoke0(Native Method)
	at sun.reflect.NativeMethodAccessorImpl.invoke(Unknown Source)
	at sun.reflect.DelegatingMethodAccessorImpl.invoke(Unknown Source)
	at java.lang.reflect.Method.invoke(Unknown Source)
	at org.testng.internal.MethodInvocationHelper.invokeMethod(MethodInvocationHelper.java:84)
	at org.testng.internal.Invoker.invokeMethod(Invoker.java:714)
	at org.testng.internal.Invoker.invokeTestMethod(Invoker.java:901)
	at org.testng.internal.Invoker.invokeTestMethods(Invoker.java:1231)
	at org.testng.internal.TestMethodWorker.invokeTestMethods(TestMethodWorker.java:127)
	at org.testng.internal.TestMethodWorker.run(TestMethodWorker.java:111)
	at org.testng.TestRunner.privateRun(TestRunner.java:767)
	at org.testng.TestRunner.run(TestRunner.java:617)
	at org.testng.SuiteRunner.runTest(SuiteRunner.java:334)
	at org.testng.SuiteRunner.runSequentially(SuiteRunner.java:329)
	at org.testng.SuiteRunner.privateRun(SuiteRunner.java:291)
	at org.testng.SuiteRunner.run(SuiteRunner.java:240)
	at org.testng.SuiteRunnerWorker.runSuite(SuiteRunnerWorker.java:52)
	at org.testng.SuiteRunnerWorker.run(SuiteRunnerWorker.java:86)
	at org.testng.TestNG.runSuitesSequentially(TestNG.java:1224)
	at org.testng.TestNG.runSuitesLocally(TestNG.java:1149)
	at org.testng.TestNG.run(TestNG.java:1057)
	at org.testng.remote.RemoteTestNG.run(RemoteTestNG.java:111)
	at org.testng.remote.RemoteTestNG.initAndRun(RemoteTestNG.java:204)
	at org.testng.remote.RemoteTestNG.main(RemoteTestNG.java:175)
Caused by: org.openqa.selenium.ElementNotVisibleException: Element is not currently visible and so may not be interacted with
Build info: version: '2.48.2', revision: '41bccdd', time: '2015-10-09 19:59:12'
System info: host: 'Raj_Nch', ip: '192.168.4.74', os.name: 'Windows 7', os.arch: 'x86', os.version: '6.1', java.version: '1.7.0_79'
Driver info: driver.version: unknown
	at <anonymous class>.fxdriver.preconditions.visible(file:///C:/Users/Shivani/AppData/Local/Temp/anonymous7917891602130284285webdriver-profile/extensions/fxdriver@googlecode.com/components/command-processor.js:9981)
	at <anonymous class>.DelayedCommand.prototype.checkPreconditions_(file:///C:/Users/Shivani/AppData/Local/Temp/anonymous7917891602130284285webdriver-profile/extensions/fxdriver@googlecode.com/components/command-processor.js:12517)
	at <anonymous class>.DelayedCommand.prototype.executeInternal_/h(file:///C:/Users/Shivani/AppData/Local/Temp/anonymous7917891602130284285webdriver-profile/extensions/fxdriver@googlecode.com/components/command-processor.js:12534)
	at <anonymous class>.fxdriver.Timer.prototype.setTimeout/<.notify(file:///C:/Users/Shivani/AppData/Local/Temp/anonymous7917891602130284285webdriver-profile/extensions/fxdriver@googlecode.com/components/command-processor.js:621)
Jun 16,2016 16:22:26 [info]  End Execution of Test Class com.primeresponse.testcases.Enterprise.MainNav_MenuList
*****************************************************************************

*****************************************************************************
Jun 16,2016 16:31:18 [info]   Execution Started of Test Class com.primeresponse.testcases.Enterprise.MainNav_MenuList and Test method testMainNav_MenuList
*****************************************************************************
Jun 16,2016 16:31:29 [info]  open application giturl
Jun 16,2016 16:32:06 [info]  log-in into application
Jun 16,2016 16:32:07 [info]  Select Selenium Test Ford Account if not selected
Jun 16,2016 16:32:13 [info]  Verify Enterprise Sub-Menus
Jun 16,2016 16:32:14 [info]  Verify Accounts Sub-Menus
Jun 16,2016 16:32:21 [info]  Verify Reputation Sub-Menus
Jun 16,2016 16:32:21 [info]  Verify Social Sub-Menus
Jun 16,2016 16:32:27 [info]  Jun 16,2016 16:32:27 [info]  <<<<<<<<<<<<<<<<<<<<<<<<<<<<<<<<<< Error message >>>>>>>>>>>>>>>>>>>>>>>>>>>>>>
org.openqa.selenium.ElementNotVisibleException: Element is not currently visible and so may not be interacted with
Command duration or timeout: 5.14 seconds
Build info: version: '2.48.2', revision: '41bccdd', time: '2015-10-09 19:59:12'
System info: host: 'Raj_Nch', ip: '192.168.4.74', os.name: 'Windows 7', os.arch: 'x86', os.version: '6.1', java.version: '1.7.0_79'
Session ID: 5d7b6f08-757f-4d26-9a9f-bddc21b4a4a9
Driver info: org.openqa.selenium.firefox.FirefoxDriver
Capabilities [{platform=WINDOWS, acceptSslCerts=true, javascriptEnabled=true, cssSelectorsEnabled=true, databaseEnabled=true, browserName=firefox, handlesAlerts=true, nativeEvents=false, webStorageEnabled=true, rotatable=false, locationContextEnabled=true, applicationCacheEnabled=true, takesScreenshot=true, version=42.0}]
	at sun.reflect.NativeConstructorAccessorImpl.newInstance0(Native Method)
	at sun.reflect.NativeConstructorAccessorImpl.newInstance(Unknown Source)
	at sun.reflect.DelegatingConstructorAccessorImpl.newInstance(Unknown Source)
	at java.lang.reflect.Constructor.newInstance(Unknown Source)
	at org.openqa.selenium.remote.ErrorHandler.createThrowable(ErrorHandler.java:206)
	at org.openqa.selenium.remote.ErrorHandler.throwIfResponseFailed(ErrorHandler.java:158)
	at org.openqa.selenium.remote.RemoteWebDriver.execute(RemoteWebDriver.java:647)
	at org.openqa.selenium.remote.RemoteWebElement.execute(RemoteWebElement.java:326)
	at org.openqa.selenium.remote.RemoteWebElement.click(RemoteWebElement.java:84)
	at com.primeresponse.util.DriverHelper.clickOn(DriverHelper.java:241)
	at com.primeresponse.pagehelper.HeaderHelper.verifyWebSubMenus(HeaderHelper.java:1163)
	at com.primeresponse.testcases.Enterprise.MainNav_MenuList.testMainNav_MenuList(MainNav_MenuList.java:52)
	at sun.reflect.NativeMethodAccessorImpl.invoke0(Native Method)
	at sun.reflect.NativeMethodAccessorImpl.invoke(Unknown Source)
	at sun.reflect.DelegatingMethodAccessorImpl.invoke(Unknown Source)
	at java.lang.reflect.Method.invoke(Unknown Source)
	at org.testng.internal.MethodInvocationHelper.invokeMethod(MethodInvocationHelper.java:84)
	at org.testng.internal.Invoker.invokeMethod(Invoker.java:714)
	at org.testng.internal.Invoker.invokeTestMethod(Invoker.java:901)
	at org.testng.internal.Invoker.invokeTestMethods(Invoker.java:1231)
	at org.testng.internal.TestMethodWorker.invokeTestMethods(TestMethodWorker.java:127)
	at org.testng.internal.TestMethodWorker.run(TestMethodWorker.java:111)
	at org.testng.TestRunner.privateRun(TestRunner.java:767)
	at org.testng.TestRunner.run(TestRunner.java:617)
	at org.testng.SuiteRunner.runTest(SuiteRunner.java:334)
	at org.testng.SuiteRunner.runSequentially(SuiteRunner.java:329)
	at org.testng.SuiteRunner.privateRun(SuiteRunner.java:291)
	at org.testng.SuiteRunner.run(SuiteRunner.java:240)
	at org.testng.SuiteRunnerWorker.runSuite(SuiteRunnerWorker.java:52)
	at org.testng.SuiteRunnerWorker.run(SuiteRunnerWorker.java:86)
	at org.testng.TestNG.runSuitesSequentially(TestNG.java:1224)
	at org.testng.TestNG.runSuitesLocally(TestNG.java:1149)
	at org.testng.TestNG.run(TestNG.java:1057)
	at org.testng.remote.RemoteTestNG.run(RemoteTestNG.java:111)
	at org.testng.remote.RemoteTestNG.initAndRun(RemoteTestNG.java:204)
	at org.testng.remote.RemoteTestNG.main(RemoteTestNG.java:175)
Caused by: org.openqa.selenium.ElementNotVisibleException: Element is not currently visible and so may not be interacted with
Build info: version: '2.48.2', revision: '41bccdd', time: '2015-10-09 19:59:12'
System info: host: 'Raj_Nch', ip: '192.168.4.74', os.name: 'Windows 7', os.arch: 'x86', os.version: '6.1', java.version: '1.7.0_79'
Driver info: driver.version: unknown
	at <anonymous class>.fxdriver.preconditions.visible(file:///C:/Users/Shivani/AppData/Local/Temp/anonymous8256509907238927967webdriver-profile/extensions/fxdriver@googlecode.com/components/command-processor.js:9981)
	at <anonymous class>.DelayedCommand.prototype.checkPreconditions_(file:///C:/Users/Shivani/AppData/Local/Temp/anonymous8256509907238927967webdriver-profile/extensions/fxdriver@googlecode.com/components/command-processor.js:12517)
	at <anonymous class>.DelayedCommand.prototype.executeInternal_/h(file:///C:/Users/Shivani/AppData/Local/Temp/anonymous8256509907238927967webdriver-profile/extensions/fxdriver@googlecode.com/components/command-processor.js:12534)
	at <anonymous class>.fxdriver.Timer.prototype.setTimeout/<.notify(file:///C:/Users/Shivani/AppData/Local/Temp/anonymous8256509907238927967webdriver-profile/extensions/fxdriver@googlecode.com/components/command-processor.js:621)
Jun 16,2016 16:32:27 [info]  End Execution of Test Class com.primeresponse.testcases.Enterprise.MainNav_MenuList
*****************************************************************************

*****************************************************************************
Jun 16,2016 16:34:29 [info]   Execution Started of Test Class com.primeresponse.testcases.Enterprise.MainNav_MenuList and Test method testMainNav_MenuList
*****************************************************************************
Jun 16,2016 16:34:39 [info]  open application giturl
Jun 16,2016 16:35:17 [info]  log-in into application
Jun 16,2016 16:35:18 [info]  Select Selenium Test Ford Account if not selected
Jun 16,2016 16:35:23 [info]  Verify Enterprise Sub-Menus
Jun 16,2016 16:35:24 [info]  Verify Accounts Sub-Menus
Jun 16,2016 16:35:31 [info]  Verify Reputation Sub-Menus
Jun 16,2016 16:35:31 [info]  Verify Social Sub-Menus
Jun 16,2016 16:35:36 [info]  Jun 16,2016 16:35:36 [info]  <<<<<<<<<<<<<<<<<<<<<<<<<<<<<<<<<< Error message >>>>>>>>>>>>>>>>>>>>>>>>>>>>>>
org.openqa.selenium.ElementNotVisibleException: Element is not currently visible and so may not be interacted with
Command duration or timeout: 5.10 seconds
Build info: version: '2.48.2', revision: '41bccdd', time: '2015-10-09 19:59:12'
System info: host: 'Raj_Nch', ip: '192.168.4.74', os.name: 'Windows 7', os.arch: 'x86', os.version: '6.1', java.version: '1.7.0_79'
Session ID: 0451a32b-0d18-4f5a-90ba-e8609fccaa5b
Driver info: org.openqa.selenium.firefox.FirefoxDriver
Capabilities [{platform=WINDOWS, acceptSslCerts=true, javascriptEnabled=true, cssSelectorsEnabled=true, databaseEnabled=true, browserName=firefox, handlesAlerts=true, nativeEvents=false, webStorageEnabled=true, rotatable=false, locationContextEnabled=true, applicationCacheEnabled=true, takesScreenshot=true, version=42.0}]
	at sun.reflect.NativeConstructorAccessorImpl.newInstance0(Native Method)
	at sun.reflect.NativeConstructorAccessorImpl.newInstance(Unknown Source)
	at sun.reflect.DelegatingConstructorAccessorImpl.newInstance(Unknown Source)
	at java.lang.reflect.Constructor.newInstance(Unknown Source)
	at org.openqa.selenium.remote.ErrorHandler.createThrowable(ErrorHandler.java:206)
	at org.openqa.selenium.remote.ErrorHandler.throwIfResponseFailed(ErrorHandler.java:158)
	at org.openqa.selenium.remote.RemoteWebDriver.execute(RemoteWebDriver.java:647)
	at org.openqa.selenium.remote.RemoteWebElement.execute(RemoteWebElement.java:326)
	at org.openqa.selenium.remote.RemoteWebElement.click(RemoteWebElement.java:84)
	at com.primeresponse.util.DriverHelper.clickOn(DriverHelper.java:241)
	at com.primeresponse.pagehelper.HeaderHelper.verifyWebSubMenus(HeaderHelper.java:1163)
	at com.primeresponse.testcases.Enterprise.MainNav_MenuList.testMainNav_MenuList(MainNav_MenuList.java:52)
	at sun.reflect.NativeMethodAccessorImpl.invoke0(Native Method)
	at sun.reflect.NativeMethodAccessorImpl.invoke(Unknown Source)
	at sun.reflect.DelegatingMethodAccessorImpl.invoke(Unknown Source)
	at java.lang.reflect.Method.invoke(Unknown Source)
	at org.testng.internal.MethodInvocationHelper.invokeMethod(MethodInvocationHelper.java:84)
	at org.testng.internal.Invoker.invokeMethod(Invoker.java:714)
	at org.testng.internal.Invoker.invokeTestMethod(Invoker.java:901)
	at org.testng.internal.Invoker.invokeTestMethods(Invoker.java:1231)
	at org.testng.internal.TestMethodWorker.invokeTestMethods(TestMethodWorker.java:127)
	at org.testng.internal.TestMethodWorker.run(TestMethodWorker.java:111)
	at org.testng.TestRunner.privateRun(TestRunner.java:767)
	at org.testng.TestRunner.run(TestRunner.java:617)
	at org.testng.SuiteRunner.runTest(SuiteRunner.java:334)
	at org.testng.SuiteRunner.runSequentially(SuiteRunner.java:329)
	at org.testng.SuiteRunner.privateRun(SuiteRunner.java:291)
	at org.testng.SuiteRunner.run(SuiteRunner.java:240)
	at org.testng.SuiteRunnerWorker.runSuite(SuiteRunnerWorker.java:52)
	at org.testng.SuiteRunnerWorker.run(SuiteRunnerWorker.java:86)
	at org.testng.TestNG.runSuitesSequentially(TestNG.java:1224)
	at org.testng.TestNG.runSuitesLocally(TestNG.java:1149)
	at org.testng.TestNG.run(TestNG.java:1057)
	at org.testng.remote.RemoteTestNG.run(RemoteTestNG.java:111)
	at org.testng.remote.RemoteTestNG.initAndRun(RemoteTestNG.java:204)
	at org.testng.remote.RemoteTestNG.main(RemoteTestNG.java:175)
Caused by: org.openqa.selenium.ElementNotVisibleException: Element is not currently visible and so may not be interacted with
Build info: version: '2.48.2', revision: '41bccdd', time: '2015-10-09 19:59:12'
System info: host: 'Raj_Nch', ip: '192.168.4.74', os.name: 'Windows 7', os.arch: 'x86', os.version: '6.1', java.version: '1.7.0_79'
Driver info: driver.version: unknown
	at <anonymous class>.fxdriver.preconditions.visible(file:///C:/Users/Shivani/AppData/Local/Temp/anonymous1842674861832994205webdriver-profile/extensions/fxdriver@googlecode.com/components/command-processor.js:9981)
	at <anonymous class>.DelayedCommand.prototype.checkPreconditions_(file:///C:/Users/Shivani/AppData/Local/Temp/anonymous1842674861832994205webdriver-profile/extensions/fxdriver@googlecode.com/components/command-processor.js:12517)
	at <anonymous class>.DelayedCommand.prototype.executeInternal_/h(file:///C:/Users/Shivani/AppData/Local/Temp/anonymous1842674861832994205webdriver-profile/extensions/fxdriver@googlecode.com/components/command-processor.js:12534)
	at <anonymous class>.fxdriver.Timer.prototype.setTimeout/<.notify(file:///C:/Users/Shivani/AppData/Local/Temp/anonymous1842674861832994205webdriver-profile/extensions/fxdriver@googlecode.com/components/command-processor.js:621)
Jun 16,2016 16:35:36 [info]  End Execution of Test Class com.primeresponse.testcases.Enterprise.MainNav_MenuList
*****************************************************************************

*****************************************************************************
Jun 16,2016 16:40:39 [info]   Execution Started of Test Class com.primeresponse.testcases.Enterprise.MainNav_MenuList and Test method testMainNav_MenuList
*****************************************************************************
Jun 16,2016 16:40:51 [info]  open application giturl
Jun 16,2016 16:41:37 [info]  log-in into application
Jun 16,2016 16:41:37 [info]  Select Selenium Test Ford Account if not selected
Jun 16,2016 16:41:43 [info]  Verify Enterprise Sub-Menus
Jun 16,2016 16:41:44 [info]  Verify Accounts Sub-Menus
Jun 16,2016 16:41:51 [info]  Verify Reputation Sub-Menus
Jun 16,2016 16:41:51 [info]  Verify Social Sub-Menus
Jun 16,2016 16:41:52 [info]  Verify Web Sub-Menus
Jun 16,2016 16:41:53 [info]  Verify Settings Sub-Menus

*****************************************************************************
Jun 16,2016 16:46:58 [info]   Execution Started of Test Class com.primeresponse.testcases.Enterprise.MainNav_MenuList and Test method testMainNav_MenuList
*****************************************************************************
Jun 16,2016 16:47:09 [info]  open application giturl
Jun 16,2016 16:47:45 [info]  log-in into application
Jun 16,2016 16:47:46 [info]  Select Selenium Test Ford Account if not selected
Jun 16,2016 16:47:52 [info]  Verify Enterprise Sub-Menus
Jun 16,2016 16:47:52 [info]  Verify Accounts Sub-Menus
Jun 16,2016 16:47:58 [info]  Verify Reputation Sub-Menus
Jun 16,2016 16:47:59 [info]  Verify Social Sub-Menus
Jun 16,2016 16:48:00 [info]  Verify Web Sub-Menus
Jun 16,2016 16:48:01 [info]  Verify Settings Sub-Menus

*****************************************************************************
Jun 16,2016 16:51:07 [info]   Execution Started of Test Class com.primeresponse.testcases.Enterprise.MainNav_MenuList and Test method testMainNav_MenuList
*****************************************************************************
Jun 16,2016 16:51:07 [info]  open application giturl
Jun 16,2016 16:52:14 [info]  log-in into application
Jun 16,2016 16:52:14 [info]  Select Selenium Test Ford Account if not selected
Jun 16,2016 16:52:20 [info]  Verify Enterprise Sub-Menus
Jun 16,2016 16:52:21 [info]  Verify Accounts Sub-Menus
Jun 16,2016 16:52:28 [info]  Verify Reputation Sub-Menus
Jun 16,2016 16:52:29 [info]  Verify Social Sub-Menus
Jun 16,2016 16:52:30 [info]  Verify Web Sub-Menus
Jun 16,2016 16:52:30 [info]  Verify Settings Sub-Menus

*****************************************************************************
Jun 16,2016 16:57:26 [info]   Execution Started of Test Class com.primeresponse.testcases.Enterprise.MainNav_MenuList and Test method testMainNav_MenuList
*****************************************************************************
Jun 16,2016 16:57:40 [info]  open application giturl
Jun 16,2016 16:58:15 [info]  log-in into application
Jun 16,2016 16:58:15 [info]  Select Selenium Test Ford Account if not selected
Jun 16,2016 16:58:21 [info]  Verify Enterprise Sub-Menus
Jun 16,2016 16:58:22 [info]  Verify Accounts Sub-Menus
Jun 16,2016 16:58:29 [info]  Verify Reputation Sub-Menus
Jun 16,2016 16:58:30 [info]  Verify Social Sub-Menus
Jun 16,2016 16:58:30 [info]  Verify Web Sub-Menus
Jun 16,2016 16:58:31 [info]  Verify Settings Sub-Menus
Jun 16,2016 17:03:42 [info]  Jun 16,2016 17:03:42 [info]  <<<<<<<<<<<<<<<<<<<<<<<<<<<<<<<<<< Error message >>>>>>>>>>>>>>>>>>>>>>>>>>>>>>
java.lang.AssertionError: Element Locator ://ul[@class='nav']/li[7]/a[contains(text(),'Support')] Not found expected [true] but found [false]
	at org.testng.Assert.fail(Assert.java:94)
	at org.testng.Assert.failNotEquals(Assert.java:494)
	at org.testng.Assert.assertTrue(Assert.java:42)
	at com.primeresponse.util.DriverHelper.clickOn(DriverHelper.java:238)
	at com.primeresponse.pagehelper.HeaderHelper.verifySupportSubMenus(HeaderHelper.java:1195)
	at com.primeresponse.testcases.Enterprise.MainNav_MenuList.testMainNav_MenuList(MainNav_MenuList.java:60)
	at sun.reflect.NativeMethodAccessorImpl.invoke0(Native Method)
	at sun.reflect.NativeMethodAccessorImpl.invoke(Unknown Source)
	at sun.reflect.DelegatingMethodAccessorImpl.invoke(Unknown Source)
	at java.lang.reflect.Method.invoke(Unknown Source)
	at org.testng.internal.MethodInvocationHelper.invokeMethod(MethodInvocationHelper.java:84)
	at org.testng.internal.Invoker.invokeMethod(Invoker.java:714)
	at org.testng.internal.Invoker.invokeTestMethod(Invoker.java:901)
	at org.testng.internal.Invoker.invokeTestMethods(Invoker.java:1231)
	at org.testng.internal.TestMethodWorker.invokeTestMethods(TestMethodWorker.java:127)
	at org.testng.internal.TestMethodWorker.run(TestMethodWorker.java:111)
	at org.testng.TestRunner.privateRun(TestRunner.java:767)
	at org.testng.TestRunner.run(TestRunner.java:617)
	at org.testng.SuiteRunner.runTest(SuiteRunner.java:334)
	at org.testng.SuiteRunner.runSequentially(SuiteRunner.java:329)
	at org.testng.SuiteRunner.privateRun(SuiteRunner.java:291)
	at org.testng.SuiteRunner.run(SuiteRunner.java:240)
	at org.testng.SuiteRunnerWorker.runSuite(SuiteRunnerWorker.java:52)
	at org.testng.SuiteRunnerWorker.run(SuiteRunnerWorker.java:86)
	at org.testng.TestNG.runSuitesSequentially(TestNG.java:1224)
	at org.testng.TestNG.runSuitesLocally(TestNG.java:1149)
	at org.testng.TestNG.run(TestNG.java:1057)
	at org.testng.remote.RemoteTestNG.run(RemoteTestNG.java:111)
	at org.testng.remote.RemoteTestNG.initAndRun(RemoteTestNG.java:204)
	at org.testng.remote.RemoteTestNG.main(RemoteTestNG.java:175)
Jun 16,2016 17:03:42 [info]  End Execution of Test Class com.primeresponse.testcases.Enterprise.MainNav_MenuList
*****************************************************************************

*****************************************************************************
Jun 16,2016 19:54:14 [info]   Execution Started of Test Class com.primeresponse.testcases.Enterprise.MainNav_MenuList and Test method testMainNav_MenuList
*****************************************************************************
Jun 16,2016 19:54:14 [info]  open application giturl
Jun 16,2016 19:54:57 [info]  log-in into application
Jun 16,2016 19:54:57 [info]  Select Selenium Test Ford Account if not selected
Jun 16,2016 19:55:03 [info]  Verify Enterprise Sub-Menus
Jun 16,2016 19:55:04 [info]  Verify Accounts Sub-Menus
Jun 16,2016 19:55:10 [info]  Verify Reputation Sub-Menus
Jun 16,2016 19:55:11 [info]  Verify Social Sub-Menus
Jun 16,2016 19:55:11 [info]  Verify Web Sub-Menus
Jun 16,2016 19:55:12 [info]  Verify Settings Sub-Menus
Jun 16,2016 19:55:12 [info]  Verify Support Sub-Menus
Jun 16,2016 19:55:12 [info]  Verify Training Sub-Menus
Jun 16,2016 19:55:23 [info]  Jun 16,2016 19:55:23 [info]  <<<<<<<<<<<<<<<<<<<<<<<<<<<<<<<<<< Error message >>>>>>>>>>>>>>>>>>>>>>>>>>>>>>
org.openqa.selenium.ElementNotVisibleException: Element is not currently visible and so may not be interacted with
Command duration or timeout: 5.09 seconds
Build info: version: '2.48.2', revision: '41bccdd', time: '2015-10-09 19:59:12'
System info: host: 'Raj_Nch', ip: '192.168.4.74', os.name: 'Windows 7', os.arch: 'x86', os.version: '6.1', java.version: '1.7.0_79'
Session ID: 4fa5b83c-9a8b-4ad2-9187-5a0c55ff9cc8
Driver info: org.openqa.selenium.firefox.FirefoxDriver
Capabilities [{platform=WINDOWS, acceptSslCerts=true, javascriptEnabled=true, cssSelectorsEnabled=true, databaseEnabled=true, browserName=firefox, handlesAlerts=true, nativeEvents=false, webStorageEnabled=true, rotatable=false, locationContextEnabled=true, applicationCacheEnabled=true, takesScreenshot=true, version=42.0}]
	at sun.reflect.NativeConstructorAccessorImpl.newInstance0(Native Method)
	at sun.reflect.NativeConstructorAccessorImpl.newInstance(Unknown Source)
	at sun.reflect.DelegatingConstructorAccessorImpl.newInstance(Unknown Source)
	at java.lang.reflect.Constructor.newInstance(Unknown Source)
	at org.openqa.selenium.remote.ErrorHandler.createThrowable(ErrorHandler.java:206)
	at org.openqa.selenium.remote.ErrorHandler.throwIfResponseFailed(ErrorHandler.java:158)
	at org.openqa.selenium.remote.RemoteWebDriver.execute(RemoteWebDriver.java:647)
	at org.openqa.selenium.remote.RemoteWebElement.execute(RemoteWebElement.java:326)
	at org.openqa.selenium.remote.RemoteWebElement.click(RemoteWebElement.java:84)
	at com.primeresponse.util.DriverHelper.clickOn(DriverHelper.java:241)
	at com.primeresponse.pagehelper.HeaderHelper.verifyAdminSubMenus(HeaderHelper.java:1215)
	at com.primeresponse.testcases.Enterprise.MainNav_MenuList.testMainNav_MenuList(MainNav_MenuList.java:68)
	at sun.reflect.NativeMethodAccessorImpl.invoke0(Native Method)
	at sun.reflect.NativeMethodAccessorImpl.invoke(Unknown Source)
	at sun.reflect.DelegatingMethodAccessorImpl.invoke(Unknown Source)
	at java.lang.reflect.Method.invoke(Unknown Source)
	at org.testng.internal.MethodInvocationHelper.invokeMethod(MethodInvocationHelper.java:84)
	at org.testng.internal.Invoker.invokeMethod(Invoker.java:714)
	at org.testng.internal.Invoker.invokeTestMethod(Invoker.java:901)
	at org.testng.internal.Invoker.invokeTestMethods(Invoker.java:1231)
	at org.testng.internal.TestMethodWorker.invokeTestMethods(TestMethodWorker.java:127)
	at org.testng.internal.TestMethodWorker.run(TestMethodWorker.java:111)
	at org.testng.TestRunner.privateRun(TestRunner.java:767)
	at org.testng.TestRunner.run(TestRunner.java:617)
	at org.testng.SuiteRunner.runTest(SuiteRunner.java:334)
	at org.testng.SuiteRunner.runSequentially(SuiteRunner.java:329)
	at org.testng.SuiteRunner.privateRun(SuiteRunner.java:291)
	at org.testng.SuiteRunner.run(SuiteRunner.java:240)
	at org.testng.SuiteRunnerWorker.runSuite(SuiteRunnerWorker.java:52)
	at org.testng.SuiteRunnerWorker.run(SuiteRunnerWorker.java:86)
	at org.testng.TestNG.runSuitesSequentially(TestNG.java:1224)
	at org.testng.TestNG.runSuitesLocally(TestNG.java:1149)
	at org.testng.TestNG.run(TestNG.java:1057)
	at org.testng.remote.RemoteTestNG.run(RemoteTestNG.java:111)
	at org.testng.remote.RemoteTestNG.initAndRun(RemoteTestNG.java:204)
	at org.testng.remote.RemoteTestNG.main(RemoteTestNG.java:175)
Caused by: org.openqa.selenium.ElementNotVisibleException: Element is not currently visible and so may not be interacted with
Build info: version: '2.48.2', revision: '41bccdd', time: '2015-10-09 19:59:12'
System info: host: 'Raj_Nch', ip: '192.168.4.74', os.name: 'Windows 7', os.arch: 'x86', os.version: '6.1', java.version: '1.7.0_79'
Driver info: driver.version: unknown
	at <anonymous class>.fxdriver.preconditions.visible(file:///C:/Users/Shivani/AppData/Local/Temp/anonymous6673613147763747695webdriver-profile/extensions/fxdriver@googlecode.com/components/command-processor.js:9981)
	at <anonymous class>.DelayedCommand.prototype.checkPreconditions_(file:///C:/Users/Shivani/AppData/Local/Temp/anonymous6673613147763747695webdriver-profile/extensions/fxdriver@googlecode.com/components/command-processor.js:12517)
	at <anonymous class>.DelayedCommand.prototype.executeInternal_/h(file:///C:/Users/Shivani/AppData/Local/Temp/anonymous6673613147763747695webdriver-profile/extensions/fxdriver@googlecode.com/components/command-processor.js:12534)
	at <anonymous class>.fxdriver.Timer.prototype.setTimeout/<.notify(file:///C:/Users/Shivani/AppData/Local/Temp/anonymous6673613147763747695webdriver-profile/extensions/fxdriver@googlecode.com/components/command-processor.js:621)
Jun 16,2016 19:55:23 [info]  End Execution of Test Class com.primeresponse.testcases.Enterprise.MainNav_MenuList
*****************************************************************************

*****************************************************************************
Jun 16,2016 20:02:10 [info]   Execution Started of Test Class com.primeresponse.testcases.Enterprise.MainNav_MenuList and Test method testMainNav_MenuList
*****************************************************************************
Jun 16,2016 20:02:18 [info]  open application giturl
Jun 16,2016 20:02:49 [info]  log-in into application
Jun 16,2016 20:02:50 [info]  Select Selenium Test Ford Account if not selected
Jun 16,2016 20:02:55 [info]  Verify Enterprise Sub-Menus
Jun 16,2016 20:02:56 [info]  Verify Accounts Sub-Menus
Jun 16,2016 20:03:03 [info]  Verify Reputation Sub-Menus
Jun 16,2016 20:03:03 [info]  Verify Social Sub-Menus
Jun 16,2016 20:03:04 [info]  Verify Web Sub-Menus
Jun 16,2016 20:03:05 [info]  Verify Settings Sub-Menus
Jun 16,2016 20:03:06 [info]  Verify Support Sub-Menus
Jun 16,2016 20:03:10 [info]  Verify Training Sub-Menus
Jun 16,2016 20:03:16 [info]  Verify Admin Sub-Menus
Jun 16,2016 20:03:16 [info]  End Execution of Test Class com.primeresponse.testcases.Enterprise.MainNav_MenuList
*****************************************************************************

*****************************************************************************
Jun 16,2016 20:12:29 [info]   Execution Started of Test Class com.primeresponse.testcases.Enterprise.Reports_DownloadCSV and Test method testReports_DownloadCSV
*****************************************************************************
Jun 16,2016 20:12:29 [info]  open application giturl
Jun 16,2016 20:13:08 [info]  log-in into application
Jun 16,2016 20:13:08 [info]  Select Selenium Test Ford Account if not selected
Jun 16,2016 20:13:17 [info]  Go to Enterprise > Reports
Jun 16,2016 20:13:18 [info]  Jun 16,2016 20:13:18 [info]  <<<<<<<<<<<<<<<<<<<<<<<<<<<<<<<<<< Error message >>>>>>>>>>>>>>>>>>>>>>>>>>>>>>
java.lang.NullPointerException
	at com.primeresponse.locators.LocatorReader.getLocator(LocatorReader.java:31)
	at com.primeresponse.pagehelper.EnterpriseHelper.reports_DownloadCSV(EnterpriseHelper.java:883)
	at com.primeresponse.testcases.Enterprise.Reports_DownloadCSV.testReports_DownloadCSV(Reports_DownloadCSV.java:43)
	at sun.reflect.NativeMethodAccessorImpl.invoke0(Native Method)
	at sun.reflect.NativeMethodAccessorImpl.invoke(Unknown Source)
	at sun.reflect.DelegatingMethodAccessorImpl.invoke(Unknown Source)
	at java.lang.reflect.Method.invoke(Unknown Source)
	at org.testng.internal.MethodInvocationHelper.invokeMethod(MethodInvocationHelper.java:84)
	at org.testng.internal.Invoker.invokeMethod(Invoker.java:714)
	at org.testng.internal.Invoker.invokeTestMethod(Invoker.java:901)
	at org.testng.internal.Invoker.invokeTestMethods(Invoker.java:1231)
	at org.testng.internal.TestMethodWorker.invokeTestMethods(TestMethodWorker.java:127)
	at org.testng.internal.TestMethodWorker.run(TestMethodWorker.java:111)
	at org.testng.TestRunner.privateRun(TestRunner.java:767)
	at org.testng.TestRunner.run(TestRunner.java:617)
	at org.testng.SuiteRunner.runTest(SuiteRunner.java:334)
	at org.testng.SuiteRunner.runSequentially(SuiteRunner.java:329)
	at org.testng.SuiteRunner.privateRun(SuiteRunner.java:291)
	at org.testng.SuiteRunner.run(SuiteRunner.java:240)
	at org.testng.SuiteRunnerWorker.runSuite(SuiteRunnerWorker.java:52)
	at org.testng.SuiteRunnerWorker.run(SuiteRunnerWorker.java:86)
	at org.testng.TestNG.runSuitesSequentially(TestNG.java:1224)
	at org.testng.TestNG.runSuitesLocally(TestNG.java:1149)
	at org.testng.TestNG.run(TestNG.java:1057)
	at org.testng.remote.RemoteTestNG.run(RemoteTestNG.java:111)
	at org.testng.remote.RemoteTestNG.initAndRun(RemoteTestNG.java:204)
	at org.testng.remote.RemoteTestNG.main(RemoteTestNG.java:175)
Jun 16,2016 20:13:18 [info]  End Execution of Test Class com.primeresponse.testcases.Enterprise.Reports_DownloadCSV
*****************************************************************************

*****************************************************************************
Jun 16,2016 20:22:24 [info]   Execution Started of Test Class com.primeresponse.testcases.Enterprise.Reports_DownloadCSV and Test method testReports_DownloadCSV
*****************************************************************************
Jun 16,2016 20:22:35 [info]  open application giturl
Jun 16,2016 20:23:05 [info]  log-in into application
Jun 16,2016 20:23:05 [info]  Select Selenium Test Ford Account if not selected
Jun 16,2016 20:23:13 [info]  Go to Enterprise > Reports
Jun 16,2016 20:23:13 [info]  Jun 16,2016 20:23:13 [info]  <<<<<<<<<<<<<<<<<<<<<<<<<<<<<<<<<< Error message >>>>>>>>>>>>>>>>>>>>>>>>>>>>>>
java.lang.NullPointerException
	at com.primeresponse.locators.LocatorReader.getLocator(LocatorReader.java:31)
	at com.primeresponse.pagehelper.EnterpriseHelper.reports_DownloadCSV(EnterpriseHelper.java:883)
	at com.primeresponse.testcases.Enterprise.Reports_DownloadCSV.testReports_DownloadCSV(Reports_DownloadCSV.java:43)
	at sun.reflect.NativeMethodAccessorImpl.invoke0(Native Method)
	at sun.reflect.NativeMethodAccessorImpl.invoke(Unknown Source)
	at sun.reflect.DelegatingMethodAccessorImpl.invoke(Unknown Source)
	at java.lang.reflect.Method.invoke(Unknown Source)
	at org.testng.internal.MethodInvocationHelper.invokeMethod(MethodInvocationHelper.java:84)
	at org.testng.internal.Invoker.invokeMethod(Invoker.java:714)
	at org.testng.internal.Invoker.invokeTestMethod(Invoker.java:901)
	at org.testng.internal.Invoker.invokeTestMethods(Invoker.java:1231)
	at org.testng.internal.TestMethodWorker.invokeTestMethods(TestMethodWorker.java:127)
	at org.testng.internal.TestMethodWorker.run(TestMethodWorker.java:111)
	at org.testng.TestRunner.privateRun(TestRunner.java:767)
	at org.testng.TestRunner.run(TestRunner.java:617)
	at org.testng.SuiteRunner.runTest(SuiteRunner.java:334)
	at org.testng.SuiteRunner.runSequentially(SuiteRunner.java:329)
	at org.testng.SuiteRunner.privateRun(SuiteRunner.java:291)
	at org.testng.SuiteRunner.run(SuiteRunner.java:240)
	at org.testng.SuiteRunnerWorker.runSuite(SuiteRunnerWorker.java:52)
	at org.testng.SuiteRunnerWorker.run(SuiteRunnerWorker.java:86)
	at org.testng.TestNG.runSuitesSequentially(TestNG.java:1224)
	at org.testng.TestNG.runSuitesLocally(TestNG.java:1149)
	at org.testng.TestNG.run(TestNG.java:1057)
	at org.testng.remote.RemoteTestNG.run(RemoteTestNG.java:111)
	at org.testng.remote.RemoteTestNG.initAndRun(RemoteTestNG.java:204)
	at org.testng.remote.RemoteTestNG.main(RemoteTestNG.java:175)
Jun 16,2016 20:23:13 [info]  End Execution of Test Class com.primeresponse.testcases.Enterprise.Reports_DownloadCSV
*****************************************************************************

*****************************************************************************
Jun 16,2016 20:30:31 [info]   Execution Started of Test Class com.primeresponse.testcases.Enterprise.SegmentationButtons and Test method testSegmentationButtons
*****************************************************************************
Jun 16,2016 20:30:40 [info]  open application giturl
Jun 16,2016 20:31:26 [info]  log-in into application
Jun 16,2016 20:31:27 [info]  Select Selenium Test Ford Account if not selected
Jun 16,2016 20:31:34 [info]  Go to Enterprise > Dashboard
Jun 16,2016 20:31:45 [info]   Check by default 30d is selected
Jun 16,2016 20:32:16 [info]   Check total available segmentation buttons are 6
Jun 16,2016 20:32:23 [info]  Go to Enterprise > Dashboard
Jun 16,2016 20:32:34 [info]   Check by default 30d is selected
Jun 16,2016 20:33:05 [info]  Check total available segmentation buttons are 6
Jun 16,2016 20:33:19 [info]  Go to Track > Summary
Jun 16,2016 20:33:29 [info]   Check by default 365d is selected
Jun 16,2016 20:34:00 [info]  Check total available segmentation buttons are 6
Jun 16,2016 20:34:12 [info]  Go to Influence > Dashboard
Jun 16,2016 20:34:27 [info]   Check by default 90d is selected
Jun 16,2016 20:34:58 [info]  Check total available segmentation buttons are 6
Jun 16,2016 20:34:58 [info]  End Execution of Test Class com.primeresponse.testcases.Enterprise.SegmentationButtons
*****************************************************************************

*****************************************************************************
Jun 16,2016 20:35:57 [info]   Execution Started of Test Class com.primeresponse.testcases.Enterprise.Sort_Dashbaord_StarRatingCol and Test method testSort_Dashbaord_StarRatingCol
*****************************************************************************
Jun 16,2016 20:36:06 [info]  open application giturl
Jun 16,2016 20:36:33 [info]  log-in into application
Jun 16,2016 20:36:34 [info]  Select Selenium Test Ford Account if not selected
Jun 16,2016 20:36:42 [info]  Go to Enterprise > Dashboard
Jun 16,2016 20:41:53 [info]  Jun 16,2016 20:41:53 [info]  <<<<<<<<<<<<<<<<<<<<<<<<<<<<<<<<<< Error message >>>>>>>>>>>>>>>>>>>>>>>>>>>>>>
java.lang.AssertionError: Element Locator ://table[@class='sort-table']/tbody/tr Not found expected [true] but found [false]
	at org.testng.Assert.fail(Assert.java:94)
	at org.testng.Assert.failNotEquals(Assert.java:494)
	at org.testng.Assert.assertTrue(Assert.java:42)
	at com.primeresponse.util.DriverHelper.getSize(DriverHelper.java:268)
	at com.primeresponse.pagehelper.EnterpriseHelper.getRows(EnterpriseHelper.java:31)
	at com.primeresponse.testcases.Enterprise.Sort_Dashbaord_StarRatingCol.testSort_Dashbaord_StarRatingCol(Sort_Dashbaord_StarRatingCol.java:43)
	at sun.reflect.NativeMethodAccessorImpl.invoke0(Native Method)
	at sun.reflect.NativeMethodAccessorImpl.invoke(Unknown Source)
	at sun.reflect.DelegatingMethodAccessorImpl.invoke(Unknown Source)
	at java.lang.reflect.Method.invoke(Unknown Source)
	at org.testng.internal.MethodInvocationHelper.invokeMethod(MethodInvocationHelper.java:84)
	at org.testng.internal.Invoker.invokeMethod(Invoker.java:714)
	at org.testng.internal.Invoker.invokeTestMethod(Invoker.java:901)
	at org.testng.internal.Invoker.invokeTestMethods(Invoker.java:1231)
	at org.testng.internal.TestMethodWorker.invokeTestMethods(TestMethodWorker.java:127)
	at org.testng.internal.TestMethodWorker.run(TestMethodWorker.java:111)
	at org.testng.TestRunner.privateRun(TestRunner.java:767)
	at org.testng.TestRunner.run(TestRunner.java:617)
	at org.testng.SuiteRunner.runTest(SuiteRunner.java:334)
	at org.testng.SuiteRunner.runSequentially(SuiteRunner.java:329)
	at org.testng.SuiteRunner.privateRun(SuiteRunner.java:291)
	at org.testng.SuiteRunner.run(SuiteRunner.java:240)
	at org.testng.SuiteRunnerWorker.runSuite(SuiteRunnerWorker.java:52)
	at org.testng.SuiteRunnerWorker.run(SuiteRunnerWorker.java:86)
	at org.testng.TestNG.runSuitesSequentially(TestNG.java:1224)
	at org.testng.TestNG.runSuitesLocally(TestNG.java:1149)
	at org.testng.TestNG.run(TestNG.java:1057)
	at org.testng.remote.RemoteTestNG.run(RemoteTestNG.java:111)
	at org.testng.remote.RemoteTestNG.initAndRun(RemoteTestNG.java:204)
	at org.testng.remote.RemoteTestNG.main(RemoteTestNG.java:175)
Jun 16,2016 20:41:53 [info]  End Execution of Test Class com.primeresponse.testcases.Enterprise.Sort_Dashbaord_StarRatingCol
*****************************************************************************

*****************************************************************************
Jun 16,2016 20:42:48 [info]   Execution Started of Test Class com.primeresponse.testcases.Enterprise.Sort_Dashboard_FacebookLikesCol and Test method testSort_Dashboard_ReviewsCol
*****************************************************************************
Jun 16,2016 20:42:48 [info]  open application giturl
Jun 16,2016 20:43:28 [info]  log-in into application
Jun 16,2016 20:43:28 [info]  Select Selenium Test Ford Account if not selected
Jun 16,2016 20:43:37 [info]  Go to Enterprise > Dashboard
Jun 16,2016 20:48:47 [info]  Jun 16,2016 20:48:47 [info]  <<<<<<<<<<<<<<<<<<<<<<<<<<<<<<<<<< Error message >>>>>>>>>>>>>>>>>>>>>>>>>>>>>>
java.lang.AssertionError: Element Locator ://table[@class='sort-table']/tbody/tr Not found expected [true] but found [false]
	at org.testng.Assert.fail(Assert.java:94)
	at org.testng.Assert.failNotEquals(Assert.java:494)
	at org.testng.Assert.assertTrue(Assert.java:42)
	at com.primeresponse.util.DriverHelper.getSize(DriverHelper.java:268)
	at com.primeresponse.pagehelper.EnterpriseHelper.getRows(EnterpriseHelper.java:31)
	at com.primeresponse.testcases.Enterprise.Sort_Dashboard_FacebookLikesCol.testSort_Dashboard_ReviewsCol(Sort_Dashboard_FacebookLikesCol.java:42)
	at sun.reflect.NativeMethodAccessorImpl.invoke0(Native Method)
	at sun.reflect.NativeMethodAccessorImpl.invoke(Unknown Source)
	at sun.reflect.DelegatingMethodAccessorImpl.invoke(Unknown Source)
	at java.lang.reflect.Method.invoke(Unknown Source)
	at org.testng.internal.MethodInvocationHelper.invokeMethod(MethodInvocationHelper.java:84)
	at org.testng.internal.Invoker.invokeMethod(Invoker.java:714)
	at org.testng.internal.Invoker.invokeTestMethod(Invoker.java:901)
	at org.testng.internal.Invoker.invokeTestMethods(Invoker.java:1231)
	at org.testng.internal.TestMethodWorker.invokeTestMethods(TestMethodWorker.java:127)
	at org.testng.internal.TestMethodWorker.run(TestMethodWorker.java:111)
	at org.testng.TestRunner.privateRun(TestRunner.java:767)
	at org.testng.TestRunner.run(TestRunner.java:617)
	at org.testng.SuiteRunner.runTest(SuiteRunner.java:334)
	at org.testng.SuiteRunner.runSequentially(SuiteRunner.java:329)
	at org.testng.SuiteRunner.privateRun(SuiteRunner.java:291)
	at org.testng.SuiteRunner.run(SuiteRunner.java:240)
	at org.testng.SuiteRunnerWorker.runSuite(SuiteRunnerWorker.java:52)
	at org.testng.SuiteRunnerWorker.run(SuiteRunnerWorker.java:86)
	at org.testng.TestNG.runSuitesSequentially(TestNG.java:1224)
	at org.testng.TestNG.runSuitesLocally(TestNG.java:1149)
	at org.testng.TestNG.run(TestNG.java:1057)
	at org.testng.remote.RemoteTestNG.run(RemoteTestNG.java:111)
	at org.testng.remote.RemoteTestNG.initAndRun(RemoteTestNG.java:204)
	at org.testng.remote.RemoteTestNG.main(RemoteTestNG.java:175)
Jun 16,2016 20:48:47 [info]  End Execution of Test Class com.primeresponse.testcases.Enterprise.Sort_Dashboard_FacebookLikesCol
*****************************************************************************

*****************************************************************************
Jun 16,2016 20:55:02 [info]   Execution Started of Test Class com.primeresponse.testcases.Enterprise.Sort_Dashboard_NameCol and Test method testSort_Dashboard_NameCol
*****************************************************************************
Jun 16,2016 20:55:02 [info]  open application giturl
Jun 16,2016 20:55:40 [info]  log-in into application
Jun 16,2016 20:55:41 [info]  Select Selenium Test Ford Account if not selected
Jun 16,2016 20:55:48 [info]  Go to Enterprise > Dashboard

*****************************************************************************
Jun 16,2016 21:00:16 [info]   Execution Started of Test Class com.primeresponse.testcases.Enterprise.Sort_Dashboard_FacebookLikesCol and Test method testSort_Dashboard_ReviewsCol
*****************************************************************************
Jun 16,2016 21:00:26 [info]  open application giturl
Jun 16,2016 21:00:52 [info]  log-in into application
Jun 16,2016 21:00:53 [info]  Select Selenium Test Ford Account if not selected
Jun 16,2016 21:01:01 [info]  Go to Enterprise > Dashboard

*****************************************************************************
Jun 16,2016 21:04:06 [info]   Execution Started of Test Class com.primeresponse.testcases.Enterprise.Sort_Dashboard_ReviewResponsesCol and Test method testSort_Dashboard_ReviewResponsesCol
*****************************************************************************
Jun 16,2016 21:04:15 [info]  open application giturl
Jun 16,2016 21:04:45 [info]  log-in into application
Jun 16,2016 21:04:45 [info]  Select Selenium Test Ford Account if not selected
Jun 16,2016 21:04:54 [info]  Go to Enterprise > Dashboard

*****************************************************************************
Jun 16,2016 21:07:24 [info]   Execution Started of Test Class com.primeresponse.testcases.Enterprise.Sort_Dashboard_ReviewsCol and Test method testSort_Dashboard_ReviewsCol
*****************************************************************************
Jun 16,2016 21:07:33 [info]  open application giturl
Jun 16,2016 21:08:03 [info]  log-in into application
Jun 16,2016 21:08:03 [info]  Select Selenium Test Ford Account if not selected
Jun 16,2016 21:08:11 [info]  Go to Enterprise > Dashboard
Jun 16,2016 21:10:04 [info]  Jun 16,2016 21:10:04 [info]  <<<<<<<<<<<<<<<<<<<<<<<<<<<<<<<<<< Error message >>>>>>>>>>>>>>>>>>>>>>>>>>>>>>
java.lang.AssertionError: Element Locator ://table[@class='sort-table']/tbody/tr Not found expected [true] but found [false]
	at org.testng.Assert.fail(Assert.java:94)
	at org.testng.Assert.failNotEquals(Assert.java:494)
	at org.testng.Assert.assertTrue(Assert.java:42)
	at com.primeresponse.util.DriverHelper.getSize(DriverHelper.java:268)
	at com.primeresponse.pagehelper.EnterpriseHelper.getRows(EnterpriseHelper.java:31)
	at com.primeresponse.testcases.Enterprise.Sort_Dashboard_ReviewResponsesCol.testSort_Dashboard_ReviewResponsesCol(Sort_Dashboard_ReviewResponsesCol.java:42)
	at sun.reflect.NativeMethodAccessorImpl.invoke0(Native Method)
	at sun.reflect.NativeMethodAccessorImpl.invoke(Unknown Source)
	at sun.reflect.DelegatingMethodAccessorImpl.invoke(Unknown Source)
	at java.lang.reflect.Method.invoke(Unknown Source)
	at org.testng.internal.MethodInvocationHelper.invokeMethod(MethodInvocationHelper.java:84)
	at org.testng.internal.Invoker.invokeMethod(Invoker.java:714)
	at org.testng.internal.Invoker.invokeTestMethod(Invoker.java:901)
	at org.testng.internal.Invoker.invokeTestMethods(Invoker.java:1231)
	at org.testng.internal.TestMethodWorker.invokeTestMethods(TestMethodWorker.java:127)
	at org.testng.internal.TestMethodWorker.run(TestMethodWorker.java:111)
	at org.testng.TestRunner.privateRun(TestRunner.java:767)
	at org.testng.TestRunner.run(TestRunner.java:617)
	at org.testng.SuiteRunner.runTest(SuiteRunner.java:334)
	at org.testng.SuiteRunner.runSequentially(SuiteRunner.java:329)
	at org.testng.SuiteRunner.privateRun(SuiteRunner.java:291)
	at org.testng.SuiteRunner.run(SuiteRunner.java:240)
	at org.testng.SuiteRunnerWorker.runSuite(SuiteRunnerWorker.java:52)
	at org.testng.SuiteRunnerWorker.run(SuiteRunnerWorker.java:86)
	at org.testng.TestNG.runSuitesSequentially(TestNG.java:1224)
	at org.testng.TestNG.runSuitesLocally(TestNG.java:1149)
	at org.testng.TestNG.run(TestNG.java:1057)
	at org.testng.remote.RemoteTestNG.run(RemoteTestNG.java:111)
	at org.testng.remote.RemoteTestNG.initAndRun(RemoteTestNG.java:204)
	at org.testng.remote.RemoteTestNG.main(RemoteTestNG.java:175)

*****************************************************************************
Jun 16,2016 21:10:07 [info]   Execution Started of Test Class com.primeresponse.testcases.Enterprise.Sort_MyAccount_FacebookLikesCol and Test method testSort_MyAccount_FacebookLikesCol
*****************************************************************************
Jun 16,2016 21:10:14 [info]  open application giturl
Jun 16,2016 21:10:44 [info]  log-in into application
Jun 16,2016 21:10:45 [info]  Select Selenium Test Ford Account if not selected
Jun 16,2016 21:10:53 [info]  Go to Enterprise > My Accounts
Jun 16,2016 21:13:22 [info]  Jun 16,2016 21:13:22 [info]  <<<<<<<<<<<<<<<<<<<<<<<<<<<<<<<<<< Error message >>>>>>>>>>>>>>>>>>>>>>>>>>>>>>
java.lang.AssertionError: Element Locator ://table[@class='sort-table']/tbody/tr Not found expected [true] but found [false]
	at org.testng.Assert.fail(Assert.java:94)
	at org.testng.Assert.failNotEquals(Assert.java:494)
	at org.testng.Assert.assertTrue(Assert.java:42)
	at com.primeresponse.util.DriverHelper.getSize(DriverHelper.java:268)
	at com.primeresponse.pagehelper.EnterpriseHelper.getRows(EnterpriseHelper.java:31)
	at com.primeresponse.testcases.Enterprise.Sort_Dashboard_ReviewsCol.testSort_Dashboard_ReviewsCol(Sort_Dashboard_ReviewsCol.java:42)
	at sun.reflect.NativeMethodAccessorImpl.invoke0(Native Method)
	at sun.reflect.NativeMethodAccessorImpl.invoke(Unknown Source)
	at sun.reflect.DelegatingMethodAccessorImpl.invoke(Unknown Source)
	at java.lang.reflect.Method.invoke(Unknown Source)
	at org.testng.internal.MethodInvocationHelper.invokeMethod(MethodInvocationHelper.java:84)
	at org.testng.internal.Invoker.invokeMethod(Invoker.java:714)
	at org.testng.internal.Invoker.invokeTestMethod(Invoker.java:901)
	at org.testng.internal.Invoker.invokeTestMethods(Invoker.java:1231)
	at org.testng.internal.TestMethodWorker.invokeTestMethods(TestMethodWorker.java:127)
	at org.testng.internal.TestMethodWorker.run(TestMethodWorker.java:111)
	at org.testng.TestRunner.privateRun(TestRunner.java:767)
	at org.testng.TestRunner.run(TestRunner.java:617)
	at org.testng.SuiteRunner.runTest(SuiteRunner.java:334)
	at org.testng.SuiteRunner.runSequentially(SuiteRunner.java:329)
	at org.testng.SuiteRunner.privateRun(SuiteRunner.java:291)
	at org.testng.SuiteRunner.run(SuiteRunner.java:240)
	at org.testng.SuiteRunnerWorker.runSuite(SuiteRunnerWorker.java:52)
	at org.testng.SuiteRunnerWorker.run(SuiteRunnerWorker.java:86)
	at org.testng.TestNG.runSuitesSequentially(TestNG.java:1224)
	at org.testng.TestNG.runSuitesLocally(TestNG.java:1149)
	at org.testng.TestNG.run(TestNG.java:1057)
	at org.testng.remote.RemoteTestNG.run(RemoteTestNG.java:111)
	at org.testng.remote.RemoteTestNG.initAndRun(RemoteTestNG.java:204)
	at org.testng.remote.RemoteTestNG.main(RemoteTestNG.java:175)
Jun 16,2016 21:13:22 [info]  End Execution of Test Class com.primeresponse.testcases.Enterprise.Sort_Dashboard_ReviewsCol
*****************************************************************************
Jun 16,2016 21:16:03 [info]  Jun 16,2016 21:16:03 [info]  <<<<<<<<<<<<<<<<<<<<<<<<<<<<<<<<<< Error message >>>>>>>>>>>>>>>>>>>>>>>>>>>>>>
java.lang.AssertionError: Element Locator ://table[@class='sort-table']/tbody/tr Not found expected [true] but found [false]
	at org.testng.Assert.fail(Assert.java:94)
	at org.testng.Assert.failNotEquals(Assert.java:494)
	at org.testng.Assert.assertTrue(Assert.java:42)
	at com.primeresponse.util.DriverHelper.getSize(DriverHelper.java:268)
	at com.primeresponse.pagehelper.EnterpriseHelper.getRows(EnterpriseHelper.java:31)
	at com.primeresponse.testcases.Enterprise.Sort_MyAccount_FacebookLikesCol.testSort_MyAccount_FacebookLikesCol(Sort_MyAccount_FacebookLikesCol.java:42)
	at sun.reflect.NativeMethodAccessorImpl.invoke0(Native Method)
	at sun.reflect.NativeMethodAccessorImpl.invoke(Unknown Source)
	at sun.reflect.DelegatingMethodAccessorImpl.invoke(Unknown Source)
	at java.lang.reflect.Method.invoke(Unknown Source)
	at org.testng.internal.MethodInvocationHelper.invokeMethod(MethodInvocationHelper.java:84)
	at org.testng.internal.Invoker.invokeMethod(Invoker.java:714)
	at org.testng.internal.Invoker.invokeTestMethod(Invoker.java:901)
	at org.testng.internal.Invoker.invokeTestMethods(Invoker.java:1231)
	at org.testng.internal.TestMethodWorker.invokeTestMethods(TestMethodWorker.java:127)
	at org.testng.internal.TestMethodWorker.run(TestMethodWorker.java:111)
	at org.testng.TestRunner.privateRun(TestRunner.java:767)
	at org.testng.TestRunner.run(TestRunner.java:617)
	at org.testng.SuiteRunner.runTest(SuiteRunner.java:334)
	at org.testng.SuiteRunner.runSequentially(SuiteRunner.java:329)
	at org.testng.SuiteRunner.privateRun(SuiteRunner.java:291)
	at org.testng.SuiteRunner.run(SuiteRunner.java:240)
	at org.testng.SuiteRunnerWorker.runSuite(SuiteRunnerWorker.java:52)
	at org.testng.SuiteRunnerWorker.run(SuiteRunnerWorker.java:86)
	at org.testng.TestNG.runSuitesSequentially(TestNG.java:1224)
	at org.testng.TestNG.runSuitesLocally(TestNG.java:1149)
	at org.testng.TestNG.run(TestNG.java:1057)
	at org.testng.remote.RemoteTestNG.run(RemoteTestNG.java:111)
	at org.testng.remote.RemoteTestNG.initAndRun(RemoteTestNG.java:204)
	at org.testng.remote.RemoteTestNG.main(RemoteTestNG.java:175)
Jun 16,2016 21:16:03 [info]  End Execution of Test Class com.primeresponse.testcases.Enterprise.Sort_MyAccount_FacebookLikesCol
*****************************************************************************

*****************************************************************************
Jun 16,2016 21:27:52 [info]   Execution Started of Test Class com.primeresponse.testcases.Enterprise.Verify_EnterpriseExternalFeeds and Test method testVerify_EnterpriseExternalFeeds
*****************************************************************************
Jun 16,2016 21:28:01 [info]  open application giturl
Jun 16,2016 21:28:32 [info]  log-in into application
Jun 16,2016 21:28:32 [info]  Select Selenium Test Ford Account if not selected
Jun 16,2016 21:28:41 [info]  Go to Enterprise > External Feed
Jun 16,2016 21:29:09 [info]  Select Group at external feed screen
Jun 16,2016 21:29:09 [info]  End Execution of Test Class com.primeresponse.testcases.Enterprise.Verify_EnterpriseExternalFeeds
*****************************************************************************

*****************************************************************************
Jun 16,2016 21:29:52 [info]   Execution Started of Test Class com.primeresponse.testcases.Enterprise.Verify_EnterpriseSummaryReviewsCount and Test method testVerify_EnterpriseSummaryReviewsCount
*****************************************************************************
Jun 16,2016 21:29:52 [info]  open application giturl
Jun 16,2016 21:30:29 [info]  log-in into application
Jun 16,2016 21:30:29 [info]  Select Selenium Test Ford Account if not selected
Jun 16,2016 21:30:43 [info]  Go to  Enterprise > Summary
Jun 16,2016 21:30:44 [info]  Select Group at external feed screen
Jun 16,2016 21:30:57 [info]  Add all listers into one array and count in to another array also total rating and total average
Jun 16,2016 21:31:07 [info]  Click on Admin > Groups
Jun 16,2016 21:31:22 [info]  Enter into the Randy Test Group and store all account in to array 
Jun 16,2016 21:31:49 [info]  Go to Track > Summary
Jun 16,2016 21:37:15 [info]  Jun 16,2016 21:37:15 [info]  <<<<<<<<<<<<<<<<<<<<<<<<<<<<<<<<<< Error message >>>>>>>>>>>>>>>>>>>>>>>>>>>>>>
java.lang.AssertionError: Element Locator ://ul[@class='nav']/li[3]/a[contains(text(),'Reputation')] Not found expected [true] but found [false]
	at org.testng.Assert.fail(Assert.java:94)
	at org.testng.Assert.failNotEquals(Assert.java:494)
	at org.testng.Assert.assertTrue(Assert.java:42)
	at com.primeresponse.util.DriverHelper.clickOn(DriverHelper.java:238)
	at com.primeresponse.pagehelper.HeaderHelper.clickonTrackSummary(HeaderHelper.java:524)
	at com.primeresponse.testcases.Enterprise.Verify_EnterpriseSummaryReviewsCount.testVerify_EnterpriseSummaryReviewsCount(Verify_EnterpriseSummaryReviewsCount.java:80)
	at sun.reflect.NativeMethodAccessorImpl.invoke0(Native Method)
	at sun.reflect.NativeMethodAccessorImpl.invoke(Unknown Source)
	at sun.reflect.DelegatingMethodAccessorImpl.invoke(Unknown Source)
	at java.lang.reflect.Method.invoke(Unknown Source)
	at org.testng.internal.MethodInvocationHelper.invokeMethod(MethodInvocationHelper.java:84)
	at org.testng.internal.Invoker.invokeMethod(Invoker.java:714)
	at org.testng.internal.Invoker.invokeTestMethod(Invoker.java:901)
	at org.testng.internal.Invoker.invokeTestMethods(Invoker.java:1231)
	at org.testng.internal.TestMethodWorker.invokeTestMethods(TestMethodWorker.java:127)
	at org.testng.internal.TestMethodWorker.run(TestMethodWorker.java:111)
	at org.testng.TestRunner.privateRun(TestRunner.java:767)
	at org.testng.TestRunner.run(TestRunner.java:617)
	at org.testng.SuiteRunner.runTest(SuiteRunner.java:334)
	at org.testng.SuiteRunner.runSequentially(SuiteRunner.java:329)
	at org.testng.SuiteRunner.privateRun(SuiteRunner.java:291)
	at org.testng.SuiteRunner.run(SuiteRunner.java:240)
	at org.testng.SuiteRunnerWorker.runSuite(SuiteRunnerWorker.java:52)
	at org.testng.SuiteRunnerWorker.run(SuiteRunnerWorker.java:86)
	at org.testng.TestNG.runSuitesSequentially(TestNG.java:1224)
	at org.testng.TestNG.runSuitesLocally(TestNG.java:1149)
	at org.testng.TestNG.run(TestNG.java:1057)
	at org.testng.remote.RemoteTestNG.run(RemoteTestNG.java:111)
	at org.testng.remote.RemoteTestNG.initAndRun(RemoteTestNG.java:204)
	at org.testng.remote.RemoteTestNG.main(RemoteTestNG.java:175)
Jun 16,2016 21:37:15 [info]  End Execution of Test Class com.primeresponse.testcases.Enterprise.Verify_EnterpriseSummaryReviewsCount
*****************************************************************************
