
*****************************************************************************
Dec 28,2015 09:40:44 [info]   Execution Started of Test Class com.primeresponse.testcases.Influence.DownloadCSV_List and Test method testDownloadCSV_List
*****************************************************************************
Dec 28,2015 09:43:02 [info]  open application giturl
Dec 28,2015 09:43:21 [info]  log-in into application
Dec 28,2015 09:43:22 [info]  Select Selenium Test Ford Account if not selected
Dec 28,2015 09:43:31 [info]  Go to Ifluence > Lists
Dec 28,2015 09:43:52 [info]  Verify that list is downloading in CSV file.
Dec 28,2015 09:43:52 [info]  End Execution of Test Class com.primeresponse.testcases.Influence.DownloadCSV_List
*****************************************************************************

*****************************************************************************
Dec 28,2015 10:09:19 [info]   Execution Started of Test Class com.primeresponse.testcases.Influence.DownloadCSV_List and Test method testDownloadCSV_List
*****************************************************************************
Dec 28,2015 10:09:20 [info]  open application giturl
Dec 28,2015 10:11:20 [info]  log-in into application
Dec 28,2015 10:11:21 [info]  Select Selenium Test Ford Account if not selected
Dec 28,2015 10:11:31 [info]  Go to Ifluence > Lists
Dec 28,2015 10:11:45 [info]  Verify that list is downloading in CSV file.
Dec 28,2015 10:11:45 [info]  End Execution of Test Class com.primeresponse.testcases.Influence.DownloadCSV_List
*****************************************************************************

*****************************************************************************
Dec 28,2015 10:12:27 [info]   Execution Started of Test Class com.primeresponse.testcases.Influence.Download_CustomersCSV and Test method testDownload_CustomersCSV
*****************************************************************************
Dec 28,2015 10:15:02 [info]  open application giturl
Dec 28,2015 10:15:19 [info]  log-in into application
Dec 28,2015 10:15:20 [info]  Select Selenium Test Account if not selected
Dec 28,2015 10:15:30 [info]  Go to Ifluence > Customers
Dec 28,2015 10:15:44 [info]  Dec 28,2015 10:15:44 [info]  <<<<<<<<<<<<<<<<<<<<<<<<<<<<<<<<<< Error message >>>>>>>>>>>>>>>>>>>>>>>>>>>>>>
java.lang.UnsatisfiedLinkError: C:\Users\Shivani\AppData\Local\Temp\tmplib\VisionProxy.dll: Can't find dependent libraries
	at java.lang.ClassLoader$NativeLibrary.load(Native Method)
	at java.lang.ClassLoader.loadLibrary1(Unknown Source)
	at java.lang.ClassLoader.loadLibrary0(Unknown Source)
	at java.lang.ClassLoader.loadLibrary(Unknown Source)
	at java.lang.Runtime.load0(Unknown Source)
	at java.lang.System.load(Unknown Source)
	at com.wapmx.nativeutils.jniloader.NativeLoader.loadLibrary(NativeLoader.java:44)
	at org.sikuli.script.Finder.<clinit>(Finder.java:33)
	at org.sikuli.script.Region.doFind(Region.java:1034)
	at org.sikuli.script.Region$RepeatableFind.run(Region.java:1237)
	at org.sikuli.script.Region$Repeatable.repeat(Region.java:1208)
	at org.sikuli.script.Region.wait(Region.java:498)
	at org.sikuli.script.Region.find(Region.java:382)
	at org.sikuli.script.Region.getLocationFromPSRML(Region.java:1134)
	at org.sikuli.script.Region.click(Region.java:607)
	at org.sikuli.script.Region.click(Region.java:594)
	at com.primeresponse.pagehelper.InfluenceHelper.downloadCustomersCSV(InfluenceHelper.java:721)
	at com.primeresponse.testcases.Influence.Download_CustomersCSV.testDownload_CustomersCSV(Download_CustomersCSV.java:44)
	at sun.reflect.NativeMethodAccessorImpl.invoke0(Native Method)
	at sun.reflect.NativeMethodAccessorImpl.invoke(Unknown Source)
	at sun.reflect.DelegatingMethodAccessorImpl.invoke(Unknown Source)
	at java.lang.reflect.Method.invoke(Unknown Source)
	at org.testng.internal.MethodInvocationHelper.invokeMethod(MethodInvocationHelper.java:84)
	at org.testng.internal.Invoker.invokeMethod(Invoker.java:714)
	at org.testng.internal.Invoker.invokeTestMethod(Invoker.java:901)
	at org.testng.internal.Invoker.invokeTestMethods(Invoker.java:1231)
	at org.testng.internal.TestMethodWorker.invokeTestMethods(TestMethodWorker.java:127)
	at org.testng.internal.TestMethodWorker.run(TestMethodWorker.java:111)
	at org.testng.TestRunner.privateRun(TestRunner.java:767)
	at org.testng.TestRunner.run(TestRunner.java:617)
	at org.testng.SuiteRunner.runTest(SuiteRunner.java:334)
	at org.testng.SuiteRunner.runSequentially(SuiteRunner.java:329)
	at org.testng.SuiteRunner.privateRun(SuiteRunner.java:291)
	at org.testng.SuiteRunner.run(SuiteRunner.java:240)
	at org.testng.SuiteRunnerWorker.runSuite(SuiteRunnerWorker.java:52)
	at org.testng.SuiteRunnerWorker.run(SuiteRunnerWorker.java:86)
	at org.testng.TestNG.runSuitesSequentially(TestNG.java:1224)
	at org.testng.TestNG.runSuitesLocally(TestNG.java:1149)
	at org.testng.TestNG.run(TestNG.java:1057)
	at org.testng.remote.RemoteTestNG.run(RemoteTestNG.java:111)
	at org.testng.remote.RemoteTestNG.initAndRun(RemoteTestNG.java:204)
	at org.testng.remote.RemoteTestNG.main(RemoteTestNG.java:175)
Dec 28,2015 10:15:44 [info]  End Execution of Test Class com.primeresponse.testcases.Influence.Download_CustomersCSV
*****************************************************************************

*****************************************************************************
Dec 28,2015 10:23:33 [info]   Execution Started of Test Class com.primeresponse.testcases.Influence.Download_CustomersCSV and Test method testDownload_CustomersCSV
*****************************************************************************
Dec 28,2015 10:25:09 [info]  open application giturl
Dec 28,2015 10:25:25 [info]  log-in into application
Dec 28,2015 10:25:25 [info]  Select Selenium Test Account if not selected
Dec 28,2015 10:25:33 [info]  Go to Ifluence > Customers
Dec 28,2015 10:25:48 [info]  Dec 28,2015 10:25:48 [info]  <<<<<<<<<<<<<<<<<<<<<<<<<<<<<<<<<< Error message >>>>>>>>>>>>>>>>>>>>>>>>>>>>>>
java.lang.UnsatisfiedLinkError: C:\Users\Shivani\AppData\Local\Temp\tmplib\VisionProxy.dll: Can't find dependent libraries
	at java.lang.ClassLoader$NativeLibrary.load(Native Method)
	at java.lang.ClassLoader.loadLibrary1(Unknown Source)
	at java.lang.ClassLoader.loadLibrary0(Unknown Source)
	at java.lang.ClassLoader.loadLibrary(Unknown Source)
	at java.lang.Runtime.load0(Unknown Source)
	at java.lang.System.load(Unknown Source)
	at com.wapmx.nativeutils.jniloader.NativeLoader.loadLibrary(NativeLoader.java:44)
	at org.sikuli.script.Finder.<clinit>(Finder.java:33)
	at org.sikuli.script.Region.doFind(Region.java:1034)
	at org.sikuli.script.Region$RepeatableFind.run(Region.java:1237)
	at org.sikuli.script.Region$Repeatable.repeat(Region.java:1208)
	at org.sikuli.script.Region.wait(Region.java:498)
	at org.sikuli.script.Region.find(Region.java:382)
	at org.sikuli.script.Region.getLocationFromPSRML(Region.java:1134)
	at org.sikuli.script.Region.click(Region.java:607)
	at org.sikuli.script.Region.click(Region.java:594)
	at com.primeresponse.pagehelper.InfluenceHelper.downloadCustomersCSV(InfluenceHelper.java:721)
	at com.primeresponse.testcases.Influence.Download_CustomersCSV.testDownload_CustomersCSV(Download_CustomersCSV.java:44)
	at sun.reflect.NativeMethodAccessorImpl.invoke0(Native Method)
	at sun.reflect.NativeMethodAccessorImpl.invoke(Unknown Source)
	at sun.reflect.DelegatingMethodAccessorImpl.invoke(Unknown Source)
	at java.lang.reflect.Method.invoke(Unknown Source)
	at org.testng.internal.MethodInvocationHelper.invokeMethod(MethodInvocationHelper.java:84)
	at org.testng.internal.Invoker.invokeMethod(Invoker.java:714)
	at org.testng.internal.Invoker.invokeTestMethod(Invoker.java:901)
	at org.testng.internal.Invoker.invokeTestMethods(Invoker.java:1231)
	at org.testng.internal.TestMethodWorker.invokeTestMethods(TestMethodWorker.java:127)
	at org.testng.internal.TestMethodWorker.run(TestMethodWorker.java:111)
	at org.testng.TestRunner.privateRun(TestRunner.java:767)
	at org.testng.TestRunner.run(TestRunner.java:617)
	at org.testng.SuiteRunner.runTest(SuiteRunner.java:334)
	at org.testng.SuiteRunner.runSequentially(SuiteRunner.java:329)
	at org.testng.SuiteRunner.privateRun(SuiteRunner.java:291)
	at org.testng.SuiteRunner.run(SuiteRunner.java:240)
	at org.testng.SuiteRunnerWorker.runSuite(SuiteRunnerWorker.java:52)
	at org.testng.SuiteRunnerWorker.run(SuiteRunnerWorker.java:86)
	at org.testng.TestNG.runSuitesSequentially(TestNG.java:1224)
	at org.testng.TestNG.runSuitesLocally(TestNG.java:1149)
	at org.testng.TestNG.run(TestNG.java:1057)
	at org.testng.remote.RemoteTestNG.run(RemoteTestNG.java:111)
	at org.testng.remote.RemoteTestNG.initAndRun(RemoteTestNG.java:204)
	at org.testng.remote.RemoteTestNG.main(RemoteTestNG.java:175)
Dec 28,2015 10:25:48 [info]  End Execution of Test Class com.primeresponse.testcases.Influence.Download_CustomersCSV
*****************************************************************************

*****************************************************************************
Dec 28,2015 10:33:05 [info]   Execution Started of Test Class com.primeresponse.testcases.Influence.Download_CustomersCSV and Test method testDownload_CustomersCSV
*****************************************************************************
Dec 28,2015 10:35:06 [info]  open application giturl
Dec 28,2015 10:35:33 [info]  log-in into application
Dec 28,2015 10:35:34 [info]  Select Selenium Test Account if not selected
Dec 28,2015 10:35:43 [info]  Go to Ifluence > Customers
Dec 28,2015 10:36:31 [info]  Dec 28,2015 10:36:31 [info]  <<<<<<<<<<<<<<<<<<<<<<<<<<<<<<<<<< Error message >>>>>>>>>>>>>>>>>>>>>>>>>>>>>>
java.lang.AssertionError: expected [true] but found [false]
	at org.testng.Assert.fail(Assert.java:94)
	at org.testng.Assert.failNotEquals(Assert.java:494)
	at org.testng.Assert.assertTrue(Assert.java:42)
	at org.testng.Assert.assertTrue(Assert.java:52)
	at com.primeresponse.pagehelper.InfluenceHelper.downloadCustomersCSV(InfluenceHelper.java:716)
	at com.primeresponse.testcases.Influence.Download_CustomersCSV.testDownload_CustomersCSV(Download_CustomersCSV.java:44)
	at sun.reflect.NativeMethodAccessorImpl.invoke0(Native Method)
	at sun.reflect.NativeMethodAccessorImpl.invoke(Unknown Source)
	at sun.reflect.DelegatingMethodAccessorImpl.invoke(Unknown Source)
	at java.lang.reflect.Method.invoke(Unknown Source)
	at org.testng.internal.MethodInvocationHelper.invokeMethod(MethodInvocationHelper.java:84)
	at org.testng.internal.Invoker.invokeMethod(Invoker.java:714)
	at org.testng.internal.Invoker.invokeTestMethod(Invoker.java:901)
	at org.testng.internal.Invoker.invokeTestMethods(Invoker.java:1231)
	at org.testng.internal.TestMethodWorker.invokeTestMethods(TestMethodWorker.java:127)
	at org.testng.internal.TestMethodWorker.run(TestMethodWorker.java:111)
	at org.testng.TestRunner.privateRun(TestRunner.java:767)
	at org.testng.TestRunner.run(TestRunner.java:617)
	at org.testng.SuiteRunner.runTest(SuiteRunner.java:334)
	at org.testng.SuiteRunner.runSequentially(SuiteRunner.java:329)
	at org.testng.SuiteRunner.privateRun(SuiteRunner.java:291)
	at org.testng.SuiteRunner.run(SuiteRunner.java:240)
	at org.testng.SuiteRunnerWorker.runSuite(SuiteRunnerWorker.java:52)
	at org.testng.SuiteRunnerWorker.run(SuiteRunnerWorker.java:86)
	at org.testng.TestNG.runSuitesSequentially(TestNG.java:1224)
	at org.testng.TestNG.runSuitesLocally(TestNG.java:1149)
	at org.testng.TestNG.run(TestNG.java:1057)
	at org.testng.remote.RemoteTestNG.run(RemoteTestNG.java:111)
	at org.testng.remote.RemoteTestNG.initAndRun(RemoteTestNG.java:204)
	at org.testng.remote.RemoteTestNG.main(RemoteTestNG.java:175)
Dec 28,2015 10:36:31 [info]  End Execution of Test Class com.primeresponse.testcases.Influence.Download_CustomersCSV
*****************************************************************************

*****************************************************************************
Dec 28,2015 10:50:27 [info]   Execution Started of Test Class com.primeresponse.testcases.Influence.Download_CustomersCSV and Test method testDownload_CustomersCSV
*****************************************************************************
Dec 28,2015 10:56:33 [info]  open application giturl
Dec 28,2015 10:56:56 [info]  log-in into application
Dec 28,2015 10:56:56 [info]  Select Selenium Test Account if not selected
Dec 28,2015 10:57:06 [info]  Go to Ifluence > Customers
Dec 28,2015 10:57:29 [info]  Dec 28,2015 10:57:29 [info]  <<<<<<<<<<<<<<<<<<<<<<<<<<<<<<<<<< Error message >>>>>>>>>>>>>>>>>>>>>>>>>>>>>>
java.lang.UnsatisfiedLinkError: C:\Users\Shivani\AppData\Local\Temp\tmplib\VisionProxy.dll: Can't find dependent libraries
	at java.lang.ClassLoader$NativeLibrary.load(Native Method)
	at java.lang.ClassLoader.loadLibrary1(Unknown Source)
	at java.lang.ClassLoader.loadLibrary0(Unknown Source)
	at java.lang.ClassLoader.loadLibrary(Unknown Source)
	at java.lang.Runtime.load0(Unknown Source)
	at java.lang.System.load(Unknown Source)
	at com.wapmx.nativeutils.jniloader.NativeLoader.loadLibrary(NativeLoader.java:44)
	at org.sikuli.script.Finder.<clinit>(Finder.java:33)
	at org.sikuli.script.Region.doFind(Region.java:1034)
	at org.sikuli.script.Region$RepeatableFind.run(Region.java:1237)
	at org.sikuli.script.Region$Repeatable.repeat(Region.java:1208)
	at org.sikuli.script.Region.wait(Region.java:498)
	at org.sikuli.script.Region.find(Region.java:382)
	at org.sikuli.script.Region.getLocationFromPSRML(Region.java:1134)
	at org.sikuli.script.Region.click(Region.java:607)
	at org.sikuli.script.Region.click(Region.java:594)
	at com.primeresponse.pagehelper.InfluenceHelper.downloadCustomersCSV(InfluenceHelper.java:721)
	at com.primeresponse.testcases.Influence.Download_CustomersCSV.testDownload_CustomersCSV(Download_CustomersCSV.java:44)
	at sun.reflect.NativeMethodAccessorImpl.invoke0(Native Method)
	at sun.reflect.NativeMethodAccessorImpl.invoke(Unknown Source)
	at sun.reflect.DelegatingMethodAccessorImpl.invoke(Unknown Source)
	at java.lang.reflect.Method.invoke(Unknown Source)
	at org.testng.internal.MethodInvocationHelper.invokeMethod(MethodInvocationHelper.java:84)
	at org.testng.internal.Invoker.invokeMethod(Invoker.java:714)
	at org.testng.internal.Invoker.invokeTestMethod(Invoker.java:901)
	at org.testng.internal.Invoker.invokeTestMethods(Invoker.java:1231)
	at org.testng.internal.TestMethodWorker.invokeTestMethods(TestMethodWorker.java:127)
	at org.testng.internal.TestMethodWorker.run(TestMethodWorker.java:111)
	at org.testng.TestRunner.privateRun(TestRunner.java:767)
	at org.testng.TestRunner.run(TestRunner.java:617)
	at org.testng.SuiteRunner.runTest(SuiteRunner.java:334)
	at org.testng.SuiteRunner.runSequentially(SuiteRunner.java:329)
	at org.testng.SuiteRunner.privateRun(SuiteRunner.java:291)
	at org.testng.SuiteRunner.run(SuiteRunner.java:240)
	at org.testng.SuiteRunnerWorker.runSuite(SuiteRunnerWorker.java:52)
	at org.testng.SuiteRunnerWorker.run(SuiteRunnerWorker.java:86)
	at org.testng.TestNG.runSuitesSequentially(TestNG.java:1224)
	at org.testng.TestNG.runSuitesLocally(TestNG.java:1149)
	at org.testng.TestNG.run(TestNG.java:1057)
	at org.testng.remote.RemoteTestNG.run(RemoteTestNG.java:111)
	at org.testng.remote.RemoteTestNG.initAndRun(RemoteTestNG.java:204)
	at org.testng.remote.RemoteTestNG.main(RemoteTestNG.java:175)
Dec 28,2015 10:57:29 [info]  End Execution of Test Class com.primeresponse.testcases.Influence.Download_CustomersCSV
*****************************************************************************

*****************************************************************************
Dec 28,2015 11:03:26 [info]   Execution Started of Test Class com.primeresponse.testcases.Influence.Download_CustomersCSV and Test method testDownload_CustomersCSV
*****************************************************************************
Dec 28,2015 11:06:59 [info]  open application giturl
Dec 28,2015 11:07:21 [info]  log-in into application
Dec 28,2015 11:07:22 [info]  Select Selenium Test Account if not selected
Dec 28,2015 11:07:34 [info]  Go to Ifluence > Customers
Dec 28,2015 11:07:58 [info]  Dec 28,2015 11:07:58 [info]  <<<<<<<<<<<<<<<<<<<<<<<<<<<<<<<<<< Error message >>>>>>>>>>>>>>>>>>>>>>>>>>>>>>
java.lang.UnsatisfiedLinkError: C:\Users\Shivani\AppData\Local\Temp\tmplib\VisionProxy.dll: Can't find dependent libraries
	at java.lang.ClassLoader$NativeLibrary.load(Native Method)
	at java.lang.ClassLoader.loadLibrary1(Unknown Source)
	at java.lang.ClassLoader.loadLibrary0(Unknown Source)
	at java.lang.ClassLoader.loadLibrary(Unknown Source)
	at java.lang.Runtime.load0(Unknown Source)
	at java.lang.System.load(Unknown Source)
	at com.wapmx.nativeutils.jniloader.NativeLoader.loadLibrary(NativeLoader.java:44)
	at org.sikuli.script.Finder.<clinit>(Finder.java:33)
	at org.sikuli.script.Region.doFind(Region.java:1034)
	at org.sikuli.script.Region$RepeatableFind.run(Region.java:1237)
	at org.sikuli.script.Region$Repeatable.repeat(Region.java:1208)
	at org.sikuli.script.Region.wait(Region.java:498)
	at org.sikuli.script.Region.find(Region.java:382)
	at org.sikuli.script.Region.getLocationFromPSRML(Region.java:1134)
	at org.sikuli.script.Region.click(Region.java:607)
	at org.sikuli.script.Region.click(Region.java:594)
	at com.primeresponse.pagehelper.InfluenceHelper.downloadCustomersCSV(InfluenceHelper.java:721)
	at com.primeresponse.testcases.Influence.Download_CustomersCSV.testDownload_CustomersCSV(Download_CustomersCSV.java:44)
	at sun.reflect.NativeMethodAccessorImpl.invoke0(Native Method)
	at sun.reflect.NativeMethodAccessorImpl.invoke(Unknown Source)
	at sun.reflect.DelegatingMethodAccessorImpl.invoke(Unknown Source)
	at java.lang.reflect.Method.invoke(Unknown Source)
	at org.testng.internal.MethodInvocationHelper.invokeMethod(MethodInvocationHelper.java:84)
	at org.testng.internal.Invoker.invokeMethod(Invoker.java:714)
	at org.testng.internal.Invoker.invokeTestMethod(Invoker.java:901)
	at org.testng.internal.Invoker.invokeTestMethods(Invoker.java:1231)
	at org.testng.internal.TestMethodWorker.invokeTestMethods(TestMethodWorker.java:127)
	at org.testng.internal.TestMethodWorker.run(TestMethodWorker.java:111)
	at org.testng.TestRunner.privateRun(TestRunner.java:767)
	at org.testng.TestRunner.run(TestRunner.java:617)
	at org.testng.SuiteRunner.runTest(SuiteRunner.java:334)
	at org.testng.SuiteRunner.runSequentially(SuiteRunner.java:329)
	at org.testng.SuiteRunner.privateRun(SuiteRunner.java:291)
	at org.testng.SuiteRunner.run(SuiteRunner.java:240)
	at org.testng.SuiteRunnerWorker.runSuite(SuiteRunnerWorker.java:52)
	at org.testng.SuiteRunnerWorker.run(SuiteRunnerWorker.java:86)
	at org.testng.TestNG.runSuitesSequentially(TestNG.java:1224)
	at org.testng.TestNG.runSuitesLocally(TestNG.java:1149)
	at org.testng.TestNG.run(TestNG.java:1057)
	at org.testng.remote.RemoteTestNG.run(RemoteTestNG.java:111)
	at org.testng.remote.RemoteTestNG.initAndRun(RemoteTestNG.java:204)
	at org.testng.remote.RemoteTestNG.main(RemoteTestNG.java:175)
Dec 28,2015 11:07:58 [info]  End Execution of Test Class com.primeresponse.testcases.Influence.Download_CustomersCSV
*****************************************************************************

*****************************************************************************
Dec 28,2015 11:13:44 [info]   Execution Started of Test Class com.primeresponse.testcases.Influence.Download_CustomersCSV and Test method testDownload_CustomersCSV
*****************************************************************************
Dec 28,2015 11:17:42 [info]  open application giturl
Dec 28,2015 11:18:04 [info]  log-in into application
Dec 28,2015 11:18:05 [info]  Select Selenium Test Account if not selected
Dec 28,2015 11:18:14 [info]  Go to Ifluence > Customers
Dec 28,2015 11:18:36 [info]  Dec 28,2015 11:18:36 [info]  <<<<<<<<<<<<<<<<<<<<<<<<<<<<<<<<<< Error message >>>>>>>>>>>>>>>>>>>>>>>>>>>>>>
java.lang.UnsatisfiedLinkError: C:\Users\Shivani\AppData\Local\Temp\tmplib\VisionProxy.dll: Can't find dependent libraries
	at java.lang.ClassLoader$NativeLibrary.load(Native Method)
	at java.lang.ClassLoader.loadLibrary1(Unknown Source)
	at java.lang.ClassLoader.loadLibrary0(Unknown Source)
	at java.lang.ClassLoader.loadLibrary(Unknown Source)
	at java.lang.Runtime.load0(Unknown Source)
	at java.lang.System.load(Unknown Source)
	at com.wapmx.nativeutils.jniloader.NativeLoader.loadLibrary(NativeLoader.java:44)
	at org.sikuli.script.Finder.<clinit>(Finder.java:33)
	at org.sikuli.script.Region.doFind(Region.java:1034)
	at org.sikuli.script.Region$RepeatableFind.run(Region.java:1237)
	at org.sikuli.script.Region$Repeatable.repeat(Region.java:1208)
	at org.sikuli.script.Region.wait(Region.java:498)
	at org.sikuli.script.Region.find(Region.java:382)
	at org.sikuli.script.Region.getLocationFromPSRML(Region.java:1134)
	at org.sikuli.script.Region.click(Region.java:607)
	at org.sikuli.script.Region.click(Region.java:594)
	at com.primeresponse.pagehelper.InfluenceHelper.downloadCustomersCSV(InfluenceHelper.java:721)
	at com.primeresponse.testcases.Influence.Download_CustomersCSV.testDownload_CustomersCSV(Download_CustomersCSV.java:44)
	at sun.reflect.NativeMethodAccessorImpl.invoke0(Native Method)
	at sun.reflect.NativeMethodAccessorImpl.invoke(Unknown Source)
	at sun.reflect.DelegatingMethodAccessorImpl.invoke(Unknown Source)
	at java.lang.reflect.Method.invoke(Unknown Source)
	at org.testng.internal.MethodInvocationHelper.invokeMethod(MethodInvocationHelper.java:84)
	at org.testng.internal.Invoker.invokeMethod(Invoker.java:714)
	at org.testng.internal.Invoker.invokeTestMethod(Invoker.java:901)
	at org.testng.internal.Invoker.invokeTestMethods(Invoker.java:1231)
	at org.testng.internal.TestMethodWorker.invokeTestMethods(TestMethodWorker.java:127)
	at org.testng.internal.TestMethodWorker.run(TestMethodWorker.java:111)
	at org.testng.TestRunner.privateRun(TestRunner.java:767)
	at org.testng.TestRunner.run(TestRunner.java:617)
	at org.testng.SuiteRunner.runTest(SuiteRunner.java:334)
	at org.testng.SuiteRunner.runSequentially(SuiteRunner.java:329)
	at org.testng.SuiteRunner.privateRun(SuiteRunner.java:291)
	at org.testng.SuiteRunner.run(SuiteRunner.java:240)
	at org.testng.SuiteRunnerWorker.runSuite(SuiteRunnerWorker.java:52)
	at org.testng.SuiteRunnerWorker.run(SuiteRunnerWorker.java:86)
	at org.testng.TestNG.runSuitesSequentially(TestNG.java:1224)
	at org.testng.TestNG.runSuitesLocally(TestNG.java:1149)
	at org.testng.TestNG.run(TestNG.java:1057)
	at org.testng.remote.RemoteTestNG.run(RemoteTestNG.java:111)
	at org.testng.remote.RemoteTestNG.initAndRun(RemoteTestNG.java:204)
	at org.testng.remote.RemoteTestNG.main(RemoteTestNG.java:175)
Dec 28,2015 11:18:36 [info]  End Execution of Test Class com.primeresponse.testcases.Influence.Download_CustomersCSV
*****************************************************************************

*****************************************************************************
Dec 28,2015 11:23:00 [info]   Execution Started of Test Class com.primeresponse.testcases.Influence.Download_CustomersCSV and Test method testDownload_CustomersCSV
*****************************************************************************
Dec 28,2015 11:25:48 [info]  open application giturl
Dec 28,2015 11:26:11 [info]  log-in into application
Dec 28,2015 11:26:12 [info]  Select Selenium Test Account if not selected
Dec 28,2015 11:26:22 [info]  Go to Ifluence > Customers
Dec 28,2015 11:26:44 [info]  Dec 28,2015 11:26:44 [info]  <<<<<<<<<<<<<<<<<<<<<<<<<<<<<<<<<< Error message >>>>>>>>>>>>>>>>>>>>>>>>>>>>>>
java.lang.UnsatisfiedLinkError: C:\Users\Shivani\AppData\Local\Temp\tmplib\VisionProxy.dll: Can't find dependent libraries
	at java.lang.ClassLoader$NativeLibrary.load(Native Method)
	at java.lang.ClassLoader.loadLibrary1(Unknown Source)
	at java.lang.ClassLoader.loadLibrary0(Unknown Source)
	at java.lang.ClassLoader.loadLibrary(Unknown Source)
	at java.lang.Runtime.load0(Unknown Source)
	at java.lang.System.load(Unknown Source)
	at com.wapmx.nativeutils.jniloader.NativeLoader.loadLibrary(NativeLoader.java:44)
	at org.sikuli.script.Finder.<clinit>(Finder.java:33)
	at org.sikuli.script.Region.doFind(Region.java:1034)
	at org.sikuli.script.Region$RepeatableFind.run(Region.java:1237)
	at org.sikuli.script.Region$Repeatable.repeat(Region.java:1208)
	at org.sikuli.script.Region.wait(Region.java:498)
	at org.sikuli.script.Region.find(Region.java:382)
	at org.sikuli.script.Region.getLocationFromPSRML(Region.java:1134)
	at org.sikuli.script.Region.click(Region.java:607)
	at org.sikuli.script.Region.click(Region.java:594)
	at com.primeresponse.pagehelper.InfluenceHelper.downloadCustomersCSV(InfluenceHelper.java:721)
	at com.primeresponse.testcases.Influence.Download_CustomersCSV.testDownload_CustomersCSV(Download_CustomersCSV.java:44)
	at sun.reflect.NativeMethodAccessorImpl.invoke0(Native Method)
	at sun.reflect.NativeMethodAccessorImpl.invoke(Unknown Source)
	at sun.reflect.DelegatingMethodAccessorImpl.invoke(Unknown Source)
	at java.lang.reflect.Method.invoke(Unknown Source)
	at org.testng.internal.MethodInvocationHelper.invokeMethod(MethodInvocationHelper.java:84)
	at org.testng.internal.Invoker.invokeMethod(Invoker.java:714)
	at org.testng.internal.Invoker.invokeTestMethod(Invoker.java:901)
	at org.testng.internal.Invoker.invokeTestMethods(Invoker.java:1231)
	at org.testng.internal.TestMethodWorker.invokeTestMethods(TestMethodWorker.java:127)
	at org.testng.internal.TestMethodWorker.run(TestMethodWorker.java:111)
	at org.testng.TestRunner.privateRun(TestRunner.java:767)
	at org.testng.TestRunner.run(TestRunner.java:617)
	at org.testng.SuiteRunner.runTest(SuiteRunner.java:334)
	at org.testng.SuiteRunner.runSequentially(SuiteRunner.java:329)
	at org.testng.SuiteRunner.privateRun(SuiteRunner.java:291)
	at org.testng.SuiteRunner.run(SuiteRunner.java:240)
	at org.testng.SuiteRunnerWorker.runSuite(SuiteRunnerWorker.java:52)
	at org.testng.SuiteRunnerWorker.run(SuiteRunnerWorker.java:86)
	at org.testng.TestNG.runSuitesSequentially(TestNG.java:1224)
	at org.testng.TestNG.runSuitesLocally(TestNG.java:1149)
	at org.testng.TestNG.run(TestNG.java:1057)
	at org.testng.remote.RemoteTestNG.run(RemoteTestNG.java:111)
	at org.testng.remote.RemoteTestNG.initAndRun(RemoteTestNG.java:204)
	at org.testng.remote.RemoteTestNG.main(RemoteTestNG.java:175)
Dec 28,2015 11:26:44 [info]  End Execution of Test Class com.primeresponse.testcases.Influence.Download_CustomersCSV
*****************************************************************************

*****************************************************************************
Dec 28,2015 11:33:47 [info]   Execution Started of Test Class com.primeresponse.testcases.Influence.Download_CustomersCSV and Test method testDownload_CustomersCSV
*****************************************************************************
Dec 28,2015 11:37:27 [info]  open application giturl
Dec 28,2015 11:37:51 [info]  log-in into application
Dec 28,2015 11:37:52 [info]  Select Selenium Test Account if not selected
Dec 28,2015 11:38:00 [info]  Go to Ifluence > Customers
Dec 28,2015 11:38:29 [info]  Method to download customers in .CSV file
Dec 28,2015 11:38:29 [info]  End Execution of Test Class com.primeresponse.testcases.Influence.Download_CustomersCSV
*****************************************************************************

*****************************************************************************
Dec 28,2015 11:40:01 [info]   Execution Started of Test Class com.primeresponse.testcases.Influence.Submit_InternalReview and Test method testSubmit_InternalReview
*****************************************************************************
Dec 28,2015 11:43:46 [info]  open application giturl
Dec 28,2015 11:44:13 [info]  log-in into application
Dec 28,2015 11:44:13 [info]  Select Selenium Test Ford Account if not selected
Dec 28,2015 11:44:27 [info]  Go to Ifluence > Survey
Dec 28,2015 11:46:03 [info]  open Pre-Survey Url of survey created via Webdriver scripts
Dec 28,2015 11:46:13 [info]  Enter Customer Details
Dec 28,2015 11:46:19 [info]  Fill the survey
Dec 28,2015 11:46:21 [info]  Verify Thank you text
Dec 28,2015 11:46:21 [info]  End Execution of Test Class com.primeresponse.testcases.Influence.Submit_InternalReview
*****************************************************************************

*****************************************************************************
Dec 28,2015 11:49:28 [info]   Execution Started of Test Class com.primeresponse.testcases.Influence.Upload_List and Test method testUpload_List
*****************************************************************************
Dec 28,2015 11:53:08 [info]  open application giturl
Dec 28,2015 11:53:26 [info]  log-in into application
Dec 28,2015 11:53:27 [info]  Select Selenium Test Ford Account if not selected
Dec 28,2015 11:53:35 [info]  Go to Ifluence > Lists
Dec 28,2015 11:53:36 [info]  click on create new list link
Dec 28,2015 11:53:47 [info]  Upload a CSV file as a list
Dec 28,2015 11:55:24 [info]  Dec 28,2015 11:55:24 [info]  <<<<<<<<<<<<<<<<<<<<<<<<<<<<<<<<<< Error message >>>>>>>>>>>>>>>>>>>>>>>>>>>>>>
java.lang.AssertionError: Element Locator ://div[@id='flash_notice']/div Not found expected [true] but found [false]
	at org.testng.Assert.fail(Assert.java:94)
	at org.testng.Assert.failNotEquals(Assert.java:494)
	at org.testng.Assert.assertTrue(Assert.java:42)
	at com.primeresponse.util.DriverHelper.isTextPresent(DriverHelper.java:291)
	at com.primeresponse.pagehelper.HeaderHelper.checkSuccessMessage(HeaderHelper.java:27)
	at com.primeresponse.testcases.Influence.Upload_List.testUpload_List(Upload_List.java:52)
	at sun.reflect.NativeMethodAccessorImpl.invoke0(Native Method)
	at sun.reflect.NativeMethodAccessorImpl.invoke(Unknown Source)
	at sun.reflect.DelegatingMethodAccessorImpl.invoke(Unknown Source)
	at java.lang.reflect.Method.invoke(Unknown Source)
	at org.testng.internal.MethodInvocationHelper.invokeMethod(MethodInvocationHelper.java:84)
	at org.testng.internal.Invoker.invokeMethod(Invoker.java:714)
	at org.testng.internal.Invoker.invokeTestMethod(Invoker.java:901)
	at org.testng.internal.Invoker.invokeTestMethods(Invoker.java:1231)
	at org.testng.internal.TestMethodWorker.invokeTestMethods(TestMethodWorker.java:127)
	at org.testng.internal.TestMethodWorker.run(TestMethodWorker.java:111)
	at org.testng.TestRunner.privateRun(TestRunner.java:767)
	at org.testng.TestRunner.run(TestRunner.java:617)
	at org.testng.SuiteRunner.runTest(SuiteRunner.java:334)
	at org.testng.SuiteRunner.runSequentially(SuiteRunner.java:329)
	at org.testng.SuiteRunner.privateRun(SuiteRunner.java:291)
	at org.testng.SuiteRunner.run(SuiteRunner.java:240)
	at org.testng.SuiteRunnerWorker.runSuite(SuiteRunnerWorker.java:52)
	at org.testng.SuiteRunnerWorker.run(SuiteRunnerWorker.java:86)
	at org.testng.TestNG.runSuitesSequentially(TestNG.java:1224)
	at org.testng.TestNG.runSuitesLocally(TestNG.java:1149)
	at org.testng.TestNG.run(TestNG.java:1057)
	at org.testng.remote.RemoteTestNG.run(RemoteTestNG.java:111)
	at org.testng.remote.RemoteTestNG.initAndRun(RemoteTestNG.java:204)
	at org.testng.remote.RemoteTestNG.main(RemoteTestNG.java:175)
Dec 28,2015 11:55:24 [info]  End Execution of Test Class com.primeresponse.testcases.Influence.Upload_List
*****************************************************************************

*****************************************************************************
Dec 28,2015 11:59:06 [info]   Execution Started of Test Class com.primeresponse.testcases.Influence.Upload_List and Test method testUpload_List
*****************************************************************************
Dec 28,2015 12:01:39 [info]  open application giturl
Dec 28,2015 12:01:56 [info]  log-in into application
Dec 28,2015 12:01:57 [info]  Select Selenium Test Ford Account if not selected
Dec 28,2015 12:02:06 [info]  Go to Ifluence > Lists
Dec 28,2015 12:02:06 [info]  click on create new list link
Dec 28,2015 12:02:23 [info]  Upload a CSV file as a list
Dec 28,2015 12:03:59 [info]  Dec 28,2015 12:03:59 [info]  <<<<<<<<<<<<<<<<<<<<<<<<<<<<<<<<<< Error message >>>>>>>>>>>>>>>>>>>>>>>>>>>>>>
java.lang.AssertionError: Element Locator ://div[@id='flash_notice']/div Not found expected [true] but found [false]
	at org.testng.Assert.fail(Assert.java:94)
	at org.testng.Assert.failNotEquals(Assert.java:494)
	at org.testng.Assert.assertTrue(Assert.java:42)
	at com.primeresponse.util.DriverHelper.isTextPresent(DriverHelper.java:291)
	at com.primeresponse.pagehelper.HeaderHelper.checkSuccessMessage(HeaderHelper.java:27)
	at com.primeresponse.testcases.Influence.Upload_List.testUpload_List(Upload_List.java:52)
	at sun.reflect.NativeMethodAccessorImpl.invoke0(Native Method)
	at sun.reflect.NativeMethodAccessorImpl.invoke(Unknown Source)
	at sun.reflect.DelegatingMethodAccessorImpl.invoke(Unknown Source)
	at java.lang.reflect.Method.invoke(Unknown Source)
	at org.testng.internal.MethodInvocationHelper.invokeMethod(MethodInvocationHelper.java:84)
	at org.testng.internal.Invoker.invokeMethod(Invoker.java:714)
	at org.testng.internal.Invoker.invokeTestMethod(Invoker.java:901)
	at org.testng.internal.Invoker.invokeTestMethods(Invoker.java:1231)
	at org.testng.internal.TestMethodWorker.invokeTestMethods(TestMethodWorker.java:127)
	at org.testng.internal.TestMethodWorker.run(TestMethodWorker.java:111)
	at org.testng.TestRunner.privateRun(TestRunner.java:767)
	at org.testng.TestRunner.run(TestRunner.java:617)
	at org.testng.SuiteRunner.runTest(SuiteRunner.java:334)
	at org.testng.SuiteRunner.runSequentially(SuiteRunner.java:329)
	at org.testng.SuiteRunner.privateRun(SuiteRunner.java:291)
	at org.testng.SuiteRunner.run(SuiteRunner.java:240)
	at org.testng.SuiteRunnerWorker.runSuite(SuiteRunnerWorker.java:52)
	at org.testng.SuiteRunnerWorker.run(SuiteRunnerWorker.java:86)
	at org.testng.TestNG.runSuitesSequentially(TestNG.java:1224)
	at org.testng.TestNG.runSuitesLocally(TestNG.java:1149)
	at org.testng.TestNG.run(TestNG.java:1057)
	at org.testng.remote.RemoteTestNG.run(RemoteTestNG.java:111)
	at org.testng.remote.RemoteTestNG.initAndRun(RemoteTestNG.java:204)
	at org.testng.remote.RemoteTestNG.main(RemoteTestNG.java:175)
Dec 28,2015 12:03:59 [info]  End Execution of Test Class com.primeresponse.testcases.Influence.Upload_List
*****************************************************************************

*****************************************************************************
Dec 28,2015 13:19:50 [info]   Execution Started of Test Class com.primeresponse.testcases.Influence.VerifyWidgets_InfluenceDashboard and Test method testVerifyWidgets_InfluenceDashboard
*****************************************************************************
Dec 28,2015 13:20:56 [info]  open application giturl
Dec 28,2015 13:21:13 [info]  log-in into application
Dec 28,2015 13:21:13 [info]  Select Selenium Test account if not selected
Dec 28,2015 13:21:23 [info]  Go to Influence > Survey
Dec 28,2015 13:21:24 [info]  Get Surveys count on Survey page
Dec 28,2015 13:22:01 [info]  Go to Influence > Dashboard
Dec 28,2015 13:22:11 [info]  Dec 28,2015 13:22:11 [info]  <<<<<<<<<<<<<<<<<<<<<<<<<<<<<<<<<< Error message >>>>>>>>>>>>>>>>>>>>>>>>>>>>>>
java.lang.AssertionError: expected [true] but found [false]
	at org.testng.Assert.fail(Assert.java:94)
	at org.testng.Assert.failNotEquals(Assert.java:494)
	at org.testng.Assert.assertTrue(Assert.java:42)
	at org.testng.Assert.assertTrue(Assert.java:52)
	at com.primeresponse.pagehelper.InfluenceHelper.verifyWidgetsInfluenceDashboard(InfluenceHelper.java:779)
	at com.primeresponse.testcases.Influence.VerifyWidgets_InfluenceDashboard.testVerifyWidgets_InfluenceDashboard(VerifyWidgets_InfluenceDashboard.java:50)
	at sun.reflect.NativeMethodAccessorImpl.invoke0(Native Method)
	at sun.reflect.NativeMethodAccessorImpl.invoke(Unknown Source)
	at sun.reflect.DelegatingMethodAccessorImpl.invoke(Unknown Source)
	at java.lang.reflect.Method.invoke(Unknown Source)
	at org.testng.internal.MethodInvocationHelper.invokeMethod(MethodInvocationHelper.java:84)
	at org.testng.internal.Invoker.invokeMethod(Invoker.java:714)
	at org.testng.internal.Invoker.invokeTestMethod(Invoker.java:901)
	at org.testng.internal.Invoker.invokeTestMethods(Invoker.java:1231)
	at org.testng.internal.TestMethodWorker.invokeTestMethods(TestMethodWorker.java:127)
	at org.testng.internal.TestMethodWorker.run(TestMethodWorker.java:111)
	at org.testng.TestRunner.privateRun(TestRunner.java:767)
	at org.testng.TestRunner.run(TestRunner.java:617)
	at org.testng.SuiteRunner.runTest(SuiteRunner.java:334)
	at org.testng.SuiteRunner.runSequentially(SuiteRunner.java:329)
	at org.testng.SuiteRunner.privateRun(SuiteRunner.java:291)
	at org.testng.SuiteRunner.run(SuiteRunner.java:240)
	at org.testng.SuiteRunnerWorker.runSuite(SuiteRunnerWorker.java:52)
	at org.testng.SuiteRunnerWorker.run(SuiteRunnerWorker.java:86)
	at org.testng.TestNG.runSuitesSequentially(TestNG.java:1224)
	at org.testng.TestNG.runSuitesLocally(TestNG.java:1149)
	at org.testng.TestNG.run(TestNG.java:1057)
	at org.testng.remote.RemoteTestNG.run(RemoteTestNG.java:111)
	at org.testng.remote.RemoteTestNG.initAndRun(RemoteTestNG.java:204)
	at org.testng.remote.RemoteTestNG.main(RemoteTestNG.java:175)
Dec 28,2015 13:22:11 [info]  End Execution of Test Class com.primeresponse.testcases.Influence.VerifyWidgets_InfluenceDashboard
*****************************************************************************

*****************************************************************************
Dec 28,2015 13:24:21 [info]   Execution Started of Test Class com.primeresponse.testcases.Influence.VerifyWidgets_InfluenceDashboard and Test method testVerifyWidgets_InfluenceDashboard
*****************************************************************************
Dec 28,2015 13:25:34 [info]  open application giturl
Dec 28,2015 13:25:51 [info]  log-in into application
Dec 28,2015 13:25:52 [info]  Select Selenium Test account if not selected
Dec 28,2015 13:26:00 [info]  Go to Influence > Survey
Dec 28,2015 13:26:00 [info]  Get Surveys count on Survey page
Dec 28,2015 13:26:34 [info]  Go to Influence > Dashboard
Dec 28,2015 13:26:48 [info]  Method to verify the name of all available widgets on influence dashboard page
Dec 28,2015 13:26:48 [info]  End Execution of Test Class com.primeresponse.testcases.Influence.VerifyWidgets_InfluenceDashboard
*****************************************************************************

*****************************************************************************
Dec 28,2015 13:29:39 [info]   Execution Started of Test Class com.primeresponse.testcases.Influence.Verify_SurveysReport and Test method testVerify_SurveysReport
*****************************************************************************
Dec 28,2015 13:31:02 [info]  open application giturl
Dec 28,2015 13:31:25 [info]  log-in into application
Dec 28,2015 13:31:26 [info]  Select Selenium Test account if not selected
Dec 28,2015 13:31:50 [info]  Dec 28,2015 13:31:50 [info]  <<<<<<<<<<<<<<<<<<<<<<<<<<<<<<<<<< Error message >>>>>>>>>>>>>>>>>>>>>>>>>>>>>>
java.lang.AssertionError: expected [true] but found [false]
	at org.testng.Assert.fail(Assert.java:94)
	at org.testng.Assert.failNotEquals(Assert.java:494)
	at org.testng.Assert.assertTrue(Assert.java:42)
	at org.testng.Assert.assertTrue(Assert.java:52)
	at com.primeresponse.pagehelper.InfluenceHelper.verify_SurveysReport(InfluenceHelper.java:118)
	at com.primeresponse.testcases.Influence.Verify_SurveysReport.testVerify_SurveysReport(Verify_SurveysReport.java:44)
	at sun.reflect.NativeMethodAccessorImpl.invoke0(Native Method)
	at sun.reflect.NativeMethodAccessorImpl.invoke(Unknown Source)
	at sun.reflect.DelegatingMethodAccessorImpl.invoke(Unknown Source)
	at java.lang.reflect.Method.invoke(Unknown Source)
	at org.testng.internal.MethodInvocationHelper.invokeMethod(MethodInvocationHelper.java:84)
	at org.testng.internal.Invoker.invokeMethod(Invoker.java:714)
	at org.testng.internal.Invoker.invokeTestMethod(Invoker.java:901)
	at org.testng.internal.Invoker.invokeTestMethods(Invoker.java:1231)
	at org.testng.internal.TestMethodWorker.invokeTestMethods(TestMethodWorker.java:127)
	at org.testng.internal.TestMethodWorker.run(TestMethodWorker.java:111)
	at org.testng.TestRunner.privateRun(TestRunner.java:767)
	at org.testng.TestRunner.run(TestRunner.java:617)
	at org.testng.SuiteRunner.runTest(SuiteRunner.java:334)
	at org.testng.SuiteRunner.runSequentially(SuiteRunner.java:329)
	at org.testng.SuiteRunner.privateRun(SuiteRunner.java:291)
	at org.testng.SuiteRunner.run(SuiteRunner.java:240)
	at org.testng.SuiteRunnerWorker.runSuite(SuiteRunnerWorker.java:52)
	at org.testng.SuiteRunnerWorker.run(SuiteRunnerWorker.java:86)
	at org.testng.TestNG.runSuitesSequentially(TestNG.java:1224)
	at org.testng.TestNG.runSuitesLocally(TestNG.java:1149)
	at org.testng.TestNG.run(TestNG.java:1057)
	at org.testng.remote.RemoteTestNG.run(RemoteTestNG.java:111)
	at org.testng.remote.RemoteTestNG.initAndRun(RemoteTestNG.java:204)
	at org.testng.remote.RemoteTestNG.main(RemoteTestNG.java:175)
Dec 28,2015 13:31:50 [info]  End Execution of Test Class com.primeresponse.testcases.Influence.Verify_SurveysReport
*****************************************************************************

*****************************************************************************
Dec 28,2015 13:35:26 [info]   Execution Started of Test Class com.primeresponse.testcases.Influence.Verify_SurveysReport and Test method testVerify_SurveysReport
*****************************************************************************
Dec 28,2015 13:36:32 [info]  open application giturl
Dec 28,2015 13:36:51 [info]  log-in into application
Dec 28,2015 13:36:52 [info]  Select Selenium Test account if not selected
Dec 28,2015 13:37:21 [info]  Verify reports of surveys on Influence > Surveys page.
Dec 28,2015 13:37:21 [info]  End Execution of Test Class com.primeresponse.testcases.Influence.Verify_SurveysReport
*****************************************************************************

*****************************************************************************
Dec 28,2015 13:40:12 [info]   Execution Started of Test Class com.primeresponse.testcases.Settings.Check_SiteMapEnteries and Test method testCheck_SiteMapEnteries
*****************************************************************************
Dec 28,2015 13:41:21 [info]  open application giturl
Dec 28,2015 13:41:38 [info]  log-in into application
Dec 28,2015 13:41:39 [info]  Select Selenium Test Account if not selected
Dec 28,2015 13:41:48 [info]  Go to Settings >SiteMap
Dec 28,2015 13:46:59 [info]  Dec 28,2015 13:46:59 [info]  <<<<<<<<<<<<<<<<<<<<<<<<<<<<<<<<<< Error message >>>>>>>>>>>>>>>>>>>>>>>>>>>>>>
java.lang.AssertionError: Element Locator ://tbody[@class='products-body']/tr[1]/td[3]/a Not found expected [true] but found [false]
	at org.testng.Assert.fail(Assert.java:94)
	at org.testng.Assert.failNotEquals(Assert.java:494)
	at org.testng.Assert.assertTrue(Assert.java:42)
	at com.primeresponse.util.DriverHelper.getText(DriverHelper.java:305)
	at com.primeresponse.pagehelper.SettingHelper.checkSiteMapEntries(SettingHelper.java:530)
	at com.primeresponse.testcases.Settings.Check_SiteMapEnteries.testCheck_SiteMapEnteries(Check_SiteMapEnteries.java:42)
	at sun.reflect.NativeMethodAccessorImpl.invoke0(Native Method)
	at sun.reflect.NativeMethodAccessorImpl.invoke(Unknown Source)
	at sun.reflect.DelegatingMethodAccessorImpl.invoke(Unknown Source)
	at java.lang.reflect.Method.invoke(Unknown Source)
	at org.testng.internal.MethodInvocationHelper.invokeMethod(MethodInvocationHelper.java:84)
	at org.testng.internal.Invoker.invokeMethod(Invoker.java:714)
	at org.testng.internal.Invoker.invokeTestMethod(Invoker.java:901)
	at org.testng.internal.Invoker.invokeTestMethods(Invoker.java:1231)
	at org.testng.internal.TestMethodWorker.invokeTestMethods(TestMethodWorker.java:127)
	at org.testng.internal.TestMethodWorker.run(TestMethodWorker.java:111)
	at org.testng.TestRunner.privateRun(TestRunner.java:767)
	at org.testng.TestRunner.run(TestRunner.java:617)
	at org.testng.SuiteRunner.runTest(SuiteRunner.java:334)
	at org.testng.SuiteRunner.runSequentially(SuiteRunner.java:329)
	at org.testng.SuiteRunner.privateRun(SuiteRunner.java:291)
	at org.testng.SuiteRunner.run(SuiteRunner.java:240)
	at org.testng.SuiteRunnerWorker.runSuite(SuiteRunnerWorker.java:52)
	at org.testng.SuiteRunnerWorker.run(SuiteRunnerWorker.java:86)
	at org.testng.TestNG.runSuitesSequentially(TestNG.java:1224)
	at org.testng.TestNG.runSuitesLocally(TestNG.java:1149)
	at org.testng.TestNG.run(TestNG.java:1057)
	at org.testng.remote.RemoteTestNG.run(RemoteTestNG.java:111)
	at org.testng.remote.RemoteTestNG.initAndRun(RemoteTestNG.java:204)
	at org.testng.remote.RemoteTestNG.main(RemoteTestNG.java:175)
Dec 28,2015 13:46:59 [info]  End Execution of Test Class com.primeresponse.testcases.Settings.Check_SiteMapEnteries
*****************************************************************************

*****************************************************************************
Dec 28,2015 13:50:06 [info]   Execution Started of Test Class com.primeresponse.testcases.Settings.Check_SiteMapEnteries and Test method testCheck_SiteMapEnteries
*****************************************************************************
Dec 28,2015 13:51:10 [info]  open application giturl
Dec 28,2015 13:51:30 [info]  log-in into application
Dec 28,2015 13:51:30 [info]  Select Selenium Test Account if not selected
Dec 28,2015 13:51:38 [info]  Go to Settings >SiteMap
Dec 28,2015 13:56:49 [info]  Dec 28,2015 13:56:49 [info]  <<<<<<<<<<<<<<<<<<<<<<<<<<<<<<<<<< Error message >>>>>>>>>>>>>>>>>>>>>>>>>>>>>>
java.lang.AssertionError: Element Locator ://tbody[@class='products-body']/tr[1]/td[4]/a Not found expected [true] but found [false]
	at org.testng.Assert.fail(Assert.java:94)
	at org.testng.Assert.failNotEquals(Assert.java:494)
	at org.testng.Assert.assertTrue(Assert.java:42)
	at com.primeresponse.util.DriverHelper.getText(DriverHelper.java:305)
	at com.primeresponse.pagehelper.SettingHelper.checkSiteMapEntries(SettingHelper.java:530)
	at com.primeresponse.testcases.Settings.Check_SiteMapEnteries.testCheck_SiteMapEnteries(Check_SiteMapEnteries.java:42)
	at sun.reflect.NativeMethodAccessorImpl.invoke0(Native Method)
	at sun.reflect.NativeMethodAccessorImpl.invoke(Unknown Source)
	at sun.reflect.DelegatingMethodAccessorImpl.invoke(Unknown Source)
	at java.lang.reflect.Method.invoke(Unknown Source)
	at org.testng.internal.MethodInvocationHelper.invokeMethod(MethodInvocationHelper.java:84)
	at org.testng.internal.Invoker.invokeMethod(Invoker.java:714)
	at org.testng.internal.Invoker.invokeTestMethod(Invoker.java:901)
	at org.testng.internal.Invoker.invokeTestMethods(Invoker.java:1231)
	at org.testng.internal.TestMethodWorker.invokeTestMethods(TestMethodWorker.java:127)
	at org.testng.internal.TestMethodWorker.run(TestMethodWorker.java:111)
	at org.testng.TestRunner.privateRun(TestRunner.java:767)
	at org.testng.TestRunner.run(TestRunner.java:617)
	at org.testng.SuiteRunner.runTest(SuiteRunner.java:334)
	at org.testng.SuiteRunner.runSequentially(SuiteRunner.java:329)
	at org.testng.SuiteRunner.privateRun(SuiteRunner.java:291)
	at org.testng.SuiteRunner.run(SuiteRunner.java:240)
	at org.testng.SuiteRunnerWorker.runSuite(SuiteRunnerWorker.java:52)
	at org.testng.SuiteRunnerWorker.run(SuiteRunnerWorker.java:86)
	at org.testng.TestNG.runSuitesSequentially(TestNG.java:1224)
	at org.testng.TestNG.runSuitesLocally(TestNG.java:1149)
	at org.testng.TestNG.run(TestNG.java:1057)
	at org.testng.remote.RemoteTestNG.run(RemoteTestNG.java:111)
	at org.testng.remote.RemoteTestNG.initAndRun(RemoteTestNG.java:204)
	at org.testng.remote.RemoteTestNG.main(RemoteTestNG.java:175)
Dec 28,2015 13:56:49 [info]  End Execution of Test Class com.primeresponse.testcases.Settings.Check_SiteMapEnteries
*****************************************************************************

*****************************************************************************
Dec 28,2015 14:00:50 [info]   Execution Started of Test Class com.primeresponse.testcases.Settings.Check_SiteMapEnteries and Test method testCheck_SiteMapEnteries
*****************************************************************************
Dec 28,2015 14:01:21 [info]  open application giturl
Dec 28,2015 14:01:37 [info]  log-in into application
Dec 28,2015 14:01:38 [info]  Select Selenium Test Account if not selected
Dec 28,2015 14:01:47 [info]  Go to Settings >SiteMap
Dec 28,2015 14:06:59 [info]  Dec 28,2015 14:06:59 [info]  <<<<<<<<<<<<<<<<<<<<<<<<<<<<<<<<<< Error message >>>>>>>>>>>>>>>>>>>>>>>>>>>>>>
java.lang.AssertionError: Element Locator ://tbody[@class='products-body']/tr[1]/td[4]/a Not found expected [true] but found [false]
	at org.testng.Assert.fail(Assert.java:94)
	at org.testng.Assert.failNotEquals(Assert.java:494)
	at org.testng.Assert.assertTrue(Assert.java:42)
	at com.primeresponse.util.DriverHelper.getText(DriverHelper.java:305)
	at com.primeresponse.pagehelper.SettingHelper.checkSiteMapEntries(SettingHelper.java:538)
	at com.primeresponse.testcases.Settings.Check_SiteMapEnteries.testCheck_SiteMapEnteries(Check_SiteMapEnteries.java:42)
	at sun.reflect.NativeMethodAccessorImpl.invoke0(Native Method)
	at sun.reflect.NativeMethodAccessorImpl.invoke(Unknown Source)
	at sun.reflect.DelegatingMethodAccessorImpl.invoke(Unknown Source)
	at java.lang.reflect.Method.invoke(Unknown Source)
	at org.testng.internal.MethodInvocationHelper.invokeMethod(MethodInvocationHelper.java:84)
	at org.testng.internal.Invoker.invokeMethod(Invoker.java:714)
	at org.testng.internal.Invoker.invokeTestMethod(Invoker.java:901)
	at org.testng.internal.Invoker.invokeTestMethods(Invoker.java:1231)
	at org.testng.internal.TestMethodWorker.invokeTestMethods(TestMethodWorker.java:127)
	at org.testng.internal.TestMethodWorker.run(TestMethodWorker.java:111)
	at org.testng.TestRunner.privateRun(TestRunner.java:767)
	at org.testng.TestRunner.run(TestRunner.java:617)
	at org.testng.SuiteRunner.runTest(SuiteRunner.java:334)
	at org.testng.SuiteRunner.runSequentially(SuiteRunner.java:329)
	at org.testng.SuiteRunner.privateRun(SuiteRunner.java:291)
	at org.testng.SuiteRunner.run(SuiteRunner.java:240)
	at org.testng.SuiteRunnerWorker.runSuite(SuiteRunnerWorker.java:52)
	at org.testng.SuiteRunnerWorker.run(SuiteRunnerWorker.java:86)
	at org.testng.TestNG.runSuitesSequentially(TestNG.java:1224)
	at org.testng.TestNG.runSuitesLocally(TestNG.java:1149)
	at org.testng.TestNG.run(TestNG.java:1057)
	at org.testng.remote.RemoteTestNG.run(RemoteTestNG.java:111)
	at org.testng.remote.RemoteTestNG.initAndRun(RemoteTestNG.java:204)
	at org.testng.remote.RemoteTestNG.main(RemoteTestNG.java:175)
Dec 28,2015 14:06:59 [info]  End Execution of Test Class com.primeresponse.testcases.Settings.Check_SiteMapEnteries
*****************************************************************************

*****************************************************************************
Dec 28,2015 14:08:19 [info]   Execution Started of Test Class com.primeresponse.testcases.Settings.Check_SiteMapEnteries and Test method testCheck_SiteMapEnteries
*****************************************************************************
Dec 28,2015 14:09:23 [info]  open application giturl
Dec 28,2015 14:09:38 [info]  log-in into application
Dec 28,2015 14:09:39 [info]  Select Selenium Test Account if not selected
Dec 28,2015 14:09:46 [info]  Go to Settings >SiteMap
Dec 28,2015 14:09:51 [info]  Dec 28,2015 14:09:51 [info]  <<<<<<<<<<<<<<<<<<<<<<<<<<<<<<<<<< Error message >>>>>>>>>>>>>>>>>>>>>>>>>>>>>>
java.lang.AssertionError: expected [true] but found [false]
	at org.testng.Assert.fail(Assert.java:94)
	at org.testng.Assert.failNotEquals(Assert.java:494)
	at org.testng.Assert.assertTrue(Assert.java:42)
	at org.testng.Assert.assertTrue(Assert.java:52)
	at com.primeresponse.pagehelper.SettingHelper.checkSiteMapEntries(SettingHelper.java:546)
	at com.primeresponse.testcases.Settings.Check_SiteMapEnteries.testCheck_SiteMapEnteries(Check_SiteMapEnteries.java:42)
	at sun.reflect.NativeMethodAccessorImpl.invoke0(Native Method)
	at sun.reflect.NativeMethodAccessorImpl.invoke(Unknown Source)
	at sun.reflect.DelegatingMethodAccessorImpl.invoke(Unknown Source)
	at java.lang.reflect.Method.invoke(Unknown Source)
	at org.testng.internal.MethodInvocationHelper.invokeMethod(MethodInvocationHelper.java:84)
	at org.testng.internal.Invoker.invokeMethod(Invoker.java:714)
	at org.testng.internal.Invoker.invokeTestMethod(Invoker.java:901)
	at org.testng.internal.Invoker.invokeTestMethods(Invoker.java:1231)
	at org.testng.internal.TestMethodWorker.invokeTestMethods(TestMethodWorker.java:127)
	at org.testng.internal.TestMethodWorker.run(TestMethodWorker.java:111)
	at org.testng.TestRunner.privateRun(TestRunner.java:767)
	at org.testng.TestRunner.run(TestRunner.java:617)
	at org.testng.SuiteRunner.runTest(SuiteRunner.java:334)
	at org.testng.SuiteRunner.runSequentially(SuiteRunner.java:329)
	at org.testng.SuiteRunner.privateRun(SuiteRunner.java:291)
	at org.testng.SuiteRunner.run(SuiteRunner.java:240)
	at org.testng.SuiteRunnerWorker.runSuite(SuiteRunnerWorker.java:52)
	at org.testng.SuiteRunnerWorker.run(SuiteRunnerWorker.java:86)
	at org.testng.TestNG.runSuitesSequentially(TestNG.java:1224)
	at org.testng.TestNG.runSuitesLocally(TestNG.java:1149)
	at org.testng.TestNG.run(TestNG.java:1057)
	at org.testng.remote.RemoteTestNG.run(RemoteTestNG.java:111)
	at org.testng.remote.RemoteTestNG.initAndRun(RemoteTestNG.java:204)
	at org.testng.remote.RemoteTestNG.main(RemoteTestNG.java:175)
Dec 28,2015 14:09:51 [info]  End Execution of Test Class com.primeresponse.testcases.Settings.Check_SiteMapEnteries
*****************************************************************************

*****************************************************************************
Dec 28,2015 14:12:28 [info]   Execution Started of Test Class com.primeresponse.testcases.Settings.Check_SiteMapEnteries and Test method testCheck_SiteMapEnteries
*****************************************************************************
Dec 28,2015 14:13:43 [info]  open application giturl
Dec 28,2015 14:13:59 [info]  log-in into application
Dec 28,2015 14:14:00 [info]  Select Selenium Test Account if not selected
Dec 28,2015 14:14:07 [info]  Go to Settings >SiteMap
Dec 28,2015 14:14:12 [info]  Dec 28,2015 14:14:12 [info]  <<<<<<<<<<<<<<<<<<<<<<<<<<<<<<<<<< Error message >>>>>>>>>>>>>>>>>>>>>>>>>>>>>>
java.lang.AssertionError: expected [true] but found [false]
	at org.testng.Assert.fail(Assert.java:94)
	at org.testng.Assert.failNotEquals(Assert.java:494)
	at org.testng.Assert.assertTrue(Assert.java:42)
	at org.testng.Assert.assertTrue(Assert.java:52)
	at com.primeresponse.pagehelper.SettingHelper.checkSiteMapEntries(SettingHelper.java:546)
	at com.primeresponse.testcases.Settings.Check_SiteMapEnteries.testCheck_SiteMapEnteries(Check_SiteMapEnteries.java:42)
	at sun.reflect.NativeMethodAccessorImpl.invoke0(Native Method)
	at sun.reflect.NativeMethodAccessorImpl.invoke(Unknown Source)
	at sun.reflect.DelegatingMethodAccessorImpl.invoke(Unknown Source)
	at java.lang.reflect.Method.invoke(Unknown Source)
	at org.testng.internal.MethodInvocationHelper.invokeMethod(MethodInvocationHelper.java:84)
	at org.testng.internal.Invoker.invokeMethod(Invoker.java:714)
	at org.testng.internal.Invoker.invokeTestMethod(Invoker.java:901)
	at org.testng.internal.Invoker.invokeTestMethods(Invoker.java:1231)
	at org.testng.internal.TestMethodWorker.invokeTestMethods(TestMethodWorker.java:127)
	at org.testng.internal.TestMethodWorker.run(TestMethodWorker.java:111)
	at org.testng.TestRunner.privateRun(TestRunner.java:767)
	at org.testng.TestRunner.run(TestRunner.java:617)
	at org.testng.SuiteRunner.runTest(SuiteRunner.java:334)
	at org.testng.SuiteRunner.runSequentially(SuiteRunner.java:329)
	at org.testng.SuiteRunner.privateRun(SuiteRunner.java:291)
	at org.testng.SuiteRunner.run(SuiteRunner.java:240)
	at org.testng.SuiteRunnerWorker.runSuite(SuiteRunnerWorker.java:52)
	at org.testng.SuiteRunnerWorker.run(SuiteRunnerWorker.java:86)
	at org.testng.TestNG.runSuitesSequentially(TestNG.java:1224)
	at org.testng.TestNG.runSuitesLocally(TestNG.java:1149)
	at org.testng.TestNG.run(TestNG.java:1057)
	at org.testng.remote.RemoteTestNG.run(RemoteTestNG.java:111)
	at org.testng.remote.RemoteTestNG.initAndRun(RemoteTestNG.java:204)
	at org.testng.remote.RemoteTestNG.main(RemoteTestNG.java:175)
Dec 28,2015 14:14:12 [info]  End Execution of Test Class com.primeresponse.testcases.Settings.Check_SiteMapEnteries
*****************************************************************************

*****************************************************************************
Dec 28,2015 14:17:09 [info]   Execution Started of Test Class com.primeresponse.testcases.Settings.Check_SiteMapEnteries and Test method testCheck_SiteMapEnteries
*****************************************************************************
Dec 28,2015 14:17:09 [info]  open application giturl
Dec 28,2015 14:18:28 [info]  log-in into application
Dec 28,2015 14:18:28 [info]  Select Selenium Test Account if not selected
Dec 28,2015 14:18:36 [info]  Go to Settings >SiteMap
Dec 28,2015 14:18:42 [info]  Dec 28,2015 14:18:42 [info]  <<<<<<<<<<<<<<<<<<<<<<<<<<<<<<<<<< Error message >>>>>>>>>>>>>>>>>>>>>>>>>>>>>>
java.lang.AssertionError: expected [true] but found [false]
	at org.testng.Assert.fail(Assert.java:94)
	at org.testng.Assert.failNotEquals(Assert.java:494)
	at org.testng.Assert.assertTrue(Assert.java:42)
	at org.testng.Assert.assertTrue(Assert.java:52)
	at com.primeresponse.pagehelper.SettingHelper.checkSiteMapEntries(SettingHelper.java:547)
	at com.primeresponse.testcases.Settings.Check_SiteMapEnteries.testCheck_SiteMapEnteries(Check_SiteMapEnteries.java:42)
	at sun.reflect.NativeMethodAccessorImpl.invoke0(Native Method)
	at sun.reflect.NativeMethodAccessorImpl.invoke(Unknown Source)
	at sun.reflect.DelegatingMethodAccessorImpl.invoke(Unknown Source)
	at java.lang.reflect.Method.invoke(Unknown Source)
	at org.testng.internal.MethodInvocationHelper.invokeMethod(MethodInvocationHelper.java:84)
	at org.testng.internal.Invoker.invokeMethod(Invoker.java:714)
	at org.testng.internal.Invoker.invokeTestMethod(Invoker.java:901)
	at org.testng.internal.Invoker.invokeTestMethods(Invoker.java:1231)
	at org.testng.internal.TestMethodWorker.invokeTestMethods(TestMethodWorker.java:127)
	at org.testng.internal.TestMethodWorker.run(TestMethodWorker.java:111)
	at org.testng.TestRunner.privateRun(TestRunner.java:767)
	at org.testng.TestRunner.run(TestRunner.java:617)
	at org.testng.SuiteRunner.runTest(SuiteRunner.java:334)
	at org.testng.SuiteRunner.runSequentially(SuiteRunner.java:329)
	at org.testng.SuiteRunner.privateRun(SuiteRunner.java:291)
	at org.testng.SuiteRunner.run(SuiteRunner.java:240)
	at org.testng.SuiteRunnerWorker.runSuite(SuiteRunnerWorker.java:52)
	at org.testng.SuiteRunnerWorker.run(SuiteRunnerWorker.java:86)
	at org.testng.TestNG.runSuitesSequentially(TestNG.java:1224)
	at org.testng.TestNG.runSuitesLocally(TestNG.java:1149)
	at org.testng.TestNG.run(TestNG.java:1057)
	at org.testng.remote.RemoteTestNG.run(RemoteTestNG.java:111)
	at org.testng.remote.RemoteTestNG.initAndRun(RemoteTestNG.java:204)
	at org.testng.remote.RemoteTestNG.main(RemoteTestNG.java:175)
Dec 28,2015 14:18:42 [info]  End Execution of Test Class com.primeresponse.testcases.Settings.Check_SiteMapEnteries
*****************************************************************************

*****************************************************************************
Dec 28,2015 14:22:36 [info]   Execution Started of Test Class com.primeresponse.testcases.Settings.Check_SiteMapEnteries and Test method testCheck_SiteMapEnteries
*****************************************************************************
Dec 28,2015 14:24:07 [info]  open application giturl
Dec 28,2015 14:24:21 [info]  log-in into application
Dec 28,2015 14:24:21 [info]  Select Selenium Test Account if not selected
Dec 28,2015 14:24:30 [info]  Go to Settings >SiteMap
Dec 28,2015 14:24:36 [info]  Dec 28,2015 14:24:36 [info]  <<<<<<<<<<<<<<<<<<<<<<<<<<<<<<<<<< Error message >>>>>>>>>>>>>>>>>>>>>>>>>>>>>>
java.lang.AssertionError: expected [true] but found [false]
	at org.testng.Assert.fail(Assert.java:94)
	at org.testng.Assert.failNotEquals(Assert.java:494)
	at org.testng.Assert.assertTrue(Assert.java:42)
	at org.testng.Assert.assertTrue(Assert.java:52)
	at com.primeresponse.pagehelper.SettingHelper.checkSiteMapEntries(SettingHelper.java:548)
	at com.primeresponse.testcases.Settings.Check_SiteMapEnteries.testCheck_SiteMapEnteries(Check_SiteMapEnteries.java:42)
	at sun.reflect.NativeMethodAccessorImpl.invoke0(Native Method)
	at sun.reflect.NativeMethodAccessorImpl.invoke(Unknown Source)
	at sun.reflect.DelegatingMethodAccessorImpl.invoke(Unknown Source)
	at java.lang.reflect.Method.invoke(Unknown Source)
	at org.testng.internal.MethodInvocationHelper.invokeMethod(MethodInvocationHelper.java:84)
	at org.testng.internal.Invoker.invokeMethod(Invoker.java:714)
	at org.testng.internal.Invoker.invokeTestMethod(Invoker.java:901)
	at org.testng.internal.Invoker.invokeTestMethods(Invoker.java:1231)
	at org.testng.internal.TestMethodWorker.invokeTestMethods(TestMethodWorker.java:127)
	at org.testng.internal.TestMethodWorker.run(TestMethodWorker.java:111)
	at org.testng.TestRunner.privateRun(TestRunner.java:767)
	at org.testng.TestRunner.run(TestRunner.java:617)
	at org.testng.SuiteRunner.runTest(SuiteRunner.java:334)
	at org.testng.SuiteRunner.runSequentially(SuiteRunner.java:329)
	at org.testng.SuiteRunner.privateRun(SuiteRunner.java:291)
	at org.testng.SuiteRunner.run(SuiteRunner.java:240)
	at org.testng.SuiteRunnerWorker.runSuite(SuiteRunnerWorker.java:52)
	at org.testng.SuiteRunnerWorker.run(SuiteRunnerWorker.java:86)
	at org.testng.TestNG.runSuitesSequentially(TestNG.java:1224)
	at org.testng.TestNG.runSuitesLocally(TestNG.java:1149)
	at org.testng.TestNG.run(TestNG.java:1057)
	at org.testng.remote.RemoteTestNG.run(RemoteTestNG.java:111)
	at org.testng.remote.RemoteTestNG.initAndRun(RemoteTestNG.java:204)
	at org.testng.remote.RemoteTestNG.main(RemoteTestNG.java:175)
Dec 28,2015 14:24:36 [info]  End Execution of Test Class com.primeresponse.testcases.Settings.Check_SiteMapEnteries
*****************************************************************************

*****************************************************************************
Dec 28,2015 14:37:41 [info]   Execution Started of Test Class com.primeresponse.testcases.Settings.Check_SiteMapEnteries and Test method testCheck_SiteMapEnteries
*****************************************************************************
Dec 28,2015 14:39:52 [info]  open application giturl
Dec 28,2015 14:40:12 [info]  log-in into application
Dec 28,2015 14:40:13 [info]  Select Selenium Test Account if not selected
Dec 28,2015 14:40:22 [info]  Go to Settings >SiteMap
Dec 28,2015 14:40:27 [info]  Dec 28,2015 14:40:27 [info]  <<<<<<<<<<<<<<<<<<<<<<<<<<<<<<<<<< Error message >>>>>>>>>>>>>>>>>>>>>>>>>>>>>>
java.lang.AssertionError: expected [true] but found [false]
	at org.testng.Assert.fail(Assert.java:94)
	at org.testng.Assert.failNotEquals(Assert.java:494)
	at org.testng.Assert.assertTrue(Assert.java:42)
	at org.testng.Assert.assertTrue(Assert.java:52)
	at com.primeresponse.pagehelper.SettingHelper.checkSiteMapEntries(SettingHelper.java:547)
	at com.primeresponse.testcases.Settings.Check_SiteMapEnteries.testCheck_SiteMapEnteries(Check_SiteMapEnteries.java:42)
	at sun.reflect.NativeMethodAccessorImpl.invoke0(Native Method)
	at sun.reflect.NativeMethodAccessorImpl.invoke(Unknown Source)
	at sun.reflect.DelegatingMethodAccessorImpl.invoke(Unknown Source)
	at java.lang.reflect.Method.invoke(Unknown Source)
	at org.testng.internal.MethodInvocationHelper.invokeMethod(MethodInvocationHelper.java:84)
	at org.testng.internal.Invoker.invokeMethod(Invoker.java:714)
	at org.testng.internal.Invoker.invokeTestMethod(Invoker.java:901)
	at org.testng.internal.Invoker.invokeTestMethods(Invoker.java:1231)
	at org.testng.internal.TestMethodWorker.invokeTestMethods(TestMethodWorker.java:127)
	at org.testng.internal.TestMethodWorker.run(TestMethodWorker.java:111)
	at org.testng.TestRunner.privateRun(TestRunner.java:767)
	at org.testng.TestRunner.run(TestRunner.java:617)
	at org.testng.SuiteRunner.runTest(SuiteRunner.java:334)
	at org.testng.SuiteRunner.runSequentially(SuiteRunner.java:329)
	at org.testng.SuiteRunner.privateRun(SuiteRunner.java:291)
	at org.testng.SuiteRunner.run(SuiteRunner.java:240)
	at org.testng.SuiteRunnerWorker.runSuite(SuiteRunnerWorker.java:52)
	at org.testng.SuiteRunnerWorker.run(SuiteRunnerWorker.java:86)
	at org.testng.TestNG.runSuitesSequentially(TestNG.java:1224)
	at org.testng.TestNG.runSuitesLocally(TestNG.java:1149)
	at org.testng.TestNG.run(TestNG.java:1057)
	at org.testng.remote.RemoteTestNG.run(RemoteTestNG.java:111)
	at org.testng.remote.RemoteTestNG.initAndRun(RemoteTestNG.java:204)
	at org.testng.remote.RemoteTestNG.main(RemoteTestNG.java:175)
Dec 28,2015 14:40:27 [info]  End Execution of Test Class com.primeresponse.testcases.Settings.Check_SiteMapEnteries
*****************************************************************************

*****************************************************************************
Dec 28,2015 14:42:45 [info]   Execution Started of Test Class com.primeresponse.testcases.Settings.Check_SiteMapEnteries and Test method testCheck_SiteMapEnteries
*****************************************************************************
Dec 28,2015 14:44:43 [info]  open application giturl
Dec 28,2015 14:45:04 [info]  log-in into application
Dec 28,2015 14:45:05 [info]  Select Selenium Test Account if not selected
Dec 28,2015 14:45:12 [info]  Go to Settings >SiteMap
Dec 28,2015 14:45:18 [info]  Dec 28,2015 14:45:18 [info]  <<<<<<<<<<<<<<<<<<<<<<<<<<<<<<<<<< Error message >>>>>>>>>>>>>>>>>>>>>>>>>>>>>>
java.lang.AssertionError: expected [true] but found [false]
	at org.testng.Assert.fail(Assert.java:94)
	at org.testng.Assert.failNotEquals(Assert.java:494)
	at org.testng.Assert.assertTrue(Assert.java:42)
	at org.testng.Assert.assertTrue(Assert.java:52)
	at com.primeresponse.pagehelper.SettingHelper.checkSiteMapEntries(SettingHelper.java:548)
	at com.primeresponse.testcases.Settings.Check_SiteMapEnteries.testCheck_SiteMapEnteries(Check_SiteMapEnteries.java:42)
	at sun.reflect.NativeMethodAccessorImpl.invoke0(Native Method)
	at sun.reflect.NativeMethodAccessorImpl.invoke(Unknown Source)
	at sun.reflect.DelegatingMethodAccessorImpl.invoke(Unknown Source)
	at java.lang.reflect.Method.invoke(Unknown Source)
	at org.testng.internal.MethodInvocationHelper.invokeMethod(MethodInvocationHelper.java:84)
	at org.testng.internal.Invoker.invokeMethod(Invoker.java:714)
	at org.testng.internal.Invoker.invokeTestMethod(Invoker.java:901)
	at org.testng.internal.Invoker.invokeTestMethods(Invoker.java:1231)
	at org.testng.internal.TestMethodWorker.invokeTestMethods(TestMethodWorker.java:127)
	at org.testng.internal.TestMethodWorker.run(TestMethodWorker.java:111)
	at org.testng.TestRunner.privateRun(TestRunner.java:767)
	at org.testng.TestRunner.run(TestRunner.java:617)
	at org.testng.SuiteRunner.runTest(SuiteRunner.java:334)
	at org.testng.SuiteRunner.runSequentially(SuiteRunner.java:329)
	at org.testng.SuiteRunner.privateRun(SuiteRunner.java:291)
	at org.testng.SuiteRunner.run(SuiteRunner.java:240)
	at org.testng.SuiteRunnerWorker.runSuite(SuiteRunnerWorker.java:52)
	at org.testng.SuiteRunnerWorker.run(SuiteRunnerWorker.java:86)
	at org.testng.TestNG.runSuitesSequentially(TestNG.java:1224)
	at org.testng.TestNG.runSuitesLocally(TestNG.java:1149)
	at org.testng.TestNG.run(TestNG.java:1057)
	at org.testng.remote.RemoteTestNG.run(RemoteTestNG.java:111)
	at org.testng.remote.RemoteTestNG.initAndRun(RemoteTestNG.java:204)
	at org.testng.remote.RemoteTestNG.main(RemoteTestNG.java:175)
Dec 28,2015 14:45:18 [info]  End Execution of Test Class com.primeresponse.testcases.Settings.Check_SiteMapEnteries
*****************************************************************************

*****************************************************************************
Dec 28,2015 14:46:55 [info]   Execution Started of Test Class com.primeresponse.testcases.Settings.Check_SiteMapEnteries and Test method testCheck_SiteMapEnteries
*****************************************************************************
Dec 28,2015 14:49:03 [info]  open application giturl
Dec 28,2015 14:49:24 [info]  log-in into application
Dec 28,2015 14:49:24 [info]  Select Selenium Test Account if not selected
Dec 28,2015 14:49:32 [info]  Go to Settings >SiteMap
Dec 28,2015 14:49:38 [info]  Dec 28,2015 14:49:38 [info]  <<<<<<<<<<<<<<<<<<<<<<<<<<<<<<<<<< Error message >>>>>>>>>>>>>>>>>>>>>>>>>>>>>>
java.lang.AssertionError: expected [true] but found [false]
	at org.testng.Assert.fail(Assert.java:94)
	at org.testng.Assert.failNotEquals(Assert.java:494)
	at org.testng.Assert.assertTrue(Assert.java:42)
	at org.testng.Assert.assertTrue(Assert.java:52)
	at com.primeresponse.pagehelper.SettingHelper.checkSiteMapEntries(SettingHelper.java:548)
	at com.primeresponse.testcases.Settings.Check_SiteMapEnteries.testCheck_SiteMapEnteries(Check_SiteMapEnteries.java:42)
	at sun.reflect.NativeMethodAccessorImpl.invoke0(Native Method)
	at sun.reflect.NativeMethodAccessorImpl.invoke(Unknown Source)
	at sun.reflect.DelegatingMethodAccessorImpl.invoke(Unknown Source)
	at java.lang.reflect.Method.invoke(Unknown Source)
	at org.testng.internal.MethodInvocationHelper.invokeMethod(MethodInvocationHelper.java:84)
	at org.testng.internal.Invoker.invokeMethod(Invoker.java:714)
	at org.testng.internal.Invoker.invokeTestMethod(Invoker.java:901)
	at org.testng.internal.Invoker.invokeTestMethods(Invoker.java:1231)
	at org.testng.internal.TestMethodWorker.invokeTestMethods(TestMethodWorker.java:127)
	at org.testng.internal.TestMethodWorker.run(TestMethodWorker.java:111)
	at org.testng.TestRunner.privateRun(TestRunner.java:767)
	at org.testng.TestRunner.run(TestRunner.java:617)
	at org.testng.SuiteRunner.runTest(SuiteRunner.java:334)
	at org.testng.SuiteRunner.runSequentially(SuiteRunner.java:329)
	at org.testng.SuiteRunner.privateRun(SuiteRunner.java:291)
	at org.testng.SuiteRunner.run(SuiteRunner.java:240)
	at org.testng.SuiteRunnerWorker.runSuite(SuiteRunnerWorker.java:52)
	at org.testng.SuiteRunnerWorker.run(SuiteRunnerWorker.java:86)
	at org.testng.TestNG.runSuitesSequentially(TestNG.java:1224)
	at org.testng.TestNG.runSuitesLocally(TestNG.java:1149)
	at org.testng.TestNG.run(TestNG.java:1057)
	at org.testng.remote.RemoteTestNG.run(RemoteTestNG.java:111)
	at org.testng.remote.RemoteTestNG.initAndRun(RemoteTestNG.java:204)
	at org.testng.remote.RemoteTestNG.main(RemoteTestNG.java:175)
Dec 28,2015 14:49:38 [info]  End Execution of Test Class com.primeresponse.testcases.Settings.Check_SiteMapEnteries
*****************************************************************************

*****************************************************************************
Dec 28,2015 14:51:24 [info]   Execution Started of Test Class com.primeresponse.testcases.Settings.Check_SiteMapEnteries and Test method testCheck_SiteMapEnteries
*****************************************************************************
Dec 28,2015 14:53:20 [info]  open application giturl
Dec 28,2015 14:53:43 [info]  log-in into application
Dec 28,2015 14:53:44 [info]  Select Selenium Test Account if not selected
Dec 28,2015 14:53:52 [info]  Go to Settings >SiteMap
Dec 28,2015 14:58:17 [info]  Dec 28,2015 14:58:17 [info]  <<<<<<<<<<<<<<<<<<<<<<<<<<<<<<<<<< Error message >>>>>>>>>>>>>>>>>>>>>>>>>>>>>>
java.lang.AssertionError: Element Locator ://tbody[@class='products-body']/tr[2]/td[4][contains(text(),'0')] Not found expected [true] but found [false]
	at org.testng.Assert.fail(Assert.java:94)
	at org.testng.Assert.failNotEquals(Assert.java:494)
	at org.testng.Assert.assertTrue(Assert.java:42)
	at com.primeresponse.util.DriverHelper.getText(DriverHelper.java:305)
	at com.primeresponse.pagehelper.SettingHelper.checkSiteMapEntries(SettingHelper.java:539)
	at com.primeresponse.testcases.Settings.Check_SiteMapEnteries.testCheck_SiteMapEnteries(Check_SiteMapEnteries.java:42)
	at sun.reflect.NativeMethodAccessorImpl.invoke0(Native Method)
	at sun.reflect.NativeMethodAccessorImpl.invoke(Unknown Source)
	at sun.reflect.DelegatingMethodAccessorImpl.invoke(Unknown Source)
	at java.lang.reflect.Method.invoke(Unknown Source)
	at org.testng.internal.MethodInvocationHelper.invokeMethod(MethodInvocationHelper.java:84)
	at org.testng.internal.Invoker.invokeMethod(Invoker.java:714)
	at org.testng.internal.Invoker.invokeTestMethod(Invoker.java:901)
	at org.testng.internal.Invoker.invokeTestMethods(Invoker.java:1231)
	at org.testng.internal.TestMethodWorker.invokeTestMethods(TestMethodWorker.java:127)
	at org.testng.internal.TestMethodWorker.run(TestMethodWorker.java:111)
	at org.testng.TestRunner.privateRun(TestRunner.java:767)
	at org.testng.TestRunner.run(TestRunner.java:617)
	at org.testng.SuiteRunner.runTest(SuiteRunner.java:334)
	at org.testng.SuiteRunner.runSequentially(SuiteRunner.java:329)
	at org.testng.SuiteRunner.privateRun(SuiteRunner.java:291)
	at org.testng.SuiteRunner.run(SuiteRunner.java:240)
	at org.testng.SuiteRunnerWorker.runSuite(SuiteRunnerWorker.java:52)
	at org.testng.SuiteRunnerWorker.run(SuiteRunnerWorker.java:86)
	at org.testng.TestNG.runSuitesSequentially(TestNG.java:1224)
	at org.testng.TestNG.runSuitesLocally(TestNG.java:1149)
	at org.testng.TestNG.run(TestNG.java:1057)
	at org.testng.remote.RemoteTestNG.run(RemoteTestNG.java:111)
	at org.testng.remote.RemoteTestNG.initAndRun(RemoteTestNG.java:204)
	at org.testng.remote.RemoteTestNG.main(RemoteTestNG.java:175)
Dec 28,2015 14:58:17 [info]  End Execution of Test Class com.primeresponse.testcases.Settings.Check_SiteMapEnteries
*****************************************************************************

*****************************************************************************
Dec 28,2015 15:00:20 [info]   Execution Started of Test Class com.primeresponse.testcases.Settings.Check_SiteMapEnteries and Test method testCheck_SiteMapEnteries
*****************************************************************************
Dec 28,2015 15:02:02 [info]  open application giturl
Dec 28,2015 15:02:17 [info]  log-in into application
Dec 28,2015 15:02:18 [info]  Select Selenium Test Account if not selected
Dec 28,2015 15:02:27 [info]  Go to Settings >SiteMap
Dec 28,2015 15:07:39 [info]  Dec 28,2015 15:07:39 [info]  <<<<<<<<<<<<<<<<<<<<<<<<<<<<<<<<<< Error message >>>>>>>>>>>>>>>>>>>>>>>>>>>>>>
java.lang.AssertionError: Element Locator ://tbody[@class='products-body']/tr[2]/td[4][contains(text(),'0')] Not found expected [true] but found [false]
	at org.testng.Assert.fail(Assert.java:94)
	at org.testng.Assert.failNotEquals(Assert.java:494)
	at org.testng.Assert.assertTrue(Assert.java:42)
	at com.primeresponse.util.DriverHelper.getText(DriverHelper.java:305)
	at com.primeresponse.pagehelper.SettingHelper.checkSiteMapEntries(SettingHelper.java:539)
	at com.primeresponse.testcases.Settings.Check_SiteMapEnteries.testCheck_SiteMapEnteries(Check_SiteMapEnteries.java:42)
	at sun.reflect.NativeMethodAccessorImpl.invoke0(Native Method)
	at sun.reflect.NativeMethodAccessorImpl.invoke(Unknown Source)
	at sun.reflect.DelegatingMethodAccessorImpl.invoke(Unknown Source)
	at java.lang.reflect.Method.invoke(Unknown Source)
	at org.testng.internal.MethodInvocationHelper.invokeMethod(MethodInvocationHelper.java:84)
	at org.testng.internal.Invoker.invokeMethod(Invoker.java:714)
	at org.testng.internal.Invoker.invokeTestMethod(Invoker.java:901)
	at org.testng.internal.Invoker.invokeTestMethods(Invoker.java:1231)
	at org.testng.internal.TestMethodWorker.invokeTestMethods(TestMethodWorker.java:127)
	at org.testng.internal.TestMethodWorker.run(TestMethodWorker.java:111)
	at org.testng.TestRunner.privateRun(TestRunner.java:767)
	at org.testng.TestRunner.run(TestRunner.java:617)
	at org.testng.SuiteRunner.runTest(SuiteRunner.java:334)
	at org.testng.SuiteRunner.runSequentially(SuiteRunner.java:329)
	at org.testng.SuiteRunner.privateRun(SuiteRunner.java:291)
	at org.testng.SuiteRunner.run(SuiteRunner.java:240)
	at org.testng.SuiteRunnerWorker.runSuite(SuiteRunnerWorker.java:52)
	at org.testng.SuiteRunnerWorker.run(SuiteRunnerWorker.java:86)
	at org.testng.TestNG.runSuitesSequentially(TestNG.java:1224)
	at org.testng.TestNG.runSuitesLocally(TestNG.java:1149)
	at org.testng.TestNG.run(TestNG.java:1057)
	at org.testng.remote.RemoteTestNG.run(RemoteTestNG.java:111)
	at org.testng.remote.RemoteTestNG.initAndRun(RemoteTestNG.java:204)
	at org.testng.remote.RemoteTestNG.main(RemoteTestNG.java:175)
Dec 28,2015 15:07:39 [info]  End Execution of Test Class com.primeresponse.testcases.Settings.Check_SiteMapEnteries
*****************************************************************************

*****************************************************************************
Dec 28,2015 15:15:45 [info]   Execution Started of Test Class com.primeresponse.testcases.Settings.Check_SiteMapEnteries and Test method testCheck_SiteMapEnteries
*****************************************************************************
Dec 28,2015 15:18:41 [info]  open application giturl
Dec 28,2015 15:19:01 [info]  log-in into application
Dec 28,2015 15:19:01 [info]  Select Selenium Test Account if not selected
Dec 28,2015 15:19:09 [info]  Go to Settings >SiteMap
Dec 28,2015 15:19:15 [info]  Dec 28,2015 15:19:15 [info]  <<<<<<<<<<<<<<<<<<<<<<<<<<<<<<<<<< Error message >>>>>>>>>>>>>>>>>>>>>>>>>>>>>>
java.lang.AssertionError: expected [true] but found [false]
	at org.testng.Assert.fail(Assert.java:94)
	at org.testng.Assert.failNotEquals(Assert.java:494)
	at org.testng.Assert.assertTrue(Assert.java:42)
	at org.testng.Assert.assertTrue(Assert.java:52)
	at com.primeresponse.pagehelper.SettingHelper.checkSiteMapEntries(SettingHelper.java:550)
	at com.primeresponse.testcases.Settings.Check_SiteMapEnteries.testCheck_SiteMapEnteries(Check_SiteMapEnteries.java:42)
	at sun.reflect.NativeMethodAccessorImpl.invoke0(Native Method)
	at sun.reflect.NativeMethodAccessorImpl.invoke(Unknown Source)
	at sun.reflect.DelegatingMethodAccessorImpl.invoke(Unknown Source)
	at java.lang.reflect.Method.invoke(Unknown Source)
	at org.testng.internal.MethodInvocationHelper.invokeMethod(MethodInvocationHelper.java:84)
	at org.testng.internal.Invoker.invokeMethod(Invoker.java:714)
	at org.testng.internal.Invoker.invokeTestMethod(Invoker.java:901)
	at org.testng.internal.Invoker.invokeTestMethods(Invoker.java:1231)
	at org.testng.internal.TestMethodWorker.invokeTestMethods(TestMethodWorker.java:127)
	at org.testng.internal.TestMethodWorker.run(TestMethodWorker.java:111)
	at org.testng.TestRunner.privateRun(TestRunner.java:767)
	at org.testng.TestRunner.run(TestRunner.java:617)
	at org.testng.SuiteRunner.runTest(SuiteRunner.java:334)
	at org.testng.SuiteRunner.runSequentially(SuiteRunner.java:329)
	at org.testng.SuiteRunner.privateRun(SuiteRunner.java:291)
	at org.testng.SuiteRunner.run(SuiteRunner.java:240)
	at org.testng.SuiteRunnerWorker.runSuite(SuiteRunnerWorker.java:52)
	at org.testng.SuiteRunnerWorker.run(SuiteRunnerWorker.java:86)
	at org.testng.TestNG.runSuitesSequentially(TestNG.java:1224)
	at org.testng.TestNG.runSuitesLocally(TestNG.java:1149)
	at org.testng.TestNG.run(TestNG.java:1057)
	at org.testng.remote.RemoteTestNG.run(RemoteTestNG.java:111)
	at org.testng.remote.RemoteTestNG.initAndRun(RemoteTestNG.java:204)
	at org.testng.remote.RemoteTestNG.main(RemoteTestNG.java:175)
Dec 28,2015 15:19:15 [info]  End Execution of Test Class com.primeresponse.testcases.Settings.Check_SiteMapEnteries
*****************************************************************************

*****************************************************************************
Dec 28,2015 15:20:39 [info]   Execution Started of Test Class com.primeresponse.testcases.Settings.Check_SiteMapEnteries and Test method testCheck_SiteMapEnteries
*****************************************************************************
Dec 28,2015 15:25:37 [info]  open application giturl
Dec 28,2015 15:26:03 [info]  log-in into application
Dec 28,2015 15:26:04 [info]  Select Selenium Test Account if not selected
Dec 28,2015 15:26:12 [info]  Go to Settings >SiteMap
Dec 28,2015 15:26:17 [info]  Dec 28,2015 15:26:17 [info]  <<<<<<<<<<<<<<<<<<<<<<<<<<<<<<<<<< Error message >>>>>>>>>>>>>>>>>>>>>>>>>>>>>>
java.lang.AssertionError: expected [true] but found [false]
	at org.testng.Assert.fail(Assert.java:94)
	at org.testng.Assert.failNotEquals(Assert.java:494)
	at org.testng.Assert.assertTrue(Assert.java:42)
	at org.testng.Assert.assertTrue(Assert.java:52)
	at com.primeresponse.pagehelper.SettingHelper.checkSiteMapEntries(SettingHelper.java:550)
	at com.primeresponse.testcases.Settings.Check_SiteMapEnteries.testCheck_SiteMapEnteries(Check_SiteMapEnteries.java:42)
	at sun.reflect.NativeMethodAccessorImpl.invoke0(Native Method)
	at sun.reflect.NativeMethodAccessorImpl.invoke(Unknown Source)
	at sun.reflect.DelegatingMethodAccessorImpl.invoke(Unknown Source)
	at java.lang.reflect.Method.invoke(Unknown Source)
	at org.testng.internal.MethodInvocationHelper.invokeMethod(MethodInvocationHelper.java:84)
	at org.testng.internal.Invoker.invokeMethod(Invoker.java:714)
	at org.testng.internal.Invoker.invokeTestMethod(Invoker.java:901)
	at org.testng.internal.Invoker.invokeTestMethods(Invoker.java:1231)
	at org.testng.internal.TestMethodWorker.invokeTestMethods(TestMethodWorker.java:127)
	at org.testng.internal.TestMethodWorker.run(TestMethodWorker.java:111)
	at org.testng.TestRunner.privateRun(TestRunner.java:767)
	at org.testng.TestRunner.run(TestRunner.java:617)
	at org.testng.SuiteRunner.runTest(SuiteRunner.java:334)
	at org.testng.SuiteRunner.runSequentially(SuiteRunner.java:329)
	at org.testng.SuiteRunner.privateRun(SuiteRunner.java:291)
	at org.testng.SuiteRunner.run(SuiteRunner.java:240)
	at org.testng.SuiteRunnerWorker.runSuite(SuiteRunnerWorker.java:52)
	at org.testng.SuiteRunnerWorker.run(SuiteRunnerWorker.java:86)
	at org.testng.TestNG.runSuitesSequentially(TestNG.java:1224)
	at org.testng.TestNG.runSuitesLocally(TestNG.java:1149)
	at org.testng.TestNG.run(TestNG.java:1057)
	at org.testng.remote.RemoteTestNG.run(RemoteTestNG.java:111)
	at org.testng.remote.RemoteTestNG.initAndRun(RemoteTestNG.java:204)
	at org.testng.remote.RemoteTestNG.main(RemoteTestNG.java:175)
Dec 28,2015 15:26:17 [info]  End Execution of Test Class com.primeresponse.testcases.Settings.Check_SiteMapEnteries
*****************************************************************************

*****************************************************************************
Dec 28,2015 15:29:57 [info]   Execution Started of Test Class com.primeresponse.testcases.Settings.Check_SiteMapEnteries and Test method testCheck_SiteMapEnteries
*****************************************************************************
Dec 28,2015 15:33:33 [info]  open application giturl
Dec 28,2015 15:33:53 [info]  log-in into application
Dec 28,2015 15:33:54 [info]  Select Selenium Test Account if not selected
Dec 28,2015 15:34:01 [info]  Go to Settings >SiteMap
Dec 28,2015 15:34:07 [info]  Dec 28,2015 15:34:07 [info]  <<<<<<<<<<<<<<<<<<<<<<<<<<<<<<<<<< Error message >>>>>>>>>>>>>>>>>>>>>>>>>>>>>>
java.lang.AssertionError: expected [true] but found [false]
	at org.testng.Assert.fail(Assert.java:94)
	at org.testng.Assert.failNotEquals(Assert.java:494)
	at org.testng.Assert.assertTrue(Assert.java:42)
	at org.testng.Assert.assertTrue(Assert.java:52)
	at com.primeresponse.pagehelper.SettingHelper.checkSiteMapEntries(SettingHelper.java:550)
	at com.primeresponse.testcases.Settings.Check_SiteMapEnteries.testCheck_SiteMapEnteries(Check_SiteMapEnteries.java:42)
	at sun.reflect.NativeMethodAccessorImpl.invoke0(Native Method)
	at sun.reflect.NativeMethodAccessorImpl.invoke(Unknown Source)
	at sun.reflect.DelegatingMethodAccessorImpl.invoke(Unknown Source)
	at java.lang.reflect.Method.invoke(Unknown Source)
	at org.testng.internal.MethodInvocationHelper.invokeMethod(MethodInvocationHelper.java:84)
	at org.testng.internal.Invoker.invokeMethod(Invoker.java:714)
	at org.testng.internal.Invoker.invokeTestMethod(Invoker.java:901)
	at org.testng.internal.Invoker.invokeTestMethods(Invoker.java:1231)
	at org.testng.internal.TestMethodWorker.invokeTestMethods(TestMethodWorker.java:127)
	at org.testng.internal.TestMethodWorker.run(TestMethodWorker.java:111)
	at org.testng.TestRunner.privateRun(TestRunner.java:767)
	at org.testng.TestRunner.run(TestRunner.java:617)
	at org.testng.SuiteRunner.runTest(SuiteRunner.java:334)
	at org.testng.SuiteRunner.runSequentially(SuiteRunner.java:329)
	at org.testng.SuiteRunner.privateRun(SuiteRunner.java:291)
	at org.testng.SuiteRunner.run(SuiteRunner.java:240)
	at org.testng.SuiteRunnerWorker.runSuite(SuiteRunnerWorker.java:52)
	at org.testng.SuiteRunnerWorker.run(SuiteRunnerWorker.java:86)
	at org.testng.TestNG.runSuitesSequentially(TestNG.java:1224)
	at org.testng.TestNG.runSuitesLocally(TestNG.java:1149)
	at org.testng.TestNG.run(TestNG.java:1057)
	at org.testng.remote.RemoteTestNG.run(RemoteTestNG.java:111)
	at org.testng.remote.RemoteTestNG.initAndRun(RemoteTestNG.java:204)
	at org.testng.remote.RemoteTestNG.main(RemoteTestNG.java:175)
Dec 28,2015 15:34:07 [info]  End Execution of Test Class com.primeresponse.testcases.Settings.Check_SiteMapEnteries
*****************************************************************************

*****************************************************************************
Dec 28,2015 15:51:05 [info]   Execution Started of Test Class com.primeresponse.testcases.Settings.Check_SiteMapEnteries and Test method testCheck_SiteMapEnteries
*****************************************************************************
Dec 28,2015 15:53:14 [info]  open application giturl
Dec 28,2015 15:53:32 [info]  log-in into application
Dec 28,2015 15:53:32 [info]  Select Selenium Test Account if not selected
Dec 28,2015 15:53:41 [info]  Go to Settings >SiteMap
Dec 28,2015 15:53:47 [info]  Dec 28,2015 15:53:47 [info]  <<<<<<<<<<<<<<<<<<<<<<<<<<<<<<<<<< Error message >>>>>>>>>>>>>>>>>>>>>>>>>>>>>>
java.lang.AssertionError: expected [true] but found [false]
	at org.testng.Assert.fail(Assert.java:94)
	at org.testng.Assert.failNotEquals(Assert.java:494)
	at org.testng.Assert.assertTrue(Assert.java:42)
	at org.testng.Assert.assertTrue(Assert.java:52)
	at com.primeresponse.pagehelper.SettingHelper.checkSiteMapEntries(SettingHelper.java:550)
	at com.primeresponse.testcases.Settings.Check_SiteMapEnteries.testCheck_SiteMapEnteries(Check_SiteMapEnteries.java:42)
	at sun.reflect.NativeMethodAccessorImpl.invoke0(Native Method)
	at sun.reflect.NativeMethodAccessorImpl.invoke(Unknown Source)
	at sun.reflect.DelegatingMethodAccessorImpl.invoke(Unknown Source)
	at java.lang.reflect.Method.invoke(Unknown Source)
	at org.testng.internal.MethodInvocationHelper.invokeMethod(MethodInvocationHelper.java:84)
	at org.testng.internal.Invoker.invokeMethod(Invoker.java:714)
	at org.testng.internal.Invoker.invokeTestMethod(Invoker.java:901)
	at org.testng.internal.Invoker.invokeTestMethods(Invoker.java:1231)
	at org.testng.internal.TestMethodWorker.invokeTestMethods(TestMethodWorker.java:127)
	at org.testng.internal.TestMethodWorker.run(TestMethodWorker.java:111)
	at org.testng.TestRunner.privateRun(TestRunner.java:767)
	at org.testng.TestRunner.run(TestRunner.java:617)
	at org.testng.SuiteRunner.runTest(SuiteRunner.java:334)
	at org.testng.SuiteRunner.runSequentially(SuiteRunner.java:329)
	at org.testng.SuiteRunner.privateRun(SuiteRunner.java:291)
	at org.testng.SuiteRunner.run(SuiteRunner.java:240)
	at org.testng.SuiteRunnerWorker.runSuite(SuiteRunnerWorker.java:52)
	at org.testng.SuiteRunnerWorker.run(SuiteRunnerWorker.java:86)
	at org.testng.TestNG.runSuitesSequentially(TestNG.java:1224)
	at org.testng.TestNG.runSuitesLocally(TestNG.java:1149)
	at org.testng.TestNG.run(TestNG.java:1057)
	at org.testng.remote.RemoteTestNG.run(RemoteTestNG.java:111)
	at org.testng.remote.RemoteTestNG.initAndRun(RemoteTestNG.java:204)
	at org.testng.remote.RemoteTestNG.main(RemoteTestNG.java:175)
Dec 28,2015 15:53:47 [info]  End Execution of Test Class com.primeresponse.testcases.Settings.Check_SiteMapEnteries
*****************************************************************************

*****************************************************************************
Dec 28,2015 16:03:31 [info]   Execution Started of Test Class com.primeresponse.testcases.Settings.Check_SiteMapEnteries and Test method testCheck_SiteMapEnteries
*****************************************************************************
Dec 28,2015 16:06:28 [info]  open application giturl
Dec 28,2015 16:06:56 [info]  log-in into application
Dec 28,2015 16:06:57 [info]  Select Selenium Test Account if not selected
Dec 28,2015 16:07:09 [info]  Go to Settings >SiteMap
Dec 28,2015 16:12:20 [info]  Dec 28,2015 16:12:20 [info]  <<<<<<<<<<<<<<<<<<<<<<<<<<<<<<<<<< Error message >>>>>>>>>>>>>>>>>>>>>>>>>>>>>>
java.lang.AssertionError: Element Locator ://tbody[@class='products-body']/tr[1]/td[4]/a Not found expected [true] but found [false]
	at org.testng.Assert.fail(Assert.java:94)
	at org.testng.Assert.failNotEquals(Assert.java:494)
	at org.testng.Assert.assertTrue(Assert.java:42)
	at com.primeresponse.util.DriverHelper.clickOn(DriverHelper.java:238)
	at com.primeresponse.pagehelper.SettingHelper.checkSiteMapEntries(SettingHelper.java:548)
	at com.primeresponse.testcases.Settings.Check_SiteMapEnteries.testCheck_SiteMapEnteries(Check_SiteMapEnteries.java:42)
	at sun.reflect.NativeMethodAccessorImpl.invoke0(Native Method)
	at sun.reflect.NativeMethodAccessorImpl.invoke(Unknown Source)
	at sun.reflect.DelegatingMethodAccessorImpl.invoke(Unknown Source)
	at java.lang.reflect.Method.invoke(Unknown Source)
	at org.testng.internal.MethodInvocationHelper.invokeMethod(MethodInvocationHelper.java:84)
	at org.testng.internal.Invoker.invokeMethod(Invoker.java:714)
	at org.testng.internal.Invoker.invokeTestMethod(Invoker.java:901)
	at org.testng.internal.Invoker.invokeTestMethods(Invoker.java:1231)
	at org.testng.internal.TestMethodWorker.invokeTestMethods(TestMethodWorker.java:127)
	at org.testng.internal.TestMethodWorker.run(TestMethodWorker.java:111)
	at org.testng.TestRunner.privateRun(TestRunner.java:767)
	at org.testng.TestRunner.run(TestRunner.java:617)
	at org.testng.SuiteRunner.runTest(SuiteRunner.java:334)
	at org.testng.SuiteRunner.runSequentially(SuiteRunner.java:329)
	at org.testng.SuiteRunner.privateRun(SuiteRunner.java:291)
	at org.testng.SuiteRunner.run(SuiteRunner.java:240)
	at org.testng.SuiteRunnerWorker.runSuite(SuiteRunnerWorker.java:52)
	at org.testng.SuiteRunnerWorker.run(SuiteRunnerWorker.java:86)
	at org.testng.TestNG.runSuitesSequentially(TestNG.java:1224)
	at org.testng.TestNG.runSuitesLocally(TestNG.java:1149)
	at org.testng.TestNG.run(TestNG.java:1057)
	at org.testng.remote.RemoteTestNG.run(RemoteTestNG.java:111)
	at org.testng.remote.RemoteTestNG.initAndRun(RemoteTestNG.java:204)
	at org.testng.remote.RemoteTestNG.main(RemoteTestNG.java:175)
Dec 28,2015 16:12:20 [info]  End Execution of Test Class com.primeresponse.testcases.Settings.Check_SiteMapEnteries
*****************************************************************************

*****************************************************************************
Dec 28,2015 16:15:17 [info]   Execution Started of Test Class com.primeresponse.testcases.Settings.Check_SiteMapEnteries and Test method testCheck_SiteMapEnteries
*****************************************************************************
Dec 28,2015 16:17:59 [info]  open application giturl
Dec 28,2015 16:18:22 [info]  log-in into application
Dec 28,2015 16:18:23 [info]  Select Selenium Test Account if not selected
Dec 28,2015 16:18:30 [info]  Go to Settings >SiteMap
Dec 28,2015 16:18:36 [info]  Dec 28,2015 16:18:36 [info]  <<<<<<<<<<<<<<<<<<<<<<<<<<<<<<<<<< Error message >>>>>>>>>>>>>>>>>>>>>>>>>>>>>>
java.lang.AssertionError: expected [true] but found [false]
	at org.testng.Assert.fail(Assert.java:94)
	at org.testng.Assert.failNotEquals(Assert.java:494)
	at org.testng.Assert.assertTrue(Assert.java:42)
	at org.testng.Assert.assertTrue(Assert.java:52)
	at com.primeresponse.pagehelper.SettingHelper.checkSiteMapEntries(SettingHelper.java:553)
	at com.primeresponse.testcases.Settings.Check_SiteMapEnteries.testCheck_SiteMapEnteries(Check_SiteMapEnteries.java:42)
	at sun.reflect.NativeMethodAccessorImpl.invoke0(Native Method)
	at sun.reflect.NativeMethodAccessorImpl.invoke(Unknown Source)
	at sun.reflect.DelegatingMethodAccessorImpl.invoke(Unknown Source)
	at java.lang.reflect.Method.invoke(Unknown Source)
	at org.testng.internal.MethodInvocationHelper.invokeMethod(MethodInvocationHelper.java:84)
	at org.testng.internal.Invoker.invokeMethod(Invoker.java:714)
	at org.testng.internal.Invoker.invokeTestMethod(Invoker.java:901)
	at org.testng.internal.Invoker.invokeTestMethods(Invoker.java:1231)
	at org.testng.internal.TestMethodWorker.invokeTestMethods(TestMethodWorker.java:127)
	at org.testng.internal.TestMethodWorker.run(TestMethodWorker.java:111)
	at org.testng.TestRunner.privateRun(TestRunner.java:767)
	at org.testng.TestRunner.run(TestRunner.java:617)
	at org.testng.SuiteRunner.runTest(SuiteRunner.java:334)
	at org.testng.SuiteRunner.runSequentially(SuiteRunner.java:329)
	at org.testng.SuiteRunner.privateRun(SuiteRunner.java:291)
	at org.testng.SuiteRunner.run(SuiteRunner.java:240)
	at org.testng.SuiteRunnerWorker.runSuite(SuiteRunnerWorker.java:52)
	at org.testng.SuiteRunnerWorker.run(SuiteRunnerWorker.java:86)
	at org.testng.TestNG.runSuitesSequentially(TestNG.java:1224)
	at org.testng.TestNG.runSuitesLocally(TestNG.java:1149)
	at org.testng.TestNG.run(TestNG.java:1057)
	at org.testng.remote.RemoteTestNG.run(RemoteTestNG.java:111)
	at org.testng.remote.RemoteTestNG.initAndRun(RemoteTestNG.java:204)
	at org.testng.remote.RemoteTestNG.main(RemoteTestNG.java:175)
Dec 28,2015 16:18:36 [info]  End Execution of Test Class com.primeresponse.testcases.Settings.Check_SiteMapEnteries
*****************************************************************************

*****************************************************************************
Dec 28,2015 16:57:01 [info]   Execution Started of Test Class com.primeresponse.testcases.Settings.Check_SiteMapEnteries and Test method testCheck_SiteMapEnteries
*****************************************************************************
Dec 28,2015 17:00:48 [info]  open application giturl
Dec 28,2015 17:01:20 [info]  log-in into application
Dec 28,2015 17:01:20 [info]  Select Selenium Test Account if not selected
Dec 28,2015 17:01:29 [info]  Go to Settings >SiteMap
Dec 28,2015 17:01:35 [info]  Dec 28,2015 17:01:35 [info]  <<<<<<<<<<<<<<<<<<<<<<<<<<<<<<<<<< Error message >>>>>>>>>>>>>>>>>>>>>>>>>>>>>>
java.lang.AssertionError: expected [true] but found [false]
	at org.testng.Assert.fail(Assert.java:94)
	at org.testng.Assert.failNotEquals(Assert.java:494)
	at org.testng.Assert.assertTrue(Assert.java:42)
	at org.testng.Assert.assertTrue(Assert.java:52)
	at com.primeresponse.pagehelper.SettingHelper.checkSiteMapEntries(SettingHelper.java:551)
	at com.primeresponse.testcases.Settings.Check_SiteMapEnteries.testCheck_SiteMapEnteries(Check_SiteMapEnteries.java:42)
	at sun.reflect.NativeMethodAccessorImpl.invoke0(Native Method)
	at sun.reflect.NativeMethodAccessorImpl.invoke(Unknown Source)
	at sun.reflect.DelegatingMethodAccessorImpl.invoke(Unknown Source)
	at java.lang.reflect.Method.invoke(Unknown Source)
	at org.testng.internal.MethodInvocationHelper.invokeMethod(MethodInvocationHelper.java:84)
	at org.testng.internal.Invoker.invokeMethod(Invoker.java:714)
	at org.testng.internal.Invoker.invokeTestMethod(Invoker.java:901)
	at org.testng.internal.Invoker.invokeTestMethods(Invoker.java:1231)
	at org.testng.internal.TestMethodWorker.invokeTestMethods(TestMethodWorker.java:127)
	at org.testng.internal.TestMethodWorker.run(TestMethodWorker.java:111)
	at org.testng.TestRunner.privateRun(TestRunner.java:767)
	at org.testng.TestRunner.run(TestRunner.java:617)
	at org.testng.SuiteRunner.runTest(SuiteRunner.java:334)
	at org.testng.SuiteRunner.runSequentially(SuiteRunner.java:329)
	at org.testng.SuiteRunner.privateRun(SuiteRunner.java:291)
	at org.testng.SuiteRunner.run(SuiteRunner.java:240)
	at org.testng.SuiteRunnerWorker.runSuite(SuiteRunnerWorker.java:52)
	at org.testng.SuiteRunnerWorker.run(SuiteRunnerWorker.java:86)
	at org.testng.TestNG.runSuitesSequentially(TestNG.java:1224)
	at org.testng.TestNG.runSuitesLocally(TestNG.java:1149)
	at org.testng.TestNG.run(TestNG.java:1057)
	at org.testng.remote.RemoteTestNG.run(RemoteTestNG.java:111)
	at org.testng.remote.RemoteTestNG.initAndRun(RemoteTestNG.java:204)
	at org.testng.remote.RemoteTestNG.main(RemoteTestNG.java:175)
Dec 28,2015 17:01:35 [info]  End Execution of Test Class com.primeresponse.testcases.Settings.Check_SiteMapEnteries
*****************************************************************************

*****************************************************************************
Dec 28,2015 17:09:35 [info]   Execution Started of Test Class com.primeresponse.testcases.Settings.Check_SiteMapEnteries and Test method testCheck_SiteMapEnteries
*****************************************************************************
Dec 28,2015 17:12:02 [info]  open application giturl
Dec 28,2015 17:12:20 [info]  log-in into application
Dec 28,2015 17:12:21 [info]  Select Selenium Test Account if not selected
Dec 28,2015 17:12:31 [info]  Go to Settings >SiteMap
Dec 28,2015 17:17:42 [info]  Dec 28,2015 17:17:42 [info]  <<<<<<<<<<<<<<<<<<<<<<<<<<<<<<<<<< Error message >>>>>>>>>>>>>>>>>>>>>>>>>>>>>>
java.lang.AssertionError: Element Locator ://div[@id='social-content-feed-items']/div Not found expected [true] but found [false]
	at org.testng.Assert.fail(Assert.java:94)
	at org.testng.Assert.failNotEquals(Assert.java:494)
	at org.testng.Assert.assertTrue(Assert.java:42)
	at com.primeresponse.util.DriverHelper.getSize(DriverHelper.java:268)
	at com.primeresponse.pagehelper.SettingHelper.checkSiteMapEntries(SettingHelper.java:562)
	at com.primeresponse.testcases.Settings.Check_SiteMapEnteries.testCheck_SiteMapEnteries(Check_SiteMapEnteries.java:42)
	at sun.reflect.NativeMethodAccessorImpl.invoke0(Native Method)
	at sun.reflect.NativeMethodAccessorImpl.invoke(Unknown Source)
	at sun.reflect.DelegatingMethodAccessorImpl.invoke(Unknown Source)
	at java.lang.reflect.Method.invoke(Unknown Source)
	at org.testng.internal.MethodInvocationHelper.invokeMethod(MethodInvocationHelper.java:84)
	at org.testng.internal.Invoker.invokeMethod(Invoker.java:714)
	at org.testng.internal.Invoker.invokeTestMethod(Invoker.java:901)
	at org.testng.internal.Invoker.invokeTestMethods(Invoker.java:1231)
	at org.testng.internal.TestMethodWorker.invokeTestMethods(TestMethodWorker.java:127)
	at org.testng.internal.TestMethodWorker.run(TestMethodWorker.java:111)
	at org.testng.TestRunner.privateRun(TestRunner.java:767)
	at org.testng.TestRunner.run(TestRunner.java:617)
	at org.testng.SuiteRunner.runTest(SuiteRunner.java:334)
	at org.testng.SuiteRunner.runSequentially(SuiteRunner.java:329)
	at org.testng.SuiteRunner.privateRun(SuiteRunner.java:291)
	at org.testng.SuiteRunner.run(SuiteRunner.java:240)
	at org.testng.SuiteRunnerWorker.runSuite(SuiteRunnerWorker.java:52)
	at org.testng.SuiteRunnerWorker.run(SuiteRunnerWorker.java:86)
	at org.testng.TestNG.runSuitesSequentially(TestNG.java:1224)
	at org.testng.TestNG.runSuitesLocally(TestNG.java:1149)
	at org.testng.TestNG.run(TestNG.java:1057)
	at org.testng.remote.RemoteTestNG.run(RemoteTestNG.java:111)
	at org.testng.remote.RemoteTestNG.initAndRun(RemoteTestNG.java:204)
	at org.testng.remote.RemoteTestNG.main(RemoteTestNG.java:175)
Dec 28,2015 17:17:42 [info]  End Execution of Test Class com.primeresponse.testcases.Settings.Check_SiteMapEnteries
*****************************************************************************
