
*****************************************************************************
Dec 07,2015 10:25:02 [info]   Execution Started of Test Class com.primeresponse.testcases.Track.Search_ExternalFeed and Test method testSearch_ExternalFeed
*****************************************************************************
Dec 07,2015 10:25:14 [info]  open application giturl
Dec 07,2015 10:25:31 [info]  log-in into application
Dec 07,2015 10:25:32 [info]  Select Selenium Test Ford Account if not selected
Dec 07,2015 10:25:40 [info]  Go to Track > External Feed
Dec 07,2015 10:30:52 [info]  Dec 07,2015 10:30:52 [info]  <<<<<<<<<<<<<<<<<<<<<<<<<<<<<<<<<< Error message >>>>>>>>>>>>>>>>>>>>>>>>>>>>>>
java.lang.AssertionError: Element Locator ://span[contains(text(),'Select a Source')] Not found expected [true] but found [false]
	at org.testng.Assert.fail(Assert.java:94)
	at org.testng.Assert.failNotEquals(Assert.java:494)
	at org.testng.Assert.assertTrue(Assert.java:42)
	at com.primeresponse.util.DriverHelper.clickOn(DriverHelper.java:238)
	at com.primeresponse.pagehelper.TrackHelper.Search_ExternalFeed(TrackHelper.java:150)
	at com.primeresponse.testcases.Track.Search_ExternalFeed.testSearch_ExternalFeed(Search_ExternalFeed.java:43)
	at sun.reflect.NativeMethodAccessorImpl.invoke0(Native Method)
	at sun.reflect.NativeMethodAccessorImpl.invoke(Unknown Source)
	at sun.reflect.DelegatingMethodAccessorImpl.invoke(Unknown Source)
	at java.lang.reflect.Method.invoke(Unknown Source)
	at org.testng.internal.MethodInvocationHelper.invokeMethod(MethodInvocationHelper.java:84)
	at org.testng.internal.Invoker.invokeMethod(Invoker.java:714)
	at org.testng.internal.Invoker.invokeTestMethod(Invoker.java:901)
	at org.testng.internal.Invoker.invokeTestMethods(Invoker.java:1231)
	at org.testng.internal.TestMethodWorker.invokeTestMethods(TestMethodWorker.java:127)
	at org.testng.internal.TestMethodWorker.run(TestMethodWorker.java:111)
	at org.testng.TestRunner.privateRun(TestRunner.java:767)
	at org.testng.TestRunner.run(TestRunner.java:617)
	at org.testng.SuiteRunner.runTest(SuiteRunner.java:334)
	at org.testng.SuiteRunner.runSequentially(SuiteRunner.java:329)
	at org.testng.SuiteRunner.privateRun(SuiteRunner.java:291)
	at org.testng.SuiteRunner.run(SuiteRunner.java:240)
	at org.testng.SuiteRunnerWorker.runSuite(SuiteRunnerWorker.java:52)
	at org.testng.SuiteRunnerWorker.run(SuiteRunnerWorker.java:86)
	at org.testng.TestNG.runSuitesSequentially(TestNG.java:1224)
	at org.testng.TestNG.runSuitesLocally(TestNG.java:1149)
	at org.testng.TestNG.run(TestNG.java:1057)
	at org.testng.remote.RemoteTestNG.run(RemoteTestNG.java:111)
	at org.testng.remote.RemoteTestNG.initAndRun(RemoteTestNG.java:204)
	at org.testng.remote.RemoteTestNG.main(RemoteTestNG.java:175)
Dec 07,2015 10:30:52 [info]  End Execution of Test Class com.primeresponse.testcases.Track.Search_ExternalFeed
*****************************************************************************

*****************************************************************************
Dec 07,2015 10:31:08 [info]   Execution Started of Test Class com.primeresponse.testcases.Track.Delete_InternalFeed and Test method testDelete_InternalFeed
*****************************************************************************
Dec 07,2015 10:31:21 [info]  open application giturl
Dec 07,2015 10:31:37 [info]  log-in into application
Dec 07,2015 10:31:38 [info]  Select Selenium Test Ford Account if not selected
Dec 07,2015 10:31:47 [info]  Go to Track > Internal Feed
Dec 07,2015 10:36:57 [info]  Dec 07,2015 10:36:57 [info]  <<<<<<<<<<<<<<<<<<<<<<<<<<<<<<<<<< Error message >>>>>>>>>>>>>>>>>>>>>>>>>>>>>>
java.lang.AssertionError: Element Locator ://table[@id='internal-feed-items-table']/tbody/tr Not found expected [true] but found [false]
	at org.testng.Assert.fail(Assert.java:94)
	at org.testng.Assert.failNotEquals(Assert.java:494)
	at org.testng.Assert.assertTrue(Assert.java:42)
	at com.primeresponse.util.DriverHelper.getSize(DriverHelper.java:268)
	at com.primeresponse.pagehelper.TrackHelper.deleteInternalFeed(TrackHelper.java:34)
	at com.primeresponse.testcases.Track.Delete_InternalFeed.testDelete_InternalFeed(Delete_InternalFeed.java:42)
	at sun.reflect.NativeMethodAccessorImpl.invoke0(Native Method)
	at sun.reflect.NativeMethodAccessorImpl.invoke(Unknown Source)
	at sun.reflect.DelegatingMethodAccessorImpl.invoke(Unknown Source)
	at java.lang.reflect.Method.invoke(Unknown Source)
	at org.testng.internal.MethodInvocationHelper.invokeMethod(MethodInvocationHelper.java:84)
	at org.testng.internal.Invoker.invokeMethod(Invoker.java:714)
	at org.testng.internal.Invoker.invokeTestMethod(Invoker.java:901)
	at org.testng.internal.Invoker.invokeTestMethods(Invoker.java:1231)
	at org.testng.internal.TestMethodWorker.invokeTestMethods(TestMethodWorker.java:127)
	at org.testng.internal.TestMethodWorker.run(TestMethodWorker.java:111)
	at org.testng.TestRunner.privateRun(TestRunner.java:767)
	at org.testng.TestRunner.run(TestRunner.java:617)
	at org.testng.SuiteRunner.runTest(SuiteRunner.java:334)
	at org.testng.SuiteRunner.runSequentially(SuiteRunner.java:329)
	at org.testng.SuiteRunner.privateRun(SuiteRunner.java:291)
	at org.testng.SuiteRunner.run(SuiteRunner.java:240)
	at org.testng.SuiteRunnerWorker.runSuite(SuiteRunnerWorker.java:52)
	at org.testng.SuiteRunnerWorker.run(SuiteRunnerWorker.java:86)
	at org.testng.TestNG.runSuitesSequentially(TestNG.java:1224)
	at org.testng.TestNG.runSuitesLocally(TestNG.java:1149)
	at org.testng.TestNG.run(TestNG.java:1057)
	at org.testng.remote.RemoteTestNG.run(RemoteTestNG.java:111)
	at org.testng.remote.RemoteTestNG.initAndRun(RemoteTestNG.java:204)
	at org.testng.remote.RemoteTestNG.main(RemoteTestNG.java:175)
Dec 07,2015 10:36:57 [info]  End Execution of Test Class com.primeresponse.testcases.Track.Delete_InternalFeed
*****************************************************************************

*****************************************************************************
Dec 07,2015 10:37:13 [info]   Execution Started of Test Class com.primeresponse.testcases.Track.Verify_ExternalFeedReviewDetails and Test method testVerify_ExternalFeedReviewDetails
*****************************************************************************
Dec 07,2015 10:37:37 [info]  open application giturl
Dec 07,2015 10:37:54 [info]  log-in into application
Dec 07,2015 10:37:55 [info]  Select Selenium Test Ford Account if not selected
Dec 07,2015 10:38:04 [info]  Go to Track > External Feed
Dec 07,2015 10:43:15 [info]  Dec 07,2015 10:43:15 [info]  <<<<<<<<<<<<<<<<<<<<<<<<<<<<<<<<<< Error message >>>>>>>>>>>>>>>>>>>>>>>>>>>>>>
java.lang.AssertionError: Element Locator ://tbody[@id='external-feed-reviews']/tr//a[@data-original-title='View More']/i Not found expected [true] but found [false]
	at org.testng.Assert.fail(Assert.java:94)
	at org.testng.Assert.failNotEquals(Assert.java:494)
	at org.testng.Assert.assertTrue(Assert.java:42)
	at com.primeresponse.util.DriverHelper.getSize(DriverHelper.java:268)
	at com.primeresponse.pagehelper.TrackHelper.verify_ExternalFeedReviewDetails(TrackHelper.java:883)
	at com.primeresponse.testcases.Track.Verify_ExternalFeedReviewDetails.testVerify_ExternalFeedReviewDetails(Verify_ExternalFeedReviewDetails.java:43)
	at sun.reflect.NativeMethodAccessorImpl.invoke0(Native Method)
	at sun.reflect.NativeMethodAccessorImpl.invoke(Unknown Source)
	at sun.reflect.DelegatingMethodAccessorImpl.invoke(Unknown Source)
	at java.lang.reflect.Method.invoke(Unknown Source)
	at org.testng.internal.MethodInvocationHelper.invokeMethod(MethodInvocationHelper.java:84)
	at org.testng.internal.Invoker.invokeMethod(Invoker.java:714)
	at org.testng.internal.Invoker.invokeTestMethod(Invoker.java:901)
	at org.testng.internal.Invoker.invokeTestMethods(Invoker.java:1231)
	at org.testng.internal.TestMethodWorker.invokeTestMethods(TestMethodWorker.java:127)
	at org.testng.internal.TestMethodWorker.run(TestMethodWorker.java:111)
	at org.testng.TestRunner.privateRun(TestRunner.java:767)
	at org.testng.TestRunner.run(TestRunner.java:617)
	at org.testng.SuiteRunner.runTest(SuiteRunner.java:334)
	at org.testng.SuiteRunner.runSequentially(SuiteRunner.java:329)
	at org.testng.SuiteRunner.privateRun(SuiteRunner.java:291)
	at org.testng.SuiteRunner.run(SuiteRunner.java:240)
	at org.testng.SuiteRunnerWorker.runSuite(SuiteRunnerWorker.java:52)
	at org.testng.SuiteRunnerWorker.run(SuiteRunnerWorker.java:86)
	at org.testng.TestNG.runSuitesSequentially(TestNG.java:1224)
	at org.testng.TestNG.runSuitesLocally(TestNG.java:1149)
	at org.testng.TestNG.run(TestNG.java:1057)
	at org.testng.remote.RemoteTestNG.run(RemoteTestNG.java:111)
	at org.testng.remote.RemoteTestNG.initAndRun(RemoteTestNG.java:204)
	at org.testng.remote.RemoteTestNG.main(RemoteTestNG.java:175)
Dec 07,2015 10:43:15 [info]  End Execution of Test Class com.primeresponse.testcases.Track.Verify_ExternalFeedReviewDetails
*****************************************************************************

*****************************************************************************
Dec 07,2015 10:43:29 [info]   Execution Started of Test Class com.primeresponse.testcases.Track.Resolve_ExternalFeed and Test method testResolve_ExternalFeed
*****************************************************************************
Dec 07,2015 10:45:10 [info]  open application giturl
Dec 07,2015 10:45:34 [info]  log-in into application
Dec 07,2015 10:45:35 [info]  Select Selenium Test Ford Account if not selected
Dec 07,2015 10:45:46 [info]  Go to Track > External Feed
Dec 07,2015 10:50:58 [info]  Dec 07,2015 10:50:58 [info]  <<<<<<<<<<<<<<<<<<<<<<<<<<<<<<<<<< Error message >>>>>>>>>>>>>>>>>>>>>>>>>>>>>>
java.lang.AssertionError: Element Locator ://div[@class='table']/table/tbody/tr Not found expected [true] but found [false]
	at org.testng.Assert.fail(Assert.java:94)
	at org.testng.Assert.failNotEquals(Assert.java:494)
	at org.testng.Assert.assertTrue(Assert.java:42)
	at com.primeresponse.util.DriverHelper.getSize(DriverHelper.java:268)
	at com.primeresponse.pagehelper.TrackHelper.resolveExternalFeed(TrackHelper.java:127)
	at com.primeresponse.testcases.Track.Resolve_ExternalFeed.testResolve_ExternalFeed(Resolve_ExternalFeed.java:41)
	at sun.reflect.NativeMethodAccessorImpl.invoke0(Native Method)
	at sun.reflect.NativeMethodAccessorImpl.invoke(Unknown Source)
	at sun.reflect.DelegatingMethodAccessorImpl.invoke(Unknown Source)
	at java.lang.reflect.Method.invoke(Unknown Source)
	at org.testng.internal.MethodInvocationHelper.invokeMethod(MethodInvocationHelper.java:84)
	at org.testng.internal.Invoker.invokeMethod(Invoker.java:714)
	at org.testng.internal.Invoker.invokeTestMethod(Invoker.java:901)
	at org.testng.internal.Invoker.invokeTestMethods(Invoker.java:1231)
	at org.testng.internal.TestMethodWorker.invokeTestMethods(TestMethodWorker.java:127)
	at org.testng.internal.TestMethodWorker.run(TestMethodWorker.java:111)
	at org.testng.TestRunner.privateRun(TestRunner.java:767)
	at org.testng.TestRunner.run(TestRunner.java:617)
	at org.testng.SuiteRunner.runTest(SuiteRunner.java:334)
	at org.testng.SuiteRunner.runSequentially(SuiteRunner.java:329)
	at org.testng.SuiteRunner.privateRun(SuiteRunner.java:291)
	at org.testng.SuiteRunner.run(SuiteRunner.java:240)
	at org.testng.SuiteRunnerWorker.runSuite(SuiteRunnerWorker.java:52)
	at org.testng.SuiteRunnerWorker.run(SuiteRunnerWorker.java:86)
	at org.testng.TestNG.runSuitesSequentially(TestNG.java:1224)
	at org.testng.TestNG.runSuitesLocally(TestNG.java:1149)
	at org.testng.TestNG.run(TestNG.java:1057)
	at org.testng.remote.RemoteTestNG.run(RemoteTestNG.java:111)
	at org.testng.remote.RemoteTestNG.initAndRun(RemoteTestNG.java:204)
	at org.testng.remote.RemoteTestNG.main(RemoteTestNG.java:175)
Dec 07,2015 10:50:58 [info]  End Execution of Test Class com.primeresponse.testcases.Track.Resolve_ExternalFeed
*****************************************************************************

*****************************************************************************
Dec 07,2015 10:51:13 [info]   Execution Started of Test Class com.primeresponse.testcases.Track.Verify_GoToSite_ExternalFeed and Test method testVerify_GoToSite_ExternalFeed
*****************************************************************************
Dec 07,2015 10:51:23 [info]  open application giturl
Dec 07,2015 10:51:39 [info]  log-in into application
Dec 07,2015 10:51:40 [info]  Select Selenium Test Ford Account if not selected
Dec 07,2015 10:51:51 [info]  Go to Track > External Feed
Dec 07,2015 10:52:11 [info]  Verify the functionality of clicking go to site icon and should redirect to same domain
Dec 07,2015 10:52:11 [info]  End Execution of Test Class com.primeresponse.testcases.Track.Verify_GoToSite_ExternalFeed
*****************************************************************************

*****************************************************************************
Dec 07,2015 10:52:26 [info]   Execution Started of Test Class com.primeresponse.testcases.Track.Verify_TrackCompetitiorsGoToSite and Test method testVerify_TrackCompetitiorsGoToSite
*****************************************************************************
Dec 07,2015 10:52:36 [info]  open application giturl
Dec 07,2015 10:52:51 [info]  log-in into application
Dec 07,2015 10:52:52 [info]  Select Selenium Test Ford Account if not selected
Dec 07,2015 10:53:30 [info]  Verify the functionality of clicking go to site icon and should redirect to same domain under Track >Competitors latest reviews widget.
Dec 07,2015 10:53:30 [info]  End Execution of Test Class com.primeresponse.testcases.Track.Verify_TrackCompetitiorsGoToSite
*****************************************************************************

*****************************************************************************
Dec 07,2015 10:53:44 [info]   Execution Started of Test Class com.primeresponse.testcases.Track.Sort_PublishedExternalFeed and Test method testSort_PublishedExternalFeed
*****************************************************************************
Dec 07,2015 10:55:24 [info]  open application giturl
Dec 07,2015 10:55:44 [info]  log-in into application
Dec 07,2015 10:55:45 [info]  Select Selenium Test Ford Account if not selected
Dec 07,2015 10:55:54 [info]  Go to Track > External Feed
Dec 07,2015 11:01:05 [info]  Dec 07,2015 11:01:05 [info]  <<<<<<<<<<<<<<<<<<<<<<<<<<<<<<<<<< Error message >>>>>>>>>>>>>>>>>>>>>>>>>>>>>>
java.lang.AssertionError: Element Locator ://th[6]/a/span[contains(@class,'ui-icon')] Not found expected [true] but found [false]
	at org.testng.Assert.fail(Assert.java:94)
	at org.testng.Assert.failNotEquals(Assert.java:494)
	at org.testng.Assert.assertTrue(Assert.java:42)
	at com.primeresponse.util.DriverHelper.clickOn(DriverHelper.java:238)
	at com.primeresponse.pagehelper.TrackHelper.checkPublishRatingSorting(TrackHelper.java:600)
	at com.primeresponse.testcases.Track.Sort_PublishedExternalFeed.testSort_PublishedExternalFeed(Sort_PublishedExternalFeed.java:42)
	at sun.reflect.NativeMethodAccessorImpl.invoke0(Native Method)
	at sun.reflect.NativeMethodAccessorImpl.invoke(Unknown Source)
	at sun.reflect.DelegatingMethodAccessorImpl.invoke(Unknown Source)
	at java.lang.reflect.Method.invoke(Unknown Source)
	at org.testng.internal.MethodInvocationHelper.invokeMethod(MethodInvocationHelper.java:84)
	at org.testng.internal.Invoker.invokeMethod(Invoker.java:714)
	at org.testng.internal.Invoker.invokeTestMethod(Invoker.java:901)
	at org.testng.internal.Invoker.invokeTestMethods(Invoker.java:1231)
	at org.testng.internal.TestMethodWorker.invokeTestMethods(TestMethodWorker.java:127)
	at org.testng.internal.TestMethodWorker.run(TestMethodWorker.java:111)
	at org.testng.TestRunner.privateRun(TestRunner.java:767)
	at org.testng.TestRunner.run(TestRunner.java:617)
	at org.testng.SuiteRunner.runTest(SuiteRunner.java:334)
	at org.testng.SuiteRunner.runSequentially(SuiteRunner.java:329)
	at org.testng.SuiteRunner.privateRun(SuiteRunner.java:291)
	at org.testng.SuiteRunner.run(SuiteRunner.java:240)
	at org.testng.SuiteRunnerWorker.runSuite(SuiteRunnerWorker.java:52)
	at org.testng.SuiteRunnerWorker.run(SuiteRunnerWorker.java:86)
	at org.testng.TestNG.runSuitesSequentially(TestNG.java:1224)
	at org.testng.TestNG.runSuitesLocally(TestNG.java:1149)
	at org.testng.TestNG.run(TestNG.java:1057)
	at org.testng.remote.RemoteTestNG.run(RemoteTestNG.java:111)
	at org.testng.remote.RemoteTestNG.initAndRun(RemoteTestNG.java:204)
	at org.testng.remote.RemoteTestNG.main(RemoteTestNG.java:175)
Dec 07,2015 11:01:05 [info]  End Execution of Test Class com.primeresponse.testcases.Track.Sort_PublishedExternalFeed
*****************************************************************************

*****************************************************************************
Dec 07,2015 11:01:19 [info]   Execution Started of Test Class com.primeresponse.testcases.Track.Verify_TotalResponsesOnExternalFeedAndSummary and Test method testVerify_TotalResponsesOnExternalFeedAndSummary
*****************************************************************************
Dec 07,2015 11:01:36 [info]  open application giturl
Dec 07,2015 11:01:52 [info]  log-in into application
Dec 07,2015 11:01:53 [info]  Select Selenium Test Ford Account if not selected
Dec 07,2015 11:02:04 [info]  Go to Track > Summary
Dec 07,2015 11:02:17 [info]  Dec 07,2015 11:02:17 [info]  <<<<<<<<<<<<<<<<<<<<<<<<<<<<<<<<<< Error message >>>>>>>>>>>>>>>>>>>>>>>>>>>>>>
java.lang.NumberFormatException: For input string: "Responses"
	at java.lang.NumberFormatException.forInputString(Unknown Source)
	at java.lang.Integer.parseInt(Unknown Source)
	at java.lang.Integer.parseInt(Unknown Source)
	at com.primeresponse.pagehelper.TrackHelper.verify_TotalResponsesOnExternalFeedAndSummary(TrackHelper.java:951)
	at com.primeresponse.testcases.Track.Verify_TotalResponsesOnExternalFeedAndSummary.testVerify_TotalResponsesOnExternalFeedAndSummary(Verify_TotalResponsesOnExternalFeedAndSummary.java:42)
	at sun.reflect.NativeMethodAccessorImpl.invoke0(Native Method)
	at sun.reflect.NativeMethodAccessorImpl.invoke(Unknown Source)
	at sun.reflect.DelegatingMethodAccessorImpl.invoke(Unknown Source)
	at java.lang.reflect.Method.invoke(Unknown Source)
	at org.testng.internal.MethodInvocationHelper.invokeMethod(MethodInvocationHelper.java:84)
	at org.testng.internal.Invoker.invokeMethod(Invoker.java:714)
	at org.testng.internal.Invoker.invokeTestMethod(Invoker.java:901)
	at org.testng.internal.Invoker.invokeTestMethods(Invoker.java:1231)
	at org.testng.internal.TestMethodWorker.invokeTestMethods(TestMethodWorker.java:127)
	at org.testng.internal.TestMethodWorker.run(TestMethodWorker.java:111)
	at org.testng.TestRunner.privateRun(TestRunner.java:767)
	at org.testng.TestRunner.run(TestRunner.java:617)
	at org.testng.SuiteRunner.runTest(SuiteRunner.java:334)
	at org.testng.SuiteRunner.runSequentially(SuiteRunner.java:329)
	at org.testng.SuiteRunner.privateRun(SuiteRunner.java:291)
	at org.testng.SuiteRunner.run(SuiteRunner.java:240)
	at org.testng.SuiteRunnerWorker.runSuite(SuiteRunnerWorker.java:52)
	at org.testng.SuiteRunnerWorker.run(SuiteRunnerWorker.java:86)
	at org.testng.TestNG.runSuitesSequentially(TestNG.java:1224)
	at org.testng.TestNG.runSuitesLocally(TestNG.java:1149)
	at org.testng.TestNG.run(TestNG.java:1057)
	at org.testng.remote.RemoteTestNG.run(RemoteTestNG.java:111)
	at org.testng.remote.RemoteTestNG.initAndRun(RemoteTestNG.java:204)
	at org.testng.remote.RemoteTestNG.main(RemoteTestNG.java:175)
Dec 07,2015 11:02:17 [info]  End Execution of Test Class com.primeresponse.testcases.Track.Verify_TotalResponsesOnExternalFeedAndSummary
*****************************************************************************

*****************************************************************************
Dec 07,2015 11:02:31 [info]   Execution Started of Test Class com.primeresponse.testcases.Track.Sort_RatingInternalFeed and Test method testSort_RatingInternalFeed
*****************************************************************************
Dec 07,2015 11:04:26 [info]  open application giturl
Dec 07,2015 11:04:46 [info]  log-in into application
Dec 07,2015 11:04:47 [info]  Select Selenium Test Ford Account if not selected
Dec 07,2015 11:04:58 [info]  Go to Track > Internal Feed
Dec 07,2015 11:10:17 [info]  Dec 07,2015 11:10:17 [info]  <<<<<<<<<<<<<<<<<<<<<<<<<<<<<<<<<< Error message >>>>>>>>>>>>>>>>>>>>>>>>>>>>>>
java.lang.AssertionError: Element Locator ://table[@id='internal-feed-items-table']/tbody/tr Not found expected [true] but found [false]
	at org.testng.Assert.fail(Assert.java:94)
	at org.testng.Assert.failNotEquals(Assert.java:494)
	at org.testng.Assert.assertTrue(Assert.java:42)
	at com.primeresponse.util.DriverHelper.getSize(DriverHelper.java:268)
	at com.primeresponse.pagehelper.TrackHelper.checkInternalFeedRatingSorting(TrackHelper.java:724)
	at com.primeresponse.testcases.Track.Sort_RatingInternalFeed.testSort_RatingInternalFeed(Sort_RatingInternalFeed.java:43)
	at sun.reflect.NativeMethodAccessorImpl.invoke0(Native Method)
	at sun.reflect.NativeMethodAccessorImpl.invoke(Unknown Source)
	at sun.reflect.DelegatingMethodAccessorImpl.invoke(Unknown Source)
	at java.lang.reflect.Method.invoke(Unknown Source)
	at org.testng.internal.MethodInvocationHelper.invokeMethod(MethodInvocationHelper.java:84)
	at org.testng.internal.Invoker.invokeMethod(Invoker.java:714)
	at org.testng.internal.Invoker.invokeTestMethod(Invoker.java:901)
	at org.testng.internal.Invoker.invokeTestMethods(Invoker.java:1231)
	at org.testng.internal.TestMethodWorker.invokeTestMethods(TestMethodWorker.java:127)
	at org.testng.internal.TestMethodWorker.run(TestMethodWorker.java:111)
	at org.testng.TestRunner.privateRun(TestRunner.java:767)
	at org.testng.TestRunner.run(TestRunner.java:617)
	at org.testng.SuiteRunner.runTest(SuiteRunner.java:334)
	at org.testng.SuiteRunner.runSequentially(SuiteRunner.java:329)
	at org.testng.SuiteRunner.privateRun(SuiteRunner.java:291)
	at org.testng.SuiteRunner.run(SuiteRunner.java:240)
	at org.testng.SuiteRunnerWorker.runSuite(SuiteRunnerWorker.java:52)
	at org.testng.SuiteRunnerWorker.run(SuiteRunnerWorker.java:86)
	at org.testng.TestNG.runSuitesSequentially(TestNG.java:1224)
	at org.testng.TestNG.runSuitesLocally(TestNG.java:1149)
	at org.testng.TestNG.run(TestNG.java:1057)
	at org.testng.remote.RemoteTestNG.run(RemoteTestNG.java:111)
	at org.testng.remote.RemoteTestNG.initAndRun(RemoteTestNG.java:204)
	at org.testng.remote.RemoteTestNG.main(RemoteTestNG.java:175)
Dec 07,2015 11:10:17 [info]  End Execution of Test Class com.primeresponse.testcases.Track.Sort_RatingInternalFeed
*****************************************************************************

*****************************************************************************
Dec 07,2015 11:10:27 [info]   Execution Started of Test Class com.primeresponse.testcases.Track.Sort_DateInternalFeed and Test method testSort_DateInternalFeed
*****************************************************************************
Dec 07,2015 11:11:59 [info]  open application giturl
Dec 07,2015 11:12:15 [info]  log-in into application
Dec 07,2015 11:12:16 [info]  Select Selenium Test Ford Account if not selected
Dec 07,2015 11:12:26 [info]  Go to Track > Internal Feed
Dec 07,2015 11:17:43 [info]  Dec 07,2015 11:17:43 [info]  <<<<<<<<<<<<<<<<<<<<<<<<<<<<<<<<<< Error message >>>>>>>>>>>>>>>>>>>>>>>>>>>>>>
java.lang.AssertionError: Element Locator ://table[@id='internal-feed-items-table']/tbody/tr Not found expected [true] but found [false]
	at org.testng.Assert.fail(Assert.java:94)
	at org.testng.Assert.failNotEquals(Assert.java:494)
	at org.testng.Assert.assertTrue(Assert.java:42)
	at com.primeresponse.util.DriverHelper.getSize(DriverHelper.java:268)
	at com.primeresponse.pagehelper.TrackHelper.checkInternalFeedDateSorting(TrackHelper.java:248)
	at com.primeresponse.testcases.Track.Sort_DateInternalFeed.testSort_DateInternalFeed(Sort_DateInternalFeed.java:42)
	at sun.reflect.NativeMethodAccessorImpl.invoke0(Native Method)
	at sun.reflect.NativeMethodAccessorImpl.invoke(Unknown Source)
	at sun.reflect.DelegatingMethodAccessorImpl.invoke(Unknown Source)
	at java.lang.reflect.Method.invoke(Unknown Source)
	at org.testng.internal.MethodInvocationHelper.invokeMethod(MethodInvocationHelper.java:84)
	at org.testng.internal.Invoker.invokeMethod(Invoker.java:714)
	at org.testng.internal.Invoker.invokeTestMethod(Invoker.java:901)
	at org.testng.internal.Invoker.invokeTestMethods(Invoker.java:1231)
	at org.testng.internal.TestMethodWorker.invokeTestMethods(TestMethodWorker.java:127)
	at org.testng.internal.TestMethodWorker.run(TestMethodWorker.java:111)
	at org.testng.TestRunner.privateRun(TestRunner.java:767)
	at org.testng.TestRunner.run(TestRunner.java:617)
	at org.testng.SuiteRunner.runTest(SuiteRunner.java:334)
	at org.testng.SuiteRunner.runSequentially(SuiteRunner.java:329)
	at org.testng.SuiteRunner.privateRun(SuiteRunner.java:291)
	at org.testng.SuiteRunner.run(SuiteRunner.java:240)
	at org.testng.SuiteRunnerWorker.runSuite(SuiteRunnerWorker.java:52)
	at org.testng.SuiteRunnerWorker.run(SuiteRunnerWorker.java:86)
	at org.testng.TestNG.runSuitesSequentially(TestNG.java:1224)
	at org.testng.TestNG.runSuitesLocally(TestNG.java:1149)
	at org.testng.TestNG.run(TestNG.java:1057)
	at org.testng.remote.RemoteTestNG.run(RemoteTestNG.java:111)
	at org.testng.remote.RemoteTestNG.initAndRun(RemoteTestNG.java:204)
	at org.testng.remote.RemoteTestNG.main(RemoteTestNG.java:175)
Dec 07,2015 11:17:43 [info]  End Execution of Test Class com.primeresponse.testcases.Track.Sort_DateInternalFeed
*****************************************************************************

*****************************************************************************
Dec 07,2015 11:17:58 [info]   Execution Started of Test Class com.primeresponse.testcases.Track.Sort_SourceExternalFeed and Test method testSort_SourceExternalFeed
*****************************************************************************
Dec 07,2015 11:20:51 [info]  open application giturl
Dec 07,2015 11:21:07 [info]  log-in into application
Dec 07,2015 11:21:08 [info]  Select Selenium Test Ford Account if not selected
Dec 07,2015 11:21:17 [info]  Go to Track > External Feed
Dec 07,2015 11:26:37 [info]  Dec 07,2015 11:26:37 [info]  <<<<<<<<<<<<<<<<<<<<<<<<<<<<<<<<<< Error message >>>>>>>>>>>>>>>>>>>>>>>>>>>>>>
java.lang.AssertionError: Element Locator ://div[@class='table']/table/tbody/tr Not found expected [true] but found [false]
	at org.testng.Assert.fail(Assert.java:94)
	at org.testng.Assert.failNotEquals(Assert.java:494)
	at org.testng.Assert.assertTrue(Assert.java:42)
	at com.primeresponse.util.DriverHelper.getSize(DriverHelper.java:268)
	at com.primeresponse.pagehelper.TrackHelper.checkSourceSorting(TrackHelper.java:783)
	at com.primeresponse.testcases.Track.Sort_SourceExternalFeed.testSort_SourceExternalFeed(Sort_SourceExternalFeed.java:41)
	at sun.reflect.NativeMethodAccessorImpl.invoke0(Native Method)
	at sun.reflect.NativeMethodAccessorImpl.invoke(Unknown Source)
	at sun.reflect.DelegatingMethodAccessorImpl.invoke(Unknown Source)
	at java.lang.reflect.Method.invoke(Unknown Source)
	at org.testng.internal.MethodInvocationHelper.invokeMethod(MethodInvocationHelper.java:84)
	at org.testng.internal.Invoker.invokeMethod(Invoker.java:714)
	at org.testng.internal.Invoker.invokeTestMethod(Invoker.java:901)
	at org.testng.internal.Invoker.invokeTestMethods(Invoker.java:1231)
	at org.testng.internal.TestMethodWorker.invokeTestMethods(TestMethodWorker.java:127)
	at org.testng.internal.TestMethodWorker.run(TestMethodWorker.java:111)
	at org.testng.TestRunner.privateRun(TestRunner.java:767)
	at org.testng.TestRunner.run(TestRunner.java:617)
	at org.testng.SuiteRunner.runTest(SuiteRunner.java:334)
	at org.testng.SuiteRunner.runSequentially(SuiteRunner.java:329)
	at org.testng.SuiteRunner.privateRun(SuiteRunner.java:291)
	at org.testng.SuiteRunner.run(SuiteRunner.java:240)
	at org.testng.SuiteRunnerWorker.runSuite(SuiteRunnerWorker.java:52)
	at org.testng.SuiteRunnerWorker.run(SuiteRunnerWorker.java:86)
	at org.testng.TestNG.runSuitesSequentially(TestNG.java:1224)
	at org.testng.TestNG.runSuitesLocally(TestNG.java:1149)
	at org.testng.TestNG.run(TestNG.java:1057)
	at org.testng.remote.RemoteTestNG.run(RemoteTestNG.java:111)
	at org.testng.remote.RemoteTestNG.initAndRun(RemoteTestNG.java:204)
	at org.testng.remote.RemoteTestNG.main(RemoteTestNG.java:175)
Dec 07,2015 11:26:37 [info]  End Execution of Test Class com.primeresponse.testcases.Track.Sort_SourceExternalFeed
*****************************************************************************

*****************************************************************************
Dec 07,2015 11:26:52 [info]   Execution Started of Test Class com.primeresponse.testcases.Track.Check_TrackCompetitiorsDefaultSorting and Test method testCheck_TrackCompetitiorsDefaultSorting
*****************************************************************************
Dec 07,2015 11:30:24 [info]  open application giturl
Dec 07,2015 11:30:41 [info]  log-in into application
Dec 07,2015 11:30:43 [info]  Select Selenium Test Ford Account if not selected
Dec 07,2015 11:31:23 [info]  Go to Track > Competitors
Dec 07,2015 11:38:30 [info]  Dec 07,2015 11:38:30 [info]  <<<<<<<<<<<<<<<<<<<<<<<<<<<<<<<<<< Error message >>>>>>>>>>>>>>>>>>>>>>>>>>>>>>
java.lang.AssertionError: Element Locator ://div[@class='widget']/table/tbody/tr Not found expected [true] but found [false]
	at org.testng.Assert.fail(Assert.java:94)
	at org.testng.Assert.failNotEquals(Assert.java:494)
	at org.testng.Assert.assertTrue(Assert.java:42)
	at com.primeresponse.util.DriverHelper.getSize(DriverHelper.java:268)
	at com.primeresponse.pagehelper.TrackHelper.checkTrackCompetitiorsDefaultSorting(TrackHelper.java:421)
	at com.primeresponse.testcases.Track.Check_TrackCompetitiorsDefaultSorting.testCheck_TrackCompetitiorsDefaultSorting(Check_TrackCompetitiorsDefaultSorting.java:42)
	at sun.reflect.NativeMethodAccessorImpl.invoke0(Native Method)
	at sun.reflect.NativeMethodAccessorImpl.invoke(Unknown Source)
	at sun.reflect.DelegatingMethodAccessorImpl.invoke(Unknown Source)
	at java.lang.reflect.Method.invoke(Unknown Source)
	at org.testng.internal.MethodInvocationHelper.invokeMethod(MethodInvocationHelper.java:84)
	at org.testng.internal.Invoker.invokeMethod(Invoker.java:714)
	at org.testng.internal.Invoker.invokeTestMethod(Invoker.java:901)
	at org.testng.internal.Invoker.invokeTestMethods(Invoker.java:1231)
	at org.testng.internal.TestMethodWorker.invokeTestMethods(TestMethodWorker.java:127)
	at org.testng.internal.TestMethodWorker.run(TestMethodWorker.java:111)
	at org.testng.TestRunner.privateRun(TestRunner.java:767)
	at org.testng.TestRunner.run(TestRunner.java:617)
	at org.testng.SuiteRunner.runTest(SuiteRunner.java:334)
	at org.testng.SuiteRunner.runSequentially(SuiteRunner.java:329)
	at org.testng.SuiteRunner.privateRun(SuiteRunner.java:291)
	at org.testng.SuiteRunner.run(SuiteRunner.java:240)
	at org.testng.SuiteRunnerWorker.runSuite(SuiteRunnerWorker.java:52)
	at org.testng.SuiteRunnerWorker.run(SuiteRunnerWorker.java:86)
	at org.testng.TestNG.runSuitesSequentially(TestNG.java:1224)
	at org.testng.TestNG.runSuitesLocally(TestNG.java:1149)
	at org.testng.TestNG.run(TestNG.java:1057)
	at org.testng.remote.RemoteTestNG.run(RemoteTestNG.java:111)
	at org.testng.remote.RemoteTestNG.initAndRun(RemoteTestNG.java:204)
	at org.testng.remote.RemoteTestNG.main(RemoteTestNG.java:175)
Dec 07,2015 11:38:30 [info]  End Execution of Test Class com.primeresponse.testcases.Track.Check_TrackCompetitiorsDefaultSorting
*****************************************************************************

*****************************************************************************
Dec 07,2015 11:38:40 [info]   Execution Started of Test Class com.primeresponse.testcases.Track.Sort_TrackCompetitiorsAccountCol and Test method testSort_TrackCompetitiorsAccountCol
*****************************************************************************
Dec 07,2015 11:38:40 [info]  open application giturl
Dec 07,2015 11:40:01 [info]  log-in into application
Dec 07,2015 11:40:02 [info]  Select Selenium Test Ford Account if not selected
Dec 07,2015 11:42:13 [info]  Verify sorting functionality of Account column under Track >Competitors latest reviews widget.
Dec 07,2015 11:42:13 [info]  End Execution of Test Class com.primeresponse.testcases.Track.Sort_TrackCompetitiorsAccountCol
*****************************************************************************

*****************************************************************************
Dec 07,2015 11:42:26 [info]   Execution Started of Test Class com.primeresponse.testcases.Track.Share_ExternalFeed and Test method testShare_ExternalFeed
*****************************************************************************
Dec 07,2015 11:42:51 [info]  open application giturl
Dec 07,2015 11:43:06 [info]  log-in into application
Dec 07,2015 11:43:08 [info]  Select Selenium Test Ford Account if not selected
Dec 07,2015 11:43:18 [info]  Go to Track > External Feed
Dec 07,2015 11:48:29 [info]  Dec 07,2015 11:48:29 [info]  <<<<<<<<<<<<<<<<<<<<<<<<<<<<<<<<<< Error message >>>>>>>>>>>>>>>>>>>>>>>>>>>>>>
java.lang.AssertionError: Element Locator ://div[@class='table']/table/tbody/tr Not found expected [true] but found [false]
	at org.testng.Assert.fail(Assert.java:94)
	at org.testng.Assert.failNotEquals(Assert.java:494)
	at org.testng.Assert.assertTrue(Assert.java:42)
	at com.primeresponse.util.DriverHelper.getSize(DriverHelper.java:268)
	at com.primeresponse.pagehelper.TrackHelper.share_ExternalFeed(TrackHelper.java:166)
	at com.primeresponse.testcases.Track.Share_ExternalFeed.testShare_ExternalFeed(Share_ExternalFeed.java:43)
	at sun.reflect.NativeMethodAccessorImpl.invoke0(Native Method)
	at sun.reflect.NativeMethodAccessorImpl.invoke(Unknown Source)
	at sun.reflect.DelegatingMethodAccessorImpl.invoke(Unknown Source)
	at java.lang.reflect.Method.invoke(Unknown Source)
	at org.testng.internal.MethodInvocationHelper.invokeMethod(MethodInvocationHelper.java:84)
	at org.testng.internal.Invoker.invokeMethod(Invoker.java:714)
	at org.testng.internal.Invoker.invokeTestMethod(Invoker.java:901)
	at org.testng.internal.Invoker.invokeTestMethods(Invoker.java:1231)
	at org.testng.internal.TestMethodWorker.invokeTestMethods(TestMethodWorker.java:127)
	at org.testng.internal.TestMethodWorker.run(TestMethodWorker.java:111)
	at org.testng.TestRunner.privateRun(TestRunner.java:767)
	at org.testng.TestRunner.run(TestRunner.java:617)
	at org.testng.SuiteRunner.runTest(SuiteRunner.java:334)
	at org.testng.SuiteRunner.runSequentially(SuiteRunner.java:329)
	at org.testng.SuiteRunner.privateRun(SuiteRunner.java:291)
	at org.testng.SuiteRunner.run(SuiteRunner.java:240)
	at org.testng.SuiteRunnerWorker.runSuite(SuiteRunnerWorker.java:52)
	at org.testng.SuiteRunnerWorker.run(SuiteRunnerWorker.java:86)
	at org.testng.TestNG.runSuitesSequentially(TestNG.java:1224)
	at org.testng.TestNG.runSuitesLocally(TestNG.java:1149)
	at org.testng.TestNG.run(TestNG.java:1057)
	at org.testng.remote.RemoteTestNG.run(RemoteTestNG.java:111)
	at org.testng.remote.RemoteTestNG.initAndRun(RemoteTestNG.java:204)
	at org.testng.remote.RemoteTestNG.main(RemoteTestNG.java:175)
Dec 07,2015 11:48:29 [info]  End Execution of Test Class com.primeresponse.testcases.Track.Share_ExternalFeed
*****************************************************************************

*****************************************************************************
Dec 07,2015 11:48:42 [info]   Execution Started of Test Class com.primeresponse.testcases.Track.Verify_TotalRatingsOnExternalFeedAndSummary and Test method testVerify_TotalRatingsOnExternalFeedAndSummary
*****************************************************************************
Dec 07,2015 11:51:17 [info]  open application giturl
Dec 07,2015 11:51:37 [info]  log-in into application
Dec 07,2015 11:51:38 [info]  Select Selenium Test Ford Account if not selected
Dec 07,2015 11:52:11 [info]  Go to Track > Summary
Dec 07,2015 11:57:43 [info]  Dec 07,2015 11:57:43 [info]  <<<<<<<<<<<<<<<<<<<<<<<<<<<<<<<<<< Error message >>>>>>>>>>>>>>>>>>>>>>>>>>>>>>
java.lang.AssertionError: Element Locator ://div[@class='table']/table/tbody/tr Not found expected [true] but found [false]
	at org.testng.Assert.fail(Assert.java:94)
	at org.testng.Assert.failNotEquals(Assert.java:494)
	at org.testng.Assert.assertTrue(Assert.java:42)
	at com.primeresponse.util.DriverHelper.getSize(DriverHelper.java:268)
	at com.primeresponse.pagehelper.TrackHelper.verify_TotalRatingsOnExternalFeedAndSummary(TrackHelper.java:918)
	at com.primeresponse.testcases.Track.Verify_TotalRatingsOnExternalFeedAndSummary.testVerify_TotalRatingsOnExternalFeedAndSummary(Verify_TotalRatingsOnExternalFeedAndSummary.java:43)
	at sun.reflect.NativeMethodAccessorImpl.invoke0(Native Method)
	at sun.reflect.NativeMethodAccessorImpl.invoke(Unknown Source)
	at sun.reflect.DelegatingMethodAccessorImpl.invoke(Unknown Source)
	at java.lang.reflect.Method.invoke(Unknown Source)
	at org.testng.internal.MethodInvocationHelper.invokeMethod(MethodInvocationHelper.java:84)
	at org.testng.internal.Invoker.invokeMethod(Invoker.java:714)
	at org.testng.internal.Invoker.invokeTestMethod(Invoker.java:901)
	at org.testng.internal.Invoker.invokeTestMethods(Invoker.java:1231)
	at org.testng.internal.TestMethodWorker.invokeTestMethods(TestMethodWorker.java:127)
	at org.testng.internal.TestMethodWorker.run(TestMethodWorker.java:111)
	at org.testng.TestRunner.privateRun(TestRunner.java:767)
	at org.testng.TestRunner.run(TestRunner.java:617)
	at org.testng.SuiteRunner.runTest(SuiteRunner.java:334)
	at org.testng.SuiteRunner.runSequentially(SuiteRunner.java:329)
	at org.testng.SuiteRunner.privateRun(SuiteRunner.java:291)
	at org.testng.SuiteRunner.run(SuiteRunner.java:240)
	at org.testng.SuiteRunnerWorker.runSuite(SuiteRunnerWorker.java:52)
	at org.testng.SuiteRunnerWorker.run(SuiteRunnerWorker.java:86)
	at org.testng.TestNG.runSuitesSequentially(TestNG.java:1224)
	at org.testng.TestNG.runSuitesLocally(TestNG.java:1149)
	at org.testng.TestNG.run(TestNG.java:1057)
	at org.testng.remote.RemoteTestNG.run(RemoteTestNG.java:111)
	at org.testng.remote.RemoteTestNG.initAndRun(RemoteTestNG.java:204)
	at org.testng.remote.RemoteTestNG.main(RemoteTestNG.java:175)
Dec 07,2015 11:57:43 [info]  End Execution of Test Class com.primeresponse.testcases.Track.Verify_TotalRatingsOnExternalFeedAndSummary
*****************************************************************************

*****************************************************************************
Dec 07,2015 11:57:56 [info]   Execution Started of Test Class com.primeresponse.testcases.Track.Verify_TrackProductReviewFeed and Test method testVerify_TrackProductReviewFeed
*****************************************************************************
Dec 07,2015 11:58:12 [info]  open application giturl
Dec 07,2015 11:58:28 [info]  log-in into application
Dec 07,2015 11:58:29 [info]  Select Selenium Test Account if not selected
Dec 07,2015 11:58:35 [info]  Verify product review feed on Track > Product Review Feed page.
Dec 07,2015 11:58:35 [info]  End Execution of Test Class com.primeresponse.testcases.Track.Verify_TrackProductReviewFeed
*****************************************************************************

*****************************************************************************
Dec 07,2015 11:58:49 [info]   Execution Started of Test Class com.primeresponse.testcases.Track.Resolve_InternalFeed and Test method testResolve_InternalFeed
*****************************************************************************
Dec 07,2015 11:59:06 [info]  open application giturl
Dec 07,2015 11:59:22 [info]  log-in into application
Dec 07,2015 11:59:23 [info]  Select Selenium Test Ford Account if not selected
Dec 07,2015 11:59:34 [info]  Go to Track > Internal Feed
Dec 07,2015 12:04:44 [info]  Dec 07,2015 12:04:44 [info]  <<<<<<<<<<<<<<<<<<<<<<<<<<<<<<<<<< Error message >>>>>>>>>>>>>>>>>>>>>>>>>>>>>>
java.lang.AssertionError: Element Locator ://table[@id='internal-feed-items-table']/tbody/tr Not found expected [true] but found [false]
	at org.testng.Assert.fail(Assert.java:94)
	at org.testng.Assert.failNotEquals(Assert.java:494)
	at org.testng.Assert.assertTrue(Assert.java:42)
	at com.primeresponse.util.DriverHelper.getSize(DriverHelper.java:268)
	at com.primeresponse.pagehelper.TrackHelper.resolveInternalFeed(TrackHelper.java:216)
	at com.primeresponse.testcases.Track.Resolve_InternalFeed.testResolve_InternalFeed(Resolve_InternalFeed.java:41)
	at sun.reflect.NativeMethodAccessorImpl.invoke0(Native Method)
	at sun.reflect.NativeMethodAccessorImpl.invoke(Unknown Source)
	at sun.reflect.DelegatingMethodAccessorImpl.invoke(Unknown Source)
	at java.lang.reflect.Method.invoke(Unknown Source)
	at org.testng.internal.MethodInvocationHelper.invokeMethod(MethodInvocationHelper.java:84)
	at org.testng.internal.Invoker.invokeMethod(Invoker.java:714)
	at org.testng.internal.Invoker.invokeTestMethod(Invoker.java:901)
	at org.testng.internal.Invoker.invokeTestMethods(Invoker.java:1231)
	at org.testng.internal.TestMethodWorker.invokeTestMethods(TestMethodWorker.java:127)
	at org.testng.internal.TestMethodWorker.run(TestMethodWorker.java:111)
	at org.testng.TestRunner.privateRun(TestRunner.java:767)
	at org.testng.TestRunner.run(TestRunner.java:617)
	at org.testng.SuiteRunner.runTest(SuiteRunner.java:334)
	at org.testng.SuiteRunner.runSequentially(SuiteRunner.java:329)
	at org.testng.SuiteRunner.privateRun(SuiteRunner.java:291)
	at org.testng.SuiteRunner.run(SuiteRunner.java:240)
	at org.testng.SuiteRunnerWorker.runSuite(SuiteRunnerWorker.java:52)
	at org.testng.SuiteRunnerWorker.run(SuiteRunnerWorker.java:86)
	at org.testng.TestNG.runSuitesSequentially(TestNG.java:1224)
	at org.testng.TestNG.runSuitesLocally(TestNG.java:1149)
	at org.testng.TestNG.run(TestNG.java:1057)
	at org.testng.remote.RemoteTestNG.run(RemoteTestNG.java:111)
	at org.testng.remote.RemoteTestNG.initAndRun(RemoteTestNG.java:204)
	at org.testng.remote.RemoteTestNG.main(RemoteTestNG.java:175)
Dec 07,2015 12:04:44 [info]  End Execution of Test Class com.primeresponse.testcases.Track.Resolve_InternalFeed
*****************************************************************************

*****************************************************************************
Dec 07,2015 12:04:58 [info]   Execution Started of Test Class com.primeresponse.testcases.Track.Verify_FeedsOnSharedExternalFeed and Test method testVerify_FeedsOnSharedExternalFeed
*****************************************************************************
Dec 07,2015 12:05:22 [info]  open application giturl
Dec 07,2015 12:05:37 [info]  log-in into application
Dec 07,2015 12:05:38 [info]  Select Selenium Test Ford Account if not selected
Dec 07,2015 12:05:47 [info]  Go to Track > External Feed
Dec 07,2015 12:10:59 [info]  Dec 07,2015 12:10:59 [info]  <<<<<<<<<<<<<<<<<<<<<<<<<<<<<<<<<< Error message >>>>>>>>>>>>>>>>>>>>>>>>>>>>>>
java.lang.AssertionError: Element Locator ://div[@class='table']/table/tbody/tr Not found expected [true] but found [false]
	at org.testng.Assert.fail(Assert.java:94)
	at org.testng.Assert.failNotEquals(Assert.java:494)
	at org.testng.Assert.assertTrue(Assert.java:42)
	at com.primeresponse.util.DriverHelper.getSize(DriverHelper.java:268)
	at com.primeresponse.pagehelper.TrackHelper.fetchFeedsExternalFeed(TrackHelper.java:195)
	at com.primeresponse.testcases.Track.Verify_FeedsOnSharedExternalFeed.testVerify_FeedsOnSharedExternalFeed(Verify_FeedsOnSharedExternalFeed.java:45)
	at sun.reflect.NativeMethodAccessorImpl.invoke0(Native Method)
	at sun.reflect.NativeMethodAccessorImpl.invoke(Unknown Source)
	at sun.reflect.DelegatingMethodAccessorImpl.invoke(Unknown Source)
	at java.lang.reflect.Method.invoke(Unknown Source)
	at org.testng.internal.MethodInvocationHelper.invokeMethod(MethodInvocationHelper.java:84)
	at org.testng.internal.Invoker.invokeMethod(Invoker.java:714)
	at org.testng.internal.Invoker.invokeTestMethod(Invoker.java:901)
	at org.testng.internal.Invoker.invokeTestMethods(Invoker.java:1231)
	at org.testng.internal.TestMethodWorker.invokeTestMethods(TestMethodWorker.java:127)
	at org.testng.internal.TestMethodWorker.run(TestMethodWorker.java:111)
	at org.testng.TestRunner.privateRun(TestRunner.java:767)
	at org.testng.TestRunner.run(TestRunner.java:617)
	at org.testng.SuiteRunner.runTest(SuiteRunner.java:334)
	at org.testng.SuiteRunner.runSequentially(SuiteRunner.java:329)
	at org.testng.SuiteRunner.privateRun(SuiteRunner.java:291)
	at org.testng.SuiteRunner.run(SuiteRunner.java:240)
	at org.testng.SuiteRunnerWorker.runSuite(SuiteRunnerWorker.java:52)
	at org.testng.SuiteRunnerWorker.run(SuiteRunnerWorker.java:86)
	at org.testng.TestNG.runSuitesSequentially(TestNG.java:1224)
	at org.testng.TestNG.runSuitesLocally(TestNG.java:1149)
	at org.testng.TestNG.run(TestNG.java:1057)
	at org.testng.remote.RemoteTestNG.run(RemoteTestNG.java:111)
	at org.testng.remote.RemoteTestNG.initAndRun(RemoteTestNG.java:204)
	at org.testng.remote.RemoteTestNG.main(RemoteTestNG.java:175)
Dec 07,2015 12:10:59 [info]  End Execution of Test Class com.primeresponse.testcases.Track.Verify_FeedsOnSharedExternalFeed
*****************************************************************************

*****************************************************************************
Dec 07,2015 12:11:16 [info]   Execution Started of Test Class com.primeresponse.testcases.Track.Check_ReviewCount and Test method testDelete_ExternalFeed
*****************************************************************************
Dec 07,2015 12:11:52 [info]  open application giturl
Dec 07,2015 12:12:07 [info]  log-in into application
Dec 07,2015 12:12:32 [info]  Go to Track > Summary
Dec 07,2015 12:12:32 [info]  Select 365 days of segmentation if not selected
Dec 07,2015 12:17:43 [info]  Dec 07,2015 12:17:43 [info]  <<<<<<<<<<<<<<<<<<<<<<<<<<<<<<<<<< Error message >>>>>>>>>>>>>>>>>>>>>>>>>>>>>>
java.lang.AssertionError: Element Locator ://div[@class='widget']/table/tbody/tr[4]/td[1] Not found expected [true] but found [false]
	at org.testng.Assert.fail(Assert.java:94)
	at org.testng.Assert.failNotEquals(Assert.java:494)
	at org.testng.Assert.assertTrue(Assert.java:42)
	at com.primeresponse.util.DriverHelper.getText(DriverHelper.java:305)
	at com.primeresponse.pagehelper.TrackHelper.storeListenersAndReviewCount(TrackHelper.java:98)
	at com.primeresponse.testcases.Track.Check_ReviewCount.testDelete_ExternalFeed(Check_ReviewCount.java:47)
	at sun.reflect.NativeMethodAccessorImpl.invoke0(Native Method)
	at sun.reflect.NativeMethodAccessorImpl.invoke(Unknown Source)
	at sun.reflect.DelegatingMethodAccessorImpl.invoke(Unknown Source)
	at java.lang.reflect.Method.invoke(Unknown Source)
	at org.testng.internal.MethodInvocationHelper.invokeMethod(MethodInvocationHelper.java:84)
	at org.testng.internal.Invoker.invokeMethod(Invoker.java:714)
	at org.testng.internal.Invoker.invokeTestMethod(Invoker.java:901)
	at org.testng.internal.Invoker.invokeTestMethods(Invoker.java:1231)
	at org.testng.internal.TestMethodWorker.invokeTestMethods(TestMethodWorker.java:127)
	at org.testng.internal.TestMethodWorker.run(TestMethodWorker.java:111)
	at org.testng.TestRunner.privateRun(TestRunner.java:767)
	at org.testng.TestRunner.run(TestRunner.java:617)
	at org.testng.SuiteRunner.runTest(SuiteRunner.java:334)
	at org.testng.SuiteRunner.runSequentially(SuiteRunner.java:329)
	at org.testng.SuiteRunner.privateRun(SuiteRunner.java:291)
	at org.testng.SuiteRunner.run(SuiteRunner.java:240)
	at org.testng.SuiteRunnerWorker.runSuite(SuiteRunnerWorker.java:52)
	at org.testng.SuiteRunnerWorker.run(SuiteRunnerWorker.java:86)
	at org.testng.TestNG.runSuitesSequentially(TestNG.java:1224)
	at org.testng.TestNG.runSuitesLocally(TestNG.java:1149)
	at org.testng.TestNG.run(TestNG.java:1057)
	at org.testng.remote.RemoteTestNG.run(RemoteTestNG.java:111)
	at org.testng.remote.RemoteTestNG.initAndRun(RemoteTestNG.java:204)
	at org.testng.remote.RemoteTestNG.main(RemoteTestNG.java:175)
Dec 07,2015 12:17:43 [info]  End Execution of Test Class com.primeresponse.testcases.Track.Check_ReviewCount
*****************************************************************************

*****************************************************************************
Dec 07,2015 12:17:58 [info]   Execution Started of Test Class com.primeresponse.testcases.Track.Delete_ExternalFeed and Test method testDelete_ExternalFeed
*****************************************************************************
Dec 07,2015 12:18:45 [info]  open application giturl
Dec 07,2015 12:19:03 [info]  log-in into application
Dec 07,2015 12:19:04 [info]  Select Selenium Test Ford Account if not selected
Dec 07,2015 12:19:13 [info]  Go to Track > External Feed
Dec 07,2015 12:19:18 [info]  Check Delete button is disabled 
Dec 07,2015 12:24:29 [info]  Dec 07,2015 12:24:29 [info]  <<<<<<<<<<<<<<<<<<<<<<<<<<<<<<<<<< Error message >>>>>>>>>>>>>>>>>>>>>>>>>>>>>>
java.lang.AssertionError: Element Locator ://div[@class='table']/table/tbody/tr Not found expected [true] but found [false]
	at org.testng.Assert.fail(Assert.java:94)
	at org.testng.Assert.failNotEquals(Assert.java:494)
	at org.testng.Assert.assertTrue(Assert.java:42)
	at com.primeresponse.util.DriverHelper.getSize(DriverHelper.java:268)
	at com.primeresponse.pagehelper.TrackHelper.selectCheckBox(TrackHelper.java:59)
	at com.primeresponse.testcases.Track.Delete_ExternalFeed.testDelete_ExternalFeed(Delete_ExternalFeed.java:47)
	at sun.reflect.NativeMethodAccessorImpl.invoke0(Native Method)
	at sun.reflect.NativeMethodAccessorImpl.invoke(Unknown Source)
	at sun.reflect.DelegatingMethodAccessorImpl.invoke(Unknown Source)
	at java.lang.reflect.Method.invoke(Unknown Source)
	at org.testng.internal.MethodInvocationHelper.invokeMethod(MethodInvocationHelper.java:84)
	at org.testng.internal.Invoker.invokeMethod(Invoker.java:714)
	at org.testng.internal.Invoker.invokeTestMethod(Invoker.java:901)
	at org.testng.internal.Invoker.invokeTestMethods(Invoker.java:1231)
	at org.testng.internal.TestMethodWorker.invokeTestMethods(TestMethodWorker.java:127)
	at org.testng.internal.TestMethodWorker.run(TestMethodWorker.java:111)
	at org.testng.TestRunner.privateRun(TestRunner.java:767)
	at org.testng.TestRunner.run(TestRunner.java:617)
	at org.testng.SuiteRunner.runTest(SuiteRunner.java:334)
	at org.testng.SuiteRunner.runSequentially(SuiteRunner.java:329)
	at org.testng.SuiteRunner.privateRun(SuiteRunner.java:291)
	at org.testng.SuiteRunner.run(SuiteRunner.java:240)
	at org.testng.SuiteRunnerWorker.runSuite(SuiteRunnerWorker.java:52)
	at org.testng.SuiteRunnerWorker.run(SuiteRunnerWorker.java:86)
	at org.testng.TestNG.runSuitesSequentially(TestNG.java:1224)
	at org.testng.TestNG.runSuitesLocally(TestNG.java:1149)
	at org.testng.TestNG.run(TestNG.java:1057)
	at org.testng.remote.RemoteTestNG.run(RemoteTestNG.java:111)
	at org.testng.remote.RemoteTestNG.initAndRun(RemoteTestNG.java:204)
	at org.testng.remote.RemoteTestNG.main(RemoteTestNG.java:175)
Dec 07,2015 12:24:29 [info]  End Execution of Test Class com.primeresponse.testcases.Track.Delete_ExternalFeed
*****************************************************************************

*****************************************************************************
Dec 07,2015 12:24:44 [info]   Execution Started of Test Class com.primeresponse.testcases.Track.Sort_TrackCompetitiorsDescriptionCol and Test method testSort_TrackCompetitiorsDescriptionCol
*****************************************************************************
Dec 07,2015 12:26:05 [info]  open application giturl
Dec 07,2015 12:26:26 [info]  log-in into application
Dec 07,2015 12:26:27 [info]  Select Selenium Test Ford Account if not selected
Dec 07,2015 12:28:40 [info]  Verify sorting functionality of Description column under Track >Competitors latest reviews widget.
Dec 07,2015 12:28:40 [info]  End Execution of Test Class com.primeresponse.testcases.Track.Sort_TrackCompetitiorsDescriptionCol
*****************************************************************************

*****************************************************************************
Dec 07,2015 12:28:51 [info]   Execution Started of Test Class com.primeresponse.testcases.Track.Sort_TrackCompetitiorsRating and Test method testSort_TrackCompetitiorsRating
*****************************************************************************
Dec 07,2015 12:29:35 [info]  open application giturl
Dec 07,2015 12:29:52 [info]  log-in into application
Dec 07,2015 12:29:53 [info]  Select Selenium Test Ford Account if not selected
Dec 07,2015 12:31:50 [info]  Verify sorting functionality of rating column under Track >Competitors latest reviews widget.
Dec 07,2015 12:31:50 [info]  End Execution of Test Class com.primeresponse.testcases.Track.Sort_TrackCompetitiorsRating
*****************************************************************************

*****************************************************************************
Dec 07,2015 12:32:06 [info]   Execution Started of Test Class com.primeresponse.testcases.Track.Sort_RatingExternalFeed and Test method testSort_RatingExternalFeed
*****************************************************************************
Dec 07,2015 12:32:27 [info]  open application giturl
Dec 07,2015 12:32:42 [info]  log-in into application
Dec 07,2015 12:32:43 [info]  Select Selenium Test Ford Account if not selected
Dec 07,2015 12:32:52 [info]  Go to Track > External Feed
Dec 07,2015 12:38:12 [info]  Dec 07,2015 12:38:12 [info]  <<<<<<<<<<<<<<<<<<<<<<<<<<<<<<<<<< Error message >>>>>>>>>>>>>>>>>>>>>>>>>>>>>>
java.lang.AssertionError: Element Locator ://div[@class='table']/table/tbody/tr Not found expected [true] but found [false]
	at org.testng.Assert.fail(Assert.java:94)
	at org.testng.Assert.failNotEquals(Assert.java:494)
	at org.testng.Assert.assertTrue(Assert.java:42)
	at com.primeresponse.util.DriverHelper.getSize(DriverHelper.java:268)
	at com.primeresponse.pagehelper.TrackHelper.checkRatingSorting(TrackHelper.java:664)
	at com.primeresponse.testcases.Track.Sort_RatingExternalFeed.testSort_RatingExternalFeed(Sort_RatingExternalFeed.java:43)
	at sun.reflect.NativeMethodAccessorImpl.invoke0(Native Method)
	at sun.reflect.NativeMethodAccessorImpl.invoke(Unknown Source)
	at sun.reflect.DelegatingMethodAccessorImpl.invoke(Unknown Source)
	at java.lang.reflect.Method.invoke(Unknown Source)
	at org.testng.internal.MethodInvocationHelper.invokeMethod(MethodInvocationHelper.java:84)
	at org.testng.internal.Invoker.invokeMethod(Invoker.java:714)
	at org.testng.internal.Invoker.invokeTestMethod(Invoker.java:901)
	at org.testng.internal.Invoker.invokeTestMethods(Invoker.java:1231)
	at org.testng.internal.TestMethodWorker.invokeTestMethods(TestMethodWorker.java:127)
	at org.testng.internal.TestMethodWorker.run(TestMethodWorker.java:111)
	at org.testng.TestRunner.privateRun(TestRunner.java:767)
	at org.testng.TestRunner.run(TestRunner.java:617)
	at org.testng.SuiteRunner.runTest(SuiteRunner.java:334)
	at org.testng.SuiteRunner.runSequentially(SuiteRunner.java:329)
	at org.testng.SuiteRunner.privateRun(SuiteRunner.java:291)
	at org.testng.SuiteRunner.run(SuiteRunner.java:240)
	at org.testng.SuiteRunnerWorker.runSuite(SuiteRunnerWorker.java:52)
	at org.testng.SuiteRunnerWorker.run(SuiteRunnerWorker.java:86)
	at org.testng.TestNG.runSuitesSequentially(TestNG.java:1224)
	at org.testng.TestNG.runSuitesLocally(TestNG.java:1149)
	at org.testng.TestNG.run(TestNG.java:1057)
	at org.testng.remote.RemoteTestNG.run(RemoteTestNG.java:111)
	at org.testng.remote.RemoteTestNG.initAndRun(RemoteTestNG.java:204)
	at org.testng.remote.RemoteTestNG.main(RemoteTestNG.java:175)
Dec 07,2015 12:38:12 [info]  End Execution of Test Class com.primeresponse.testcases.Track.Sort_RatingExternalFeed
*****************************************************************************

*****************************************************************************
Dec 07,2015 12:38:27 [info]   Execution Started of Test Class com.primeresponse.testcases.Track.VerifyWidgets_TrackSummary and Test method testVerifyWidgets_TrackSummary
*****************************************************************************
Dec 07,2015 12:40:06 [info]  open application giturl
Dec 07,2015 12:40:28 [info]  log-in into application
Dec 07,2015 12:40:30 [info]  Select Selenium Test Ford Account if not selected
Dec 07,2015 12:41:16 [info]  Go to Track > Summary
Dec 07,2015 12:41:27 [info]  Dec 07,2015 12:41:27 [info]  <<<<<<<<<<<<<<<<<<<<<<<<<<<<<<<<<< Error message >>>>>>>>>>>>>>>>>>>>>>>>>>>>>>
java.lang.AssertionError: expected [true] but found [false]
	at org.testng.Assert.fail(Assert.java:94)
	at org.testng.Assert.failNotEquals(Assert.java:494)
	at org.testng.Assert.assertTrue(Assert.java:42)
	at org.testng.Assert.assertTrue(Assert.java:52)
	at com.primeresponse.pagehelper.TrackHelper.verifyWidgetsTrackSummary(TrackHelper.java:111)
	at com.primeresponse.testcases.Track.VerifyWidgets_TrackSummary.testVerifyWidgets_TrackSummary(VerifyWidgets_TrackSummary.java:42)
	at sun.reflect.NativeMethodAccessorImpl.invoke0(Native Method)
	at sun.reflect.NativeMethodAccessorImpl.invoke(Unknown Source)
	at sun.reflect.DelegatingMethodAccessorImpl.invoke(Unknown Source)
	at java.lang.reflect.Method.invoke(Unknown Source)
	at org.testng.internal.MethodInvocationHelper.invokeMethod(MethodInvocationHelper.java:84)
	at org.testng.internal.Invoker.invokeMethod(Invoker.java:714)
	at org.testng.internal.Invoker.invokeTestMethod(Invoker.java:901)
	at org.testng.internal.Invoker.invokeTestMethods(Invoker.java:1231)
	at org.testng.internal.TestMethodWorker.invokeTestMethods(TestMethodWorker.java:127)
	at org.testng.internal.TestMethodWorker.run(TestMethodWorker.java:111)
	at org.testng.TestRunner.privateRun(TestRunner.java:767)
	at org.testng.TestRunner.run(TestRunner.java:617)
	at org.testng.SuiteRunner.runTest(SuiteRunner.java:334)
	at org.testng.SuiteRunner.runSequentially(SuiteRunner.java:329)
	at org.testng.SuiteRunner.privateRun(SuiteRunner.java:291)
	at org.testng.SuiteRunner.run(SuiteRunner.java:240)
	at org.testng.SuiteRunnerWorker.runSuite(SuiteRunnerWorker.java:52)
	at org.testng.SuiteRunnerWorker.run(SuiteRunnerWorker.java:86)
	at org.testng.TestNG.runSuitesSequentially(TestNG.java:1224)
	at org.testng.TestNG.runSuitesLocally(TestNG.java:1149)
	at org.testng.TestNG.run(TestNG.java:1057)
	at org.testng.remote.RemoteTestNG.run(RemoteTestNG.java:111)
	at org.testng.remote.RemoteTestNG.initAndRun(RemoteTestNG.java:204)
	at org.testng.remote.RemoteTestNG.main(RemoteTestNG.java:175)
Dec 07,2015 12:41:27 [info]  End Execution of Test Class com.primeresponse.testcases.Track.VerifyWidgets_TrackSummary
*****************************************************************************

*****************************************************************************
Dec 07,2015 13:04:23 [info]   Execution Started of Test Class com.primeresponse.testcases.Web.Sort_ReputationSiteReferralsNumberOfReviewsCol and Test method testSort_ReputationSiteReferralsNumberOfReviewsCol
*****************************************************************************
Dec 07,2015 13:05:18 [info]  open application giturl
Dec 07,2015 13:05:34 [info]  log-in into application
Dec 07,2015 13:05:35 [info]  Select Selenium Test Account if not selected
Dec 07,2015 13:05:45 [info]  Go to Web > Referral Analysis
Dec 07,2015 13:10:56 [info]  Dec 07,2015 13:10:56 [info]  <<<<<<<<<<<<<<<<<<<<<<<<<<<<<<<<<< Error message >>>>>>>>>>>>>>>>>>>>>>>>>>>>>>
java.lang.AssertionError: Element Locator ://div[@id='analytics-tracked-referrals']//th[contains(text(),'Number of Reviews')]/span Not found expected [true] but found [false]
	at org.testng.Assert.fail(Assert.java:94)
	at org.testng.Assert.failNotEquals(Assert.java:494)
	at org.testng.Assert.assertTrue(Assert.java:42)
	at com.primeresponse.util.DriverHelper.clickOn(DriverHelper.java:238)
	at com.primeresponse.pagehelper.WebHelper.sort_ReputationSiteReferralsNumberOfReviewsCol(WebHelper.java:348)
	at com.primeresponse.testcases.Web.Sort_ReputationSiteReferralsNumberOfReviewsCol.testSort_ReputationSiteReferralsNumberOfReviewsCol(Sort_ReputationSiteReferralsNumberOfReviewsCol.java:43)
	at sun.reflect.NativeMethodAccessorImpl.invoke0(Native Method)
	at sun.reflect.NativeMethodAccessorImpl.invoke(Unknown Source)
	at sun.reflect.DelegatingMethodAccessorImpl.invoke(Unknown Source)
	at java.lang.reflect.Method.invoke(Unknown Source)
	at org.testng.internal.MethodInvocationHelper.invokeMethod(MethodInvocationHelper.java:84)
	at org.testng.internal.Invoker.invokeMethod(Invoker.java:714)
	at org.testng.internal.Invoker.invokeTestMethod(Invoker.java:901)
	at org.testng.internal.Invoker.invokeTestMethods(Invoker.java:1231)
	at org.testng.internal.TestMethodWorker.invokeTestMethods(TestMethodWorker.java:127)
	at org.testng.internal.TestMethodWorker.run(TestMethodWorker.java:111)
	at org.testng.TestRunner.privateRun(TestRunner.java:767)
	at org.testng.TestRunner.run(TestRunner.java:617)
	at org.testng.SuiteRunner.runTest(SuiteRunner.java:334)
	at org.testng.SuiteRunner.runSequentially(SuiteRunner.java:329)
	at org.testng.SuiteRunner.privateRun(SuiteRunner.java:291)
	at org.testng.SuiteRunner.run(SuiteRunner.java:240)
	at org.testng.SuiteRunnerWorker.runSuite(SuiteRunnerWorker.java:52)
	at org.testng.SuiteRunnerWorker.run(SuiteRunnerWorker.java:86)
	at org.testng.TestNG.runSuitesSequentially(TestNG.java:1224)
	at org.testng.TestNG.runSuitesLocally(TestNG.java:1149)
	at org.testng.TestNG.run(TestNG.java:1057)
	at org.testng.remote.RemoteTestNG.run(RemoteTestNG.java:111)
	at org.testng.remote.RemoteTestNG.initAndRun(RemoteTestNG.java:204)
	at org.testng.remote.RemoteTestNG.main(RemoteTestNG.java:175)
Dec 07,2015 13:10:56 [info]  End Execution of Test Class com.primeresponse.testcases.Web.Sort_ReputationSiteReferralsNumberOfReviewsCol
*****************************************************************************

*****************************************************************************
Dec 07,2015 13:11:17 [info]   Execution Started of Test Class com.primeresponse.testcases.Web.Verify_CampaignReport and Test method testVerify_CampaignReport
*****************************************************************************
Dec 07,2015 13:12:44 [info]  open application giturl
Dec 07,2015 13:13:09 [info]  log-in into application
Dec 07,2015 13:13:10 [info]  Select Selenium Test Account if not selected
Dec 07,2015 13:13:19 [info]  Go to Web > Campaigns REport
Dec 07,2015 13:13:55 [info]  Verify process to create 'Google Campaigns
Dec 07,2015 13:13:55 [info]  End Execution of Test Class com.primeresponse.testcases.Web.Verify_CampaignReport
*****************************************************************************

*****************************************************************************
Dec 07,2015 13:14:12 [info]   Execution Started of Test Class com.primeresponse.testcases.Web.Sort_SocialSiteReferralBounceRateCol and Test method testSort_SocialSiteReferralBounceRateCol
*****************************************************************************
Dec 07,2015 13:15:09 [info]  open application giturl
Dec 07,2015 13:15:32 [info]  log-in into application
Dec 07,2015 13:15:33 [info]  Select Selenium Test Account if not selected
Dec 07,2015 13:15:44 [info]  Go to Web > Referral Analysis

*****************************************************************************
Dec 07,2015 13:17:34 [info]   Execution Started of Test Class com.primeresponse.testcases.Profile.DeletePageCapture_Profile and Test method testDeletePageCapture_Profile
*****************************************************************************
Dec 07,2015 13:18:55 [info]  open application giturl
Dec 07,2015 13:19:15 [info]  log-in into application
Dec 07,2015 13:19:16 [info]  Select Selenium Test Ford Account if not selected
Dec 07,2015 13:19:26 [info]  Go to Profile > PageCapture
Dec 07,2015 13:19:35 [info]  Click to delete the page capture
Dec 07,2015 13:19:36 [info]  success message
Dec 07,2015 13:19:36 [info]  End Execution of Test Class com.primeresponse.testcases.Profile.DeletePageCapture_Profile
*****************************************************************************

*****************************************************************************
Dec 07,2015 13:19:55 [info]   Execution Started of Test Class com.primeresponse.testcases.Profile.Sort_SiteDetailDescription and Test method testSort_SiteDetailDescription
*****************************************************************************
Dec 07,2015 13:21:28 [info]  open application giturl
Dec 07,2015 13:21:54 [info]  log-in into application
Dec 07,2015 13:21:55 [info]  Select Selenium Test Ford Account if not selected
Dec 07,2015 13:23:00 [info]  Verify sorting functionality of description column on Site Detail page
Dec 07,2015 13:23:00 [info]  End Execution of Test Class com.primeresponse.testcases.Profile.Sort_SiteDetailDescription
*****************************************************************************

*****************************************************************************
Dec 07,2015 13:23:13 [info]   Execution Started of Test Class com.primeresponse.testcases.Profile.Sort_SiteDetailReviews and Test method testSort_SiteDetailReviews
*****************************************************************************
Dec 07,2015 13:25:39 [info]  open application giturl
Dec 07,2015 13:26:00 [info]  log-in into application
Dec 07,2015 13:26:01 [info]  Select Selenium Test Ford Account if not selected
Dec 07,2015 13:26:46 [info]  Verify sorting functionality of reviews column on Site Detail page
Dec 07,2015 13:26:46 [info]  End Execution of Test Class com.primeresponse.testcases.Profile.Sort_SiteDetailReviews
*****************************************************************************

*****************************************************************************
Dec 07,2015 13:27:04 [info]   Execution Started of Test Class com.primeresponse.testcases.Profile.Check_SiteDetails and Test method testCheck_SiteDetails
*****************************************************************************
Dec 07,2015 13:27:47 [info]  open application giturl
Dec 07,2015 13:28:02 [info]  log-in into application
Dec 07,2015 13:28:03 [info]  Select Selenium Test Ford Account if not selected
Dec 07,2015 13:28:21 [info]  Dec 07,2015 13:28:21 [info]  <<<<<<<<<<<<<<<<<<<<<<<<<<<<<<<<<< Error message >>>>>>>>>>>>>>>>>>>>>>>>>>>>>>
java.lang.AssertionError: expected [true] but found [false]
	at org.testng.Assert.fail(Assert.java:94)
	at org.testng.Assert.failNotEquals(Assert.java:494)
	at org.testng.Assert.assertTrue(Assert.java:42)
	at org.testng.Assert.assertTrue(Assert.java:52)
	at com.primeresponse.pagehelper.ProfileHelper.check_SiteDetails(ProfileHelper.java:66)
	at com.primeresponse.testcases.Profile.Check_SiteDetails.testCheck_SiteDetails(Check_SiteDetails.java:45)
	at sun.reflect.NativeMethodAccessorImpl.invoke0(Native Method)
	at sun.reflect.NativeMethodAccessorImpl.invoke(Unknown Source)
	at sun.reflect.DelegatingMethodAccessorImpl.invoke(Unknown Source)
	at java.lang.reflect.Method.invoke(Unknown Source)
	at org.testng.internal.MethodInvocationHelper.invokeMethod(MethodInvocationHelper.java:84)
	at org.testng.internal.Invoker.invokeMethod(Invoker.java:714)
	at org.testng.internal.Invoker.invokeTestMethod(Invoker.java:901)
	at org.testng.internal.Invoker.invokeTestMethods(Invoker.java:1231)
	at org.testng.internal.TestMethodWorker.invokeTestMethods(TestMethodWorker.java:127)
	at org.testng.internal.TestMethodWorker.run(TestMethodWorker.java:111)
	at org.testng.TestRunner.privateRun(TestRunner.java:767)
	at org.testng.TestRunner.run(TestRunner.java:617)
	at org.testng.SuiteRunner.runTest(SuiteRunner.java:334)
	at org.testng.SuiteRunner.runSequentially(SuiteRunner.java:329)
	at org.testng.SuiteRunner.privateRun(SuiteRunner.java:291)
	at org.testng.SuiteRunner.run(SuiteRunner.java:240)
	at org.testng.SuiteRunnerWorker.runSuite(SuiteRunnerWorker.java:52)
	at org.testng.SuiteRunnerWorker.run(SuiteRunnerWorker.java:86)
	at org.testng.TestNG.runSuitesSequentially(TestNG.java:1224)
	at org.testng.TestNG.runSuitesLocally(TestNG.java:1149)
	at org.testng.TestNG.run(TestNG.java:1057)
	at org.testng.remote.RemoteTestNG.run(RemoteTestNG.java:111)
	at org.testng.remote.RemoteTestNG.initAndRun(RemoteTestNG.java:204)
	at org.testng.remote.RemoteTestNG.main(RemoteTestNG.java:175)
Dec 07,2015 13:28:21 [info]  End Execution of Test Class com.primeresponse.testcases.Profile.Check_SiteDetails
*****************************************************************************

*****************************************************************************
Dec 07,2015 13:28:39 [info]   Execution Started of Test Class com.primeresponse.testcases.Profile.Serp_Profile and Test method testSerp_Profile
*****************************************************************************
Dec 07,2015 13:29:56 [info]  open application giturl
Dec 07,2015 13:30:17 [info]  log-in into application
Dec 07,2015 13:30:18 [info]  Select Selenium Test Ford Account if not selected
Dec 07,2015 13:30:35 [info]  Go to Profile > SERP
Dec 07,2015 13:30:37 [info]  click on SERP link
Dec 07,2015 13:30:43 [info]  Enter SERP Details
Dec 07,2015 13:30:44 [info]  success message
Dec 07,2015 13:30:44 [info]  End Execution of Test Class com.primeresponse.testcases.Profile.Serp_Profile
*****************************************************************************

*****************************************************************************
Dec 07,2015 13:31:05 [info]   Execution Started of Test Class com.primeresponse.testcases.Profile.PageCapture_Profile and Test method testPageCapture_Profile
*****************************************************************************
Dec 07,2015 13:31:51 [info]  open application giturl
Dec 07,2015 13:32:06 [info]  log-in into application
Dec 07,2015 13:32:07 [info]  Select Selenium Test Ford Account if not selected
Dec 07,2015 13:32:15 [info]  Go to Profile > PageCapture
Dec 07,2015 13:32:17 [info]  click on new capture link
Dec 07,2015 13:32:22 [info]  Enter Page Capture Details
Dec 07,2015 13:32:22 [info]  success message
Dec 07,2015 13:32:22 [info]  End Execution of Test Class com.primeresponse.testcases.Profile.PageCapture_Profile
*****************************************************************************

*****************************************************************************
Dec 07,2015 13:32:39 [info]   Execution Started of Test Class com.primeresponse.testcases.Profile.Sort_SiteDetailSiteScore and Test method testSort_SiteDetailSiteScore
*****************************************************************************
Dec 07,2015 13:33:21 [info]  open application giturl
Dec 07,2015 13:33:35 [info]  log-in into application
Dec 07,2015 13:33:36 [info]  Select Selenium Test Ford Account if not selected
Dec 07,2015 13:34:01 [info]  Verify sorting functionality of site score column on Site Detail page
Dec 07,2015 13:34:01 [info]  End Execution of Test Class com.primeresponse.testcases.Profile.Sort_SiteDetailSiteScore
*****************************************************************************

*****************************************************************************
Dec 07,2015 13:34:16 [info]   Execution Started of Test Class com.primeresponse.testcases.Profile.Sort_SiteDetailRating and Test method testSort_SiteDetailRating
*****************************************************************************
Dec 07,2015 13:35:10 [info]  open application giturl
Dec 07,2015 13:35:25 [info]  log-in into application
Dec 07,2015 13:35:25 [info]  Select Selenium Test Ford Account if not selected
Dec 07,2015 13:35:59 [info]  Verify sorting functionality of rating column on Site Detail page
Dec 07,2015 13:35:59 [info]  End Execution of Test Class com.primeresponse.testcases.Profile.Sort_SiteDetailRating
*****************************************************************************

*****************************************************************************
Dec 07,2015 13:36:12 [info]   Execution Started of Test Class com.primeresponse.testcases.Profile.Sort_SiteDetailSource and Test method testSort_SiteDetailSource
*****************************************************************************
Dec 07,2015 13:36:55 [info]  open application giturl
Dec 07,2015 13:37:12 [info]  log-in into application
Dec 07,2015 13:37:13 [info]  Select Selenium Test Ford Account if not selected
Dec 07,2015 13:37:38 [info]  Verify sorting functionality of source column on Site Detail page
Dec 07,2015 13:37:38 [info]  End Execution of Test Class com.primeresponse.testcases.Profile.Sort_SiteDetailSource
*****************************************************************************

*****************************************************************************
Dec 07,2015 13:37:53 [info]   Execution Started of Test Class com.primeresponse.testcases.Profile.Delete_Serp and Test method testDelete_Serp
*****************************************************************************
Dec 07,2015 13:38:33 [info]  open application giturl
Dec 07,2015 13:38:51 [info]  log-in into application
Dec 07,2015 13:38:52 [info]  Select Selenium Test Ford Account if not selected
Dec 07,2015 13:39:02 [info]  Go to Profile > SERP
Dec 07,2015 13:39:11 [info]  Click to delete the SERP
Dec 07,2015 13:39:13 [info]  success message
Dec 07,2015 13:39:13 [info]  End Execution of Test Class com.primeresponse.testcases.Profile.Delete_Serp
*****************************************************************************

*****************************************************************************
Dec 07,2015 13:46:50 [info]   Execution Started of Test Class com.primeresponse.testcases.Support.Create_Report and Test method testCreate_Report
*****************************************************************************
Dec 07,2015 13:47:53 [info]  open application giturl
Dec 07,2015 13:48:12 [info]  log-in into application
Dec 07,2015 13:48:14 [info]  Select Selenium Test Ford Account if not selected
Dec 07,2015 13:48:36 [info]  Dec 07,2015 13:48:36 [info]  <<<<<<<<<<<<<<<<<<<<<<<<<<<<<<<<<< Error message >>>>>>>>>>>>>>>>>>>>>>>>>>>>>>
org.openqa.selenium.ElementNotVisibleException: Element is not currently visible and so may not be interacted with
Command duration or timeout: 5.07 seconds
Build info: version: '2.48.2', revision: '41bccdd', time: '2015-10-09 19:59:12'
System info: host: 'Raj_Nch', ip: '192.168.1.15', os.name: 'Windows 7', os.arch: 'x86', os.version: '6.1', java.version: '1.7.0_79'
Session ID: 697d7dc6-63c6-45f8-88d7-d7830c824245
Driver info: org.openqa.selenium.firefox.FirefoxDriver
Capabilities [{platform=WINDOWS, acceptSslCerts=true, javascriptEnabled=true, cssSelectorsEnabled=true, databaseEnabled=true, browserName=firefox, handlesAlerts=true, nativeEvents=false, webStorageEnabled=true, rotatable=false, locationContextEnabled=true, applicationCacheEnabled=true, takesScreenshot=true, version=42.0}]
	at sun.reflect.NativeConstructorAccessorImpl.newInstance0(Native Method)
	at sun.reflect.NativeConstructorAccessorImpl.newInstance(Unknown Source)
	at sun.reflect.DelegatingConstructorAccessorImpl.newInstance(Unknown Source)
	at java.lang.reflect.Constructor.newInstance(Unknown Source)
	at org.openqa.selenium.remote.ErrorHandler.createThrowable(ErrorHandler.java:206)
	at org.openqa.selenium.remote.ErrorHandler.throwIfResponseFailed(ErrorHandler.java:158)
	at org.openqa.selenium.remote.RemoteWebDriver.execute(RemoteWebDriver.java:647)
	at org.openqa.selenium.remote.RemoteWebElement.execute(RemoteWebElement.java:326)
	at org.openqa.selenium.remote.RemoteWebElement.click(RemoteWebElement.java:84)
	at org.openqa.selenium.support.ui.Select.setSelected(Select.java:295)
	at org.openqa.selenium.support.ui.Select.selectByVisibleText(Select.java:119)
	at com.primeresponse.util.DriverHelper.selectDropDown(DriverHelper.java:285)
	at com.primeresponse.pagehelper.SupportHelper.createReport(SupportHelper.java:201)
	at com.primeresponse.testcases.Support.Create_Report.testCreate_Report(Create_Report.java:44)
	at sun.reflect.NativeMethodAccessorImpl.invoke0(Native Method)
	at sun.reflect.NativeMethodAccessorImpl.invoke(Unknown Source)
	at sun.reflect.DelegatingMethodAccessorImpl.invoke(Unknown Source)
	at java.lang.reflect.Method.invoke(Unknown Source)
	at org.testng.internal.MethodInvocationHelper.invokeMethod(MethodInvocationHelper.java:84)
	at org.testng.internal.Invoker.invokeMethod(Invoker.java:714)
	at org.testng.internal.Invoker.invokeTestMethod(Invoker.java:901)
	at org.testng.internal.Invoker.invokeTestMethods(Invoker.java:1231)
	at org.testng.internal.TestMethodWorker.invokeTestMethods(TestMethodWorker.java:127)
	at org.testng.internal.TestMethodWorker.run(TestMethodWorker.java:111)
	at org.testng.TestRunner.privateRun(TestRunner.java:767)
	at org.testng.TestRunner.run(TestRunner.java:617)
	at org.testng.SuiteRunner.runTest(SuiteRunner.java:334)
	at org.testng.SuiteRunner.runSequentially(SuiteRunner.java:329)
	at org.testng.SuiteRunner.privateRun(SuiteRunner.java:291)
	at org.testng.SuiteRunner.run(SuiteRunner.java:240)
	at org.testng.SuiteRunnerWorker.runSuite(SuiteRunnerWorker.java:52)
	at org.testng.SuiteRunnerWorker.run(SuiteRunnerWorker.java:86)
	at org.testng.TestNG.runSuitesSequentially(TestNG.java:1224)
	at org.testng.TestNG.runSuitesLocally(TestNG.java:1149)
	at org.testng.TestNG.run(TestNG.java:1057)
	at org.testng.remote.RemoteTestNG.run(RemoteTestNG.java:111)
	at org.testng.remote.RemoteTestNG.initAndRun(RemoteTestNG.java:204)
	at org.testng.remote.RemoteTestNG.main(RemoteTestNG.java:175)
Caused by: org.openqa.selenium.ElementNotVisibleException: Element is not currently visible and so may not be interacted with
Build info: version: '2.48.2', revision: '41bccdd', time: '2015-10-09 19:59:12'
System info: host: 'Raj_Nch', ip: '192.168.1.15', os.name: 'Windows 7', os.arch: 'x86', os.version: '6.1', java.version: '1.7.0_79'
Driver info: driver.version: unknown
	at <anonymous class>.fxdriver.preconditions.visible(file:///C:/Users/Shivani/AppData/Local/Temp/anonymous8994325910204273153webdriver-profile/extensions/fxdriver@googlecode.com/components/command-processor.js:9981)
	at <anonymous class>.DelayedCommand.prototype.checkPreconditions_(file:///C:/Users/Shivani/AppData/Local/Temp/anonymous8994325910204273153webdriver-profile/extensions/fxdriver@googlecode.com/components/command-processor.js:12517)
	at <anonymous class>.DelayedCommand.prototype.executeInternal_/h(file:///C:/Users/Shivani/AppData/Local/Temp/anonymous8994325910204273153webdriver-profile/extensions/fxdriver@googlecode.com/components/command-processor.js:12534)
	at <anonymous class>.fxdriver.Timer.prototype.setTimeout/<.notify(file:///C:/Users/Shivani/AppData/Local/Temp/anonymous8994325910204273153webdriver-profile/extensions/fxdriver@googlecode.com/components/command-processor.js:621)
Dec 07,2015 13:48:36 [info]  End Execution of Test Class com.primeresponse.testcases.Support.Create_Report
*****************************************************************************

*****************************************************************************
Dec 07,2015 13:48:50 [info]   Execution Started of Test Class com.primeresponse.testcases.Support.Sort_MetricsLastDataUploadCol and Test method testSort_MetricsLastDataUploadCol
*****************************************************************************
Dec 07,2015 13:49:01 [info]  open application giturl
Dec 07,2015 13:49:17 [info]  log-in into application
Dec 07,2015 13:49:18 [info]  Select Selenium Test Ford Account if not selected
Dec 07,2015 13:51:02 [info]  Verify sorting functionality of 'Last Data Upload' column.
Dec 07,2015 13:51:02 [info]  End Execution of Test Class com.primeresponse.testcases.Support.Sort_MetricsLastDataUploadCol
*****************************************************************************

*****************************************************************************
Dec 07,2015 13:51:17 [info]   Execution Started of Test Class com.primeresponse.testcases.Support.CSVExport_AccountStatuses and Test method testCSVExport_AccountStatuses
*****************************************************************************
Dec 07,2015 13:53:15 [info]  open application giturl
Dec 07,2015 13:53:31 [info]  log-in into application
Dec 07,2015 13:53:32 [info]  Select Selenium Test Ford Account if not selected
Dec 07,2015 13:54:22 [info]  Dec 07,2015 13:54:22 [info]  <<<<<<<<<<<<<<<<<<<<<<<<<<<<<<<<<< Error message >>>>>>>>>>>>>>>>>>>>>>>>>>>>>>
java.lang.UnsatisfiedLinkError: C:\Users\Shivani\AppData\Local\Temp\tmplib\VisionProxy.dll: Can't find dependent libraries
	at java.lang.ClassLoader$NativeLibrary.load(Native Method)
	at java.lang.ClassLoader.loadLibrary1(Unknown Source)
	at java.lang.ClassLoader.loadLibrary0(Unknown Source)
	at java.lang.ClassLoader.loadLibrary(Unknown Source)
	at java.lang.Runtime.load0(Unknown Source)
	at java.lang.System.load(Unknown Source)
	at com.wapmx.nativeutils.jniloader.NativeLoader.loadLibrary(NativeLoader.java:44)
	at org.sikuli.script.Finder.<clinit>(Finder.java:33)
	at org.sikuli.script.Region.doFind(Region.java:1029)
	at org.sikuli.script.Region$RepeatableFind.run(Region.java:1232)
	at org.sikuli.script.Region$Repeatable.repeat(Region.java:1203)
	at org.sikuli.script.Region.wait(Region.java:497)
	at org.sikuli.script.Region.find(Region.java:381)
	at org.sikuli.script.Region.getLocationFromPSRML(Region.java:1129)
	at org.sikuli.script.Region.click(Region.java:606)
	at org.sikuli.script.Region.click(Region.java:593)
	at com.primeresponse.pagehelper.SupportHelper.csvExport_AccountStatuses(SupportHelper.java:387)
	at com.primeresponse.testcases.Support.CSVExport_AccountStatuses.testCSVExport_AccountStatuses(CSVExport_AccountStatuses.java:45)
	at sun.reflect.NativeMethodAccessorImpl.invoke0(Native Method)
	at sun.reflect.NativeMethodAccessorImpl.invoke(Unknown Source)
	at sun.reflect.DelegatingMethodAccessorImpl.invoke(Unknown Source)
	at java.lang.reflect.Method.invoke(Unknown Source)
	at org.testng.internal.MethodInvocationHelper.invokeMethod(MethodInvocationHelper.java:84)
	at org.testng.internal.Invoker.invokeMethod(Invoker.java:714)
	at org.testng.internal.Invoker.invokeTestMethod(Invoker.java:901)
	at org.testng.internal.Invoker.invokeTestMethods(Invoker.java:1231)
	at org.testng.internal.TestMethodWorker.invokeTestMethods(TestMethodWorker.java:127)
	at org.testng.internal.TestMethodWorker.run(TestMethodWorker.java:111)
	at org.testng.TestRunner.privateRun(TestRunner.java:767)
	at org.testng.TestRunner.run(TestRunner.java:617)
	at org.testng.SuiteRunner.runTest(SuiteRunner.java:334)
	at org.testng.SuiteRunner.runSequentially(SuiteRunner.java:329)
	at org.testng.SuiteRunner.privateRun(SuiteRunner.java:291)
	at org.testng.SuiteRunner.run(SuiteRunner.java:240)
	at org.testng.SuiteRunnerWorker.runSuite(SuiteRunnerWorker.java:52)
	at org.testng.SuiteRunnerWorker.run(SuiteRunnerWorker.java:86)
	at org.testng.TestNG.runSuitesSequentially(TestNG.java:1224)
	at org.testng.TestNG.runSuitesLocally(TestNG.java:1149)
	at org.testng.TestNG.run(TestNG.java:1057)
	at org.testng.remote.RemoteTestNG.run(RemoteTestNG.java:111)
	at org.testng.remote.RemoteTestNG.initAndRun(RemoteTestNG.java:204)
	at org.testng.remote.RemoteTestNG.main(RemoteTestNG.java:175)
Dec 07,2015 13:54:22 [info]  End Execution of Test Class com.primeresponse.testcases.Support.CSVExport_AccountStatuses
*****************************************************************************

*****************************************************************************
Dec 07,2015 13:54:38 [info]   Execution Started of Test Class com.primeresponse.testcases.Support.Sort_MetricsEmailSentCol and Test method testSort_MetricsEmailSentCol
*****************************************************************************
Dec 07,2015 13:55:17 [info]  open application giturl
Dec 07,2015 13:55:31 [info]  log-in into application
Dec 07,2015 13:55:32 [info]  Select Selenium Test Ford Account if not selected
Dec 07,2015 13:57:16 [info]  Verify process of sorting Email sent column
Dec 07,2015 13:57:16 [info]  End Execution of Test Class com.primeresponse.testcases.Support.Sort_MetricsEmailSentCol
*****************************************************************************

*****************************************************************************
Dec 07,2015 13:57:30 [info]   Execution Started of Test Class com.primeresponse.testcases.Support.Delete_Goals and Test method testDelete_Goals
*****************************************************************************
Dec 07,2015 13:58:05 [info]  open application giturl
Dec 07,2015 13:58:24 [info]  log-in into application
Dec 07,2015 13:58:25 [info]  Select Selenium Test Ford Account if not selected
Dec 07,2015 13:58:32 [info]  Verify process of creating new goals.
Dec 07,2015 13:58:36 [info]  success message
Dec 07,2015 13:58:36 [info]  End Execution of Test Class com.primeresponse.testcases.Support.Delete_Goals
*****************************************************************************

*****************************************************************************
Dec 07,2015 13:58:51 [info]   Execution Started of Test Class com.primeresponse.testcases.Support.Sort_MetricsAccountCol and Test method testSort_MetricsAccountCol
*****************************************************************************
Dec 07,2015 13:59:15 [info]  open application giturl
Dec 07,2015 13:59:30 [info]  log-in into application
Dec 07,2015 13:59:32 [info]  Select Selenium Test Ford Account if not selected
Dec 07,2015 14:01:09 [info]  Verify sorting functionality of 'Account' column 
Dec 07,2015 14:01:09 [info]  End Execution of Test Class com.primeresponse.testcases.Support.Sort_MetricsAccountCol
*****************************************************************************

*****************************************************************************
Dec 07,2015 14:01:23 [info]   Execution Started of Test Class com.primeresponse.testcases.Support.Generate_PdfReport and Test method testGenerate_PdfReport
*****************************************************************************
Dec 07,2015 14:02:06 [info]  open application giturl
Dec 07,2015 14:02:21 [info]  log-in into application
Dec 07,2015 14:02:22 [info]  Select Selenium Test Ford Account if not selected
Dec 07,2015 14:02:33 [info]  Dec 07,2015 14:02:33 [info]  <<<<<<<<<<<<<<<<<<<<<<<<<<<<<<<<<< Error message >>>>>>>>>>>>>>>>>>>>>>>>>>>>>>
java.lang.AssertionError: expected [true] but found [false]
	at org.testng.Assert.fail(Assert.java:94)
	at org.testng.Assert.failNotEquals(Assert.java:494)
	at org.testng.Assert.assertTrue(Assert.java:42)
	at org.testng.Assert.assertTrue(Assert.java:52)
	at com.primeresponse.pagehelper.SupportHelper.generate_PdfReport(SupportHelper.java:946)
	at com.primeresponse.testcases.Support.Generate_PdfReport.testGenerate_PdfReport(Generate_PdfReport.java:44)
	at sun.reflect.NativeMethodAccessorImpl.invoke0(Native Method)
	at sun.reflect.NativeMethodAccessorImpl.invoke(Unknown Source)
	at sun.reflect.DelegatingMethodAccessorImpl.invoke(Unknown Source)
	at java.lang.reflect.Method.invoke(Unknown Source)
	at org.testng.internal.MethodInvocationHelper.invokeMethod(MethodInvocationHelper.java:84)
	at org.testng.internal.Invoker.invokeMethod(Invoker.java:714)
	at org.testng.internal.Invoker.invokeTestMethod(Invoker.java:901)
	at org.testng.internal.Invoker.invokeTestMethods(Invoker.java:1231)
	at org.testng.internal.TestMethodWorker.invokeTestMethods(TestMethodWorker.java:127)
	at org.testng.internal.TestMethodWorker.run(TestMethodWorker.java:111)
	at org.testng.TestRunner.privateRun(TestRunner.java:767)
	at org.testng.TestRunner.run(TestRunner.java:617)
	at org.testng.SuiteRunner.runTest(SuiteRunner.java:334)
	at org.testng.SuiteRunner.runSequentially(SuiteRunner.java:329)
	at org.testng.SuiteRunner.privateRun(SuiteRunner.java:291)
	at org.testng.SuiteRunner.run(SuiteRunner.java:240)
	at org.testng.SuiteRunnerWorker.runSuite(SuiteRunnerWorker.java:52)
	at org.testng.SuiteRunnerWorker.run(SuiteRunnerWorker.java:86)
	at org.testng.TestNG.runSuitesSequentially(TestNG.java:1224)
	at org.testng.TestNG.runSuitesLocally(TestNG.java:1149)
	at org.testng.TestNG.run(TestNG.java:1057)
	at org.testng.remote.RemoteTestNG.run(RemoteTestNG.java:111)
	at org.testng.remote.RemoteTestNG.initAndRun(RemoteTestNG.java:204)
	at org.testng.remote.RemoteTestNG.main(RemoteTestNG.java:175)
Dec 07,2015 14:02:33 [info]  End Execution of Test Class com.primeresponse.testcases.Support.Generate_PdfReport
*****************************************************************************

*****************************************************************************
Dec 07,2015 14:02:44 [info]   Execution Started of Test Class com.primeresponse.testcases.Support.Pdf_DownloadEngagementReport and Test method testPdf_DownloadEngagementReport
*****************************************************************************
Dec 07,2015 14:03:18 [info]  open application giturl
Dec 07,2015 14:03:34 [info]  log-in into application
Dec 07,2015 14:03:35 [info]  Select Selenium Test Ford Account if not selected
Dec 07,2015 14:05:22 [info]  Verify filter functionality of Engagement dashboard
Dec 07,2015 14:06:21 [info]  Dec 07,2015 14:06:21 [info]  <<<<<<<<<<<<<<<<<<<<<<<<<<<<<<<<<< Error message >>>>>>>>>>>>>>>>>>>>>>>>>>>>>>
java.lang.AssertionError: expected [true] but found [false]
	at org.testng.Assert.fail(Assert.java:94)
	at org.testng.Assert.failNotEquals(Assert.java:494)
	at org.testng.Assert.assertTrue(Assert.java:42)
	at org.testng.Assert.assertTrue(Assert.java:52)
	at com.primeresponse.pagehelper.SupportHelper.pdf_DownloadEngagementReport(SupportHelper.java:369)
	at com.primeresponse.testcases.Support.Pdf_DownloadEngagementReport.testPdf_DownloadEngagementReport(Pdf_DownloadEngagementReport.java:49)
	at sun.reflect.NativeMethodAccessorImpl.invoke0(Native Method)
	at sun.reflect.NativeMethodAccessorImpl.invoke(Unknown Source)
	at sun.reflect.DelegatingMethodAccessorImpl.invoke(Unknown Source)
	at java.lang.reflect.Method.invoke(Unknown Source)
	at org.testng.internal.MethodInvocationHelper.invokeMethod(MethodInvocationHelper.java:84)
	at org.testng.internal.Invoker.invokeMethod(Invoker.java:714)
	at org.testng.internal.Invoker.invokeTestMethod(Invoker.java:901)
	at org.testng.internal.Invoker.invokeTestMethods(Invoker.java:1231)
	at org.testng.internal.TestMethodWorker.invokeTestMethods(TestMethodWorker.java:127)
	at org.testng.internal.TestMethodWorker.run(TestMethodWorker.java:111)
	at org.testng.TestRunner.privateRun(TestRunner.java:767)
	at org.testng.TestRunner.run(TestRunner.java:617)
	at org.testng.SuiteRunner.runTest(SuiteRunner.java:334)
	at org.testng.SuiteRunner.runSequentially(SuiteRunner.java:329)
	at org.testng.SuiteRunner.privateRun(SuiteRunner.java:291)
	at org.testng.SuiteRunner.run(SuiteRunner.java:240)
	at org.testng.SuiteRunnerWorker.runSuite(SuiteRunnerWorker.java:52)
	at org.testng.SuiteRunnerWorker.run(SuiteRunnerWorker.java:86)
	at org.testng.TestNG.runSuitesSequentially(TestNG.java:1224)
	at org.testng.TestNG.runSuitesLocally(TestNG.java:1149)
	at org.testng.TestNG.run(TestNG.java:1057)
	at org.testng.remote.RemoteTestNG.run(RemoteTestNG.java:111)
	at org.testng.remote.RemoteTestNG.initAndRun(RemoteTestNG.java:204)
	at org.testng.remote.RemoteTestNG.main(RemoteTestNG.java:175)
Dec 07,2015 14:06:21 [info]  End Execution of Test Class com.primeresponse.testcases.Support.Pdf_DownloadEngagementReport
*****************************************************************************

*****************************************************************************
Dec 07,2015 14:06:37 [info]   Execution Started of Test Class com.primeresponse.testcases.Support.Delete_Communication and Test method testDelete_Communication
*****************************************************************************
Dec 07,2015 14:08:38 [info]  open application giturl
Dec 07,2015 14:08:56 [info]  log-in into application
Dec 07,2015 14:08:57 [info]  Select Selenium Test Ford Account if not selected
Dec 07,2015 14:09:04 [info]  Delete white lable
Dec 07,2015 14:09:07 [info]  success message
Dec 07,2015 14:09:07 [info]  End Execution of Test Class com.primeresponse.testcases.Support.Delete_Communication
*****************************************************************************

*****************************************************************************
Dec 07,2015 14:09:21 [info]   Execution Started of Test Class com.primeresponse.testcases.Support.Verify_DrillDownToAccount and Test method testVerify_DrillDownToAccount
*****************************************************************************
Dec 07,2015 14:10:51 [info]  open application giturl
Dec 07,2015 14:11:06 [info]  log-in into application
Dec 07,2015 14:11:07 [info]  Select Selenium Test Ford Account if not selected
Dec 07,2015 14:12:20 [info]  Verify process of drill down to account.
Dec 07,2015 14:12:20 [info]  End Execution of Test Class com.primeresponse.testcases.Support.Verify_DrillDownToAccount
*****************************************************************************

*****************************************************************************
Dec 07,2015 14:12:37 [info]   Execution Started of Test Class com.primeresponse.testcases.Support.Sort_MetricsVerticalsCol and Test method testSort_MetricsVerticalsCol
*****************************************************************************
Dec 07,2015 14:13:21 [info]  open application giturl
Dec 07,2015 14:13:42 [info]  log-in into application
Dec 07,2015 14:13:43 [info]  Select Selenium Test Ford Account if not selected
Dec 07,2015 14:15:18 [info]  Verify process of sorting verticals column
Dec 07,2015 14:15:18 [info]  End Execution of Test Class com.primeresponse.testcases.Support.Sort_MetricsVerticalsCol
*****************************************************************************

*****************************************************************************
Dec 07,2015 14:15:32 [info]   Execution Started of Test Class com.primeresponse.testcases.Support.Create_Goals and Test method testCreate_Goals
*****************************************************************************
Dec 07,2015 14:16:18 [info]  open application giturl
Dec 07,2015 14:16:42 [info]  log-in into application
Dec 07,2015 14:16:43 [info]  Select Selenium Test Ford Account if not selected
Dec 07,2015 14:17:07 [info]  Verify process of creating new goals.
Dec 07,2015 14:17:08 [info]  success message
Dec 07,2015 14:17:08 [info]  End Execution of Test Class com.primeresponse.testcases.Support.Create_Goals
*****************************************************************************

*****************************************************************************
Dec 07,2015 14:17:21 [info]   Execution Started of Test Class com.primeresponse.testcases.Support.Add_Communication and Test method testAdd_Communication
*****************************************************************************
Dec 07,2015 14:17:40 [info]  open application giturl
Dec 07,2015 14:17:56 [info]  log-in into application
Dec 07,2015 14:17:57 [info]  Select Selenium Test Ford Account if not selected
Dec 07,2015 14:18:27 [info]  Enter all details and submit it
Dec 07,2015 14:18:27 [info]  success message
Dec 07,2015 14:18:27 [info]  End Execution of Test Class com.primeresponse.testcases.Support.Add_Communication
*****************************************************************************

*****************************************************************************
Dec 07,2015 14:18:41 [info]   Execution Started of Test Class com.primeresponse.testcases.Support.Filter_ConversionRatesDrilldown and Test method testFilter_ConversionRatesDrilldown
*****************************************************************************
Dec 07,2015 14:20:39 [info]  open application giturl
Dec 07,2015 14:20:58 [info]  log-in into application
Dec 07,2015 14:21:00 [info]  Select Selenium Test Ford Account if not selected
Dec 07,2015 14:22:35 [info]  Verify filter functionality of conversion rates by randomly selecting resolutions
Dec 07,2015 14:22:35 [info]  End Execution of Test Class com.primeresponse.testcases.Support.Filter_ConversionRatesDrilldown
*****************************************************************************

*****************************************************************************
Dec 07,2015 14:22:52 [info]   Execution Started of Test Class com.primeresponse.testcases.Support.Sort_MetricsExternalReviewsCol and Test method testSort_MetricsExternalReviewsCol
*****************************************************************************
Dec 07,2015 14:23:28 [info]  open application giturl
Dec 07,2015 14:23:46 [info]  log-in into application
Dec 07,2015 14:23:47 [info]  Select Selenium Test Ford Account if not selected
Dec 07,2015 14:25:34 [info]  Verify sorting functionality of 'External Reviews' column 
Dec 07,2015 14:25:34 [info]  End Execution of Test Class com.primeresponse.testcases.Support.Sort_MetricsExternalReviewsCol
*****************************************************************************

*****************************************************************************
Dec 07,2015 14:25:45 [info]   Execution Started of Test Class com.primeresponse.testcases.Support.Verify_ReportsOverView and Test method testVerify_ReportsOverView
*****************************************************************************
Dec 07,2015 14:26:02 [info]  open application giturl
Dec 07,2015 14:26:17 [info]  log-in into application
Dec 07,2015 14:26:18 [info]  Select Selenium Test Ford Account if not selected
Dec 07,2015 14:26:32 [info]  Dec 07,2015 14:26:32 [info]  <<<<<<<<<<<<<<<<<<<<<<<<<<<<<<<<<< Error message >>>>>>>>>>>>>>>>>>>>>>>>>>>>>>
java.lang.AssertionError: expected [true] but found [false]
	at org.testng.Assert.fail(Assert.java:94)
	at org.testng.Assert.failNotEquals(Assert.java:494)
	at org.testng.Assert.assertTrue(Assert.java:42)
	at org.testng.Assert.assertTrue(Assert.java:52)
	at com.primeresponse.pagehelper.SupportHelper.verify_ReportsOverView(SupportHelper.java:957)
	at com.primeresponse.testcases.Support.Verify_ReportsOverView.testVerify_ReportsOverView(Verify_ReportsOverView.java:43)
	at sun.reflect.NativeMethodAccessorImpl.invoke0(Native Method)
	at sun.reflect.NativeMethodAccessorImpl.invoke(Unknown Source)
	at sun.reflect.DelegatingMethodAccessorImpl.invoke(Unknown Source)
	at java.lang.reflect.Method.invoke(Unknown Source)
	at org.testng.internal.MethodInvocationHelper.invokeMethod(MethodInvocationHelper.java:84)
	at org.testng.internal.Invoker.invokeMethod(Invoker.java:714)
	at org.testng.internal.Invoker.invokeTestMethod(Invoker.java:901)
	at org.testng.internal.Invoker.invokeTestMethods(Invoker.java:1231)
	at org.testng.internal.TestMethodWorker.invokeTestMethods(TestMethodWorker.java:127)
	at org.testng.internal.TestMethodWorker.run(TestMethodWorker.java:111)
	at org.testng.TestRunner.privateRun(TestRunner.java:767)
	at org.testng.TestRunner.run(TestRunner.java:617)
	at org.testng.SuiteRunner.runTest(SuiteRunner.java:334)
	at org.testng.SuiteRunner.runSequentially(SuiteRunner.java:329)
	at org.testng.SuiteRunner.privateRun(SuiteRunner.java:291)
	at org.testng.SuiteRunner.run(SuiteRunner.java:240)
	at org.testng.SuiteRunnerWorker.runSuite(SuiteRunnerWorker.java:52)
	at org.testng.SuiteRunnerWorker.run(SuiteRunnerWorker.java:86)
	at org.testng.TestNG.runSuitesSequentially(TestNG.java:1224)
	at org.testng.TestNG.runSuitesLocally(TestNG.java:1149)
	at org.testng.TestNG.run(TestNG.java:1057)
	at org.testng.remote.RemoteTestNG.run(RemoteTestNG.java:111)
	at org.testng.remote.RemoteTestNG.initAndRun(RemoteTestNG.java:204)
	at org.testng.remote.RemoteTestNG.main(RemoteTestNG.java:175)
Dec 07,2015 14:26:32 [info]  End Execution of Test Class com.primeresponse.testcases.Support.Verify_ReportsOverView
*****************************************************************************

*****************************************************************************
Dec 07,2015 14:26:46 [info]   Execution Started of Test Class com.primeresponse.testcases.Support.Filter_Engagement and Test method testFilter_Engagement
*****************************************************************************
Dec 07,2015 14:28:46 [info]  open application giturl
Dec 07,2015 14:29:04 [info]  log-in into application
Dec 07,2015 14:29:06 [info]  Select Selenium Test Ford Account if not selected
Dec 07,2015 14:30:55 [info]  Verify filter functionality of Engagement dashboard
Dec 07,2015 14:30:55 [info]  End Execution of Test Class com.primeresponse.testcases.Support.Filter_Engagement
*****************************************************************************

*****************************************************************************
Dec 07,2015 14:31:08 [info]   Execution Started of Test Class com.primeresponse.testcases.Support.Sort_AccountStatuses_DateCol and Test method testSort_AccountStatuses_DateCol
*****************************************************************************
Dec 07,2015 14:31:18 [info]  open application giturl
Dec 07,2015 14:31:34 [info]  log-in into application
Dec 07,2015 14:31:36 [info]  Select Selenium Test Ford Account if not selected
Dec 07,2015 14:54:59 [info]  Verify sorting functionality of date column on Support > Account Statuses page.
Dec 07,2015 14:54:59 [info]  End Execution of Test Class com.primeresponse.testcases.Support.Sort_AccountStatuses_DateCol
*****************************************************************************

*****************************************************************************
Dec 07,2015 14:55:11 [info]   Execution Started of Test Class com.primeresponse.testcases.Support.Verify_ReportsEmailToMe and Test method testVerify_ReportsEmailToMe
*****************************************************************************
Dec 07,2015 14:55:28 [info]  open application giturl
Dec 07,2015 14:55:44 [info]  log-in into application
Dec 07,2015 14:55:45 [info]  Select Selenium Test Ford Account if not selected
Dec 07,2015 14:55:49 [info]  Verify process of sending reports to recipients
Dec 07,2015 14:55:53 [info]  success message
Dec 07,2015 14:55:53 [info]  End Execution of Test Class com.primeresponse.testcases.Support.Verify_ReportsEmailToMe
*****************************************************************************

*****************************************************************************
Dec 07,2015 14:56:07 [info]   Execution Started of Test Class com.primeresponse.testcases.Support.Create_Note and Test method testCreate_Note
*****************************************************************************
Dec 07,2015 14:56:30 [info]  open application giturl
Dec 07,2015 14:56:50 [info]  log-in into application
Dec 07,2015 14:56:51 [info]  Select Selenium Test Ford Account if not selected
Dec 07,2015 14:57:12 [info]   Enter Note details and submit it
Dec 07,2015 14:57:13 [info]  success message
Dec 07,2015 14:57:13 [info]  End Execution of Test Class com.primeresponse.testcases.Support.Create_Note
*****************************************************************************

*****************************************************************************
Dec 07,2015 14:57:26 [info]   Execution Started of Test Class com.primeresponse.testcases.Support.Add_Communication_UsingTopButton and Test method testAdd_Communication_UsingTopButton
*****************************************************************************
Dec 07,2015 14:57:40 [info]  open application giturl
Dec 07,2015 14:57:56 [info]  log-in into application
Dec 07,2015 14:57:57 [info]  Select Selenium Test Ford Account if not selected
Dec 07,2015 14:58:19 [info]  Enter all details using top icon and submit it
Dec 07,2015 14:58:19 [info]  success message
Dec 07,2015 14:58:19 [info]  End Execution of Test Class com.primeresponse.testcases.Support.Add_Communication_UsingTopButton
*****************************************************************************

*****************************************************************************
Dec 07,2015 14:58:34 [info]   Execution Started of Test Class com.primeresponse.testcases.Support.Verify_EngagementReport and Test method testVerify_EngagementReport
*****************************************************************************
Dec 07,2015 14:59:37 [info]  open application giturl
Dec 07,2015 14:59:52 [info]  log-in into application
Dec 07,2015 14:59:53 [info]  Select Selenium Test Ford Account if not selected
Dec 07,2015 15:01:34 [info]  Verify filter functionality of Engagement dashboard
Dec 07,2015 15:01:41 [info]  Verify filter functionality of conversion rates by randomly selecting resolutions
Dec 07,2015 15:01:41 [info]  End Execution of Test Class com.primeresponse.testcases.Support.Verify_EngagementReport
*****************************************************************************

*****************************************************************************
Dec 07,2015 15:01:53 [info]   Execution Started of Test Class com.primeresponse.testcases.Support.Create_Note_UsingTopIcon and Test method testCreate_Note_UsingTopIcon
*****************************************************************************
Dec 07,2015 15:03:12 [info]  open application giturl
Dec 07,2015 15:03:28 [info]  log-in into application
Dec 07,2015 15:03:29 [info]  Select Selenium Test Ford Account if not selected
Dec 07,2015 15:08:42 [info]  Dec 07,2015 15:08:42 [info]  <<<<<<<<<<<<<<<<<<<<<<<<<<<<<<<<<< Error message >>>>>>>>>>>>>>>>>>>>>>>>>>>>>>
java.lang.AssertionError: Element Locator ://a[@data-original-title='Submit a new note.']/span[contains(@class,'icon-caret-down')] Not found expected [true] but found [false]
	at org.testng.Assert.fail(Assert.java:94)
	at org.testng.Assert.failNotEquals(Assert.java:494)
	at org.testng.Assert.assertTrue(Assert.java:42)
	at com.primeresponse.util.DriverHelper.clickOn(DriverHelper.java:238)
	at com.primeresponse.pagehelper.HeaderHelper.clickOnNewNoteIcon(HeaderHelper.java:86)
	at com.primeresponse.testcases.Support.Create_Note_UsingTopIcon.testCreate_Note_UsingTopIcon(Create_Note_UsingTopIcon.java:39)
	at sun.reflect.NativeMethodAccessorImpl.invoke0(Native Method)
	at sun.reflect.NativeMethodAccessorImpl.invoke(Unknown Source)
	at sun.reflect.DelegatingMethodAccessorImpl.invoke(Unknown Source)
	at java.lang.reflect.Method.invoke(Unknown Source)
	at org.testng.internal.MethodInvocationHelper.invokeMethod(MethodInvocationHelper.java:84)
	at org.testng.internal.Invoker.invokeMethod(Invoker.java:714)
	at org.testng.internal.Invoker.invokeTestMethod(Invoker.java:901)
	at org.testng.internal.Invoker.invokeTestMethods(Invoker.java:1231)
	at org.testng.internal.TestMethodWorker.invokeTestMethods(TestMethodWorker.java:127)
	at org.testng.internal.TestMethodWorker.run(TestMethodWorker.java:111)
	at org.testng.TestRunner.privateRun(TestRunner.java:767)
	at org.testng.TestRunner.run(TestRunner.java:617)
	at org.testng.SuiteRunner.runTest(SuiteRunner.java:334)
	at org.testng.SuiteRunner.runSequentially(SuiteRunner.java:329)
	at org.testng.SuiteRunner.privateRun(SuiteRunner.java:291)
	at org.testng.SuiteRunner.run(SuiteRunner.java:240)
	at org.testng.SuiteRunnerWorker.runSuite(SuiteRunnerWorker.java:52)
	at org.testng.SuiteRunnerWorker.run(SuiteRunnerWorker.java:86)
	at org.testng.TestNG.runSuitesSequentially(TestNG.java:1224)
	at org.testng.TestNG.runSuitesLocally(TestNG.java:1149)
	at org.testng.TestNG.run(TestNG.java:1057)
	at org.testng.remote.RemoteTestNG.run(RemoteTestNG.java:111)
	at org.testng.remote.RemoteTestNG.initAndRun(RemoteTestNG.java:204)
	at org.testng.remote.RemoteTestNG.main(RemoteTestNG.java:175)
Dec 07,2015 15:08:42 [info]  End Execution of Test Class com.primeresponse.testcases.Support.Create_Note_UsingTopIcon
*****************************************************************************

*****************************************************************************
Dec 07,2015 15:08:58 [info]   Execution Started of Test Class com.primeresponse.testcases.Support.Pdf_DownloadConversionRates and Test method testPdf_DownloadConversionRates
*****************************************************************************
Dec 07,2015 15:09:59 [info]  open application giturl
Dec 07,2015 15:10:14 [info]  log-in into application
Dec 07,2015 15:10:15 [info]  Select Selenium Test Ford Account if not selected
Dec 07,2015 15:11:06 [info]  Dec 07,2015 15:11:06 [info]  <<<<<<<<<<<<<<<<<<<<<<<<<<<<<<<<<< Error message >>>>>>>>>>>>>>>>>>>>>>>>>>>>>>
java.lang.AssertionError: expected [true] but found [false]
	at org.testng.Assert.fail(Assert.java:94)
	at org.testng.Assert.failNotEquals(Assert.java:494)
	at org.testng.Assert.assertTrue(Assert.java:42)
	at org.testng.Assert.assertTrue(Assert.java:52)
	at com.primeresponse.pagehelper.SupportHelper.pdf_DownloadConversionRates(SupportHelper.java:1094)
	at com.primeresponse.testcases.Support.Pdf_DownloadConversionRates.testPdf_DownloadConversionRates(Pdf_DownloadConversionRates.java:44)
	at sun.reflect.NativeMethodAccessorImpl.invoke0(Native Method)
	at sun.reflect.NativeMethodAccessorImpl.invoke(Unknown Source)
	at sun.reflect.DelegatingMethodAccessorImpl.invoke(Unknown Source)
	at java.lang.reflect.Method.invoke(Unknown Source)
	at org.testng.internal.MethodInvocationHelper.invokeMethod(MethodInvocationHelper.java:84)
	at org.testng.internal.Invoker.invokeMethod(Invoker.java:714)
	at org.testng.internal.Invoker.invokeTestMethod(Invoker.java:901)
	at org.testng.internal.Invoker.invokeTestMethods(Invoker.java:1231)
	at org.testng.internal.TestMethodWorker.invokeTestMethods(TestMethodWorker.java:127)
	at org.testng.internal.TestMethodWorker.run(TestMethodWorker.java:111)
	at org.testng.TestRunner.privateRun(TestRunner.java:767)
	at org.testng.TestRunner.run(TestRunner.java:617)
	at org.testng.SuiteRunner.runTest(SuiteRunner.java:334)
	at org.testng.SuiteRunner.runSequentially(SuiteRunner.java:329)
	at org.testng.SuiteRunner.privateRun(SuiteRunner.java:291)
	at org.testng.SuiteRunner.run(SuiteRunner.java:240)
	at org.testng.SuiteRunnerWorker.runSuite(SuiteRunnerWorker.java:52)
	at org.testng.SuiteRunnerWorker.run(SuiteRunnerWorker.java:86)
	at org.testng.TestNG.runSuitesSequentially(TestNG.java:1224)
	at org.testng.TestNG.runSuitesLocally(TestNG.java:1149)
	at org.testng.TestNG.run(TestNG.java:1057)
	at org.testng.remote.RemoteTestNG.run(RemoteTestNG.java:111)
	at org.testng.remote.RemoteTestNG.initAndRun(RemoteTestNG.java:204)
	at org.testng.remote.RemoteTestNG.main(RemoteTestNG.java:175)
Dec 07,2015 15:11:06 [info]  End Execution of Test Class com.primeresponse.testcases.Support.Pdf_DownloadConversionRates
*****************************************************************************

*****************************************************************************
Dec 07,2015 15:11:21 [info]   Execution Started of Test Class com.primeresponse.testcases.Support.Sort_MetricsLastSupportCol and Test method testSort_MetricsLastSupportCol
*****************************************************************************
Dec 07,2015 15:12:21 [info]  open application giturl
Dec 07,2015 15:12:38 [info]  log-in into application
Dec 07,2015 15:12:39 [info]  Select Selenium Test Ford Account if not selected
Dec 07,2015 15:14:20 [info]  Verify sorting functionality of 'Last Support' column
Dec 07,2015 15:14:20 [info]  End Execution of Test Class com.primeresponse.testcases.Support.Sort_MetricsLastSupportCol
*****************************************************************************

*****************************************************************************
Dec 07,2015 15:14:34 [info]   Execution Started of Test Class com.primeresponse.testcases.Support.Delete_Note and Test method testDelete_Note
*****************************************************************************
Dec 07,2015 15:15:35 [info]  open application giturl
Dec 07,2015 15:15:52 [info]  log-in into application
Dec 07,2015 15:15:54 [info]  Select Selenium Test Ford Account if not selected
Dec 07,2015 15:21:07 [info]  Dec 07,2015 15:21:07 [info]  <<<<<<<<<<<<<<<<<<<<<<<<<<<<<<<<<< Error message >>>>>>>>>>>>>>>>>>>>>>>>>>>>>>
java.lang.AssertionError: Element Locator ://tbody[@id='support-notes']/tr[1]/td[2]/div[1]/div Not found expected [true] but found [false]
	at org.testng.Assert.fail(Assert.java:94)
	at org.testng.Assert.failNotEquals(Assert.java:494)
	at org.testng.Assert.assertTrue(Assert.java:42)
	at com.primeresponse.util.DriverHelper.getText(DriverHelper.java:305)
	at com.primeresponse.pagehelper.SupportHelper.deleteNote(SupportHelper.java:152)
	at com.primeresponse.testcases.Support.Delete_Note.testDelete_Note(Delete_Note.java:44)
	at sun.reflect.NativeMethodAccessorImpl.invoke0(Native Method)
	at sun.reflect.NativeMethodAccessorImpl.invoke(Unknown Source)
	at sun.reflect.DelegatingMethodAccessorImpl.invoke(Unknown Source)
	at java.lang.reflect.Method.invoke(Unknown Source)
	at org.testng.internal.MethodInvocationHelper.invokeMethod(MethodInvocationHelper.java:84)
	at org.testng.internal.Invoker.invokeMethod(Invoker.java:714)
	at org.testng.internal.Invoker.invokeTestMethod(Invoker.java:901)
	at org.testng.internal.Invoker.invokeTestMethods(Invoker.java:1231)
	at org.testng.internal.TestMethodWorker.invokeTestMethods(TestMethodWorker.java:127)
	at org.testng.internal.TestMethodWorker.run(TestMethodWorker.java:111)
	at org.testng.TestRunner.privateRun(TestRunner.java:767)
	at org.testng.TestRunner.run(TestRunner.java:617)
	at org.testng.SuiteRunner.runTest(SuiteRunner.java:334)
	at org.testng.SuiteRunner.runSequentially(SuiteRunner.java:329)
	at org.testng.SuiteRunner.privateRun(SuiteRunner.java:291)
	at org.testng.SuiteRunner.run(SuiteRunner.java:240)
	at org.testng.SuiteRunnerWorker.runSuite(SuiteRunnerWorker.java:52)
	at org.testng.SuiteRunnerWorker.run(SuiteRunnerWorker.java:86)
	at org.testng.TestNG.runSuitesSequentially(TestNG.java:1224)
	at org.testng.TestNG.runSuitesLocally(TestNG.java:1149)
	at org.testng.TestNG.run(TestNG.java:1057)
	at org.testng.remote.RemoteTestNG.run(RemoteTestNG.java:111)
	at org.testng.remote.RemoteTestNG.initAndRun(RemoteTestNG.java:204)
	at org.testng.remote.RemoteTestNG.main(RemoteTestNG.java:175)
Dec 07,2015 15:21:07 [info]  End Execution of Test Class com.primeresponse.testcases.Support.Delete_Note
*****************************************************************************

*****************************************************************************
Dec 07,2015 15:21:21 [info]   Execution Started of Test Class com.primeresponse.testcases.Support.Sort_AccountStatuses_VerticalCol and Test method testSort_AccountStatuses_VerticalCol
*****************************************************************************
Dec 07,2015 15:23:09 [info]  open application giturl
Dec 07,2015 15:23:27 [info]  log-in into application
Dec 07,2015 15:23:28 [info]  Select Selenium Test Ford Account if not selected
Dec 07,2015 15:47:14 [info]  Verify sorting functionality of vertical column on Support > Account Statuses page
Dec 07,2015 15:47:14 [info]  End Execution of Test Class com.primeresponse.testcases.Support.Sort_AccountStatuses_VerticalCol
*****************************************************************************

*****************************************************************************
Dec 07,2015 15:47:29 [info]   Execution Started of Test Class com.primeresponse.testcases.Support.Delete_Report and Test method testDelete_Report
*****************************************************************************
Dec 07,2015 15:48:18 [info]  open application giturl
Dec 07,2015 15:48:40 [info]  log-in into application
Dec 07,2015 15:48:41 [info]  Select Selenium Test Ford Account if not selected
Dec 07,2015 15:53:57 [info]  Dec 07,2015 15:53:57 [info]  <<<<<<<<<<<<<<<<<<<<<<<<<<<<<<<<<< Error message >>>>>>>>>>>>>>>>>>>>>>>>>>>>>>
java.lang.AssertionError: Element Locator ://tbody[@id='support-reports']/tr[7]/td[1] Not found expected [true] but found [false]
	at org.testng.Assert.fail(Assert.java:94)
	at org.testng.Assert.failNotEquals(Assert.java:494)
	at org.testng.Assert.assertTrue(Assert.java:42)
	at com.primeresponse.util.DriverHelper.getText(DriverHelper.java:305)
	at com.primeresponse.pagehelper.SupportHelper.deleteReports(SupportHelper.java:239)
	at com.primeresponse.testcases.Support.Delete_Report.testDelete_Report(Delete_Report.java:44)
	at sun.reflect.NativeMethodAccessorImpl.invoke0(Native Method)
	at sun.reflect.NativeMethodAccessorImpl.invoke(Unknown Source)
	at sun.reflect.DelegatingMethodAccessorImpl.invoke(Unknown Source)
	at java.lang.reflect.Method.invoke(Unknown Source)
	at org.testng.internal.MethodInvocationHelper.invokeMethod(MethodInvocationHelper.java:84)
	at org.testng.internal.Invoker.invokeMethod(Invoker.java:714)
	at org.testng.internal.Invoker.invokeTestMethod(Invoker.java:901)
	at org.testng.internal.Invoker.invokeTestMethods(Invoker.java:1231)
	at org.testng.internal.TestMethodWorker.invokeTestMethods(TestMethodWorker.java:127)
	at org.testng.internal.TestMethodWorker.run(TestMethodWorker.java:111)
	at org.testng.TestRunner.privateRun(TestRunner.java:767)
	at org.testng.TestRunner.run(TestRunner.java:617)
	at org.testng.SuiteRunner.runTest(SuiteRunner.java:334)
	at org.testng.SuiteRunner.runSequentially(SuiteRunner.java:329)
	at org.testng.SuiteRunner.privateRun(SuiteRunner.java:291)
	at org.testng.SuiteRunner.run(SuiteRunner.java:240)
	at org.testng.SuiteRunnerWorker.runSuite(SuiteRunnerWorker.java:52)
	at org.testng.SuiteRunnerWorker.run(SuiteRunnerWorker.java:86)
	at org.testng.TestNG.runSuitesSequentially(TestNG.java:1224)
	at org.testng.TestNG.runSuitesLocally(TestNG.java:1149)
	at org.testng.TestNG.run(TestNG.java:1057)
	at org.testng.remote.RemoteTestNG.run(RemoteTestNG.java:111)
	at org.testng.remote.RemoteTestNG.initAndRun(RemoteTestNG.java:204)
	at org.testng.remote.RemoteTestNG.main(RemoteTestNG.java:175)
Dec 07,2015 15:53:57 [info]  End Execution of Test Class com.primeresponse.testcases.Support.Delete_Report
*****************************************************************************

*****************************************************************************
Dec 07,2015 16:02:04 [info]   Execution Started of Test Class com.primeresponse.testcases.Accounts.Delete_Account and Test method testDeleteAccount
*****************************************************************************
Dec 07,2015 16:02:23 [info]  open application giturl
Dec 07,2015 16:02:45 [info]  log-in into application
Dec 07,2015 16:02:46 [info]  Select ABC Ford Account if not selected
Dec 07,2015 16:03:02 [info]  Dec 07,2015 16:03:02 [info]  <<<<<<<<<<<<<<<<<<<<<<<<<<<<<<<<<< Error message >>>>>>>>>>>>>>>>>>>>>>>>>>>>>>
org.openqa.selenium.NoAlertPresentException: No alert is present (WARNING: The server did not provide any stacktrace information)
Command duration or timeout: 3.26 seconds
Build info: version: '2.48.2', revision: '41bccdd', time: '2015-10-09 19:59:12'
System info: host: 'Raj_Nch', ip: '192.168.1.15', os.name: 'Windows 7', os.arch: 'x86', os.version: '6.1', java.version: '1.7.0_79'
Session ID: e6a96db7-43fc-492f-8963-52d5f99d4965
Driver info: org.openqa.selenium.firefox.FirefoxDriver
Capabilities [{platform=WINDOWS, acceptSslCerts=true, javascriptEnabled=true, cssSelectorsEnabled=true, databaseEnabled=true, browserName=firefox, handlesAlerts=true, nativeEvents=false, webStorageEnabled=true, rotatable=false, locationContextEnabled=true, applicationCacheEnabled=true, takesScreenshot=true, version=42.0}]
	at sun.reflect.NativeConstructorAccessorImpl.newInstance0(Native Method)
	at sun.reflect.NativeConstructorAccessorImpl.newInstance(Unknown Source)
	at sun.reflect.DelegatingConstructorAccessorImpl.newInstance(Unknown Source)
	at java.lang.reflect.Constructor.newInstance(Unknown Source)
	at org.openqa.selenium.remote.ErrorHandler.createThrowable(ErrorHandler.java:206)
	at org.openqa.selenium.remote.ErrorHandler.throwIfResponseFailed(ErrorHandler.java:158)
	at org.openqa.selenium.remote.RemoteWebDriver.execute(RemoteWebDriver.java:647)
	at org.openqa.selenium.remote.RemoteWebDriver.execute(RemoteWebDriver.java:670)
	at org.openqa.selenium.remote.RemoteWebDriver$RemoteTargetLocator.alert(RemoteWebDriver.java:1007)
	at com.primeresponse.util.DriverHelper.acceptAlert(DriverHelper.java:357)
	at com.primeresponse.pagehelper.AccountsHelper.deleteAccount(AccountsHelper.java:240)
	at com.primeresponse.testcases.Accounts.Delete_Account.testDeleteAccount(Delete_Account.java:44)
	at sun.reflect.NativeMethodAccessorImpl.invoke0(Native Method)
	at sun.reflect.NativeMethodAccessorImpl.invoke(Unknown Source)
	at sun.reflect.DelegatingMethodAccessorImpl.invoke(Unknown Source)
	at java.lang.reflect.Method.invoke(Unknown Source)
	at org.testng.internal.MethodInvocationHelper.invokeMethod(MethodInvocationHelper.java:84)
	at org.testng.internal.Invoker.invokeMethod(Invoker.java:714)
	at org.testng.internal.Invoker.invokeTestMethod(Invoker.java:901)
	at org.testng.internal.Invoker.invokeTestMethods(Invoker.java:1231)
	at org.testng.internal.TestMethodWorker.invokeTestMethods(TestMethodWorker.java:127)
	at org.testng.internal.TestMethodWorker.run(TestMethodWorker.java:111)
	at org.testng.TestRunner.privateRun(TestRunner.java:767)
	at org.testng.TestRunner.run(TestRunner.java:617)
	at org.testng.SuiteRunner.runTest(SuiteRunner.java:334)
	at org.testng.SuiteRunner.runSequentially(SuiteRunner.java:329)
	at org.testng.SuiteRunner.privateRun(SuiteRunner.java:291)
	at org.testng.SuiteRunner.run(SuiteRunner.java:240)
	at org.testng.SuiteRunnerWorker.runSuite(SuiteRunnerWorker.java:52)
	at org.testng.SuiteRunnerWorker.run(SuiteRunnerWorker.java:86)
	at org.testng.TestNG.runSuitesSequentially(TestNG.java:1224)
	at org.testng.TestNG.runSuitesLocally(TestNG.java:1149)
	at org.testng.TestNG.run(TestNG.java:1057)
	at org.testng.remote.RemoteTestNG.run(RemoteTestNG.java:111)
	at org.testng.remote.RemoteTestNG.initAndRun(RemoteTestNG.java:204)
	at org.testng.remote.RemoteTestNG.main(RemoteTestNG.java:175)
Dec 07,2015 16:03:02 [info]  End Execution of Test Class com.primeresponse.testcases.Accounts.Delete_Account
*****************************************************************************

*****************************************************************************
Dec 07,2015 16:04:00 [info]   Execution Started of Test Class com.primeresponse.testcases.Accounts.Delete_Account and Test method testDeleteAccount
*****************************************************************************
Dec 07,2015 16:04:50 [info]  open application giturl
Dec 07,2015 16:05:12 [info]  log-in into application
Dec 07,2015 16:05:12 [info]  Select ABC Ford Account if not selected
Dec 07,2015 16:05:27 [info]  Search for acocunt and delete it
Dec 07,2015 16:05:29 [info]  success message
Dec 07,2015 16:05:29 [info]  End Execution of Test Class com.primeresponse.testcases.Accounts.Delete_Account
*****************************************************************************

*****************************************************************************
Dec 07,2015 16:06:29 [info]   Execution Started of Test Class com.primeresponse.testcases.Accounts.Mark_UserEmployee and Test method testMark_UserEmployee
*****************************************************************************
Dec 07,2015 16:06:53 [info]  open application giturl
Dec 07,2015 16:07:09 [info]  log-in into application
Dec 07,2015 16:07:10 [info]  Select Selenium Test Account if not selected
Dec 07,2015 16:07:29 [info]  Click on logged in account edit icon
Dec 07,2015 16:07:35 [info]  Method to tick employee check box 
Dec 07,2015 16:07:41 [info]  Dec 07,2015 16:07:41 [info]  <<<<<<<<<<<<<<<<<<<<<<<<<<<<<<<<<< Error message >>>>>>>>>>>>>>>>>>>>>>>>>>>>>>
org.openqa.selenium.ElementNotVisibleException: Element is not currently visible and so may not be interacted with
Command duration or timeout: 5.15 seconds
Build info: version: '2.48.2', revision: '41bccdd', time: '2015-10-09 19:59:12'
System info: host: 'Raj_Nch', ip: '192.168.1.15', os.name: 'Windows 7', os.arch: 'x86', os.version: '6.1', java.version: '1.7.0_79'
Session ID: 29b04515-01e2-4683-8367-2c0cf69002e2
Driver info: org.openqa.selenium.firefox.FirefoxDriver
Capabilities [{platform=WINDOWS, acceptSslCerts=true, javascriptEnabled=true, cssSelectorsEnabled=true, databaseEnabled=true, browserName=firefox, handlesAlerts=true, nativeEvents=false, webStorageEnabled=true, rotatable=false, locationContextEnabled=true, applicationCacheEnabled=true, takesScreenshot=true, version=42.0}]
	at sun.reflect.NativeConstructorAccessorImpl.newInstance0(Native Method)
	at sun.reflect.NativeConstructorAccessorImpl.newInstance(Unknown Source)
	at sun.reflect.DelegatingConstructorAccessorImpl.newInstance(Unknown Source)
	at java.lang.reflect.Constructor.newInstance(Unknown Source)
	at org.openqa.selenium.remote.ErrorHandler.createThrowable(ErrorHandler.java:206)
	at org.openqa.selenium.remote.ErrorHandler.throwIfResponseFailed(ErrorHandler.java:158)
	at org.openqa.selenium.remote.RemoteWebDriver.execute(RemoteWebDriver.java:647)
	at org.openqa.selenium.remote.RemoteWebElement.execute(RemoteWebElement.java:326)
	at org.openqa.selenium.remote.RemoteWebElement.click(RemoteWebElement.java:84)
	at com.primeresponse.util.DriverHelper.clickOn(DriverHelper.java:241)
	at com.primeresponse.pagehelper.HeaderHelper.clickOnUsers(HeaderHelper.java:266)
	at com.primeresponse.testcases.Accounts.Mark_UserEmployee.testMark_UserEmployee(Mark_UserEmployee.java:50)
	at sun.reflect.NativeMethodAccessorImpl.invoke0(Native Method)
	at sun.reflect.NativeMethodAccessorImpl.invoke(Unknown Source)
	at sun.reflect.DelegatingMethodAccessorImpl.invoke(Unknown Source)
	at java.lang.reflect.Method.invoke(Unknown Source)
	at org.testng.internal.MethodInvocationHelper.invokeMethod(MethodInvocationHelper.java:84)
	at org.testng.internal.Invoker.invokeMethod(Invoker.java:714)
	at org.testng.internal.Invoker.invokeTestMethod(Invoker.java:901)
	at org.testng.internal.Invoker.invokeTestMethods(Invoker.java:1231)
	at org.testng.internal.TestMethodWorker.invokeTestMethods(TestMethodWorker.java:127)
	at org.testng.internal.TestMethodWorker.run(TestMethodWorker.java:111)
	at org.testng.TestRunner.privateRun(TestRunner.java:767)
	at org.testng.TestRunner.run(TestRunner.java:617)
	at org.testng.SuiteRunner.runTest(SuiteRunner.java:334)
	at org.testng.SuiteRunner.runSequentially(SuiteRunner.java:329)
	at org.testng.SuiteRunner.privateRun(SuiteRunner.java:291)
	at org.testng.SuiteRunner.run(SuiteRunner.java:240)
	at org.testng.SuiteRunnerWorker.runSuite(SuiteRunnerWorker.java:52)
	at org.testng.SuiteRunnerWorker.run(SuiteRunnerWorker.java:86)
	at org.testng.TestNG.runSuitesSequentially(TestNG.java:1224)
	at org.testng.TestNG.runSuitesLocally(TestNG.java:1149)
	at org.testng.TestNG.run(TestNG.java:1057)
	at org.testng.remote.RemoteTestNG.run(RemoteTestNG.java:111)
	at org.testng.remote.RemoteTestNG.initAndRun(RemoteTestNG.java:204)
	at org.testng.remote.RemoteTestNG.main(RemoteTestNG.java:175)
Caused by: org.openqa.selenium.ElementNotVisibleException: Element is not currently visible and so may not be interacted with
Build info: version: '2.48.2', revision: '41bccdd', time: '2015-10-09 19:59:12'
System info: host: 'Raj_Nch', ip: '192.168.1.15', os.name: 'Windows 7', os.arch: 'x86', os.version: '6.1', java.version: '1.7.0_79'
Driver info: driver.version: unknown
	at <anonymous class>.fxdriver.preconditions.visible(file:///C:/Users/Shivani/AppData/Local/Temp/anonymous7707212269211147998webdriver-profile/extensions/fxdriver@googlecode.com/components/command-processor.js:9981)
	at <anonymous class>.DelayedCommand.prototype.checkPreconditions_(file:///C:/Users/Shivani/AppData/Local/Temp/anonymous7707212269211147998webdriver-profile/extensions/fxdriver@googlecode.com/components/command-processor.js:12517)
	at <anonymous class>.DelayedCommand.prototype.executeInternal_/h(file:///C:/Users/Shivani/AppData/Local/Temp/anonymous7707212269211147998webdriver-profile/extensions/fxdriver@googlecode.com/components/command-processor.js:12534)
	at <anonymous class>.fxdriver.Timer.prototype.setTimeout/<.notify(file:///C:/Users/Shivani/AppData/Local/Temp/anonymous7707212269211147998webdriver-profile/extensions/fxdriver@googlecode.com/components/command-processor.js:621)
Dec 07,2015 16:07:41 [info]  End Execution of Test Class com.primeresponse.testcases.Accounts.Mark_UserEmployee
*****************************************************************************

*****************************************************************************
Dec 07,2015 16:16:48 [info]   Execution Started of Test Class com.primeresponse.testcases.Accounts.Mark_UserEmployee and Test method testMark_UserEmployee
*****************************************************************************
Dec 07,2015 16:17:29 [info]  open application giturl
Dec 07,2015 16:17:46 [info]  log-in into application
Dec 07,2015 16:17:48 [info]  Select Selenium Test Account if not selected
Dec 07,2015 16:17:57 [info]  Click on logged in account edit icon
Dec 07,2015 16:18:05 [info]  Method to tick employee check box 
Dec 07,2015 16:18:10 [info]  Dec 07,2015 16:18:10 [info]  <<<<<<<<<<<<<<<<<<<<<<<<<<<<<<<<<< Error message >>>>>>>>>>>>>>>>>>>>>>>>>>>>>>
org.openqa.selenium.ElementNotVisibleException: Element is not currently visible and so may not be interacted with
Command duration or timeout: 5.07 seconds
Build info: version: '2.48.2', revision: '41bccdd', time: '2015-10-09 19:59:12'
System info: host: 'Raj_Nch', ip: '192.168.1.15', os.name: 'Windows 7', os.arch: 'x86', os.version: '6.1', java.version: '1.7.0_79'
Session ID: 6bfc50f7-8a2b-4466-93c1-6a2f495ae5dd
Driver info: org.openqa.selenium.firefox.FirefoxDriver
Capabilities [{platform=WINDOWS, acceptSslCerts=true, javascriptEnabled=true, cssSelectorsEnabled=true, databaseEnabled=true, browserName=firefox, handlesAlerts=true, nativeEvents=false, webStorageEnabled=true, rotatable=false, locationContextEnabled=true, applicationCacheEnabled=true, takesScreenshot=true, version=42.0}]
	at sun.reflect.NativeConstructorAccessorImpl.newInstance0(Native Method)
	at sun.reflect.NativeConstructorAccessorImpl.newInstance(Unknown Source)
	at sun.reflect.DelegatingConstructorAccessorImpl.newInstance(Unknown Source)
	at java.lang.reflect.Constructor.newInstance(Unknown Source)
	at org.openqa.selenium.remote.ErrorHandler.createThrowable(ErrorHandler.java:206)
	at org.openqa.selenium.remote.ErrorHandler.throwIfResponseFailed(ErrorHandler.java:158)
	at org.openqa.selenium.remote.RemoteWebDriver.execute(RemoteWebDriver.java:647)
	at org.openqa.selenium.remote.RemoteWebElement.execute(RemoteWebElement.java:326)
	at org.openqa.selenium.remote.RemoteWebElement.click(RemoteWebElement.java:84)
	at com.primeresponse.util.DriverHelper.clickOn(DriverHelper.java:241)
	at com.primeresponse.pagehelper.HeaderHelper.clickOnUsers(HeaderHelper.java:266)
	at com.primeresponse.testcases.Accounts.Mark_UserEmployee.testMark_UserEmployee(Mark_UserEmployee.java:50)
	at sun.reflect.NativeMethodAccessorImpl.invoke0(Native Method)
	at sun.reflect.NativeMethodAccessorImpl.invoke(Unknown Source)
	at sun.reflect.DelegatingMethodAccessorImpl.invoke(Unknown Source)
	at java.lang.reflect.Method.invoke(Unknown Source)
	at org.testng.internal.MethodInvocationHelper.invokeMethod(MethodInvocationHelper.java:84)
	at org.testng.internal.Invoker.invokeMethod(Invoker.java:714)
	at org.testng.internal.Invoker.invokeTestMethod(Invoker.java:901)
	at org.testng.internal.Invoker.invokeTestMethods(Invoker.java:1231)
	at org.testng.internal.TestMethodWorker.invokeTestMethods(TestMethodWorker.java:127)
	at org.testng.internal.TestMethodWorker.run(TestMethodWorker.java:111)
	at org.testng.TestRunner.privateRun(TestRunner.java:767)
	at org.testng.TestRunner.run(TestRunner.java:617)
	at org.testng.SuiteRunner.runTest(SuiteRunner.java:334)
	at org.testng.SuiteRunner.runSequentially(SuiteRunner.java:329)
	at org.testng.SuiteRunner.privateRun(SuiteRunner.java:291)
	at org.testng.SuiteRunner.run(SuiteRunner.java:240)
	at org.testng.SuiteRunnerWorker.runSuite(SuiteRunnerWorker.java:52)
	at org.testng.SuiteRunnerWorker.run(SuiteRunnerWorker.java:86)
	at org.testng.TestNG.runSuitesSequentially(TestNG.java:1224)
	at org.testng.TestNG.runSuitesLocally(TestNG.java:1149)
	at org.testng.TestNG.run(TestNG.java:1057)
	at org.testng.remote.RemoteTestNG.run(RemoteTestNG.java:111)
	at org.testng.remote.RemoteTestNG.initAndRun(RemoteTestNG.java:204)
	at org.testng.remote.RemoteTestNG.main(RemoteTestNG.java:175)
Caused by: org.openqa.selenium.ElementNotVisibleException: Element is not currently visible and so may not be interacted with
Build info: version: '2.48.2', revision: '41bccdd', time: '2015-10-09 19:59:12'
System info: host: 'Raj_Nch', ip: '192.168.1.15', os.name: 'Windows 7', os.arch: 'x86', os.version: '6.1', java.version: '1.7.0_79'
Driver info: driver.version: unknown
	at <anonymous class>.fxdriver.preconditions.visible(file:///C:/Users/Shivani/AppData/Local/Temp/anonymous3598371751033590821webdriver-profile/extensions/fxdriver@googlecode.com/components/command-processor.js:9981)
	at <anonymous class>.DelayedCommand.prototype.checkPreconditions_(file:///C:/Users/Shivani/AppData/Local/Temp/anonymous3598371751033590821webdriver-profile/extensions/fxdriver@googlecode.com/components/command-processor.js:12517)
	at <anonymous class>.DelayedCommand.prototype.executeInternal_/h(file:///C:/Users/Shivani/AppData/Local/Temp/anonymous3598371751033590821webdriver-profile/extensions/fxdriver@googlecode.com/components/command-processor.js:12534)
	at <anonymous class>.fxdriver.Timer.prototype.setTimeout/<.notify(file:///C:/Users/Shivani/AppData/Local/Temp/anonymous3598371751033590821webdriver-profile/extensions/fxdriver@googlecode.com/components/command-processor.js:621)
Dec 07,2015 16:18:10 [info]  End Execution of Test Class com.primeresponse.testcases.Accounts.Mark_UserEmployee
*****************************************************************************

*****************************************************************************
Dec 07,2015 16:18:45 [info]   Execution Started of Test Class com.primeresponse.testcases.Accounts.Mark_UserEmployee and Test method testMark_UserEmployee
*****************************************************************************
Dec 07,2015 16:19:46 [info]  open application giturl
Dec 07,2015 16:20:01 [info]  log-in into application
Dec 07,2015 16:20:02 [info]  Select Selenium Test Account if not selected
Dec 07,2015 16:20:12 [info]  Click on logged in account edit icon
Dec 07,2015 16:20:20 [info]  Method to tick employee check box 
Dec 07,2015 16:20:25 [info]  Dec 07,2015 16:20:25 [info]  <<<<<<<<<<<<<<<<<<<<<<<<<<<<<<<<<< Error message >>>>>>>>>>>>>>>>>>>>>>>>>>>>>>
org.openqa.selenium.ElementNotVisibleException: Element is not currently visible and so may not be interacted with
Command duration or timeout: 5.11 seconds
Build info: version: '2.48.2', revision: '41bccdd', time: '2015-10-09 19:59:12'
System info: host: 'Raj_Nch', ip: '192.168.1.15', os.name: 'Windows 7', os.arch: 'x86', os.version: '6.1', java.version: '1.7.0_79'
Session ID: 8e380eee-31fc-4cb4-9f69-d5b648900fac
Driver info: org.openqa.selenium.firefox.FirefoxDriver
Capabilities [{platform=WINDOWS, acceptSslCerts=true, javascriptEnabled=true, cssSelectorsEnabled=true, databaseEnabled=true, browserName=firefox, handlesAlerts=true, nativeEvents=false, webStorageEnabled=true, rotatable=false, locationContextEnabled=true, applicationCacheEnabled=true, takesScreenshot=true, version=42.0}]
	at sun.reflect.NativeConstructorAccessorImpl.newInstance0(Native Method)
	at sun.reflect.NativeConstructorAccessorImpl.newInstance(Unknown Source)
	at sun.reflect.DelegatingConstructorAccessorImpl.newInstance(Unknown Source)
	at java.lang.reflect.Constructor.newInstance(Unknown Source)
	at org.openqa.selenium.remote.ErrorHandler.createThrowable(ErrorHandler.java:206)
	at org.openqa.selenium.remote.ErrorHandler.throwIfResponseFailed(ErrorHandler.java:158)
	at org.openqa.selenium.remote.RemoteWebDriver.execute(RemoteWebDriver.java:647)
	at org.openqa.selenium.remote.RemoteWebElement.execute(RemoteWebElement.java:326)
	at org.openqa.selenium.remote.RemoteWebElement.click(RemoteWebElement.java:84)
	at com.primeresponse.util.DriverHelper.clickOn(DriverHelper.java:241)
	at com.primeresponse.pagehelper.HeaderHelper.clickOnUsers(HeaderHelper.java:266)
	at com.primeresponse.testcases.Accounts.Mark_UserEmployee.testMark_UserEmployee(Mark_UserEmployee.java:50)
	at sun.reflect.NativeMethodAccessorImpl.invoke0(Native Method)
	at sun.reflect.NativeMethodAccessorImpl.invoke(Unknown Source)
	at sun.reflect.DelegatingMethodAccessorImpl.invoke(Unknown Source)
	at java.lang.reflect.Method.invoke(Unknown Source)
	at org.testng.internal.MethodInvocationHelper.invokeMethod(MethodInvocationHelper.java:84)
	at org.testng.internal.Invoker.invokeMethod(Invoker.java:714)
	at org.testng.internal.Invoker.invokeTestMethod(Invoker.java:901)
	at org.testng.internal.Invoker.invokeTestMethods(Invoker.java:1231)
	at org.testng.internal.TestMethodWorker.invokeTestMethods(TestMethodWorker.java:127)
	at org.testng.internal.TestMethodWorker.run(TestMethodWorker.java:111)
	at org.testng.TestRunner.privateRun(TestRunner.java:767)
	at org.testng.TestRunner.run(TestRunner.java:617)
	at org.testng.SuiteRunner.runTest(SuiteRunner.java:334)
	at org.testng.SuiteRunner.runSequentially(SuiteRunner.java:329)
	at org.testng.SuiteRunner.privateRun(SuiteRunner.java:291)
	at org.testng.SuiteRunner.run(SuiteRunner.java:240)
	at org.testng.SuiteRunnerWorker.runSuite(SuiteRunnerWorker.java:52)
	at org.testng.SuiteRunnerWorker.run(SuiteRunnerWorker.java:86)
	at org.testng.TestNG.runSuitesSequentially(TestNG.java:1224)
	at org.testng.TestNG.runSuitesLocally(TestNG.java:1149)
	at org.testng.TestNG.run(TestNG.java:1057)
	at org.testng.remote.RemoteTestNG.run(RemoteTestNG.java:111)
	at org.testng.remote.RemoteTestNG.initAndRun(RemoteTestNG.java:204)
	at org.testng.remote.RemoteTestNG.main(RemoteTestNG.java:175)
Caused by: org.openqa.selenium.ElementNotVisibleException: Element is not currently visible and so may not be interacted with
Build info: version: '2.48.2', revision: '41bccdd', time: '2015-10-09 19:59:12'
System info: host: 'Raj_Nch', ip: '192.168.1.15', os.name: 'Windows 7', os.arch: 'x86', os.version: '6.1', java.version: '1.7.0_79'
Driver info: driver.version: unknown
	at <anonymous class>.fxdriver.preconditions.visible(file:///C:/Users/Shivani/AppData/Local/Temp/anonymous2164911414872359119webdriver-profile/extensions/fxdriver@googlecode.com/components/command-processor.js:9981)
	at <anonymous class>.DelayedCommand.prototype.checkPreconditions_(file:///C:/Users/Shivani/AppData/Local/Temp/anonymous2164911414872359119webdriver-profile/extensions/fxdriver@googlecode.com/components/command-processor.js:12517)
	at <anonymous class>.DelayedCommand.prototype.executeInternal_/h(file:///C:/Users/Shivani/AppData/Local/Temp/anonymous2164911414872359119webdriver-profile/extensions/fxdriver@googlecode.com/components/command-processor.js:12534)
	at <anonymous class>.fxdriver.Timer.prototype.setTimeout/<.notify(file:///C:/Users/Shivani/AppData/Local/Temp/anonymous2164911414872359119webdriver-profile/extensions/fxdriver@googlecode.com/components/command-processor.js:621)
Dec 07,2015 16:20:25 [info]  End Execution of Test Class com.primeresponse.testcases.Accounts.Mark_UserEmployee
*****************************************************************************

*****************************************************************************
Dec 07,2015 16:25:12 [info]   Execution Started of Test Class com.primeresponse.testcases.Accounts.Mark_UserEmployee and Test method testMark_UserEmployee
*****************************************************************************
Dec 07,2015 16:25:24 [info]  open application giturl
Dec 07,2015 16:25:43 [info]  log-in into application
Dec 07,2015 16:25:44 [info]  Select Selenium Test Account if not selected
Dec 07,2015 16:25:53 [info]  Click on logged in account edit icon
Dec 07,2015 16:26:01 [info]  Method to tick employee check box 
Dec 07,2015 16:31:11 [info]  Dec 07,2015 16:31:11 [info]  <<<<<<<<<<<<<<<<<<<<<<<<<<<<<<<<<< Error message >>>>>>>>>>>>>>>>>>>>>>>>>>>>>>
java.lang.AssertionError: Element Locator ://div[@id='header']/div/div/div/div/div/ul/li/ul/li/a[contains(text(),'Users')] Not found expected [true] but found [false]
	at org.testng.Assert.fail(Assert.java:94)
	at org.testng.Assert.failNotEquals(Assert.java:494)
	at org.testng.Assert.assertTrue(Assert.java:42)
	at com.primeresponse.util.DriverHelper.clickOn(DriverHelper.java:238)
	at com.primeresponse.pagehelper.HeaderHelper.clickOnUsers(HeaderHelper.java:272)
	at com.primeresponse.testcases.Accounts.Mark_UserEmployee.testMark_UserEmployee(Mark_UserEmployee.java:50)
	at sun.reflect.NativeMethodAccessorImpl.invoke0(Native Method)
	at sun.reflect.NativeMethodAccessorImpl.invoke(Unknown Source)
	at sun.reflect.DelegatingMethodAccessorImpl.invoke(Unknown Source)
	at java.lang.reflect.Method.invoke(Unknown Source)
	at org.testng.internal.MethodInvocationHelper.invokeMethod(MethodInvocationHelper.java:84)
	at org.testng.internal.Invoker.invokeMethod(Invoker.java:714)
	at org.testng.internal.Invoker.invokeTestMethod(Invoker.java:901)
	at org.testng.internal.Invoker.invokeTestMethods(Invoker.java:1231)
	at org.testng.internal.TestMethodWorker.invokeTestMethods(TestMethodWorker.java:127)
	at org.testng.internal.TestMethodWorker.run(TestMethodWorker.java:111)
	at org.testng.TestRunner.privateRun(TestRunner.java:767)
	at org.testng.TestRunner.run(TestRunner.java:617)
	at org.testng.SuiteRunner.runTest(SuiteRunner.java:334)
	at org.testng.SuiteRunner.runSequentially(SuiteRunner.java:329)
	at org.testng.SuiteRunner.privateRun(SuiteRunner.java:291)
	at org.testng.SuiteRunner.run(SuiteRunner.java:240)
	at org.testng.SuiteRunnerWorker.runSuite(SuiteRunnerWorker.java:52)
	at org.testng.SuiteRunnerWorker.run(SuiteRunnerWorker.java:86)
	at org.testng.TestNG.runSuitesSequentially(TestNG.java:1224)
	at org.testng.TestNG.runSuitesLocally(TestNG.java:1149)
	at org.testng.TestNG.run(TestNG.java:1057)
	at org.testng.remote.RemoteTestNG.run(RemoteTestNG.java:111)
	at org.testng.remote.RemoteTestNG.initAndRun(RemoteTestNG.java:204)
	at org.testng.remote.RemoteTestNG.main(RemoteTestNG.java:175)
Dec 07,2015 16:31:11 [info]  End Execution of Test Class com.primeresponse.testcases.Accounts.Mark_UserEmployee
*****************************************************************************

*****************************************************************************
Dec 07,2015 16:54:10 [info]   Execution Started of Test Class com.primeresponse.testcases.Accounts.Mark_UserEmployee and Test method testMark_UserEmployee
*****************************************************************************
Dec 07,2015 16:54:26 [info]  open application giturl
Dec 07,2015 16:54:44 [info]  log-in into application
Dec 07,2015 16:54:45 [info]  Select Selenium Test Account if not selected
Dec 07,2015 16:54:55 [info]  Click on logged in account edit icon
Dec 07,2015 16:55:02 [info]  Method to tick employee check box 
Dec 07,2015 16:55:10 [info]  Click on Accounts->Users
Dec 07,2015 16:55:16 [info]  Dec 07,2015 16:55:16 [info]  <<<<<<<<<<<<<<<<<<<<<<<<<<<<<<<<<< Error message >>>>>>>>>>>>>>>>>>>>>>>>>>>>>>
java.lang.AssertionError: expected [true] but found [false]
	at org.testng.Assert.fail(Assert.java:94)
	at org.testng.Assert.failNotEquals(Assert.java:494)
	at org.testng.Assert.assertTrue(Assert.java:42)
	at org.testng.Assert.assertTrue(Assert.java:52)
	at com.primeresponse.pagehelper.AccountsHelper.verifyUserTickIcon(AccountsHelper.java:476)
	at com.primeresponse.testcases.Accounts.Mark_UserEmployee.testMark_UserEmployee(Mark_UserEmployee.java:54)
	at sun.reflect.NativeMethodAccessorImpl.invoke0(Native Method)
	at sun.reflect.NativeMethodAccessorImpl.invoke(Unknown Source)
	at sun.reflect.DelegatingMethodAccessorImpl.invoke(Unknown Source)
	at java.lang.reflect.Method.invoke(Unknown Source)
	at org.testng.internal.MethodInvocationHelper.invokeMethod(MethodInvocationHelper.java:84)
	at org.testng.internal.Invoker.invokeMethod(Invoker.java:714)
	at org.testng.internal.Invoker.invokeTestMethod(Invoker.java:901)
	at org.testng.internal.Invoker.invokeTestMethods(Invoker.java:1231)
	at org.testng.internal.TestMethodWorker.invokeTestMethods(TestMethodWorker.java:127)
	at org.testng.internal.TestMethodWorker.run(TestMethodWorker.java:111)
	at org.testng.TestRunner.privateRun(TestRunner.java:767)
	at org.testng.TestRunner.run(TestRunner.java:617)
	at org.testng.SuiteRunner.runTest(SuiteRunner.java:334)
	at org.testng.SuiteRunner.runSequentially(SuiteRunner.java:329)
	at org.testng.SuiteRunner.privateRun(SuiteRunner.java:291)
	at org.testng.SuiteRunner.run(SuiteRunner.java:240)
	at org.testng.SuiteRunnerWorker.runSuite(SuiteRunnerWorker.java:52)
	at org.testng.SuiteRunnerWorker.run(SuiteRunnerWorker.java:86)
	at org.testng.TestNG.runSuitesSequentially(TestNG.java:1224)
	at org.testng.TestNG.runSuitesLocally(TestNG.java:1149)
	at org.testng.TestNG.run(TestNG.java:1057)
	at org.testng.remote.RemoteTestNG.run(RemoteTestNG.java:111)
	at org.testng.remote.RemoteTestNG.initAndRun(RemoteTestNG.java:204)
	at org.testng.remote.RemoteTestNG.main(RemoteTestNG.java:175)
Dec 07,2015 16:55:16 [info]  End Execution of Test Class com.primeresponse.testcases.Accounts.Mark_UserEmployee
*****************************************************************************

*****************************************************************************
Dec 07,2015 16:57:32 [info]   Execution Started of Test Class com.primeresponse.testcases.Accounts.Mark_UserEmployee and Test method testMark_UserEmployee
*****************************************************************************
Dec 07,2015 16:58:21 [info]  open application giturl
Dec 07,2015 16:58:38 [info]  log-in into application
Dec 07,2015 16:58:39 [info]  Select Selenium Test Account if not selected
Dec 07,2015 16:58:48 [info]  Click on logged in account edit icon
Dec 07,2015 16:58:55 [info]  Method to tick employee check box 
Dec 07,2015 16:59:03 [info]  Click on Accounts->Users
Dec 07,2015 16:59:09 [info]  Dec 07,2015 16:59:09 [info]  <<<<<<<<<<<<<<<<<<<<<<<<<<<<<<<<<< Error message >>>>>>>>>>>>>>>>>>>>>>>>>>>>>>
java.lang.AssertionError: expected [true] but found [false]
	at org.testng.Assert.fail(Assert.java:94)
	at org.testng.Assert.failNotEquals(Assert.java:494)
	at org.testng.Assert.assertTrue(Assert.java:42)
	at org.testng.Assert.assertTrue(Assert.java:52)
	at com.primeresponse.pagehelper.AccountsHelper.verifyUserTickIcon(AccountsHelper.java:476)
	at com.primeresponse.testcases.Accounts.Mark_UserEmployee.testMark_UserEmployee(Mark_UserEmployee.java:54)
	at sun.reflect.NativeMethodAccessorImpl.invoke0(Native Method)
	at sun.reflect.NativeMethodAccessorImpl.invoke(Unknown Source)
	at sun.reflect.DelegatingMethodAccessorImpl.invoke(Unknown Source)
	at java.lang.reflect.Method.invoke(Unknown Source)
	at org.testng.internal.MethodInvocationHelper.invokeMethod(MethodInvocationHelper.java:84)
	at org.testng.internal.Invoker.invokeMethod(Invoker.java:714)
	at org.testng.internal.Invoker.invokeTestMethod(Invoker.java:901)
	at org.testng.internal.Invoker.invokeTestMethods(Invoker.java:1231)
	at org.testng.internal.TestMethodWorker.invokeTestMethods(TestMethodWorker.java:127)
	at org.testng.internal.TestMethodWorker.run(TestMethodWorker.java:111)
	at org.testng.TestRunner.privateRun(TestRunner.java:767)
	at org.testng.TestRunner.run(TestRunner.java:617)
	at org.testng.SuiteRunner.runTest(SuiteRunner.java:334)
	at org.testng.SuiteRunner.runSequentially(SuiteRunner.java:329)
	at org.testng.SuiteRunner.privateRun(SuiteRunner.java:291)
	at org.testng.SuiteRunner.run(SuiteRunner.java:240)
	at org.testng.SuiteRunnerWorker.runSuite(SuiteRunnerWorker.java:52)
	at org.testng.SuiteRunnerWorker.run(SuiteRunnerWorker.java:86)
	at org.testng.TestNG.runSuitesSequentially(TestNG.java:1224)
	at org.testng.TestNG.runSuitesLocally(TestNG.java:1149)
	at org.testng.TestNG.run(TestNG.java:1057)
	at org.testng.remote.RemoteTestNG.run(RemoteTestNG.java:111)
	at org.testng.remote.RemoteTestNG.initAndRun(RemoteTestNG.java:204)
	at org.testng.remote.RemoteTestNG.main(RemoteTestNG.java:175)
Dec 07,2015 16:59:09 [info]  End Execution of Test Class com.primeresponse.testcases.Accounts.Mark_UserEmployee
*****************************************************************************

*****************************************************************************
Dec 07,2015 17:03:15 [info]   Execution Started of Test Class com.primeresponse.testcases.Accounts.Mark_UserEmployee and Test method testMark_UserEmployee
*****************************************************************************
Dec 07,2015 17:03:39 [info]  open application giturl
Dec 07,2015 17:03:57 [info]  log-in into application
Dec 07,2015 17:03:58 [info]  Select Selenium Test Account if not selected
Dec 07,2015 17:04:08 [info]  Click on logged in account edit icon
Dec 07,2015 17:04:19 [info]  Method to tick employee check box 
Dec 07,2015 17:04:29 [info]  Click on Accounts->Users
Dec 07,2015 17:07:34 [info]  Dec 07,2015 17:07:34 [info]  <<<<<<<<<<<<<<<<<<<<<<<<<<<<<<<<<< Error message >>>>>>>>>>>>>>>>>>>>>>>>>>>>>>
java.lang.NullPointerException
	at com.primeresponse.locators.LocatorReader.getLocator(LocatorReader.java:31)
	at com.primeresponse.pagehelper.AccountsHelper.verifyUserTickIcon(AccountsHelper.java:475)
	at com.primeresponse.testcases.Accounts.Mark_UserEmployee.testMark_UserEmployee(Mark_UserEmployee.java:54)
	at sun.reflect.NativeMethodAccessorImpl.invoke0(Native Method)
	at sun.reflect.NativeMethodAccessorImpl.invoke(Unknown Source)
	at sun.reflect.DelegatingMethodAccessorImpl.invoke(Unknown Source)
	at java.lang.reflect.Method.invoke(Unknown Source)
	at org.testng.internal.MethodInvocationHelper.invokeMethod(MethodInvocationHelper.java:84)
	at org.testng.internal.Invoker.invokeMethod(Invoker.java:714)
	at org.testng.internal.Invoker.invokeTestMethod(Invoker.java:901)
	at org.testng.internal.Invoker.invokeTestMethods(Invoker.java:1231)
	at org.testng.internal.TestMethodWorker.invokeTestMethods(TestMethodWorker.java:127)
	at org.testng.internal.TestMethodWorker.run(TestMethodWorker.java:111)
	at org.testng.TestRunner.privateRun(TestRunner.java:767)
	at org.testng.TestRunner.run(TestRunner.java:617)
	at org.testng.SuiteRunner.runTest(SuiteRunner.java:334)
	at org.testng.SuiteRunner.runSequentially(SuiteRunner.java:329)
	at org.testng.SuiteRunner.privateRun(SuiteRunner.java:291)
	at org.testng.SuiteRunner.run(SuiteRunner.java:240)
	at org.testng.SuiteRunnerWorker.runSuite(SuiteRunnerWorker.java:52)
	at org.testng.SuiteRunnerWorker.run(SuiteRunnerWorker.java:86)
	at org.testng.TestNG.runSuitesSequentially(TestNG.java:1224)
	at org.testng.TestNG.runSuitesLocally(TestNG.java:1149)
	at org.testng.TestNG.run(TestNG.java:1057)
	at org.testng.remote.RemoteTestNG.run(RemoteTestNG.java:111)
	at org.testng.remote.RemoteTestNG.initAndRun(RemoteTestNG.java:204)
	at org.testng.remote.RemoteTestNG.main(RemoteTestNG.java:175)
Dec 07,2015 17:07:34 [info]  End Execution of Test Class com.primeresponse.testcases.Accounts.Mark_UserEmployee
*****************************************************************************
